ARM GAS  C:\Users\faithc\AppData\Local\Temp\ccDNFjpf.s 			page 1


   1              		.cpu cortex-m0
   2              		.fpu softvfp
   3              		.eabi_attribute 20, 1
   4              		.eabi_attribute 21, 1
   5              		.eabi_attribute 23, 3
   6              		.eabi_attribute 24, 1
   7              		.eabi_attribute 25, 1
   8              		.eabi_attribute 26, 1
   9              		.eabi_attribute 30, 2
  10              		.eabi_attribute 34, 0
  11              		.eabi_attribute 18, 4
  12              		.code	16
  13              		.file	"AMux.c"
  14              		.text
  15              	.Ltext0:
  16              		.cfi_sections	.debug_frame
  17              		.section	.text.AMux_Start,"ax",%progbits
  18              		.align	2
  19              		.global	AMux_Start
  20              		.code	16
  21              		.thumb_func
  22              		.type	AMux_Start, %function
  23              	AMux_Start:
  24              	.LFB0:
  25              		.file 1 ".\\Generated_Source\\PSoC4\\AMux.c"
   1:.\Generated_Source\PSoC4/AMux.c **** /*******************************************************************************
   2:.\Generated_Source\PSoC4/AMux.c **** * File Name: AMux.c
   3:.\Generated_Source\PSoC4/AMux.c **** * Version 1.80
   4:.\Generated_Source\PSoC4/AMux.c **** *
   5:.\Generated_Source\PSoC4/AMux.c **** *  Description:
   6:.\Generated_Source\PSoC4/AMux.c **** *    This file contains all functions required for the analog multiplexer
   7:.\Generated_Source\PSoC4/AMux.c **** *    AMux User Module.
   8:.\Generated_Source\PSoC4/AMux.c **** *
   9:.\Generated_Source\PSoC4/AMux.c **** *   Note:
  10:.\Generated_Source\PSoC4/AMux.c **** *
  11:.\Generated_Source\PSoC4/AMux.c **** *******************************************************************************
  12:.\Generated_Source\PSoC4/AMux.c **** * Copyright 2008-2010, Cypress Semiconductor Corporation.  All rights reserved.
  13:.\Generated_Source\PSoC4/AMux.c **** * You may use this file only in accordance with the license, terms, conditions, 
  14:.\Generated_Source\PSoC4/AMux.c **** * disclaimers, and limitations in the end user license agreement accompanying 
  15:.\Generated_Source\PSoC4/AMux.c **** * the software package with which this file was provided.
  16:.\Generated_Source\PSoC4/AMux.c **** ********************************************************************************/
  17:.\Generated_Source\PSoC4/AMux.c **** 
  18:.\Generated_Source\PSoC4/AMux.c **** #include "AMux.h"
  19:.\Generated_Source\PSoC4/AMux.c **** 
  20:.\Generated_Source\PSoC4/AMux.c **** static uint8 AMux_lastChannel = AMux_NULL_CHANNEL;
  21:.\Generated_Source\PSoC4/AMux.c **** 
  22:.\Generated_Source\PSoC4/AMux.c **** 
  23:.\Generated_Source\PSoC4/AMux.c **** /*******************************************************************************
  24:.\Generated_Source\PSoC4/AMux.c **** * Function Name: AMux_Start
  25:.\Generated_Source\PSoC4/AMux.c **** ********************************************************************************
  26:.\Generated_Source\PSoC4/AMux.c **** * Summary:
  27:.\Generated_Source\PSoC4/AMux.c **** *  Disconnect all channels.
  28:.\Generated_Source\PSoC4/AMux.c **** *
  29:.\Generated_Source\PSoC4/AMux.c **** * Parameters:
  30:.\Generated_Source\PSoC4/AMux.c **** *  void
  31:.\Generated_Source\PSoC4/AMux.c **** *
  32:.\Generated_Source\PSoC4/AMux.c **** * Return:
ARM GAS  C:\Users\faithc\AppData\Local\Temp\ccDNFjpf.s 			page 2


  33:.\Generated_Source\PSoC4/AMux.c **** *  void
  34:.\Generated_Source\PSoC4/AMux.c **** *
  35:.\Generated_Source\PSoC4/AMux.c **** *******************************************************************************/
  36:.\Generated_Source\PSoC4/AMux.c **** void AMux_Start(void) 
  37:.\Generated_Source\PSoC4/AMux.c **** {
  26              		.loc 1 37 0
  27              		.cfi_startproc
  28              	.LVL0:
  29 0000 08B5     		push	{r3, lr}
  30              		.cfi_def_cfa_offset 8
  31              		.cfi_offset 3, -8
  32              		.cfi_offset 14, -4
  38:.\Generated_Source\PSoC4/AMux.c ****     uint8 chan;
  39:.\Generated_Source\PSoC4/AMux.c **** 
  40:.\Generated_Source\PSoC4/AMux.c ****     for(chan = 0u; chan < AMux_CHANNELS ; chan++)
  41:.\Generated_Source\PSoC4/AMux.c ****     {
  42:.\Generated_Source\PSoC4/AMux.c **** #if (AMux_MUXTYPE == AMux_MUX_SINGLE)
  43:.\Generated_Source\PSoC4/AMux.c ****         AMux_Unset(chan);
  33              		.loc 1 43 0
  34 0002 0020     		mov	r0, #0
  35 0004 FFF7FEFF 		bl	AMux_Unset
  36              	.LVL1:
  37 0008 0120     		mov	r0, #1
  38 000a FFF7FEFF 		bl	AMux_Unset
  39              	.LVL2:
  40 000e 0220     		mov	r0, #2
  41 0010 FFF7FEFF 		bl	AMux_Unset
  42              	.LVL3:
  43 0014 0320     		mov	r0, #3
  44 0016 FFF7FEFF 		bl	AMux_Unset
  45              	.LVL4:
  44:.\Generated_Source\PSoC4/AMux.c **** #else
  45:.\Generated_Source\PSoC4/AMux.c ****         AMux_CYAMUXSIDE_A_Unset(chan);
  46:.\Generated_Source\PSoC4/AMux.c ****         AMux_CYAMUXSIDE_B_Unset(chan);
  47:.\Generated_Source\PSoC4/AMux.c **** #endif
  48:.\Generated_Source\PSoC4/AMux.c ****     }
  49:.\Generated_Source\PSoC4/AMux.c **** 
  50:.\Generated_Source\PSoC4/AMux.c ****     AMux_lastChannel = AMux_NULL_CHANNEL;
  46              		.loc 1 50 0
  47 001a FF22     		mov	r2, #255
  48 001c 014B     		ldr	r3, .L2
  51:.\Generated_Source\PSoC4/AMux.c **** }
  49              		.loc 1 51 0
  50              		@ sp needed
  50:.\Generated_Source\PSoC4/AMux.c **** }
  51              		.loc 1 50 0
  52 001e 1A70     		strb	r2, [r3]
  53              		.loc 1 51 0
  54 0020 08BD     		pop	{r3, pc}
  55              	.L3:
  56 0022 C046     		.align	2
  57              	.L2:
  58 0024 00000000 		.word	.LANCHOR0
  59              		.cfi_endproc
  60              	.LFE0:
  61              		.size	AMux_Start, .-AMux_Start
  62              		.section	.text.AMux_FastSelect,"ax",%progbits
ARM GAS  C:\Users\faithc\AppData\Local\Temp\ccDNFjpf.s 			page 3


  63              		.align	2
  64              		.global	AMux_FastSelect
  65              		.code	16
  66              		.thumb_func
  67              		.type	AMux_FastSelect, %function
  68              	AMux_FastSelect:
  69              	.LFB1:
  52:.\Generated_Source\PSoC4/AMux.c **** 
  53:.\Generated_Source\PSoC4/AMux.c **** 
  54:.\Generated_Source\PSoC4/AMux.c **** #if (!AMux_ATMOSTONE)
  55:.\Generated_Source\PSoC4/AMux.c **** /*******************************************************************************
  56:.\Generated_Source\PSoC4/AMux.c **** * Function Name: AMux_Select
  57:.\Generated_Source\PSoC4/AMux.c **** ********************************************************************************
  58:.\Generated_Source\PSoC4/AMux.c **** * Summary:
  59:.\Generated_Source\PSoC4/AMux.c **** *  This functions first disconnects all channels then connects the given
  60:.\Generated_Source\PSoC4/AMux.c **** *  channel.
  61:.\Generated_Source\PSoC4/AMux.c **** *
  62:.\Generated_Source\PSoC4/AMux.c **** * Parameters:
  63:.\Generated_Source\PSoC4/AMux.c **** *  channel:  The channel to connect to the common terminal.
  64:.\Generated_Source\PSoC4/AMux.c **** *
  65:.\Generated_Source\PSoC4/AMux.c **** * Return:
  66:.\Generated_Source\PSoC4/AMux.c **** *  void
  67:.\Generated_Source\PSoC4/AMux.c **** *
  68:.\Generated_Source\PSoC4/AMux.c **** *******************************************************************************/
  69:.\Generated_Source\PSoC4/AMux.c **** void AMux_Select(uint8 channel) 
  70:.\Generated_Source\PSoC4/AMux.c **** {
  71:.\Generated_Source\PSoC4/AMux.c ****     AMux_DisconnectAll();        /* Disconnect all previous connections */
  72:.\Generated_Source\PSoC4/AMux.c ****     AMux_Connect(channel);       /* Make the given selection */
  73:.\Generated_Source\PSoC4/AMux.c ****     AMux_lastChannel = channel;  /* Update last channel */
  74:.\Generated_Source\PSoC4/AMux.c **** }
  75:.\Generated_Source\PSoC4/AMux.c **** #endif
  76:.\Generated_Source\PSoC4/AMux.c **** 
  77:.\Generated_Source\PSoC4/AMux.c **** 
  78:.\Generated_Source\PSoC4/AMux.c **** /*******************************************************************************
  79:.\Generated_Source\PSoC4/AMux.c **** * Function Name: AMux_FastSelect
  80:.\Generated_Source\PSoC4/AMux.c **** ********************************************************************************
  81:.\Generated_Source\PSoC4/AMux.c **** * Summary:
  82:.\Generated_Source\PSoC4/AMux.c **** *  This function first disconnects the last connection made with FastSelect or
  83:.\Generated_Source\PSoC4/AMux.c **** *  Select, then connects the given channel. The FastSelect function is similar
  84:.\Generated_Source\PSoC4/AMux.c **** *  to the Select function, except it is faster since it only disconnects the
  85:.\Generated_Source\PSoC4/AMux.c **** *  last channel selected rather than all channels.
  86:.\Generated_Source\PSoC4/AMux.c **** *
  87:.\Generated_Source\PSoC4/AMux.c **** * Parameters:
  88:.\Generated_Source\PSoC4/AMux.c **** *  channel:  The channel to connect to the common terminal.
  89:.\Generated_Source\PSoC4/AMux.c **** *
  90:.\Generated_Source\PSoC4/AMux.c **** * Return:
  91:.\Generated_Source\PSoC4/AMux.c **** *  void
  92:.\Generated_Source\PSoC4/AMux.c **** *
  93:.\Generated_Source\PSoC4/AMux.c **** *******************************************************************************/
  94:.\Generated_Source\PSoC4/AMux.c **** void AMux_FastSelect(uint8 channel) 
  95:.\Generated_Source\PSoC4/AMux.c **** {
  70              		.loc 1 95 0
  71              		.cfi_startproc
  72              	.LVL5:
  73 0000 38B5     		push	{r3, r4, r5, lr}
  74              		.cfi_def_cfa_offset 16
  75              		.cfi_offset 3, -16
ARM GAS  C:\Users\faithc\AppData\Local\Temp\ccDNFjpf.s 			page 4


  76              		.cfi_offset 4, -12
  77              		.cfi_offset 5, -8
  78              		.cfi_offset 14, -4
  96:.\Generated_Source\PSoC4/AMux.c ****     /* Disconnect the last valid channel */
  97:.\Generated_Source\PSoC4/AMux.c ****     if( AMux_lastChannel != AMux_NULL_CHANNEL)
  79              		.loc 1 97 0
  80 0002 064C     		ldr	r4, .L10
  95:.\Generated_Source\PSoC4/AMux.c ****     /* Disconnect the last valid channel */
  81              		.loc 1 95 0
  82 0004 051C     		mov	r5, r0
  83              		.loc 1 97 0
  84 0006 2078     		ldrb	r0, [r4]
  85              	.LVL6:
  86 0008 FF28     		cmp	r0, #255
  87 000a 01D0     		beq	.L5
  98:.\Generated_Source\PSoC4/AMux.c ****     {
  99:.\Generated_Source\PSoC4/AMux.c ****         AMux_Disconnect(AMux_lastChannel);
  88              		.loc 1 99 0
  89 000c FFF7FEFF 		bl	AMux_Unset
  90              	.LVL7:
  91              	.L5:
 100:.\Generated_Source\PSoC4/AMux.c ****     }
 101:.\Generated_Source\PSoC4/AMux.c **** 
 102:.\Generated_Source\PSoC4/AMux.c ****     /* Make the new channel connection */
 103:.\Generated_Source\PSoC4/AMux.c **** #if (AMux_MUXTYPE == AMux_MUX_SINGLE)
 104:.\Generated_Source\PSoC4/AMux.c ****     AMux_Set(channel);
  92              		.loc 1 104 0
  93 0010 281C     		mov	r0, r5
  94 0012 FFF7FEFF 		bl	AMux_Set
  95              	.LVL8:
 105:.\Generated_Source\PSoC4/AMux.c **** #else
 106:.\Generated_Source\PSoC4/AMux.c ****     AMux_CYAMUXSIDE_A_Set(channel);
 107:.\Generated_Source\PSoC4/AMux.c ****     AMux_CYAMUXSIDE_B_Set(channel);
 108:.\Generated_Source\PSoC4/AMux.c **** #endif
 109:.\Generated_Source\PSoC4/AMux.c **** 
 110:.\Generated_Source\PSoC4/AMux.c **** 
 111:.\Generated_Source\PSoC4/AMux.c ****     AMux_lastChannel = channel;   /* Update last channel */
 112:.\Generated_Source\PSoC4/AMux.c **** }
  96              		.loc 1 112 0
  97              		@ sp needed
 111:.\Generated_Source\PSoC4/AMux.c **** }
  98              		.loc 1 111 0
  99 0016 2570     		strb	r5, [r4]
 100              		.loc 1 112 0
 101 0018 38BD     		pop	{r3, r4, r5, pc}
 102              	.L11:
 103 001a C046     		.align	2
 104              	.L10:
 105 001c 00000000 		.word	.LANCHOR0
 106              		.cfi_endproc
 107              	.LFE1:
 108              		.size	AMux_FastSelect, .-AMux_FastSelect
 109              		.section	.text.AMux_DisconnectAll,"ax",%progbits
 110              		.align	2
 111              		.global	AMux_DisconnectAll
 112              		.code	16
 113              		.thumb_func
ARM GAS  C:\Users\faithc\AppData\Local\Temp\ccDNFjpf.s 			page 5


 114              		.type	AMux_DisconnectAll, %function
 115              	AMux_DisconnectAll:
 116              	.LFB2:
 113:.\Generated_Source\PSoC4/AMux.c **** 
 114:.\Generated_Source\PSoC4/AMux.c **** 
 115:.\Generated_Source\PSoC4/AMux.c **** #if (AMux_MUXTYPE == AMux_MUX_DIFF)
 116:.\Generated_Source\PSoC4/AMux.c **** #if (!AMux_ATMOSTONE)
 117:.\Generated_Source\PSoC4/AMux.c **** /*******************************************************************************
 118:.\Generated_Source\PSoC4/AMux.c **** * Function Name: AMux_Connect
 119:.\Generated_Source\PSoC4/AMux.c **** ********************************************************************************
 120:.\Generated_Source\PSoC4/AMux.c **** * Summary:
 121:.\Generated_Source\PSoC4/AMux.c **** *  This function connects the given channel without affecting other connections.
 122:.\Generated_Source\PSoC4/AMux.c **** *
 123:.\Generated_Source\PSoC4/AMux.c **** * Parameters:
 124:.\Generated_Source\PSoC4/AMux.c **** *  channel:  The channel to connect to the common terminal.
 125:.\Generated_Source\PSoC4/AMux.c **** *
 126:.\Generated_Source\PSoC4/AMux.c **** * Return:
 127:.\Generated_Source\PSoC4/AMux.c **** *  void
 128:.\Generated_Source\PSoC4/AMux.c **** *
 129:.\Generated_Source\PSoC4/AMux.c **** *******************************************************************************/
 130:.\Generated_Source\PSoC4/AMux.c **** void AMux_Connect(uint8 channel) 
 131:.\Generated_Source\PSoC4/AMux.c **** {
 132:.\Generated_Source\PSoC4/AMux.c ****     AMux_CYAMUXSIDE_A_Set(channel);
 133:.\Generated_Source\PSoC4/AMux.c ****     AMux_CYAMUXSIDE_B_Set(channel);
 134:.\Generated_Source\PSoC4/AMux.c **** }
 135:.\Generated_Source\PSoC4/AMux.c **** #endif
 136:.\Generated_Source\PSoC4/AMux.c **** 
 137:.\Generated_Source\PSoC4/AMux.c **** /*******************************************************************************
 138:.\Generated_Source\PSoC4/AMux.c **** * Function Name: AMux_Disconnect
 139:.\Generated_Source\PSoC4/AMux.c **** ********************************************************************************
 140:.\Generated_Source\PSoC4/AMux.c **** * Summary:
 141:.\Generated_Source\PSoC4/AMux.c **** *  This function disconnects the given channel from the common or output
 142:.\Generated_Source\PSoC4/AMux.c **** *  terminal without affecting other connections.
 143:.\Generated_Source\PSoC4/AMux.c **** *
 144:.\Generated_Source\PSoC4/AMux.c **** * Parameters:
 145:.\Generated_Source\PSoC4/AMux.c **** *  channel:  The channel to disconnect from the common terminal.
 146:.\Generated_Source\PSoC4/AMux.c **** *
 147:.\Generated_Source\PSoC4/AMux.c **** * Return:
 148:.\Generated_Source\PSoC4/AMux.c **** *  void
 149:.\Generated_Source\PSoC4/AMux.c **** *
 150:.\Generated_Source\PSoC4/AMux.c **** *******************************************************************************/
 151:.\Generated_Source\PSoC4/AMux.c **** void AMux_Disconnect(uint8 channel) 
 152:.\Generated_Source\PSoC4/AMux.c **** {
 153:.\Generated_Source\PSoC4/AMux.c ****     AMux_CYAMUXSIDE_A_Unset(channel);
 154:.\Generated_Source\PSoC4/AMux.c ****     AMux_CYAMUXSIDE_B_Unset(channel);
 155:.\Generated_Source\PSoC4/AMux.c **** }
 156:.\Generated_Source\PSoC4/AMux.c **** #endif
 157:.\Generated_Source\PSoC4/AMux.c **** 
 158:.\Generated_Source\PSoC4/AMux.c **** #if (AMux_ATMOSTONE)
 159:.\Generated_Source\PSoC4/AMux.c **** /*******************************************************************************
 160:.\Generated_Source\PSoC4/AMux.c **** * Function Name: AMux_DisconnectAll
 161:.\Generated_Source\PSoC4/AMux.c **** ********************************************************************************
 162:.\Generated_Source\PSoC4/AMux.c **** * Summary:
 163:.\Generated_Source\PSoC4/AMux.c **** *  This function disconnects all channels.
 164:.\Generated_Source\PSoC4/AMux.c **** *
 165:.\Generated_Source\PSoC4/AMux.c **** * Parameters:
 166:.\Generated_Source\PSoC4/AMux.c **** *  void
ARM GAS  C:\Users\faithc\AppData\Local\Temp\ccDNFjpf.s 			page 6


 167:.\Generated_Source\PSoC4/AMux.c **** *
 168:.\Generated_Source\PSoC4/AMux.c **** * Return:
 169:.\Generated_Source\PSoC4/AMux.c **** *  void
 170:.\Generated_Source\PSoC4/AMux.c **** *
 171:.\Generated_Source\PSoC4/AMux.c **** *******************************************************************************/
 172:.\Generated_Source\PSoC4/AMux.c **** void AMux_DisconnectAll(void) 
 173:.\Generated_Source\PSoC4/AMux.c **** {
 117              		.loc 1 173 0
 118              		.cfi_startproc
 119 0000 10B5     		push	{r4, lr}
 120              		.cfi_def_cfa_offset 8
 121              		.cfi_offset 4, -8
 122              		.cfi_offset 14, -4
 174:.\Generated_Source\PSoC4/AMux.c ****     if(AMux_lastChannel != AMux_NULL_CHANNEL) 
 123              		.loc 1 174 0
 124 0002 044C     		ldr	r4, .L17
 125 0004 2078     		ldrb	r0, [r4]
 126 0006 FF28     		cmp	r0, #255
 127 0008 03D0     		beq	.L12
 175:.\Generated_Source\PSoC4/AMux.c ****     {
 176:.\Generated_Source\PSoC4/AMux.c ****         AMux_Disconnect(AMux_lastChannel);
 128              		.loc 1 176 0
 129 000a FFF7FEFF 		bl	AMux_Unset
 130              	.LVL9:
 177:.\Generated_Source\PSoC4/AMux.c ****         AMux_lastChannel = AMux_NULL_CHANNEL;
 131              		.loc 1 177 0
 132 000e FF23     		mov	r3, #255
 133 0010 2370     		strb	r3, [r4]
 134              	.L12:
 178:.\Generated_Source\PSoC4/AMux.c ****     }
 179:.\Generated_Source\PSoC4/AMux.c **** }
 135              		.loc 1 179 0
 136              		@ sp needed
 137 0012 10BD     		pop	{r4, pc}
 138              	.L18:
 139              		.align	2
 140              	.L17:
 141 0014 00000000 		.word	.LANCHOR0
 142              		.cfi_endproc
 143              	.LFE2:
 144              		.size	AMux_DisconnectAll, .-AMux_DisconnectAll
 145              		.data
 146              		.set	.LANCHOR0,. + 0
 147              		.type	AMux_lastChannel, %object
 148              		.size	AMux_lastChannel, 1
 149              	AMux_lastChannel:
 150 0000 FF       		.byte	-1
 151              		.text
 152              	.Letext0:
 153              		.file 2 ".\\Generated_Source\\PSoC4\\cytypes.h"
 154              		.file 3 ".\\Generated_Source\\PSoC4\\cyfitter_cfg.h"
 155              		.section	.debug_info,"",%progbits
 156              	.Ldebug_info0:
 157 0000 82010000 		.4byte	0x182
 158 0004 0400     		.2byte	0x4
 159 0006 00000000 		.4byte	.Ldebug_abbrev0
 160 000a 04       		.byte	0x4
ARM GAS  C:\Users\faithc\AppData\Local\Temp\ccDNFjpf.s 			page 7


 161 000b 01       		.uleb128 0x1
 162 000c 8F000000 		.4byte	.LASF17
 163 0010 01       		.byte	0x1
 164 0011 08000000 		.4byte	.LASF18
 165 0015 AA010000 		.4byte	.LASF19
 166 0019 00000000 		.4byte	.Ldebug_ranges0+0
 167 001d 00000000 		.4byte	0
 168 0021 00000000 		.4byte	.Ldebug_line0
 169 0025 02       		.uleb128 0x2
 170 0026 01       		.byte	0x1
 171 0027 06       		.byte	0x6
 172 0028 82010000 		.4byte	.LASF0
 173 002c 02       		.uleb128 0x2
 174 002d 01       		.byte	0x1
 175 002e 08       		.byte	0x8
 176 002f 41000000 		.4byte	.LASF1
 177 0033 02       		.uleb128 0x2
 178 0034 02       		.byte	0x2
 179 0035 05       		.byte	0x5
 180 0036 69010000 		.4byte	.LASF2
 181 003a 02       		.uleb128 0x2
 182 003b 02       		.byte	0x2
 183 003c 07       		.byte	0x7
 184 003d 6C000000 		.4byte	.LASF3
 185 0041 02       		.uleb128 0x2
 186 0042 04       		.byte	0x4
 187 0043 05       		.byte	0x5
 188 0044 79010000 		.4byte	.LASF4
 189 0048 02       		.uleb128 0x2
 190 0049 04       		.byte	0x4
 191 004a 07       		.byte	0x7
 192 004b 5A000000 		.4byte	.LASF5
 193 004f 02       		.uleb128 0x2
 194 0050 08       		.byte	0x8
 195 0051 05       		.byte	0x5
 196 0052 56010000 		.4byte	.LASF6
 197 0056 02       		.uleb128 0x2
 198 0057 08       		.byte	0x8
 199 0058 07       		.byte	0x7
 200 0059 2A010000 		.4byte	.LASF7
 201 005d 03       		.uleb128 0x3
 202 005e 04       		.byte	0x4
 203 005f 05       		.byte	0x5
 204 0060 696E7400 		.ascii	"int\000"
 205 0064 02       		.uleb128 0x2
 206 0065 04       		.byte	0x4
 207 0066 07       		.byte	0x7
 208 0067 1D010000 		.4byte	.LASF8
 209 006b 04       		.uleb128 0x4
 210 006c 73010000 		.4byte	.LASF20
 211 0070 02       		.byte	0x2
 212 0071 3801     		.2byte	0x138
 213 0073 2C000000 		.4byte	0x2c
 214 0077 02       		.uleb128 0x2
 215 0078 04       		.byte	0x4
 216 0079 04       		.byte	0x4
 217 007a 3B000000 		.4byte	.LASF9
ARM GAS  C:\Users\faithc\AppData\Local\Temp\ccDNFjpf.s 			page 8


 218 007e 02       		.uleb128 0x2
 219 007f 08       		.byte	0x8
 220 0080 04       		.byte	0x4
 221 0081 88000000 		.4byte	.LASF10
 222 0085 02       		.uleb128 0x2
 223 0086 01       		.byte	0x1
 224 0087 08       		.byte	0x8
 225 0088 64010000 		.4byte	.LASF11
 226 008c 05       		.uleb128 0x5
 227 008d 4F000000 		.4byte	.LASF12
 228 0091 01       		.byte	0x1
 229 0092 24       		.byte	0x24
 230 0093 00000000 		.4byte	.LFB0
 231 0097 28000000 		.4byte	.LFE0-.LFB0
 232 009b 01       		.uleb128 0x1
 233 009c 9C       		.byte	0x9c
 234 009d F9000000 		.4byte	0xf9
 235 00a1 06       		.uleb128 0x6
 236 00a2 51010000 		.4byte	.LASF15
 237 00a6 01       		.byte	0x1
 238 00a7 26       		.byte	0x26
 239 00a8 6B000000 		.4byte	0x6b
 240 00ac 00000000 		.4byte	.LLST0
 241 00b0 07       		.uleb128 0x7
 242 00b1 08000000 		.4byte	.LVL1
 243 00b5 67010000 		.4byte	0x167
 244 00b9 C3000000 		.4byte	0xc3
 245 00bd 08       		.uleb128 0x8
 246 00be 01       		.uleb128 0x1
 247 00bf 50       		.byte	0x50
 248 00c0 01       		.uleb128 0x1
 249 00c1 30       		.byte	0x30
 250 00c2 00       		.byte	0
 251 00c3 07       		.uleb128 0x7
 252 00c4 0E000000 		.4byte	.LVL2
 253 00c8 67010000 		.4byte	0x167
 254 00cc D6000000 		.4byte	0xd6
 255 00d0 08       		.uleb128 0x8
 256 00d1 01       		.uleb128 0x1
 257 00d2 50       		.byte	0x50
 258 00d3 01       		.uleb128 0x1
 259 00d4 31       		.byte	0x31
 260 00d5 00       		.byte	0
 261 00d6 07       		.uleb128 0x7
 262 00d7 14000000 		.4byte	.LVL3
 263 00db 67010000 		.4byte	0x167
 264 00df E9000000 		.4byte	0xe9
 265 00e3 08       		.uleb128 0x8
 266 00e4 01       		.uleb128 0x1
 267 00e5 50       		.byte	0x50
 268 00e6 01       		.uleb128 0x1
 269 00e7 32       		.byte	0x32
 270 00e8 00       		.byte	0
 271 00e9 09       		.uleb128 0x9
 272 00ea 1A000000 		.4byte	.LVL4
 273 00ee 67010000 		.4byte	0x167
 274 00f2 08       		.uleb128 0x8
ARM GAS  C:\Users\faithc\AppData\Local\Temp\ccDNFjpf.s 			page 9


 275 00f3 01       		.uleb128 0x1
 276 00f4 50       		.byte	0x50
 277 00f5 01       		.uleb128 0x1
 278 00f6 33       		.byte	0x33
 279 00f7 00       		.byte	0
 280 00f8 00       		.byte	0
 281 00f9 05       		.uleb128 0x5
 282 00fa 41010000 		.4byte	.LASF13
 283 00fe 01       		.byte	0x1
 284 00ff 5E       		.byte	0x5e
 285 0100 00000000 		.4byte	.LFB1
 286 0104 20000000 		.4byte	.LFE1-.LFB1
 287 0108 01       		.uleb128 0x1
 288 0109 9C       		.byte	0x9c
 289 010a 37010000 		.4byte	0x137
 290 010e 0A       		.uleb128 0xa
 291 010f 00000000 		.4byte	.LASF21
 292 0113 01       		.byte	0x1
 293 0114 5E       		.byte	0x5e
 294 0115 6B000000 		.4byte	0x6b
 295 0119 44000000 		.4byte	.LLST1
 296 011d 0B       		.uleb128 0xb
 297 011e 10000000 		.4byte	.LVL7
 298 0122 67010000 		.4byte	0x167
 299 0126 09       		.uleb128 0x9
 300 0127 16000000 		.4byte	.LVL8
 301 012b 78010000 		.4byte	0x178
 302 012f 08       		.uleb128 0x8
 303 0130 01       		.uleb128 0x1
 304 0131 50       		.byte	0x50
 305 0132 02       		.uleb128 0x2
 306 0133 75       		.byte	0x75
 307 0134 00       		.sleb128 0
 308 0135 00       		.byte	0
 309 0136 00       		.byte	0
 310 0137 05       		.uleb128 0x5
 311 0138 28000000 		.4byte	.LASF14
 312 013c 01       		.byte	0x1
 313 013d AC       		.byte	0xac
 314 013e 00000000 		.4byte	.LFB2
 315 0142 18000000 		.4byte	.LFE2-.LFB2
 316 0146 01       		.uleb128 0x1
 317 0147 9C       		.byte	0x9c
 318 0148 56010000 		.4byte	0x156
 319 014c 0B       		.uleb128 0xb
 320 014d 0E000000 		.4byte	.LVL9
 321 0151 67010000 		.4byte	0x167
 322 0155 00       		.byte	0
 323 0156 0C       		.uleb128 0xc
 324 0157 99010000 		.4byte	.LASF16
 325 015b 01       		.byte	0x1
 326 015c 14       		.byte	0x14
 327 015d 6B000000 		.4byte	0x6b
 328 0161 05       		.uleb128 0x5
 329 0162 03       		.byte	0x3
 330 0163 00000000 		.4byte	AMux_lastChannel
 331 0167 0D       		.uleb128 0xd
ARM GAS  C:\Users\faithc\AppData\Local\Temp\ccDNFjpf.s 			page 10


 332 0168 8E010000 		.4byte	.LASF22
 333 016c 03       		.byte	0x3
 334 016d 1B       		.byte	0x1b
 335 016e 78010000 		.4byte	0x178
 336 0172 0E       		.uleb128 0xe
 337 0173 6B000000 		.4byte	0x6b
 338 0177 00       		.byte	0
 339 0178 0F       		.uleb128 0xf
 340 0179 7F000000 		.4byte	.LASF23
 341 017d 03       		.byte	0x3
 342 017e 1A       		.byte	0x1a
 343 017f 0E       		.uleb128 0xe
 344 0180 6B000000 		.4byte	0x6b
 345 0184 00       		.byte	0
 346 0185 00       		.byte	0
 347              		.section	.debug_abbrev,"",%progbits
 348              	.Ldebug_abbrev0:
 349 0000 01       		.uleb128 0x1
 350 0001 11       		.uleb128 0x11
 351 0002 01       		.byte	0x1
 352 0003 25       		.uleb128 0x25
 353 0004 0E       		.uleb128 0xe
 354 0005 13       		.uleb128 0x13
 355 0006 0B       		.uleb128 0xb
 356 0007 03       		.uleb128 0x3
 357 0008 0E       		.uleb128 0xe
 358 0009 1B       		.uleb128 0x1b
 359 000a 0E       		.uleb128 0xe
 360 000b 55       		.uleb128 0x55
 361 000c 17       		.uleb128 0x17
 362 000d 11       		.uleb128 0x11
 363 000e 01       		.uleb128 0x1
 364 000f 10       		.uleb128 0x10
 365 0010 17       		.uleb128 0x17
 366 0011 00       		.byte	0
 367 0012 00       		.byte	0
 368 0013 02       		.uleb128 0x2
 369 0014 24       		.uleb128 0x24
 370 0015 00       		.byte	0
 371 0016 0B       		.uleb128 0xb
 372 0017 0B       		.uleb128 0xb
 373 0018 3E       		.uleb128 0x3e
 374 0019 0B       		.uleb128 0xb
 375 001a 03       		.uleb128 0x3
 376 001b 0E       		.uleb128 0xe
 377 001c 00       		.byte	0
 378 001d 00       		.byte	0
 379 001e 03       		.uleb128 0x3
 380 001f 24       		.uleb128 0x24
 381 0020 00       		.byte	0
 382 0021 0B       		.uleb128 0xb
 383 0022 0B       		.uleb128 0xb
 384 0023 3E       		.uleb128 0x3e
 385 0024 0B       		.uleb128 0xb
 386 0025 03       		.uleb128 0x3
 387 0026 08       		.uleb128 0x8
 388 0027 00       		.byte	0
ARM GAS  C:\Users\faithc\AppData\Local\Temp\ccDNFjpf.s 			page 11


 389 0028 00       		.byte	0
 390 0029 04       		.uleb128 0x4
 391 002a 16       		.uleb128 0x16
 392 002b 00       		.byte	0
 393 002c 03       		.uleb128 0x3
 394 002d 0E       		.uleb128 0xe
 395 002e 3A       		.uleb128 0x3a
 396 002f 0B       		.uleb128 0xb
 397 0030 3B       		.uleb128 0x3b
 398 0031 05       		.uleb128 0x5
 399 0032 49       		.uleb128 0x49
 400 0033 13       		.uleb128 0x13
 401 0034 00       		.byte	0
 402 0035 00       		.byte	0
 403 0036 05       		.uleb128 0x5
 404 0037 2E       		.uleb128 0x2e
 405 0038 01       		.byte	0x1
 406 0039 3F       		.uleb128 0x3f
 407 003a 19       		.uleb128 0x19
 408 003b 03       		.uleb128 0x3
 409 003c 0E       		.uleb128 0xe
 410 003d 3A       		.uleb128 0x3a
 411 003e 0B       		.uleb128 0xb
 412 003f 3B       		.uleb128 0x3b
 413 0040 0B       		.uleb128 0xb
 414 0041 27       		.uleb128 0x27
 415 0042 19       		.uleb128 0x19
 416 0043 11       		.uleb128 0x11
 417 0044 01       		.uleb128 0x1
 418 0045 12       		.uleb128 0x12
 419 0046 06       		.uleb128 0x6
 420 0047 40       		.uleb128 0x40
 421 0048 18       		.uleb128 0x18
 422 0049 9742     		.uleb128 0x2117
 423 004b 19       		.uleb128 0x19
 424 004c 01       		.uleb128 0x1
 425 004d 13       		.uleb128 0x13
 426 004e 00       		.byte	0
 427 004f 00       		.byte	0
 428 0050 06       		.uleb128 0x6
 429 0051 34       		.uleb128 0x34
 430 0052 00       		.byte	0
 431 0053 03       		.uleb128 0x3
 432 0054 0E       		.uleb128 0xe
 433 0055 3A       		.uleb128 0x3a
 434 0056 0B       		.uleb128 0xb
 435 0057 3B       		.uleb128 0x3b
 436 0058 0B       		.uleb128 0xb
 437 0059 49       		.uleb128 0x49
 438 005a 13       		.uleb128 0x13
 439 005b 02       		.uleb128 0x2
 440 005c 17       		.uleb128 0x17
 441 005d 00       		.byte	0
 442 005e 00       		.byte	0
 443 005f 07       		.uleb128 0x7
 444 0060 898201   		.uleb128 0x4109
 445 0063 01       		.byte	0x1
ARM GAS  C:\Users\faithc\AppData\Local\Temp\ccDNFjpf.s 			page 12


 446 0064 11       		.uleb128 0x11
 447 0065 01       		.uleb128 0x1
 448 0066 31       		.uleb128 0x31
 449 0067 13       		.uleb128 0x13
 450 0068 01       		.uleb128 0x1
 451 0069 13       		.uleb128 0x13
 452 006a 00       		.byte	0
 453 006b 00       		.byte	0
 454 006c 08       		.uleb128 0x8
 455 006d 8A8201   		.uleb128 0x410a
 456 0070 00       		.byte	0
 457 0071 02       		.uleb128 0x2
 458 0072 18       		.uleb128 0x18
 459 0073 9142     		.uleb128 0x2111
 460 0075 18       		.uleb128 0x18
 461 0076 00       		.byte	0
 462 0077 00       		.byte	0
 463 0078 09       		.uleb128 0x9
 464 0079 898201   		.uleb128 0x4109
 465 007c 01       		.byte	0x1
 466 007d 11       		.uleb128 0x11
 467 007e 01       		.uleb128 0x1
 468 007f 31       		.uleb128 0x31
 469 0080 13       		.uleb128 0x13
 470 0081 00       		.byte	0
 471 0082 00       		.byte	0
 472 0083 0A       		.uleb128 0xa
 473 0084 05       		.uleb128 0x5
 474 0085 00       		.byte	0
 475 0086 03       		.uleb128 0x3
 476 0087 0E       		.uleb128 0xe
 477 0088 3A       		.uleb128 0x3a
 478 0089 0B       		.uleb128 0xb
 479 008a 3B       		.uleb128 0x3b
 480 008b 0B       		.uleb128 0xb
 481 008c 49       		.uleb128 0x49
 482 008d 13       		.uleb128 0x13
 483 008e 02       		.uleb128 0x2
 484 008f 17       		.uleb128 0x17
 485 0090 00       		.byte	0
 486 0091 00       		.byte	0
 487 0092 0B       		.uleb128 0xb
 488 0093 898201   		.uleb128 0x4109
 489 0096 00       		.byte	0
 490 0097 11       		.uleb128 0x11
 491 0098 01       		.uleb128 0x1
 492 0099 31       		.uleb128 0x31
 493 009a 13       		.uleb128 0x13
 494 009b 00       		.byte	0
 495 009c 00       		.byte	0
 496 009d 0C       		.uleb128 0xc
 497 009e 34       		.uleb128 0x34
 498 009f 00       		.byte	0
 499 00a0 03       		.uleb128 0x3
 500 00a1 0E       		.uleb128 0xe
 501 00a2 3A       		.uleb128 0x3a
 502 00a3 0B       		.uleb128 0xb
ARM GAS  C:\Users\faithc\AppData\Local\Temp\ccDNFjpf.s 			page 13


 503 00a4 3B       		.uleb128 0x3b
 504 00a5 0B       		.uleb128 0xb
 505 00a6 49       		.uleb128 0x49
 506 00a7 13       		.uleb128 0x13
 507 00a8 02       		.uleb128 0x2
 508 00a9 18       		.uleb128 0x18
 509 00aa 00       		.byte	0
 510 00ab 00       		.byte	0
 511 00ac 0D       		.uleb128 0xd
 512 00ad 2E       		.uleb128 0x2e
 513 00ae 01       		.byte	0x1
 514 00af 3F       		.uleb128 0x3f
 515 00b0 19       		.uleb128 0x19
 516 00b1 03       		.uleb128 0x3
 517 00b2 0E       		.uleb128 0xe
 518 00b3 3A       		.uleb128 0x3a
 519 00b4 0B       		.uleb128 0xb
 520 00b5 3B       		.uleb128 0x3b
 521 00b6 0B       		.uleb128 0xb
 522 00b7 27       		.uleb128 0x27
 523 00b8 19       		.uleb128 0x19
 524 00b9 3C       		.uleb128 0x3c
 525 00ba 19       		.uleb128 0x19
 526 00bb 01       		.uleb128 0x1
 527 00bc 13       		.uleb128 0x13
 528 00bd 00       		.byte	0
 529 00be 00       		.byte	0
 530 00bf 0E       		.uleb128 0xe
 531 00c0 05       		.uleb128 0x5
 532 00c1 00       		.byte	0
 533 00c2 49       		.uleb128 0x49
 534 00c3 13       		.uleb128 0x13
 535 00c4 00       		.byte	0
 536 00c5 00       		.byte	0
 537 00c6 0F       		.uleb128 0xf
 538 00c7 2E       		.uleb128 0x2e
 539 00c8 01       		.byte	0x1
 540 00c9 3F       		.uleb128 0x3f
 541 00ca 19       		.uleb128 0x19
 542 00cb 03       		.uleb128 0x3
 543 00cc 0E       		.uleb128 0xe
 544 00cd 3A       		.uleb128 0x3a
 545 00ce 0B       		.uleb128 0xb
 546 00cf 3B       		.uleb128 0x3b
 547 00d0 0B       		.uleb128 0xb
 548 00d1 27       		.uleb128 0x27
 549 00d2 19       		.uleb128 0x19
 550 00d3 3C       		.uleb128 0x3c
 551 00d4 19       		.uleb128 0x19
 552 00d5 00       		.byte	0
 553 00d6 00       		.byte	0
 554 00d7 00       		.byte	0
 555              		.section	.debug_loc,"",%progbits
 556              	.Ldebug_loc0:
 557              	.LLST0:
 558 0000 00000000 		.4byte	.LVL0
 559 0004 08000000 		.4byte	.LVL1
ARM GAS  C:\Users\faithc\AppData\Local\Temp\ccDNFjpf.s 			page 14


 560 0008 0200     		.2byte	0x2
 561 000a 30       		.byte	0x30
 562 000b 9F       		.byte	0x9f
 563 000c 08000000 		.4byte	.LVL1
 564 0010 0E000000 		.4byte	.LVL2
 565 0014 0200     		.2byte	0x2
 566 0016 31       		.byte	0x31
 567 0017 9F       		.byte	0x9f
 568 0018 0E000000 		.4byte	.LVL2
 569 001c 14000000 		.4byte	.LVL3
 570 0020 0200     		.2byte	0x2
 571 0022 32       		.byte	0x32
 572 0023 9F       		.byte	0x9f
 573 0024 14000000 		.4byte	.LVL3
 574 0028 1A000000 		.4byte	.LVL4
 575 002c 0200     		.2byte	0x2
 576 002e 33       		.byte	0x33
 577 002f 9F       		.byte	0x9f
 578 0030 1A000000 		.4byte	.LVL4
 579 0034 28000000 		.4byte	.LFE0
 580 0038 0200     		.2byte	0x2
 581 003a 34       		.byte	0x34
 582 003b 9F       		.byte	0x9f
 583 003c 00000000 		.4byte	0
 584 0040 00000000 		.4byte	0
 585              	.LLST1:
 586 0044 00000000 		.4byte	.LVL5
 587 0048 08000000 		.4byte	.LVL6
 588 004c 0100     		.2byte	0x1
 589 004e 50       		.byte	0x50
 590 004f 08000000 		.4byte	.LVL6
 591 0053 20000000 		.4byte	.LFE1
 592 0057 0400     		.2byte	0x4
 593 0059 F3       		.byte	0xf3
 594 005a 01       		.uleb128 0x1
 595 005b 50       		.byte	0x50
 596 005c 9F       		.byte	0x9f
 597 005d 00000000 		.4byte	0
 598 0061 00000000 		.4byte	0
 599              		.section	.debug_aranges,"",%progbits
 600 0000 2C000000 		.4byte	0x2c
 601 0004 0200     		.2byte	0x2
 602 0006 00000000 		.4byte	.Ldebug_info0
 603 000a 04       		.byte	0x4
 604 000b 00       		.byte	0
 605 000c 0000     		.2byte	0
 606 000e 0000     		.2byte	0
 607 0010 00000000 		.4byte	.LFB0
 608 0014 28000000 		.4byte	.LFE0-.LFB0
 609 0018 00000000 		.4byte	.LFB1
 610 001c 20000000 		.4byte	.LFE1-.LFB1
 611 0020 00000000 		.4byte	.LFB2
 612 0024 18000000 		.4byte	.LFE2-.LFB2
 613 0028 00000000 		.4byte	0
 614 002c 00000000 		.4byte	0
 615              		.section	.debug_ranges,"",%progbits
 616              	.Ldebug_ranges0:
ARM GAS  C:\Users\faithc\AppData\Local\Temp\ccDNFjpf.s 			page 15


 617 0000 00000000 		.4byte	.LFB0
 618 0004 28000000 		.4byte	.LFE0
 619 0008 00000000 		.4byte	.LFB1
 620 000c 20000000 		.4byte	.LFE1
 621 0010 00000000 		.4byte	.LFB2
 622 0014 18000000 		.4byte	.LFE2
 623 0018 00000000 		.4byte	0
 624 001c 00000000 		.4byte	0
 625              		.section	.debug_line,"",%progbits
 626              	.Ldebug_line0:
 627 0000 9B000000 		.section	.debug_str,"MS",%progbits,1
 627      02005500 
 627      00000201 
 627      FB0E0D00 
 627      01010101 
 628              	.LASF21:
 629 0000 6368616E 		.ascii	"channel\000"
 629      6E656C00 
 630              	.LASF18:
 631 0008 2E5C4765 		.ascii	".\\Generated_Source\\PSoC4\\AMux.c\000"
 631      6E657261 
 631      7465645F 
 631      536F7572 
 631      63655C50 
 632              	.LASF14:
 633 0028 414D7578 		.ascii	"AMux_DisconnectAll\000"
 633      5F446973 
 633      636F6E6E 
 633      65637441 
 633      6C6C00
 634              	.LASF9:
 635 003b 666C6F61 		.ascii	"float\000"
 635      7400
 636              	.LASF1:
 637 0041 756E7369 		.ascii	"unsigned char\000"
 637      676E6564 
 637      20636861 
 637      7200
 638              	.LASF12:
 639 004f 414D7578 		.ascii	"AMux_Start\000"
 639      5F537461 
 639      727400
 640              	.LASF5:
 641 005a 6C6F6E67 		.ascii	"long unsigned int\000"
 641      20756E73 
 641      69676E65 
 641      6420696E 
 641      7400
 642              	.LASF3:
 643 006c 73686F72 		.ascii	"short unsigned int\000"
 643      7420756E 
 643      7369676E 
 643      65642069 
 643      6E7400
 644              	.LASF23:
 645 007f 414D7578 		.ascii	"AMux_Set\000"
 645      5F536574 
ARM GAS  C:\Users\faithc\AppData\Local\Temp\ccDNFjpf.s 			page 16


 645      00
 646              	.LASF10:
 647 0088 646F7562 		.ascii	"double\000"
 647      6C6500
 648              	.LASF17:
 649 008f 474E5520 		.ascii	"GNU C 4.9.3 20150303 (release) [ARM/embedded-4_9-br"
 649      4320342E 
 649      392E3320 
 649      32303135 
 649      30333033 
 650 00c2 616E6368 		.ascii	"anch revision 221220] -mcpu=cortex-m0 -mthumb -g -O"
 650      20726576 
 650      6973696F 
 650      6E203232 
 650      31323230 
 651 00f5 33202D66 		.ascii	"3 -ffunction-sections -ffat-lto-objects\000"
 651      66756E63 
 651      74696F6E 
 651      2D736563 
 651      74696F6E 
 652              	.LASF8:
 653 011d 756E7369 		.ascii	"unsigned int\000"
 653      676E6564 
 653      20696E74 
 653      00
 654              	.LASF7:
 655 012a 6C6F6E67 		.ascii	"long long unsigned int\000"
 655      206C6F6E 
 655      6720756E 
 655      7369676E 
 655      65642069 
 656              	.LASF13:
 657 0141 414D7578 		.ascii	"AMux_FastSelect\000"
 657      5F466173 
 657      7453656C 
 657      65637400 
 658              	.LASF15:
 659 0151 6368616E 		.ascii	"chan\000"
 659      00
 660              	.LASF6:
 661 0156 6C6F6E67 		.ascii	"long long int\000"
 661      206C6F6E 
 661      6720696E 
 661      7400
 662              	.LASF11:
 663 0164 63686172 		.ascii	"char\000"
 663      00
 664              	.LASF2:
 665 0169 73686F72 		.ascii	"short int\000"
 665      7420696E 
 665      7400
 666              	.LASF20:
 667 0173 75696E74 		.ascii	"uint8\000"
 667      3800
 668              	.LASF4:
 669 0179 6C6F6E67 		.ascii	"long int\000"
 669      20696E74 
ARM GAS  C:\Users\faithc\AppData\Local\Temp\ccDNFjpf.s 			page 17


 669      00
 670              	.LASF0:
 671 0182 7369676E 		.ascii	"signed char\000"
 671      65642063 
 671      68617200 
 672              	.LASF22:
 673 018e 414D7578 		.ascii	"AMux_Unset\000"
 673      5F556E73 
 673      657400
 674              	.LASF16:
 675 0199 414D7578 		.ascii	"AMux_lastChannel\000"
 675      5F6C6173 
 675      74436861 
 675      6E6E656C 
 675      00
 676              	.LASF19:
 677 01aa 433A5C55 		.ascii	"C:\\Users\\faithc\\Box Sync\\Feniex Firmware Files\\"
 677      73657273 
 677      5C666169 
 677      7468635C 
 677      426F7820 
 678 01d9 414C425C 		.ascii	"ALB\\81-00022-01 ALB LED Driver\\81-00022-01.cydsn\000"
 678      38312D30 
 678      30303232 
 678      2D303120 
 678      414C4220 
 679              		.ident	"GCC: (GNU Tools for ARM Embedded Processors) 4.9.3 20150303 (release) [ARM/embedded-4_9-br
