ARM GAS  C:\Users\kylep\AppData\Local\Temp\ccvyU9ue.s 			page 1


   1              		.cpu cortex-m0
   2              		.fpu softvfp
   3              		.eabi_attribute 20, 1
   4              		.eabi_attribute 21, 1
   5              		.eabi_attribute 23, 3
   6              		.eabi_attribute 24, 1
   7              		.eabi_attribute 25, 1
   8              		.eabi_attribute 26, 1
   9              		.eabi_attribute 30, 6
  10              		.eabi_attribute 34, 0
  11              		.eabi_attribute 18, 4
  12              		.code	16
  13              		.file	"EmEEPROM.c"
  14              		.text
  15              	.Ltext0:
  16              		.cfi_sections	.debug_frame
  17              		.section	.text.EmEEPROM_Start,"ax",%progbits
  18              		.align	2
  19              		.global	EmEEPROM_Start
  20              		.code	16
  21              		.thumb_func
  22              		.type	EmEEPROM_Start, %function
  23              	EmEEPROM_Start:
  24              	.LFB0:
  25              		.file 1 ".\\Generated_Source\\PSoC4\\EmEEPROM.c"
   1:.\Generated_Source\PSoC4/EmEEPROM.c **** /*******************************************************************************
   2:.\Generated_Source\PSoC4/EmEEPROM.c **** * File Name: EmEEPROM.c
   3:.\Generated_Source\PSoC4/EmEEPROM.c **** * Version 1.10
   4:.\Generated_Source\PSoC4/EmEEPROM.c **** *
   5:.\Generated_Source\PSoC4/EmEEPROM.c **** * Description:
   6:.\Generated_Source\PSoC4/EmEEPROM.c **** *  This file provides the source code to API for the Emulated EEPROM Component.
   7:.\Generated_Source\PSoC4/EmEEPROM.c **** *
   8:.\Generated_Source\PSoC4/EmEEPROM.c **** ********************************************************************************
   9:.\Generated_Source\PSoC4/EmEEPROM.c **** * Copyright 2013, Cypress Semiconductor Corporation.  All rights reserved.
  10:.\Generated_Source\PSoC4/EmEEPROM.c **** * You may use this file only in accordance with the license, terms, conditions,
  11:.\Generated_Source\PSoC4/EmEEPROM.c **** * disclaimers, and limitations in the end user license agreement accompanying
  12:.\Generated_Source\PSoC4/EmEEPROM.c **** * the software package with which this file was provided.
  13:.\Generated_Source\PSoC4/EmEEPROM.c **** *******************************************************************************/
  14:.\Generated_Source\PSoC4/EmEEPROM.c **** 
  15:.\Generated_Source\PSoC4/EmEEPROM.c **** #include "EmEEPROM.h"
  16:.\Generated_Source\PSoC4/EmEEPROM.c **** 
  17:.\Generated_Source\PSoC4/EmEEPROM.c **** 
  18:.\Generated_Source\PSoC4/EmEEPROM.c **** /*******************************************************************************
  19:.\Generated_Source\PSoC4/EmEEPROM.c **** * Function Name: EmEEPROM_Start
  20:.\Generated_Source\PSoC4/EmEEPROM.c **** ********************************************************************************
  21:.\Generated_Source\PSoC4/EmEEPROM.c **** *
  22:.\Generated_Source\PSoC4/EmEEPROM.c **** * Summary:
  23:.\Generated_Source\PSoC4/EmEEPROM.c **** *  Empty function. Included for consistency with other
  24:.\Generated_Source\PSoC4/EmEEPROM.c **** *  components.
  25:.\Generated_Source\PSoC4/EmEEPROM.c **** *
  26:.\Generated_Source\PSoC4/EmEEPROM.c **** * Parameters:
  27:.\Generated_Source\PSoC4/EmEEPROM.c **** *  None
  28:.\Generated_Source\PSoC4/EmEEPROM.c **** *
  29:.\Generated_Source\PSoC4/EmEEPROM.c **** * Return:
  30:.\Generated_Source\PSoC4/EmEEPROM.c **** *  None
  31:.\Generated_Source\PSoC4/EmEEPROM.c **** *
  32:.\Generated_Source\PSoC4/EmEEPROM.c **** *******************************************************************************/
ARM GAS  C:\Users\kylep\AppData\Local\Temp\ccvyU9ue.s 			page 2


  33:.\Generated_Source\PSoC4/EmEEPROM.c **** void EmEEPROM_Start(void) 
  34:.\Generated_Source\PSoC4/EmEEPROM.c **** {
  26              		.loc 1 34 0
  27              		.cfi_startproc
  28 0000 80B5     		push	{r7, lr}
  29              		.cfi_def_cfa_offset 8
  30              		.cfi_offset 7, -8
  31              		.cfi_offset 14, -4
  32 0002 00AF     		add	r7, sp, #0
  33              		.cfi_def_cfa_register 7
  35:.\Generated_Source\PSoC4/EmEEPROM.c **** 
  36:.\Generated_Source\PSoC4/EmEEPROM.c **** }
  34              		.loc 1 36 0
  35 0004 BD46     		mov	sp, r7
  36              		@ sp needed
  37 0006 80BD     		pop	{r7, pc}
  38              		.cfi_endproc
  39              	.LFE0:
  40              		.size	EmEEPROM_Start, .-EmEEPROM_Start
  41              		.section	.text.EmEEPROM_Stop,"ax",%progbits
  42              		.align	2
  43              		.global	EmEEPROM_Stop
  44              		.code	16
  45              		.thumb_func
  46              		.type	EmEEPROM_Stop, %function
  47              	EmEEPROM_Stop:
  48              	.LFB1:
  37:.\Generated_Source\PSoC4/EmEEPROM.c **** 
  38:.\Generated_Source\PSoC4/EmEEPROM.c **** 
  39:.\Generated_Source\PSoC4/EmEEPROM.c **** /*******************************************************************************
  40:.\Generated_Source\PSoC4/EmEEPROM.c **** * Function Name: EmEEPROM_Stop
  41:.\Generated_Source\PSoC4/EmEEPROM.c **** ********************************************************************************
  42:.\Generated_Source\PSoC4/EmEEPROM.c **** *
  43:.\Generated_Source\PSoC4/EmEEPROM.c **** * Summary:
  44:.\Generated_Source\PSoC4/EmEEPROM.c **** *  Empty function. Included for consistency with other
  45:.\Generated_Source\PSoC4/EmEEPROM.c **** *  components.
  46:.\Generated_Source\PSoC4/EmEEPROM.c **** *
  47:.\Generated_Source\PSoC4/EmEEPROM.c **** * Parameters:
  48:.\Generated_Source\PSoC4/EmEEPROM.c **** *  None
  49:.\Generated_Source\PSoC4/EmEEPROM.c **** *
  50:.\Generated_Source\PSoC4/EmEEPROM.c **** * Return:
  51:.\Generated_Source\PSoC4/EmEEPROM.c **** *  None
  52:.\Generated_Source\PSoC4/EmEEPROM.c **** *
  53:.\Generated_Source\PSoC4/EmEEPROM.c **** *******************************************************************************/
  54:.\Generated_Source\PSoC4/EmEEPROM.c **** void EmEEPROM_Stop(void) 
  55:.\Generated_Source\PSoC4/EmEEPROM.c **** {
  49              		.loc 1 55 0
  50              		.cfi_startproc
  51 0000 80B5     		push	{r7, lr}
  52              		.cfi_def_cfa_offset 8
  53              		.cfi_offset 7, -8
  54              		.cfi_offset 14, -4
  55 0002 00AF     		add	r7, sp, #0
  56              		.cfi_def_cfa_register 7
  56:.\Generated_Source\PSoC4/EmEEPROM.c **** 
  57:.\Generated_Source\PSoC4/EmEEPROM.c **** }
  57              		.loc 1 57 0
ARM GAS  C:\Users\kylep\AppData\Local\Temp\ccvyU9ue.s 			page 3


  58 0004 BD46     		mov	sp, r7
  59              		@ sp needed
  60 0006 80BD     		pop	{r7, pc}
  61              		.cfi_endproc
  62              	.LFE1:
  63              		.size	EmEEPROM_Stop, .-EmEEPROM_Stop
  64              		.section	.text.EmEEPROM_Write,"ax",%progbits
  65              		.align	2
  66              		.global	EmEEPROM_Write
  67              		.code	16
  68              		.thumb_func
  69              		.type	EmEEPROM_Write, %function
  70              	EmEEPROM_Write:
  71              	.LFB2:
  58:.\Generated_Source\PSoC4/EmEEPROM.c **** 
  59:.\Generated_Source\PSoC4/EmEEPROM.c **** 
  60:.\Generated_Source\PSoC4/EmEEPROM.c **** /*******************************************************************************
  61:.\Generated_Source\PSoC4/EmEEPROM.c **** * Function Name: EmEEPROM_Write
  62:.\Generated_Source\PSoC4/EmEEPROM.c **** ********************************************************************************
  63:.\Generated_Source\PSoC4/EmEEPROM.c **** *
  64:.\Generated_Source\PSoC4/EmEEPROM.c **** * Summary:
  65:.\Generated_Source\PSoC4/EmEEPROM.c **** *  Writes the specified number of bytes from the source buffer in SRAM to the
  66:.\Generated_Source\PSoC4/EmEEPROM.c **** *  emulated EEPROM array in flash, without modifying other data in flash.
  67:.\Generated_Source\PSoC4/EmEEPROM.c **** *
  68:.\Generated_Source\PSoC4/EmEEPROM.c **** * Parameters:
  69:.\Generated_Source\PSoC4/EmEEPROM.c **** *  srcBuf:    Pointer to the SRAM buffer holding the data to write.
  70:.\Generated_Source\PSoC4/EmEEPROM.c **** *  eepromPtr: Pointer to the array or variable in flash representing
  71:.\Generated_Source\PSoC4/EmEEPROM.c **** *             the emulated EEPROM.
  72:.\Generated_Source\PSoC4/EmEEPROM.c **** *  byteCount: Number of bytes to write from srcBuf to eepromPtr.
  73:.\Generated_Source\PSoC4/EmEEPROM.c **** *
  74:.\Generated_Source\PSoC4/EmEEPROM.c **** * Return:
  75:.\Generated_Source\PSoC4/EmEEPROM.c **** *    CYRET_SUCCESS     Successful write.
  76:.\Generated_Source\PSoC4/EmEEPROM.c **** *    CYRET_BAD_PARAM   eepromPtr is out of range of flash memory.
  77:.\Generated_Source\PSoC4/EmEEPROM.c **** *    CYRET_UNKNOWN     Other error in writing flash.
  78:.\Generated_Source\PSoC4/EmEEPROM.c **** *
  79:.\Generated_Source\PSoC4/EmEEPROM.c **** *******************************************************************************/
  80:.\Generated_Source\PSoC4/EmEEPROM.c **** #if (CY_PSOC3)
  81:.\Generated_Source\PSoC4/EmEEPROM.c ****     cystatus EmEEPROM_Write(const uint8 srcBuf[], const uint8 eepromPtr[], uint16 byteCount)
  82:.\Generated_Source\PSoC4/EmEEPROM.c ****                                                                             
  83:.\Generated_Source\PSoC4/EmEEPROM.c **** #else
  84:.\Generated_Source\PSoC4/EmEEPROM.c ****     cystatus EmEEPROM_Write(const uint8 srcBuf[], const uint8 eepromPtr[], uint32 byteCount)
  85:.\Generated_Source\PSoC4/EmEEPROM.c **** #endif /* (!CY_PSOC3) */
  86:.\Generated_Source\PSoC4/EmEEPROM.c **** {
  72              		.loc 1 86 0
  73              		.cfi_startproc
  74 0000 80B5     		push	{r7, lr}
  75              		.cfi_def_cfa_offset 8
  76              		.cfi_offset 7, -8
  77              		.cfi_offset 14, -4
  78 0002 ACB0     		sub	sp, sp, #176
  79              		.cfi_def_cfa_offset 184
  80 0004 00AF     		add	r7, sp, #0
  81              		.cfi_def_cfa_register 7
  82 0006 F860     		str	r0, [r7, #12]
  83 0008 B960     		str	r1, [r7, #8]
  84 000a 7A60     		str	r2, [r7, #4]
  87:.\Generated_Source\PSoC4/EmEEPROM.c ****     uint8 writeBuffer[CY_FLASH_SIZEOF_ROW];
ARM GAS  C:\Users\kylep\AppData\Local\Temp\ccvyU9ue.s 			page 4


  88:.\Generated_Source\PSoC4/EmEEPROM.c ****     uint32 arrayId;
  89:.\Generated_Source\PSoC4/EmEEPROM.c ****     uint32 rowId;
  90:.\Generated_Source\PSoC4/EmEEPROM.c ****     uint32 dstIndex;
  91:.\Generated_Source\PSoC4/EmEEPROM.c ****     uint32 srcIndex;
  92:.\Generated_Source\PSoC4/EmEEPROM.c ****     cystatus rc;
  93:.\Generated_Source\PSoC4/EmEEPROM.c ****     uint32 eeOffset;
  94:.\Generated_Source\PSoC4/EmEEPROM.c ****     uint32 byteOffset;
  95:.\Generated_Source\PSoC4/EmEEPROM.c ****     
  96:.\Generated_Source\PSoC4/EmEEPROM.c ****     #if (!CY_PSOC4)
  97:.\Generated_Source\PSoC4/EmEEPROM.c ****         #if (CYDEV_ECC_ENABLE == 0)
  98:.\Generated_Source\PSoC4/EmEEPROM.c ****             uint8 rowBuffer[CY_FLASH_SIZEOF_ROW + CY_FLASH_SIZEOF_ECC_ROW];
  99:.\Generated_Source\PSoC4/EmEEPROM.c ****         #endif /* CYDEV_ECC_ENABLE == 0) */
 100:.\Generated_Source\PSoC4/EmEEPROM.c ****     #endif /* (!CY_PSOC4) */
 101:.\Generated_Source\PSoC4/EmEEPROM.c **** 
 102:.\Generated_Source\PSoC4/EmEEPROM.c ****     eeOffset = (uint32)eepromPtr;
  85              		.loc 1 102 0
  86 000c BB68     		ldr	r3, [r7, #8]
  87 000e 9822     		mov	r2, #152
  88 0010 BA18     		add	r2, r7, r2
  89 0012 1360     		str	r3, [r2]
 103:.\Generated_Source\PSoC4/EmEEPROM.c ****     #if (CY_PSOC3)
 104:.\Generated_Source\PSoC4/EmEEPROM.c ****         eeOffset &= EmEEPROM_CODE_ADDR_MASK;
 105:.\Generated_Source\PSoC4/EmEEPROM.c ****     #endif /* (CY_PSOC3) */
 106:.\Generated_Source\PSoC4/EmEEPROM.c **** 
 107:.\Generated_Source\PSoC4/EmEEPROM.c ****     /* Make sure, that eepromPtr[] points to ROM */
 108:.\Generated_Source\PSoC4/EmEEPROM.c ****     #if (CY_PSOC3)
 109:.\Generated_Source\PSoC4/EmEEPROM.c ****         if (((uint32)eepromPtr >= EmEEPROM_CODE_ADDR_OFFSET) &&
 110:.\Generated_Source\PSoC4/EmEEPROM.c ****             (((uint32)eepromPtr + byteCount) <= EmEEPROM_CODE_ADDR_END))
 111:.\Generated_Source\PSoC4/EmEEPROM.c ****     #else
 112:.\Generated_Source\PSoC4/EmEEPROM.c ****         if (((uint32)eepromPtr + byteCount) < EmEEPROM_FLASH_END_ADDR)
  90              		.loc 1 112 0
  91 0014 BA68     		ldr	r2, [r7, #8]
  92 0016 7B68     		ldr	r3, [r7, #4]
  93 0018 D318     		add	r3, r2, r3
  94 001a 564A     		ldr	r2, .L14
  95 001c 9342     		cmp	r3, r2
  96 001e 00D9     		bls	.LCB60
  97 0020 8DE0     		b	.L4	@long jump
  98              	.LCB60:
 113:.\Generated_Source\PSoC4/EmEEPROM.c ****     #endif /* (CY_PSOC3) */
 114:.\Generated_Source\PSoC4/EmEEPROM.c ****     {
 115:.\Generated_Source\PSoC4/EmEEPROM.c ****         #if (!CY_PSOC4)
 116:.\Generated_Source\PSoC4/EmEEPROM.c ****             (void)CySetTemp();
 117:.\Generated_Source\PSoC4/EmEEPROM.c **** 
 118:.\Generated_Source\PSoC4/EmEEPROM.c ****             #if(CYDEV_ECC_ENABLE == 0)
 119:.\Generated_Source\PSoC4/EmEEPROM.c ****                 (void)CySetFlashEEBuffer(rowBuffer);
 120:.\Generated_Source\PSoC4/EmEEPROM.c ****             #endif
 121:.\Generated_Source\PSoC4/EmEEPROM.c ****         #endif /* (!CY_PSOC4) */
 122:.\Generated_Source\PSoC4/EmEEPROM.c **** 
 123:.\Generated_Source\PSoC4/EmEEPROM.c ****         arrayId = eeOffset / CY_FLASH_SIZEOF_ARRAY;
  99              		.loc 1 123 0
 100 0022 9823     		mov	r3, #152
 101 0024 FB18     		add	r3, r7, r3
 102 0026 1B68     		ldr	r3, [r3]
 103 0028 DB0B     		lsr	r3, r3, #15
 104 002a 9422     		mov	r2, #148
 105 002c BA18     		add	r2, r7, r2
ARM GAS  C:\Users\kylep\AppData\Local\Temp\ccvyU9ue.s 			page 5


 106 002e 1360     		str	r3, [r2]
 124:.\Generated_Source\PSoC4/EmEEPROM.c ****         rowId = (eeOffset / CY_FLASH_SIZEOF_ROW) % EmEEPROM_ROWS_IN_ARRAY;
 107              		.loc 1 124 0
 108 0030 9823     		mov	r3, #152
 109 0032 FB18     		add	r3, r7, r3
 110 0034 1B68     		ldr	r3, [r3]
 111 0036 DB09     		lsr	r3, r3, #7
 112 0038 FF22     		mov	r2, #255
 113 003a 1340     		and	r3, r2
 114 003c AC22     		mov	r2, #172
 115 003e BA18     		add	r2, r7, r2
 116 0040 1360     		str	r3, [r2]
 125:.\Generated_Source\PSoC4/EmEEPROM.c ****         byteOffset = (CY_FLASH_SIZEOF_ARRAY * arrayId) + (CY_FLASH_SIZEOF_ROW * rowId);
 117              		.loc 1 125 0
 118 0042 9423     		mov	r3, #148
 119 0044 FB18     		add	r3, r7, r3
 120 0046 1B68     		ldr	r3, [r3]
 121 0048 1A02     		lsl	r2, r3, #8
 122 004a AC23     		mov	r3, #172
 123 004c FB18     		add	r3, r7, r3
 124 004e 1B68     		ldr	r3, [r3]
 125 0050 D318     		add	r3, r2, r3
 126 0052 DB01     		lsl	r3, r3, #7
 127 0054 9C22     		mov	r2, #156
 128 0056 BA18     		add	r2, r7, r2
 129 0058 1360     		str	r3, [r2]
 126:.\Generated_Source\PSoC4/EmEEPROM.c ****         srcIndex = 0u;
 130              		.loc 1 126 0
 131 005a 0023     		mov	r3, #0
 132 005c A422     		mov	r2, #164
 133 005e BA18     		add	r2, r7, r2
 134 0060 1360     		str	r3, [r2]
 127:.\Generated_Source\PSoC4/EmEEPROM.c **** 
 128:.\Generated_Source\PSoC4/EmEEPROM.c ****         rc = CYRET_SUCCESS;
 135              		.loc 1 128 0
 136 0062 0023     		mov	r3, #0
 137 0064 A022     		mov	r2, #160
 138 0066 BA18     		add	r2, r7, r2
 139 0068 1360     		str	r3, [r2]
 129:.\Generated_Source\PSoC4/EmEEPROM.c **** 
 130:.\Generated_Source\PSoC4/EmEEPROM.c ****         while ((srcIndex < byteCount) && (CYRET_SUCCESS == rc))
 140              		.loc 1 130 0
 141 006a 5CE0     		b	.L5
 142              	.L11:
 131:.\Generated_Source\PSoC4/EmEEPROM.c ****         {
 132:.\Generated_Source\PSoC4/EmEEPROM.c ****             /* Copy data to the write buffer either from the source buffer or from the flash */
 133:.\Generated_Source\PSoC4/EmEEPROM.c ****             for (dstIndex = 0u; dstIndex < CY_FLASH_SIZEOF_ROW; dstIndex++)
 143              		.loc 1 133 0
 144 006c 0023     		mov	r3, #0
 145 006e A822     		mov	r2, #168
 146 0070 BA18     		add	r2, r7, r2
 147 0072 1360     		str	r3, [r2]
 148 0074 3EE0     		b	.L6
 149              	.L9:
 134:.\Generated_Source\PSoC4/EmEEPROM.c ****             {
 135:.\Generated_Source\PSoC4/EmEEPROM.c ****                 if ((byteOffset >= eeOffset) && (srcIndex < byteCount))
 150              		.loc 1 135 0
ARM GAS  C:\Users\kylep\AppData\Local\Temp\ccvyU9ue.s 			page 6


 151 0076 9C23     		mov	r3, #156
 152 0078 FB18     		add	r3, r7, r3
 153 007a 1A68     		ldr	r2, [r3]
 154 007c 9823     		mov	r3, #152
 155 007e FB18     		add	r3, r7, r3
 156 0080 1B68     		ldr	r3, [r3]
 157 0082 9A42     		cmp	r2, r3
 158 0084 1BD3     		bcc	.L7
 159              		.loc 1 135 0 is_stmt 0 discriminator 1
 160 0086 A423     		mov	r3, #164
 161 0088 FB18     		add	r3, r7, r3
 162 008a 1A68     		ldr	r2, [r3]
 163 008c 7B68     		ldr	r3, [r7, #4]
 164 008e 9A42     		cmp	r2, r3
 165 0090 15D2     		bcs	.L7
 136:.\Generated_Source\PSoC4/EmEEPROM.c ****                 {
 137:.\Generated_Source\PSoC4/EmEEPROM.c ****                     writeBuffer[dstIndex] = srcBuf[srcIndex];
 166              		.loc 1 137 0 is_stmt 1
 167 0092 FA68     		ldr	r2, [r7, #12]
 168 0094 A423     		mov	r3, #164
 169 0096 FB18     		add	r3, r7, r3
 170 0098 1B68     		ldr	r3, [r3]
 171 009a D318     		add	r3, r2, r3
 172 009c 1978     		ldrb	r1, [r3]
 173 009e 1423     		mov	r3, #20
 174 00a0 FA18     		add	r2, r7, r3
 175 00a2 A823     		mov	r3, #168
 176 00a4 FB18     		add	r3, r7, r3
 177 00a6 1B68     		ldr	r3, [r3]
 178 00a8 D318     		add	r3, r2, r3
 179 00aa 0A1C     		add	r2, r1, #0
 180 00ac 1A70     		strb	r2, [r3]
 138:.\Generated_Source\PSoC4/EmEEPROM.c ****                     srcIndex++;
 181              		.loc 1 138 0
 182 00ae A423     		mov	r3, #164
 183 00b0 FB18     		add	r3, r7, r3
 184 00b2 1B68     		ldr	r3, [r3]
 185 00b4 0133     		add	r3, r3, #1
 186 00b6 A422     		mov	r2, #164
 187 00b8 BA18     		add	r2, r7, r2
 188 00ba 1360     		str	r3, [r2]
 189 00bc 0CE0     		b	.L8
 190              	.L7:
 139:.\Generated_Source\PSoC4/EmEEPROM.c ****                 }
 140:.\Generated_Source\PSoC4/EmEEPROM.c ****                 else
 141:.\Generated_Source\PSoC4/EmEEPROM.c ****                 {
 142:.\Generated_Source\PSoC4/EmEEPROM.c ****                     writeBuffer[dstIndex] = CY_GET_XTND_REG8(CYDEV_FLASH_BASE + byteOffset);
 191              		.loc 1 142 0
 192 00be 9C23     		mov	r3, #156
 193 00c0 FB18     		add	r3, r7, r3
 194 00c2 1B68     		ldr	r3, [r3]
 195 00c4 1B78     		ldrb	r3, [r3]
 196 00c6 D9B2     		uxtb	r1, r3
 197 00c8 1423     		mov	r3, #20
 198 00ca FA18     		add	r2, r7, r3
 199 00cc A823     		mov	r3, #168
 200 00ce FB18     		add	r3, r7, r3
ARM GAS  C:\Users\kylep\AppData\Local\Temp\ccvyU9ue.s 			page 7


 201 00d0 1B68     		ldr	r3, [r3]
 202 00d2 D318     		add	r3, r2, r3
 203 00d4 0A1C     		add	r2, r1, #0
 204 00d6 1A70     		strb	r2, [r3]
 205              	.L8:
 143:.\Generated_Source\PSoC4/EmEEPROM.c ****                 }
 144:.\Generated_Source\PSoC4/EmEEPROM.c ****                 byteOffset++;
 206              		.loc 1 144 0 discriminator 2
 207 00d8 9C23     		mov	r3, #156
 208 00da FB18     		add	r3, r7, r3
 209 00dc 1B68     		ldr	r3, [r3]
 210 00de 0133     		add	r3, r3, #1
 211 00e0 9C22     		mov	r2, #156
 212 00e2 BA18     		add	r2, r7, r2
 213 00e4 1360     		str	r3, [r2]
 133:.\Generated_Source\PSoC4/EmEEPROM.c ****             {
 214              		.loc 1 133 0 discriminator 2
 215 00e6 A823     		mov	r3, #168
 216 00e8 FB18     		add	r3, r7, r3
 217 00ea 1B68     		ldr	r3, [r3]
 218 00ec 0133     		add	r3, r3, #1
 219 00ee A822     		mov	r2, #168
 220 00f0 BA18     		add	r2, r7, r2
 221 00f2 1360     		str	r3, [r2]
 222              	.L6:
 133:.\Generated_Source\PSoC4/EmEEPROM.c ****             {
 223              		.loc 1 133 0 is_stmt 0 discriminator 1
 224 00f4 A823     		mov	r3, #168
 225 00f6 FB18     		add	r3, r7, r3
 226 00f8 1B68     		ldr	r3, [r3]
 227 00fa 7F2B     		cmp	r3, #127
 228 00fc BBD9     		bls	.L9
 145:.\Generated_Source\PSoC4/EmEEPROM.c ****             }
 146:.\Generated_Source\PSoC4/EmEEPROM.c **** 
 147:.\Generated_Source\PSoC4/EmEEPROM.c ****             /* Write flash row */
 148:.\Generated_Source\PSoC4/EmEEPROM.c ****             #if (CY_PSOC4)
 149:.\Generated_Source\PSoC4/EmEEPROM.c ****                 rc = CySysFlashWriteRow(rowId, writeBuffer);
 229              		.loc 1 149 0 is_stmt 1
 230 00fe AC23     		mov	r3, #172
 231 0100 FB18     		add	r3, r7, r3
 232 0102 1A68     		ldr	r2, [r3]
 233 0104 1423     		mov	r3, #20
 234 0106 FB18     		add	r3, r7, r3
 235 0108 101C     		mov	r0, r2
 236 010a 191C     		mov	r1, r3
 237 010c FFF7FEFF 		bl	CySysFlashWriteRow
 238 0110 031C     		mov	r3, r0
 239 0112 A022     		mov	r2, #160
 240 0114 BA18     		add	r2, r7, r2
 241 0116 1360     		str	r3, [r2]
 150:.\Generated_Source\PSoC4/EmEEPROM.c ****             #else
 151:.\Generated_Source\PSoC4/EmEEPROM.c ****                 rc = CyWriteRowData((uint8)arrayId, (uint16)rowId, writeBuffer);
 152:.\Generated_Source\PSoC4/EmEEPROM.c ****             #endif /* (CY_PSOC4) */
 153:.\Generated_Source\PSoC4/EmEEPROM.c **** 
 154:.\Generated_Source\PSoC4/EmEEPROM.c ****             /* Go to the next row */
 155:.\Generated_Source\PSoC4/EmEEPROM.c ****             rowId++;
 242              		.loc 1 155 0
ARM GAS  C:\Users\kylep\AppData\Local\Temp\ccvyU9ue.s 			page 8


 243 0118 AC23     		mov	r3, #172
 244 011a FB18     		add	r3, r7, r3
 245 011c 1B68     		ldr	r3, [r3]
 246 011e 0133     		add	r3, r3, #1
 247 0120 AC22     		mov	r2, #172
 248 0122 BA18     		add	r2, r7, r2
 249 0124 1360     		str	r3, [r2]
 250              	.L5:
 130:.\Generated_Source\PSoC4/EmEEPROM.c ****         {
 251              		.loc 1 130 0
 252 0126 A423     		mov	r3, #164
 253 0128 FB18     		add	r3, r7, r3
 254 012a 1A68     		ldr	r2, [r3]
 255 012c 7B68     		ldr	r3, [r7, #4]
 256 012e 9A42     		cmp	r2, r3
 257 0130 09D2     		bcs	.L10
 130:.\Generated_Source\PSoC4/EmEEPROM.c ****         {
 258              		.loc 1 130 0 is_stmt 0 discriminator 1
 259 0132 A023     		mov	r3, #160
 260 0134 FB18     		add	r3, r7, r3
 261 0136 1B68     		ldr	r3, [r3]
 262 0138 002B     		cmp	r3, #0
 263 013a 97D0     		beq	.L11
 264 013c 03E0     		b	.L10
 265              	.L4:
 156:.\Generated_Source\PSoC4/EmEEPROM.c ****             #if (CY_FLASH_NUMBER_ARRAYS > 1)
 157:.\Generated_Source\PSoC4/EmEEPROM.c ****                 if (rowId >= EmEEPROM_ROWS_IN_ARRAY)
 158:.\Generated_Source\PSoC4/EmEEPROM.c ****                 {
 159:.\Generated_Source\PSoC4/EmEEPROM.c ****                     arrayId++;
 160:.\Generated_Source\PSoC4/EmEEPROM.c ****                     rowId = 0u;
 161:.\Generated_Source\PSoC4/EmEEPROM.c ****                 }
 162:.\Generated_Source\PSoC4/EmEEPROM.c ****             #endif /* (CY_FLASH_NUMBER_ARRAYS > 1) */
 163:.\Generated_Source\PSoC4/EmEEPROM.c ****         }
 164:.\Generated_Source\PSoC4/EmEEPROM.c **** 
 165:.\Generated_Source\PSoC4/EmEEPROM.c ****         /* Flush both Cache and PHUB prefetch buffer */
 166:.\Generated_Source\PSoC4/EmEEPROM.c ****         #if (CY_PSOC5)
 167:.\Generated_Source\PSoC4/EmEEPROM.c ****             CyFlushCache();
 168:.\Generated_Source\PSoC4/EmEEPROM.c ****         #elif (CY_PSOC3)
 169:.\Generated_Source\PSoC4/EmEEPROM.c ****             CY_FLASH_CONTROL_REG |= 6u;
 170:.\Generated_Source\PSoC4/EmEEPROM.c ****         #endif /* (CY_PSOC5) */
 171:.\Generated_Source\PSoC4/EmEEPROM.c ****     }
 172:.\Generated_Source\PSoC4/EmEEPROM.c ****     else
 173:.\Generated_Source\PSoC4/EmEEPROM.c ****     {
 174:.\Generated_Source\PSoC4/EmEEPROM.c ****         rc = CYRET_BAD_PARAM;
 266              		.loc 1 174 0 is_stmt 1
 267 013e 0123     		mov	r3, #1
 268 0140 A022     		mov	r2, #160
 269 0142 BA18     		add	r2, r7, r2
 270 0144 1360     		str	r3, [r2]
 271              	.L10:
 175:.\Generated_Source\PSoC4/EmEEPROM.c ****     }
 176:.\Generated_Source\PSoC4/EmEEPROM.c **** 
 177:.\Generated_Source\PSoC4/EmEEPROM.c ****     /* Mask return codes from flash, if they are not supported */
 178:.\Generated_Source\PSoC4/EmEEPROM.c ****     if ((CYRET_SUCCESS != rc) && (CYRET_BAD_PARAM != rc))
 272              		.loc 1 178 0
 273 0146 A023     		mov	r3, #160
 274 0148 FB18     		add	r3, r7, r3
ARM GAS  C:\Users\kylep\AppData\Local\Temp\ccvyU9ue.s 			page 9


 275 014a 1B68     		ldr	r3, [r3]
 276 014c 002B     		cmp	r3, #0
 277 014e 09D0     		beq	.L12
 278              		.loc 1 178 0 is_stmt 0 discriminator 1
 279 0150 A023     		mov	r3, #160
 280 0152 FB18     		add	r3, r7, r3
 281 0154 1B68     		ldr	r3, [r3]
 282 0156 012B     		cmp	r3, #1
 283 0158 04D0     		beq	.L12
 179:.\Generated_Source\PSoC4/EmEEPROM.c ****     {
 180:.\Generated_Source\PSoC4/EmEEPROM.c ****         rc = CYRET_UNKNOWN;
 284              		.loc 1 180 0 is_stmt 1
 285 015a 0123     		mov	r3, #1
 286 015c 5B42     		neg	r3, r3
 287 015e A022     		mov	r2, #160
 288 0160 BA18     		add	r2, r7, r2
 289 0162 1360     		str	r3, [r2]
 290              	.L12:
 181:.\Generated_Source\PSoC4/EmEEPROM.c ****     }
 182:.\Generated_Source\PSoC4/EmEEPROM.c ****     
 183:.\Generated_Source\PSoC4/EmEEPROM.c ****     return (rc);
 291              		.loc 1 183 0
 292 0164 A023     		mov	r3, #160
 293 0166 FB18     		add	r3, r7, r3
 294 0168 1B68     		ldr	r3, [r3]
 184:.\Generated_Source\PSoC4/EmEEPROM.c **** }
 295              		.loc 1 184 0
 296 016a 181C     		mov	r0, r3
 297 016c BD46     		mov	sp, r7
 298 016e 2CB0     		add	sp, sp, #176
 299              		@ sp needed
 300 0170 80BD     		pop	{r7, pc}
 301              	.L15:
 302 0172 C046     		.align	2
 303              	.L14:
 304 0174 FF7F0000 		.word	32767
 305              		.cfi_endproc
 306              	.LFE2:
 307              		.size	EmEEPROM_Write, .-EmEEPROM_Write
 308              		.text
 309              	.Letext0:
 310              		.file 2 ".\\Generated_Source\\PSoC4\\cytypes.h"
 311              		.section	.debug_info,"",%progbits
 312              	.Ldebug_info0:
 313 0000 A9010000 		.4byte	0x1a9
 314 0004 0400     		.2byte	0x4
 315 0006 00000000 		.4byte	.Ldebug_abbrev0
 316 000a 04       		.byte	0x4
 317 000b 01       		.uleb128 0x1
 318 000c F9000000 		.4byte	.LASF29
 319 0010 01       		.byte	0x1
 320 0011 E7010000 		.4byte	.LASF30
 321 0015 00000000 		.4byte	.LASF31
 322 0019 00000000 		.4byte	.Ldebug_ranges0+0
 323 001d 00000000 		.4byte	0
 324 0021 00000000 		.4byte	.Ldebug_line0
 325 0025 02       		.uleb128 0x2
ARM GAS  C:\Users\kylep\AppData\Local\Temp\ccvyU9ue.s 			page 10


 326 0026 01       		.byte	0x1
 327 0027 06       		.byte	0x6
 328 0028 36020000 		.4byte	.LASF0
 329 002c 02       		.uleb128 0x2
 330 002d 01       		.byte	0x1
 331 002e 08       		.byte	0x8
 332 002f AC000000 		.4byte	.LASF1
 333 0033 02       		.uleb128 0x2
 334 0034 02       		.byte	0x2
 335 0035 05       		.byte	0x5
 336 0036 15020000 		.4byte	.LASF2
 337 003a 02       		.uleb128 0x2
 338 003b 02       		.byte	0x2
 339 003c 07       		.byte	0x7
 340 003d 70000000 		.4byte	.LASF3
 341 0041 02       		.uleb128 0x2
 342 0042 04       		.byte	0x4
 343 0043 05       		.byte	0x5
 344 0044 1F020000 		.4byte	.LASF4
 345 0048 02       		.uleb128 0x2
 346 0049 04       		.byte	0x4
 347 004a 07       		.byte	0x7
 348 004b BF000000 		.4byte	.LASF5
 349 004f 02       		.uleb128 0x2
 350 0050 08       		.byte	0x8
 351 0051 05       		.byte	0x5
 352 0052 D9010000 		.4byte	.LASF6
 353 0056 02       		.uleb128 0x2
 354 0057 08       		.byte	0x8
 355 0058 07       		.byte	0x7
 356 0059 B3010000 		.4byte	.LASF7
 357 005d 03       		.uleb128 0x3
 358 005e 04       		.byte	0x4
 359 005f 05       		.byte	0x5
 360 0060 696E7400 		.ascii	"int\000"
 361 0064 02       		.uleb128 0x2
 362 0065 04       		.byte	0x4
 363 0066 07       		.byte	0x7
 364 0067 A6010000 		.4byte	.LASF8
 365 006b 04       		.uleb128 0x4
 366 006c D1000000 		.4byte	.LASF9
 367 0070 02       		.byte	0x2
 368 0071 3801     		.2byte	0x138
 369 0073 2C000000 		.4byte	0x2c
 370 0077 04       		.uleb128 0x4
 371 0078 90010000 		.4byte	.LASF10
 372 007c 02       		.byte	0x2
 373 007d 3A01     		.2byte	0x13a
 374 007f 48000000 		.4byte	0x48
 375 0083 02       		.uleb128 0x2
 376 0084 04       		.byte	0x4
 377 0085 04       		.byte	0x4
 378 0086 97000000 		.4byte	.LASF11
 379 008a 02       		.uleb128 0x2
 380 008b 08       		.byte	0x8
 381 008c 04       		.byte	0x4
 382 008d F2000000 		.4byte	.LASF12
ARM GAS  C:\Users\kylep\AppData\Local\Temp\ccvyU9ue.s 			page 11


 383 0091 02       		.uleb128 0x2
 384 0092 01       		.byte	0x1
 385 0093 08       		.byte	0x8
 386 0094 28020000 		.4byte	.LASF13
 387 0098 04       		.uleb128 0x4
 388 0099 87010000 		.4byte	.LASF14
 389 009d 02       		.byte	0x2
 390 009e DA01     		.2byte	0x1da
 391 00a0 48000000 		.4byte	0x48
 392 00a4 04       		.uleb128 0x4
 393 00a5 BA000000 		.4byte	.LASF15
 394 00a9 02       		.byte	0x2
 395 00aa E201     		.2byte	0x1e2
 396 00ac B0000000 		.4byte	0xb0
 397 00b0 05       		.uleb128 0x5
 398 00b1 6B000000 		.4byte	0x6b
 399 00b5 02       		.uleb128 0x2
 400 00b6 04       		.byte	0x4
 401 00b7 07       		.byte	0x7
 402 00b8 D0010000 		.4byte	.LASF16
 403 00bc 06       		.uleb128 0x6
 404 00bd 9D000000 		.4byte	.LASF17
 405 00c1 01       		.byte	0x1
 406 00c2 21       		.byte	0x21
 407 00c3 00000000 		.4byte	.LFB0
 408 00c7 08000000 		.4byte	.LFE0-.LFB0
 409 00cb 01       		.uleb128 0x1
 410 00cc 9C       		.byte	0x9c
 411 00cd 06       		.uleb128 0x6
 412 00ce 42020000 		.4byte	.LASF18
 413 00d2 01       		.byte	0x1
 414 00d3 36       		.byte	0x36
 415 00d4 00000000 		.4byte	.LFB1
 416 00d8 08000000 		.4byte	.LFE1-.LFB1
 417 00dc 01       		.uleb128 0x1
 418 00dd 9C       		.byte	0x9c
 419 00de 07       		.uleb128 0x7
 420 00df 97010000 		.4byte	.LASF32
 421 00e3 01       		.byte	0x1
 422 00e4 54       		.byte	0x54
 423 00e5 98000000 		.4byte	0x98
 424 00e9 00000000 		.4byte	.LFB2
 425 00ed 78010000 		.4byte	.LFE2-.LFB2
 426 00f1 01       		.uleb128 0x1
 427 00f2 9C       		.byte	0x9c
 428 00f3 95010000 		.4byte	0x195
 429 00f7 08       		.uleb128 0x8
 430 00f8 69000000 		.4byte	.LASF19
 431 00fc 01       		.byte	0x1
 432 00fd 54       		.byte	0x54
 433 00fe 95010000 		.4byte	0x195
 434 0102 03       		.uleb128 0x3
 435 0103 91       		.byte	0x91
 436 0104 D47E     		.sleb128 -172
 437 0106 08       		.uleb128 0x8
 438 0107 0B020000 		.4byte	.LASF20
 439 010b 01       		.byte	0x1
ARM GAS  C:\Users\kylep\AppData\Local\Temp\ccvyU9ue.s 			page 12


 440 010c 54       		.byte	0x54
 441 010d 95010000 		.4byte	0x195
 442 0111 03       		.uleb128 0x3
 443 0112 91       		.byte	0x91
 444 0113 D07E     		.sleb128 -176
 445 0115 08       		.uleb128 0x8
 446 0116 DF000000 		.4byte	.LASF21
 447 011a 01       		.byte	0x1
 448 011b 54       		.byte	0x54
 449 011c 77000000 		.4byte	0x77
 450 0120 03       		.uleb128 0x3
 451 0121 91       		.byte	0x91
 452 0122 CC7E     		.sleb128 -180
 453 0124 09       		.uleb128 0x9
 454 0125 5D000000 		.4byte	.LASF22
 455 0129 01       		.byte	0x1
 456 012a 57       		.byte	0x57
 457 012b A0010000 		.4byte	0x1a0
 458 012f 03       		.uleb128 0x3
 459 0130 91       		.byte	0x91
 460 0131 DC7E     		.sleb128 -164
 461 0133 09       		.uleb128 0x9
 462 0134 D7000000 		.4byte	.LASF23
 463 0138 01       		.byte	0x1
 464 0139 58       		.byte	0x58
 465 013a 77000000 		.4byte	0x77
 466 013e 02       		.uleb128 0x2
 467 013f 91       		.byte	0x91
 468 0140 5C       		.sleb128 -36
 469 0141 09       		.uleb128 0x9
 470 0142 CA010000 		.4byte	.LASF24
 471 0146 01       		.byte	0x1
 472 0147 59       		.byte	0x59
 473 0148 77000000 		.4byte	0x77
 474 014c 02       		.uleb128 0x2
 475 014d 91       		.byte	0x91
 476 014e 74       		.sleb128 -12
 477 014f 09       		.uleb128 0x9
 478 0150 E9000000 		.4byte	.LASF25
 479 0154 01       		.byte	0x1
 480 0155 5A       		.byte	0x5a
 481 0156 77000000 		.4byte	0x77
 482 015a 02       		.uleb128 0x2
 483 015b 91       		.byte	0x91
 484 015c 70       		.sleb128 -16
 485 015d 09       		.uleb128 0x9
 486 015e 83000000 		.4byte	.LASF26
 487 0162 01       		.byte	0x1
 488 0163 5B       		.byte	0x5b
 489 0164 77000000 		.4byte	0x77
 490 0168 02       		.uleb128 0x2
 491 0169 91       		.byte	0x91
 492 016a 6C       		.sleb128 -20
 493 016b 0A       		.uleb128 0xa
 494 016c 726300   		.ascii	"rc\000"
 495 016f 01       		.byte	0x1
 496 0170 5C       		.byte	0x5c
ARM GAS  C:\Users\kylep\AppData\Local\Temp\ccvyU9ue.s 			page 13


 497 0171 98000000 		.4byte	0x98
 498 0175 02       		.uleb128 0x2
 499 0176 91       		.byte	0x91
 500 0177 68       		.sleb128 -24
 501 0178 09       		.uleb128 0x9
 502 0179 2D020000 		.4byte	.LASF27
 503 017d 01       		.byte	0x1
 504 017e 5D       		.byte	0x5d
 505 017f 77000000 		.4byte	0x77
 506 0183 02       		.uleb128 0x2
 507 0184 91       		.byte	0x91
 508 0185 60       		.sleb128 -32
 509 0186 09       		.uleb128 0x9
 510 0187 8C000000 		.4byte	.LASF28
 511 018b 01       		.byte	0x1
 512 018c 5E       		.byte	0x5e
 513 018d 77000000 		.4byte	0x77
 514 0191 02       		.uleb128 0x2
 515 0192 91       		.byte	0x91
 516 0193 64       		.sleb128 -28
 517 0194 00       		.byte	0
 518 0195 0B       		.uleb128 0xb
 519 0196 04       		.byte	0x4
 520 0197 9B010000 		.4byte	0x19b
 521 019b 0C       		.uleb128 0xc
 522 019c 6B000000 		.4byte	0x6b
 523 01a0 0D       		.uleb128 0xd
 524 01a1 6B000000 		.4byte	0x6b
 525 01a5 0E       		.uleb128 0xe
 526 01a6 B5000000 		.4byte	0xb5
 527 01aa 7F       		.byte	0x7f
 528 01ab 00       		.byte	0
 529 01ac 00       		.byte	0
 530              		.section	.debug_abbrev,"",%progbits
 531              	.Ldebug_abbrev0:
 532 0000 01       		.uleb128 0x1
 533 0001 11       		.uleb128 0x11
 534 0002 01       		.byte	0x1
 535 0003 25       		.uleb128 0x25
 536 0004 0E       		.uleb128 0xe
 537 0005 13       		.uleb128 0x13
 538 0006 0B       		.uleb128 0xb
 539 0007 03       		.uleb128 0x3
 540 0008 0E       		.uleb128 0xe
 541 0009 1B       		.uleb128 0x1b
 542 000a 0E       		.uleb128 0xe
 543 000b 55       		.uleb128 0x55
 544 000c 17       		.uleb128 0x17
 545 000d 11       		.uleb128 0x11
 546 000e 01       		.uleb128 0x1
 547 000f 10       		.uleb128 0x10
 548 0010 17       		.uleb128 0x17
 549 0011 00       		.byte	0
 550 0012 00       		.byte	0
 551 0013 02       		.uleb128 0x2
 552 0014 24       		.uleb128 0x24
 553 0015 00       		.byte	0
ARM GAS  C:\Users\kylep\AppData\Local\Temp\ccvyU9ue.s 			page 14


 554 0016 0B       		.uleb128 0xb
 555 0017 0B       		.uleb128 0xb
 556 0018 3E       		.uleb128 0x3e
 557 0019 0B       		.uleb128 0xb
 558 001a 03       		.uleb128 0x3
 559 001b 0E       		.uleb128 0xe
 560 001c 00       		.byte	0
 561 001d 00       		.byte	0
 562 001e 03       		.uleb128 0x3
 563 001f 24       		.uleb128 0x24
 564 0020 00       		.byte	0
 565 0021 0B       		.uleb128 0xb
 566 0022 0B       		.uleb128 0xb
 567 0023 3E       		.uleb128 0x3e
 568 0024 0B       		.uleb128 0xb
 569 0025 03       		.uleb128 0x3
 570 0026 08       		.uleb128 0x8
 571 0027 00       		.byte	0
 572 0028 00       		.byte	0
 573 0029 04       		.uleb128 0x4
 574 002a 16       		.uleb128 0x16
 575 002b 00       		.byte	0
 576 002c 03       		.uleb128 0x3
 577 002d 0E       		.uleb128 0xe
 578 002e 3A       		.uleb128 0x3a
 579 002f 0B       		.uleb128 0xb
 580 0030 3B       		.uleb128 0x3b
 581 0031 05       		.uleb128 0x5
 582 0032 49       		.uleb128 0x49
 583 0033 13       		.uleb128 0x13
 584 0034 00       		.byte	0
 585 0035 00       		.byte	0
 586 0036 05       		.uleb128 0x5
 587 0037 35       		.uleb128 0x35
 588 0038 00       		.byte	0
 589 0039 49       		.uleb128 0x49
 590 003a 13       		.uleb128 0x13
 591 003b 00       		.byte	0
 592 003c 00       		.byte	0
 593 003d 06       		.uleb128 0x6
 594 003e 2E       		.uleb128 0x2e
 595 003f 00       		.byte	0
 596 0040 3F       		.uleb128 0x3f
 597 0041 19       		.uleb128 0x19
 598 0042 03       		.uleb128 0x3
 599 0043 0E       		.uleb128 0xe
 600 0044 3A       		.uleb128 0x3a
 601 0045 0B       		.uleb128 0xb
 602 0046 3B       		.uleb128 0x3b
 603 0047 0B       		.uleb128 0xb
 604 0048 27       		.uleb128 0x27
 605 0049 19       		.uleb128 0x19
 606 004a 11       		.uleb128 0x11
 607 004b 01       		.uleb128 0x1
 608 004c 12       		.uleb128 0x12
 609 004d 06       		.uleb128 0x6
 610 004e 40       		.uleb128 0x40
ARM GAS  C:\Users\kylep\AppData\Local\Temp\ccvyU9ue.s 			page 15


 611 004f 18       		.uleb128 0x18
 612 0050 9742     		.uleb128 0x2117
 613 0052 19       		.uleb128 0x19
 614 0053 00       		.byte	0
 615 0054 00       		.byte	0
 616 0055 07       		.uleb128 0x7
 617 0056 2E       		.uleb128 0x2e
 618 0057 01       		.byte	0x1
 619 0058 3F       		.uleb128 0x3f
 620 0059 19       		.uleb128 0x19
 621 005a 03       		.uleb128 0x3
 622 005b 0E       		.uleb128 0xe
 623 005c 3A       		.uleb128 0x3a
 624 005d 0B       		.uleb128 0xb
 625 005e 3B       		.uleb128 0x3b
 626 005f 0B       		.uleb128 0xb
 627 0060 27       		.uleb128 0x27
 628 0061 19       		.uleb128 0x19
 629 0062 49       		.uleb128 0x49
 630 0063 13       		.uleb128 0x13
 631 0064 11       		.uleb128 0x11
 632 0065 01       		.uleb128 0x1
 633 0066 12       		.uleb128 0x12
 634 0067 06       		.uleb128 0x6
 635 0068 40       		.uleb128 0x40
 636 0069 18       		.uleb128 0x18
 637 006a 9642     		.uleb128 0x2116
 638 006c 19       		.uleb128 0x19
 639 006d 01       		.uleb128 0x1
 640 006e 13       		.uleb128 0x13
 641 006f 00       		.byte	0
 642 0070 00       		.byte	0
 643 0071 08       		.uleb128 0x8
 644 0072 05       		.uleb128 0x5
 645 0073 00       		.byte	0
 646 0074 03       		.uleb128 0x3
 647 0075 0E       		.uleb128 0xe
 648 0076 3A       		.uleb128 0x3a
 649 0077 0B       		.uleb128 0xb
 650 0078 3B       		.uleb128 0x3b
 651 0079 0B       		.uleb128 0xb
 652 007a 49       		.uleb128 0x49
 653 007b 13       		.uleb128 0x13
 654 007c 02       		.uleb128 0x2
 655 007d 18       		.uleb128 0x18
 656 007e 00       		.byte	0
 657 007f 00       		.byte	0
 658 0080 09       		.uleb128 0x9
 659 0081 34       		.uleb128 0x34
 660 0082 00       		.byte	0
 661 0083 03       		.uleb128 0x3
 662 0084 0E       		.uleb128 0xe
 663 0085 3A       		.uleb128 0x3a
 664 0086 0B       		.uleb128 0xb
 665 0087 3B       		.uleb128 0x3b
 666 0088 0B       		.uleb128 0xb
 667 0089 49       		.uleb128 0x49
ARM GAS  C:\Users\kylep\AppData\Local\Temp\ccvyU9ue.s 			page 16


 668 008a 13       		.uleb128 0x13
 669 008b 02       		.uleb128 0x2
 670 008c 18       		.uleb128 0x18
 671 008d 00       		.byte	0
 672 008e 00       		.byte	0
 673 008f 0A       		.uleb128 0xa
 674 0090 34       		.uleb128 0x34
 675 0091 00       		.byte	0
 676 0092 03       		.uleb128 0x3
 677 0093 08       		.uleb128 0x8
 678 0094 3A       		.uleb128 0x3a
 679 0095 0B       		.uleb128 0xb
 680 0096 3B       		.uleb128 0x3b
 681 0097 0B       		.uleb128 0xb
 682 0098 49       		.uleb128 0x49
 683 0099 13       		.uleb128 0x13
 684 009a 02       		.uleb128 0x2
 685 009b 18       		.uleb128 0x18
 686 009c 00       		.byte	0
 687 009d 00       		.byte	0
 688 009e 0B       		.uleb128 0xb
 689 009f 0F       		.uleb128 0xf
 690 00a0 00       		.byte	0
 691 00a1 0B       		.uleb128 0xb
 692 00a2 0B       		.uleb128 0xb
 693 00a3 49       		.uleb128 0x49
 694 00a4 13       		.uleb128 0x13
 695 00a5 00       		.byte	0
 696 00a6 00       		.byte	0
 697 00a7 0C       		.uleb128 0xc
 698 00a8 26       		.uleb128 0x26
 699 00a9 00       		.byte	0
 700 00aa 49       		.uleb128 0x49
 701 00ab 13       		.uleb128 0x13
 702 00ac 00       		.byte	0
 703 00ad 00       		.byte	0
 704 00ae 0D       		.uleb128 0xd
 705 00af 01       		.uleb128 0x1
 706 00b0 01       		.byte	0x1
 707 00b1 49       		.uleb128 0x49
 708 00b2 13       		.uleb128 0x13
 709 00b3 00       		.byte	0
 710 00b4 00       		.byte	0
 711 00b5 0E       		.uleb128 0xe
 712 00b6 21       		.uleb128 0x21
 713 00b7 00       		.byte	0
 714 00b8 49       		.uleb128 0x49
 715 00b9 13       		.uleb128 0x13
 716 00ba 2F       		.uleb128 0x2f
 717 00bb 0B       		.uleb128 0xb
 718 00bc 00       		.byte	0
 719 00bd 00       		.byte	0
 720 00be 00       		.byte	0
 721              		.section	.debug_aranges,"",%progbits
 722 0000 2C000000 		.4byte	0x2c
 723 0004 0200     		.2byte	0x2
 724 0006 00000000 		.4byte	.Ldebug_info0
ARM GAS  C:\Users\kylep\AppData\Local\Temp\ccvyU9ue.s 			page 17


 725 000a 04       		.byte	0x4
 726 000b 00       		.byte	0
 727 000c 0000     		.2byte	0
 728 000e 0000     		.2byte	0
 729 0010 00000000 		.4byte	.LFB0
 730 0014 08000000 		.4byte	.LFE0-.LFB0
 731 0018 00000000 		.4byte	.LFB1
 732 001c 08000000 		.4byte	.LFE1-.LFB1
 733 0020 00000000 		.4byte	.LFB2
 734 0024 78010000 		.4byte	.LFE2-.LFB2
 735 0028 00000000 		.4byte	0
 736 002c 00000000 		.4byte	0
 737              		.section	.debug_ranges,"",%progbits
 738              	.Ldebug_ranges0:
 739 0000 00000000 		.4byte	.LFB0
 740 0004 08000000 		.4byte	.LFE0
 741 0008 00000000 		.4byte	.LFB1
 742 000c 08000000 		.4byte	.LFE1
 743 0010 00000000 		.4byte	.LFB2
 744 0014 78010000 		.4byte	.LFE2
 745 0018 00000000 		.4byte	0
 746 001c 00000000 		.4byte	0
 747              		.section	.debug_line,"",%progbits
 748              	.Ldebug_line0:
 749 0000 C6000000 		.section	.debug_str,"MS",%progbits,1
 749      02004700 
 749      00000201 
 749      FB0E0D00 
 749      01010101 
 750              	.LASF31:
 751 0000 433A5C55 		.ascii	"C:\\Users\\kylep\\Box Sync\\Feniex Firmware Files\\"
 751      73657273 
 751      5C6B796C 
 751      65705C42 
 751      6F782053 
 752 002e 414C4220 		.ascii	"ALB Cube\\81-00024-01 AI Cube\\81-00024-01.cydsn\000"
 752      43756265 
 752      5C38312D 
 752      30303032 
 752      342D3031 
 753              	.LASF22:
 754 005d 77726974 		.ascii	"writeBuffer\000"
 754      65427566 
 754      66657200 
 755              	.LASF19:
 756 0069 73726342 		.ascii	"srcBuf\000"
 756      756600
 757              	.LASF3:
 758 0070 73686F72 		.ascii	"short unsigned int\000"
 758      7420756E 
 758      7369676E 
 758      65642069 
 758      6E7400
 759              	.LASF26:
 760 0083 73726349 		.ascii	"srcIndex\000"
 760      6E646578 
 760      00
ARM GAS  C:\Users\kylep\AppData\Local\Temp\ccvyU9ue.s 			page 18


 761              	.LASF28:
 762 008c 62797465 		.ascii	"byteOffset\000"
 762      4F666673 
 762      657400
 763              	.LASF11:
 764 0097 666C6F61 		.ascii	"float\000"
 764      7400
 765              	.LASF17:
 766 009d 456D4545 		.ascii	"EmEEPROM_Start\000"
 766      50524F4D 
 766      5F537461 
 766      727400
 767              	.LASF1:
 768 00ac 756E7369 		.ascii	"unsigned char\000"
 768      676E6564 
 768      20636861 
 768      7200
 769              	.LASF15:
 770 00ba 72656738 		.ascii	"reg8\000"
 770      00
 771              	.LASF5:
 772 00bf 6C6F6E67 		.ascii	"long unsigned int\000"
 772      20756E73 
 772      69676E65 
 772      6420696E 
 772      7400
 773              	.LASF9:
 774 00d1 75696E74 		.ascii	"uint8\000"
 774      3800
 775              	.LASF23:
 776 00d7 61727261 		.ascii	"arrayId\000"
 776      79496400 
 777              	.LASF21:
 778 00df 62797465 		.ascii	"byteCount\000"
 778      436F756E 
 778      7400
 779              	.LASF25:
 780 00e9 64737449 		.ascii	"dstIndex\000"
 780      6E646578 
 780      00
 781              	.LASF12:
 782 00f2 646F7562 		.ascii	"double\000"
 782      6C6500
 783              	.LASF29:
 784 00f9 474E5520 		.ascii	"GNU C 4.9.3 20150303 (release) [ARM/embedded-4_9-br"
 784      4320342E 
 784      392E3320 
 784      32303135 
 784      30333033 
 785 012c 616E6368 		.ascii	"anch revision 221220] -mcpu=cortex-m0 -mthumb -g -O"
 785      20726576 
 785      6973696F 
 785      6E203232 
 785      31323230 
 786 015f 30202D66 		.ascii	"0 -ffunction-sections -ffat-lto-objects\000"
 786      66756E63 
 786      74696F6E 
ARM GAS  C:\Users\kylep\AppData\Local\Temp\ccvyU9ue.s 			page 19


 786      2D736563 
 786      74696F6E 
 787              	.LASF14:
 788 0187 63797374 		.ascii	"cystatus\000"
 788      61747573 
 788      00
 789              	.LASF10:
 790 0190 75696E74 		.ascii	"uint32\000"
 790      333200
 791              	.LASF32:
 792 0197 456D4545 		.ascii	"EmEEPROM_Write\000"
 792      50524F4D 
 792      5F577269 
 792      746500
 793              	.LASF8:
 794 01a6 756E7369 		.ascii	"unsigned int\000"
 794      676E6564 
 794      20696E74 
 794      00
 795              	.LASF7:
 796 01b3 6C6F6E67 		.ascii	"long long unsigned int\000"
 796      206C6F6E 
 796      6720756E 
 796      7369676E 
 796      65642069 
 797              	.LASF24:
 798 01ca 726F7749 		.ascii	"rowId\000"
 798      6400
 799              	.LASF16:
 800 01d0 73697A65 		.ascii	"sizetype\000"
 800      74797065 
 800      00
 801              	.LASF6:
 802 01d9 6C6F6E67 		.ascii	"long long int\000"
 802      206C6F6E 
 802      6720696E 
 802      7400
 803              	.LASF30:
 804 01e7 2E5C4765 		.ascii	".\\Generated_Source\\PSoC4\\EmEEPROM.c\000"
 804      6E657261 
 804      7465645F 
 804      536F7572 
 804      63655C50 
 805              	.LASF20:
 806 020b 65657072 		.ascii	"eepromPtr\000"
 806      6F6D5074 
 806      7200
 807              	.LASF2:
 808 0215 73686F72 		.ascii	"short int\000"
 808      7420696E 
 808      7400
 809              	.LASF4:
 810 021f 6C6F6E67 		.ascii	"long int\000"
 810      20696E74 
 810      00
 811              	.LASF13:
 812 0228 63686172 		.ascii	"char\000"
ARM GAS  C:\Users\kylep\AppData\Local\Temp\ccvyU9ue.s 			page 20


 812      00
 813              	.LASF27:
 814 022d 65654F66 		.ascii	"eeOffset\000"
 814      66736574 
 814      00
 815              	.LASF0:
 816 0236 7369676E 		.ascii	"signed char\000"
 816      65642063 
 816      68617200 
 817              	.LASF18:
 818 0242 456D4545 		.ascii	"EmEEPROM_Stop\000"
 818      50524F4D 
 818      5F53746F 
 818      7000
 819              		.ident	"GCC: (GNU Tools for ARM Embedded Processors) 4.9.3 20150303 (release) [ARM/embedded-4_9-br
