ARM GAS  C:\Users\kylep\AppData\Local\Temp\ccG5rZRf.s 			page 1


   1              		.cpu cortex-m0
   2              		.fpu softvfp
   3              		.eabi_attribute 20, 1
   4              		.eabi_attribute 21, 1
   5              		.eabi_attribute 23, 3
   6              		.eabi_attribute 24, 1
   7              		.eabi_attribute 25, 1
   8              		.eabi_attribute 26, 1
   9              		.eabi_attribute 30, 6
  10              		.eabi_attribute 34, 0
  11              		.eabi_attribute 18, 4
  12              		.code	16
  13              		.file	"PWM_Enable.c"
  14              		.text
  15              	.Ltext0:
  16              		.cfi_sections	.debug_frame
  17              		.section	.text.PWM_Enable_Write,"ax",%progbits
  18              		.align	2
  19              		.global	PWM_Enable_Write
  20              		.code	16
  21              		.thumb_func
  22              		.type	PWM_Enable_Write, %function
  23              	PWM_Enable_Write:
  24              	.LFB0:
  25              		.file 1 ".\\Generated_Source\\PSoC4\\PWM_Enable.c"
   1:.\Generated_Source\PSoC4/PWM_Enable.c **** /*******************************************************************************
   2:.\Generated_Source\PSoC4/PWM_Enable.c **** * File Name: PWM_Enable.c  
   3:.\Generated_Source\PSoC4/PWM_Enable.c **** * Version 1.80
   4:.\Generated_Source\PSoC4/PWM_Enable.c **** *
   5:.\Generated_Source\PSoC4/PWM_Enable.c **** * Description:
   6:.\Generated_Source\PSoC4/PWM_Enable.c **** *  This file contains API to enable firmware control of a Control Register.
   7:.\Generated_Source\PSoC4/PWM_Enable.c **** *
   8:.\Generated_Source\PSoC4/PWM_Enable.c **** * Note:
   9:.\Generated_Source\PSoC4/PWM_Enable.c **** *
  10:.\Generated_Source\PSoC4/PWM_Enable.c **** ********************************************************************************
  11:.\Generated_Source\PSoC4/PWM_Enable.c **** * Copyright 2008-2015, Cypress Semiconductor Corporation.  All rights reserved.
  12:.\Generated_Source\PSoC4/PWM_Enable.c **** * You may use this file only in accordance with the license, terms, conditions, 
  13:.\Generated_Source\PSoC4/PWM_Enable.c **** * disclaimers, and limitations in the end user license agreement accompanying 
  14:.\Generated_Source\PSoC4/PWM_Enable.c **** * the software package with which this file was provided.
  15:.\Generated_Source\PSoC4/PWM_Enable.c **** *******************************************************************************/
  16:.\Generated_Source\PSoC4/PWM_Enable.c **** 
  17:.\Generated_Source\PSoC4/PWM_Enable.c **** #include "PWM_Enable.h"
  18:.\Generated_Source\PSoC4/PWM_Enable.c **** 
  19:.\Generated_Source\PSoC4/PWM_Enable.c **** /* Check for removal by optimization */
  20:.\Generated_Source\PSoC4/PWM_Enable.c **** #if !defined(PWM_Enable_Sync_ctrl_reg__REMOVED)
  21:.\Generated_Source\PSoC4/PWM_Enable.c **** 
  22:.\Generated_Source\PSoC4/PWM_Enable.c ****     
  23:.\Generated_Source\PSoC4/PWM_Enable.c **** /*******************************************************************************
  24:.\Generated_Source\PSoC4/PWM_Enable.c **** * Function Name: PWM_Enable_Write
  25:.\Generated_Source\PSoC4/PWM_Enable.c **** ********************************************************************************
  26:.\Generated_Source\PSoC4/PWM_Enable.c **** *
  27:.\Generated_Source\PSoC4/PWM_Enable.c **** * Summary:
  28:.\Generated_Source\PSoC4/PWM_Enable.c **** *  Write a byte to the Control Register.
  29:.\Generated_Source\PSoC4/PWM_Enable.c **** *
  30:.\Generated_Source\PSoC4/PWM_Enable.c **** * Parameters:
  31:.\Generated_Source\PSoC4/PWM_Enable.c **** *  control:  The value to be assigned to the Control Register.
  32:.\Generated_Source\PSoC4/PWM_Enable.c **** *
ARM GAS  C:\Users\kylep\AppData\Local\Temp\ccG5rZRf.s 			page 2


  33:.\Generated_Source\PSoC4/PWM_Enable.c **** * Return:
  34:.\Generated_Source\PSoC4/PWM_Enable.c **** *  None.
  35:.\Generated_Source\PSoC4/PWM_Enable.c **** *
  36:.\Generated_Source\PSoC4/PWM_Enable.c **** *******************************************************************************/
  37:.\Generated_Source\PSoC4/PWM_Enable.c **** void PWM_Enable_Write(uint8 control) 
  38:.\Generated_Source\PSoC4/PWM_Enable.c **** {
  26              		.loc 1 38 0
  27              		.cfi_startproc
  28 0000 80B5     		push	{r7, lr}
  29              		.cfi_def_cfa_offset 8
  30              		.cfi_offset 7, -8
  31              		.cfi_offset 14, -4
  32 0002 82B0     		sub	sp, sp, #8
  33              		.cfi_def_cfa_offset 16
  34 0004 00AF     		add	r7, sp, #0
  35              		.cfi_def_cfa_register 7
  36 0006 021C     		mov	r2, r0
  37 0008 FB1D     		add	r3, r7, #7
  38 000a 1A70     		strb	r2, [r3]
  39:.\Generated_Source\PSoC4/PWM_Enable.c ****     PWM_Enable_Control = control;
  39              		.loc 1 39 0
  40 000c 034A     		ldr	r2, .L2
  41 000e FB1D     		add	r3, r7, #7
  42 0010 1B78     		ldrb	r3, [r3]
  43 0012 1370     		strb	r3, [r2]
  40:.\Generated_Source\PSoC4/PWM_Enable.c **** }
  44              		.loc 1 40 0
  45 0014 BD46     		mov	sp, r7
  46 0016 02B0     		add	sp, sp, #8
  47              		@ sp needed
  48 0018 80BD     		pop	{r7, pc}
  49              	.L3:
  50 001a C046     		.align	2
  51              	.L2:
  52 001c 70000F40 		.word	1074724976
  53              		.cfi_endproc
  54              	.LFE0:
  55              		.size	PWM_Enable_Write, .-PWM_Enable_Write
  56              		.section	.text.PWM_Enable_Read,"ax",%progbits
  57              		.align	2
  58              		.global	PWM_Enable_Read
  59              		.code	16
  60              		.thumb_func
  61              		.type	PWM_Enable_Read, %function
  62              	PWM_Enable_Read:
  63              	.LFB1:
  41:.\Generated_Source\PSoC4/PWM_Enable.c **** 
  42:.\Generated_Source\PSoC4/PWM_Enable.c **** 
  43:.\Generated_Source\PSoC4/PWM_Enable.c **** /*******************************************************************************
  44:.\Generated_Source\PSoC4/PWM_Enable.c **** * Function Name: PWM_Enable_Read
  45:.\Generated_Source\PSoC4/PWM_Enable.c **** ********************************************************************************
  46:.\Generated_Source\PSoC4/PWM_Enable.c **** *
  47:.\Generated_Source\PSoC4/PWM_Enable.c **** * Summary:
  48:.\Generated_Source\PSoC4/PWM_Enable.c **** *  Reads the current value assigned to the Control Register.
  49:.\Generated_Source\PSoC4/PWM_Enable.c **** *
  50:.\Generated_Source\PSoC4/PWM_Enable.c **** * Parameters:
  51:.\Generated_Source\PSoC4/PWM_Enable.c **** *  None.
ARM GAS  C:\Users\kylep\AppData\Local\Temp\ccG5rZRf.s 			page 3


  52:.\Generated_Source\PSoC4/PWM_Enable.c **** *
  53:.\Generated_Source\PSoC4/PWM_Enable.c **** * Return:
  54:.\Generated_Source\PSoC4/PWM_Enable.c **** *  Returns the current value in the Control Register.
  55:.\Generated_Source\PSoC4/PWM_Enable.c **** *
  56:.\Generated_Source\PSoC4/PWM_Enable.c **** *******************************************************************************/
  57:.\Generated_Source\PSoC4/PWM_Enable.c **** uint8 PWM_Enable_Read(void) 
  58:.\Generated_Source\PSoC4/PWM_Enable.c **** {
  64              		.loc 1 58 0
  65              		.cfi_startproc
  66 0000 80B5     		push	{r7, lr}
  67              		.cfi_def_cfa_offset 8
  68              		.cfi_offset 7, -8
  69              		.cfi_offset 14, -4
  70 0002 00AF     		add	r7, sp, #0
  71              		.cfi_def_cfa_register 7
  59:.\Generated_Source\PSoC4/PWM_Enable.c ****     return PWM_Enable_Control;
  72              		.loc 1 59 0
  73 0004 024B     		ldr	r3, .L6
  74 0006 1B78     		ldrb	r3, [r3]
  75 0008 DBB2     		uxtb	r3, r3
  60:.\Generated_Source\PSoC4/PWM_Enable.c **** }
  76              		.loc 1 60 0
  77 000a 181C     		mov	r0, r3
  78 000c BD46     		mov	sp, r7
  79              		@ sp needed
  80 000e 80BD     		pop	{r7, pc}
  81              	.L7:
  82              		.align	2
  83              	.L6:
  84 0010 70000F40 		.word	1074724976
  85              		.cfi_endproc
  86              	.LFE1:
  87              		.size	PWM_Enable_Read, .-PWM_Enable_Read
  88              		.text
  89              	.Letext0:
  90              		.file 2 ".\\Generated_Source\\PSoC4\\cytypes.h"
  91              		.section	.debug_info,"",%progbits
  92              	.Ldebug_info0:
  93 0000 D3000000 		.4byte	0xd3
  94 0004 0400     		.2byte	0x4
  95 0006 00000000 		.4byte	.Ldebug_abbrev0
  96 000a 04       		.byte	0x4
  97 000b 01       		.uleb128 0x1
  98 000c 5D000000 		.4byte	.LASF14
  99 0010 01       		.byte	0x1
 100 0011 20010000 		.4byte	.LASF15
 101 0015 46010000 		.4byte	.LASF16
 102 0019 00000000 		.4byte	.Ldebug_ranges0+0
 103 001d 00000000 		.4byte	0
 104 0021 00000000 		.4byte	.Ldebug_line0
 105 0025 02       		.uleb128 0x2
 106 0026 01       		.byte	0x1
 107 0027 06       		.byte	0x6
 108 0028 CF010000 		.4byte	.LASF0
 109 002c 02       		.uleb128 0x2
 110 002d 01       		.byte	0x1
 111 002e 08       		.byte	0x8
ARM GAS  C:\Users\kylep\AppData\Local\Temp\ccG5rZRf.s 			page 4


 112 002f 16000000 		.4byte	.LASF1
 113 0033 02       		.uleb128 0x2
 114 0034 02       		.byte	0x2
 115 0035 05       		.byte	0x5
 116 0036 B6010000 		.4byte	.LASF2
 117 003a 02       		.uleb128 0x2
 118 003b 02       		.byte	0x2
 119 003c 07       		.byte	0x7
 120 003d 3B000000 		.4byte	.LASF3
 121 0041 02       		.uleb128 0x2
 122 0042 04       		.byte	0x4
 123 0043 05       		.byte	0x5
 124 0044 C6010000 		.4byte	.LASF4
 125 0048 02       		.uleb128 0x2
 126 0049 04       		.byte	0x4
 127 004a 07       		.byte	0x7
 128 004b 29000000 		.4byte	.LASF5
 129 004f 02       		.uleb128 0x2
 130 0050 08       		.byte	0x8
 131 0051 05       		.byte	0x5
 132 0052 A3010000 		.4byte	.LASF6
 133 0056 02       		.uleb128 0x2
 134 0057 08       		.byte	0x8
 135 0058 07       		.byte	0x7
 136 0059 F8000000 		.4byte	.LASF7
 137 005d 03       		.uleb128 0x3
 138 005e 04       		.byte	0x4
 139 005f 05       		.byte	0x5
 140 0060 696E7400 		.ascii	"int\000"
 141 0064 02       		.uleb128 0x2
 142 0065 04       		.byte	0x4
 143 0066 07       		.byte	0x7
 144 0067 EB000000 		.4byte	.LASF8
 145 006b 04       		.uleb128 0x4
 146 006c C0010000 		.4byte	.LASF12
 147 0070 02       		.byte	0x2
 148 0071 3801     		.2byte	0x138
 149 0073 2C000000 		.4byte	0x2c
 150 0077 02       		.uleb128 0x2
 151 0078 04       		.byte	0x4
 152 0079 04       		.byte	0x4
 153 007a 10000000 		.4byte	.LASF9
 154 007e 02       		.uleb128 0x2
 155 007f 08       		.byte	0x8
 156 0080 04       		.byte	0x4
 157 0081 56000000 		.4byte	.LASF10
 158 0085 02       		.uleb128 0x2
 159 0086 01       		.byte	0x1
 160 0087 08       		.byte	0x8
 161 0088 B1010000 		.4byte	.LASF11
 162 008c 04       		.uleb128 0x4
 163 008d 24000000 		.4byte	.LASF13
 164 0091 02       		.byte	0x2
 165 0092 E201     		.2byte	0x1e2
 166 0094 98000000 		.4byte	0x98
 167 0098 05       		.uleb128 0x5
 168 0099 6B000000 		.4byte	0x6b
ARM GAS  C:\Users\kylep\AppData\Local\Temp\ccG5rZRf.s 			page 5


 169 009d 06       		.uleb128 0x6
 170 009e 0F010000 		.4byte	.LASF17
 171 00a2 01       		.byte	0x1
 172 00a3 25       		.byte	0x25
 173 00a4 00000000 		.4byte	.LFB0
 174 00a8 20000000 		.4byte	.LFE0-.LFB0
 175 00ac 01       		.uleb128 0x1
 176 00ad 9C       		.byte	0x9c
 177 00ae C1000000 		.4byte	0xc1
 178 00b2 07       		.uleb128 0x7
 179 00b3 4E000000 		.4byte	.LASF18
 180 00b7 01       		.byte	0x1
 181 00b8 25       		.byte	0x25
 182 00b9 6B000000 		.4byte	0x6b
 183 00bd 02       		.uleb128 0x2
 184 00be 91       		.byte	0x91
 185 00bf 77       		.sleb128 -9
 186 00c0 00       		.byte	0
 187 00c1 08       		.uleb128 0x8
 188 00c2 00000000 		.4byte	.LASF19
 189 00c6 01       		.byte	0x1
 190 00c7 39       		.byte	0x39
 191 00c8 6B000000 		.4byte	0x6b
 192 00cc 00000000 		.4byte	.LFB1
 193 00d0 14000000 		.4byte	.LFE1-.LFB1
 194 00d4 01       		.uleb128 0x1
 195 00d5 9C       		.byte	0x9c
 196 00d6 00       		.byte	0
 197              		.section	.debug_abbrev,"",%progbits
 198              	.Ldebug_abbrev0:
 199 0000 01       		.uleb128 0x1
 200 0001 11       		.uleb128 0x11
 201 0002 01       		.byte	0x1
 202 0003 25       		.uleb128 0x25
 203 0004 0E       		.uleb128 0xe
 204 0005 13       		.uleb128 0x13
 205 0006 0B       		.uleb128 0xb
 206 0007 03       		.uleb128 0x3
 207 0008 0E       		.uleb128 0xe
 208 0009 1B       		.uleb128 0x1b
 209 000a 0E       		.uleb128 0xe
 210 000b 55       		.uleb128 0x55
 211 000c 17       		.uleb128 0x17
 212 000d 11       		.uleb128 0x11
 213 000e 01       		.uleb128 0x1
 214 000f 10       		.uleb128 0x10
 215 0010 17       		.uleb128 0x17
 216 0011 00       		.byte	0
 217 0012 00       		.byte	0
 218 0013 02       		.uleb128 0x2
 219 0014 24       		.uleb128 0x24
 220 0015 00       		.byte	0
 221 0016 0B       		.uleb128 0xb
 222 0017 0B       		.uleb128 0xb
 223 0018 3E       		.uleb128 0x3e
 224 0019 0B       		.uleb128 0xb
 225 001a 03       		.uleb128 0x3
ARM GAS  C:\Users\kylep\AppData\Local\Temp\ccG5rZRf.s 			page 6


 226 001b 0E       		.uleb128 0xe
 227 001c 00       		.byte	0
 228 001d 00       		.byte	0
 229 001e 03       		.uleb128 0x3
 230 001f 24       		.uleb128 0x24
 231 0020 00       		.byte	0
 232 0021 0B       		.uleb128 0xb
 233 0022 0B       		.uleb128 0xb
 234 0023 3E       		.uleb128 0x3e
 235 0024 0B       		.uleb128 0xb
 236 0025 03       		.uleb128 0x3
 237 0026 08       		.uleb128 0x8
 238 0027 00       		.byte	0
 239 0028 00       		.byte	0
 240 0029 04       		.uleb128 0x4
 241 002a 16       		.uleb128 0x16
 242 002b 00       		.byte	0
 243 002c 03       		.uleb128 0x3
 244 002d 0E       		.uleb128 0xe
 245 002e 3A       		.uleb128 0x3a
 246 002f 0B       		.uleb128 0xb
 247 0030 3B       		.uleb128 0x3b
 248 0031 05       		.uleb128 0x5
 249 0032 49       		.uleb128 0x49
 250 0033 13       		.uleb128 0x13
 251 0034 00       		.byte	0
 252 0035 00       		.byte	0
 253 0036 05       		.uleb128 0x5
 254 0037 35       		.uleb128 0x35
 255 0038 00       		.byte	0
 256 0039 49       		.uleb128 0x49
 257 003a 13       		.uleb128 0x13
 258 003b 00       		.byte	0
 259 003c 00       		.byte	0
 260 003d 06       		.uleb128 0x6
 261 003e 2E       		.uleb128 0x2e
 262 003f 01       		.byte	0x1
 263 0040 3F       		.uleb128 0x3f
 264 0041 19       		.uleb128 0x19
 265 0042 03       		.uleb128 0x3
 266 0043 0E       		.uleb128 0xe
 267 0044 3A       		.uleb128 0x3a
 268 0045 0B       		.uleb128 0xb
 269 0046 3B       		.uleb128 0x3b
 270 0047 0B       		.uleb128 0xb
 271 0048 27       		.uleb128 0x27
 272 0049 19       		.uleb128 0x19
 273 004a 11       		.uleb128 0x11
 274 004b 01       		.uleb128 0x1
 275 004c 12       		.uleb128 0x12
 276 004d 06       		.uleb128 0x6
 277 004e 40       		.uleb128 0x40
 278 004f 18       		.uleb128 0x18
 279 0050 9742     		.uleb128 0x2117
 280 0052 19       		.uleb128 0x19
 281 0053 01       		.uleb128 0x1
 282 0054 13       		.uleb128 0x13
ARM GAS  C:\Users\kylep\AppData\Local\Temp\ccG5rZRf.s 			page 7


 283 0055 00       		.byte	0
 284 0056 00       		.byte	0
 285 0057 07       		.uleb128 0x7
 286 0058 05       		.uleb128 0x5
 287 0059 00       		.byte	0
 288 005a 03       		.uleb128 0x3
 289 005b 0E       		.uleb128 0xe
 290 005c 3A       		.uleb128 0x3a
 291 005d 0B       		.uleb128 0xb
 292 005e 3B       		.uleb128 0x3b
 293 005f 0B       		.uleb128 0xb
 294 0060 49       		.uleb128 0x49
 295 0061 13       		.uleb128 0x13
 296 0062 02       		.uleb128 0x2
 297 0063 18       		.uleb128 0x18
 298 0064 00       		.byte	0
 299 0065 00       		.byte	0
 300 0066 08       		.uleb128 0x8
 301 0067 2E       		.uleb128 0x2e
 302 0068 00       		.byte	0
 303 0069 3F       		.uleb128 0x3f
 304 006a 19       		.uleb128 0x19
 305 006b 03       		.uleb128 0x3
 306 006c 0E       		.uleb128 0xe
 307 006d 3A       		.uleb128 0x3a
 308 006e 0B       		.uleb128 0xb
 309 006f 3B       		.uleb128 0x3b
 310 0070 0B       		.uleb128 0xb
 311 0071 27       		.uleb128 0x27
 312 0072 19       		.uleb128 0x19
 313 0073 49       		.uleb128 0x49
 314 0074 13       		.uleb128 0x13
 315 0075 11       		.uleb128 0x11
 316 0076 01       		.uleb128 0x1
 317 0077 12       		.uleb128 0x12
 318 0078 06       		.uleb128 0x6
 319 0079 40       		.uleb128 0x40
 320 007a 18       		.uleb128 0x18
 321 007b 9742     		.uleb128 0x2117
 322 007d 19       		.uleb128 0x19
 323 007e 00       		.byte	0
 324 007f 00       		.byte	0
 325 0080 00       		.byte	0
 326              		.section	.debug_aranges,"",%progbits
 327 0000 24000000 		.4byte	0x24
 328 0004 0200     		.2byte	0x2
 329 0006 00000000 		.4byte	.Ldebug_info0
 330 000a 04       		.byte	0x4
 331 000b 00       		.byte	0
 332 000c 0000     		.2byte	0
 333 000e 0000     		.2byte	0
 334 0010 00000000 		.4byte	.LFB0
 335 0014 20000000 		.4byte	.LFE0-.LFB0
 336 0018 00000000 		.4byte	.LFB1
 337 001c 14000000 		.4byte	.LFE1-.LFB1
 338 0020 00000000 		.4byte	0
 339 0024 00000000 		.4byte	0
ARM GAS  C:\Users\kylep\AppData\Local\Temp\ccG5rZRf.s 			page 8


 340              		.section	.debug_ranges,"",%progbits
 341              	.Ldebug_ranges0:
 342 0000 00000000 		.4byte	.LFB0
 343 0004 20000000 		.4byte	.LFE0
 344 0008 00000000 		.4byte	.LFB1
 345 000c 14000000 		.4byte	.LFE1
 346 0010 00000000 		.4byte	0
 347 0014 00000000 		.4byte	0
 348              		.section	.debug_line,"",%progbits
 349              	.Ldebug_line0:
 350 0000 71000000 		.section	.debug_str,"MS",%progbits,1
 350      02004900 
 350      00000201 
 350      FB0E0D00 
 350      01010101 
 351              	.LASF19:
 352 0000 50574D5F 		.ascii	"PWM_Enable_Read\000"
 352      456E6162 
 352      6C655F52 
 352      65616400 
 353              	.LASF9:
 354 0010 666C6F61 		.ascii	"float\000"
 354      7400
 355              	.LASF1:
 356 0016 756E7369 		.ascii	"unsigned char\000"
 356      676E6564 
 356      20636861 
 356      7200
 357              	.LASF13:
 358 0024 72656738 		.ascii	"reg8\000"
 358      00
 359              	.LASF5:
 360 0029 6C6F6E67 		.ascii	"long unsigned int\000"
 360      20756E73 
 360      69676E65 
 360      6420696E 
 360      7400
 361              	.LASF3:
 362 003b 73686F72 		.ascii	"short unsigned int\000"
 362      7420756E 
 362      7369676E 
 362      65642069 
 362      6E7400
 363              	.LASF18:
 364 004e 636F6E74 		.ascii	"control\000"
 364      726F6C00 
 365              	.LASF10:
 366 0056 646F7562 		.ascii	"double\000"
 366      6C6500
 367              	.LASF14:
 368 005d 474E5520 		.ascii	"GNU C 4.9.3 20150303 (release) [ARM/embedded-4_9-br"
 368      4320342E 
 368      392E3320 
 368      32303135 
 368      30333033 
 369 0090 616E6368 		.ascii	"anch revision 221220] -mcpu=cortex-m0 -mthumb -g -O"
 369      20726576 
ARM GAS  C:\Users\kylep\AppData\Local\Temp\ccG5rZRf.s 			page 9


 369      6973696F 
 369      6E203232 
 369      31323230 
 370 00c3 30202D66 		.ascii	"0 -ffunction-sections -ffat-lto-objects\000"
 370      66756E63 
 370      74696F6E 
 370      2D736563 
 370      74696F6E 
 371              	.LASF8:
 372 00eb 756E7369 		.ascii	"unsigned int\000"
 372      676E6564 
 372      20696E74 
 372      00
 373              	.LASF7:
 374 00f8 6C6F6E67 		.ascii	"long long unsigned int\000"
 374      206C6F6E 
 374      6720756E 
 374      7369676E 
 374      65642069 
 375              	.LASF17:
 376 010f 50574D5F 		.ascii	"PWM_Enable_Write\000"
 376      456E6162 
 376      6C655F57 
 376      72697465 
 376      00
 377              	.LASF15:
 378 0120 2E5C4765 		.ascii	".\\Generated_Source\\PSoC4\\PWM_Enable.c\000"
 378      6E657261 
 378      7465645F 
 378      536F7572 
 378      63655C50 
 379              	.LASF16:
 380 0146 433A5C55 		.ascii	"C:\\Users\\kylep\\Box Sync\\Feniex Firmware Files\\"
 380      73657273 
 380      5C6B796C 
 380      65705C42 
 380      6F782053 
 381 0174 414C4220 		.ascii	"ALB Cube\\81-00024-01 AI Cube\\81-00024-01.cydsn\000"
 381      43756265 
 381      5C38312D 
 381      30303032 
 381      342D3031 
 382              	.LASF6:
 383 01a3 6C6F6E67 		.ascii	"long long int\000"
 383      206C6F6E 
 383      6720696E 
 383      7400
 384              	.LASF11:
 385 01b1 63686172 		.ascii	"char\000"
 385      00
 386              	.LASF2:
 387 01b6 73686F72 		.ascii	"short int\000"
 387      7420696E 
 387      7400
 388              	.LASF12:
 389 01c0 75696E74 		.ascii	"uint8\000"
 389      3800
ARM GAS  C:\Users\kylep\AppData\Local\Temp\ccG5rZRf.s 			page 10


 390              	.LASF4:
 391 01c6 6C6F6E67 		.ascii	"long int\000"
 391      20696E74 
 391      00
 392              	.LASF0:
 393 01cf 7369676E 		.ascii	"signed char\000"
 393      65642063 
 393      68617200 
 394              		.ident	"GCC: (GNU Tools for ARM Embedded Processors) 4.9.3 20150303 (release) [ARM/embedded-4_9-br
