--------------- Rebuild Started: 04/06/2017 10:40:01 Project: 81-00022-01, Configuration: ARM GCC 4.9-2015-q1-update Release ---------------
Deleting file ".\CortexM0\ARM_GCC_493\Release\main.o"
Deleting file ".\CortexM0\ARM_GCC_493\Release\TemperatureCommManager.o"
Deleting file ".\CortexM0\ARM_GCC_493\Release\BrightnessCommManager.o"
Deleting file ".\CortexM0\ARM_GCC_493\Release\DriverControl.o"
Deleting file ".\CortexM0\ARM_GCC_493\Release\cyfitter_cfg.o"
Deleting file ".\CortexM0\ARM_GCC_493\Release\cymetadata.o"
Deleting file ".\CortexM0\ARM_GCC_493\Release\ADC_SAR_Seq.o"
Deleting file ".\CortexM0\ARM_GCC_493\Release\ADC_SAR_Seq_PM.o"
Deleting file ".\CortexM0\ARM_GCC_493\Release\ADC_SAR_Seq_INT.o"
Deleting file ".\CortexM0\ARM_GCC_493\Release\LED_Output.o"
Deleting file ".\CortexM0\ARM_GCC_493\Release\LED_Output_PM.o"
Deleting file ".\CortexM0\ARM_GCC_493\Release\ADC_SAR_Seq_IRQ.o"
Deleting file ".\CortexM0\ARM_GCC_493\Release\ADC_SAR_Seq_intClock.o"
Deleting file ".\CortexM0\ARM_GCC_493\Release\UART_Tx.o"
Deleting file ".\CortexM0\ARM_GCC_493\Release\UART_Tx_PM.o"
Deleting file ".\CortexM0\ARM_GCC_493\Release\UART_Rx.o"
Deleting file ".\CortexM0\ARM_GCC_493\Release\UART_Rx_PM.o"
Deleting file ".\CortexM0\ARM_GCC_493\Release\Cm0Start.o"
Deleting file ".\CortexM0\ARM_GCC_493\Release\CyBootAsmGnu.o"
Deleting file ".\CortexM0\ARM_GCC_493\Release\CyFlash.o"
Deleting file ".\CortexM0\ARM_GCC_493\Release\CyLib.o"
Deleting file ".\CortexM0\ARM_GCC_493\Release\cyPm.o"
Deleting file ".\CortexM0\ARM_GCC_493\Release\cyutils.o"
Deleting file ".\CortexM0\ARM_GCC_493\Release\CyLFClk.o"
Deleting file ".\CortexM0\ARM_GCC_493\Release\Clock_1.o"
Deleting file ".\CortexM0\ARM_GCC_493\Release\Clock_2.o"
Deleting file ".\CortexM0\ARM_GCC_493\Release\TimeoutTimer.o"
Deleting file ".\CortexM0\ARM_GCC_493\Release\TimeoutTimer_PM.o"
Deleting file ".\CortexM0\ARM_GCC_493\Release\CommTimeoutISR.o"
Deleting file ".\CortexM0\ARM_GCC_493\Release\timer_clock.o"
Deleting file ".\CortexM0\ARM_GCC_493\Release\SamplingTimerISR.o"
Deleting file ".\CortexM0\ARM_GCC_493\Release\SamplingTimer.o"
Deleting file ".\CortexM0\ARM_GCC_493\Release\SamplingTimer_PM.o"
Deleting file ".\CortexM0\ARM_GCC_493\Release\UART_LED_ISR.o"
Deleting file ".\CortexM0\ARM_GCC_493\Release\UART_Temp_ISR.o"
Deleting file ".\CortexM0\ARM_GCC_493\Release\UART_LED.o"
Deleting file ".\CortexM0\ARM_GCC_493\Release\UART_LED_PM.o"
Deleting file ".\CortexM0\ARM_GCC_493\Release\UART_LED_INT.o"
Deleting file ".\CortexM0\ARM_GCC_493\Release\UART_LED_BOOT.o"
Deleting file ".\CortexM0\ARM_GCC_493\Release\UART_Temperature.o"
Deleting file ".\CortexM0\ARM_GCC_493\Release\UART_Temperature_SPI_UART.o"
Deleting file ".\CortexM0\ARM_GCC_493\Release\UART_Temperature_SPI_UART_INT.o"
Deleting file ".\CortexM0\ARM_GCC_493\Release\UART_Temperature_PM.o"
Deleting file ".\CortexM0\ARM_GCC_493\Release\UART_Temperature_UART.o"
Deleting file ".\CortexM0\ARM_GCC_493\Release\UART_Temperature_BOOT.o"
Deleting file ".\CortexM0\ARM_GCC_493\Release\UART_Temperature_UART_BOOT.o"
Deleting file ".\CortexM0\ARM_GCC_493\Release\UART_LED_Control.o"
Deleting file ".\CortexM0\ARM_GCC_493\Release\UART_LED_Control_PM.o"
Deleting file ".\CortexM0\ARM_GCC_493\Release\UART_LED_IntClock.o"
Deleting file ".\CortexM0\ARM_GCC_493\Release\UART_Temperature_SCBCLK.o"
Deleting file ".\CortexM0\ARM_GCC_493\Release\UART_Temperature_tx.o"
Deleting file ".\CortexM0\ARM_GCC_493\Release\UART_Temperature_tx_PM.o"
Deleting file ".\CortexM0\ARM_GCC_493\Release\UART_Temperature_rx.o"
Deleting file ".\CortexM0\ARM_GCC_493\Release\UART_Temperature_rx_PM.o"
Deleting file ".\CortexM0\ARM_GCC_493\Release\TestPin.o"
Deleting file ".\CortexM0\ARM_GCC_493\Release\TestPin_PM.o"
Deleting file ".\CortexM0\ARM_GCC_493\Release\PWM.o"
Deleting file ".\CortexM0\ARM_GCC_493\Release\PWM_PM.o"
Deleting file ".\CortexM0\ARM_GCC_493\Release\PWM_Enable.o"
Deleting file ".\CortexM0\ARM_GCC_493\Release\PWM_Enable_PM.o"
Deleting file ".\CortexM0\ARM_GCC_493\Release\PWM_Output.o"
Deleting file ".\CortexM0\ARM_GCC_493\Release\PWM_Output_PM.o"
Deleting file ".\CortexM0\ARM_GCC_493\Release\Clock_3.o"
Deleting file ".\CortexM0\ARM_GCC_493\Release\CyDividerClock.o"
Deleting file ".\CortexM0\ARM_GCC_493\Release\DieTemp.o"
Deleting file ".\CortexM0\ARM_GCC_493\Release\LED_TempInput.o"
Deleting file ".\CortexM0\ARM_GCC_493\Release\LED_TempInput_PM.o"
Deleting file ".\CortexM0\ARM_GCC_493\Release\SwitchNodeTempInput.o"
Deleting file ".\CortexM0\ARM_GCC_493\Release\SwitchNodeTempInput_PM.o"
Deleting file ".\CortexM0\ARM_GCC_493\Release\LED_ISR.o"
Deleting file ".\CortexM0\ARM_GCC_493\Release\AckTimeoutISR.o"
Deleting file ".\CortexM0\ARM_GCC_493\Release\ack_clock.o"
Deleting file ".\CortexM0\ARM_GCC_493\Release\AckTimer.o"
Deleting file ".\CortexM0\ARM_GCC_493\Release\AckTimer_PM.o"
Deleting file ".\CortexM0\ARM_GCC_493\Release\WakeupISR.o"
Deleting file ".\CortexM0\ARM_GCC_493\Release\LED_Timer.o"
Deleting file ".\CortexM0\ARM_GCC_493\Release\LED_Timer_PM.o"
Deleting file ".\CortexM0\ARM_GCC_493\Release\VoltageSense.o"
Deleting file ".\CortexM0\ARM_GCC_493\Release\VoltageSense_PM.o"
Deleting file ".\CortexM0\ARM_GCC_493\Release\EmEEPROM.o"
Deleting file ".\CortexM0\ARM_GCC_493\Release\81-00022-01.hex"
Deleting file ".\CortexM0\ARM_GCC_493\Release\81-00022-01.elf"
Deleting file ".\CortexM0\ARM_GCC_493\Release\81-00022-01.map"
Deleting file ".\81-00022-01.cycdx"
Deleting file ".\81-00022-01.rpt"
Deleting file ".\81-00022-01_timing.html"
Deleting file ".\CortexM0\ARM_GCC_493\Release\.deps\C_FILE.P"
Deleting file ".\CortexM0\ARM_GCC_493\Release\.deps\ARM_C_FILE.P"
Deleting file ".\CortexM0\ARM_GCC_493\Release\.deps\GNU_ARM_ASM_FILE.P"
cydsfit.exe -.appdatapath "C:\Users\kylep\AppData\Local\Cypress Semiconductor\PSoC Creator\3.3" -.fdsnotice -.fdswarpdepfile=warp_dependencies.txt -.fdselabdepfile=elab_dependencies.txt -.fdsbldfile=generated_files.txt -p "C:\Users\kylep\Box Sync\Feniex Firmware Files\ALB\81-00022-01 ALB LED Driver\81-00022-01.cydsn\81-00022-01.cyprj" -d CY8C4245PVS-482 -s "C:\Users\kylep\Box Sync\Feniex Firmware Files\ALB\81-00022-01 ALB LED Driver\81-00022-01.cydsn\Generated_Source\PSoC4" -- -yv2 -q10 -ygs -o2 -v3 -.fftcfgtype=LE
Elaborating Design...
HDL Generation ...
Synthesis ...
Place and Route ...
Tech mapping ...
Analog Placement ...
Analog Routing ...
Analog Code Generation ...
Digital Placement ...
Digital Routing ...
Bitstream Generation ...
Static timing analysis ...
API Generation ...
Dependency Generation ...
Clean Temporary Files ...
arm-none-eabi-gcc.exe -mcpu=cortex-m0 -mthumb -Wno-main -I. -IGenerated_Source\PSoC4 -Wa,-alh=.\CortexM0\ARM_GCC_493\Release/main.lst -g -D NDEBUG -Wall -ffunction-sections -O0 -ffat-lto-objects -c .\main.c -o .\CortexM0\ARM_GCC_493\Release\main.o
arm-none-eabi-gcc.exe -mcpu=cortex-m0 -mthumb -Wno-main -I. -IGenerated_Source\PSoC4 -Wa,-alh=.\CortexM0\ARM_GCC_493\Release/TemperatureCommManager.lst -g -D NDEBUG -Wall -ffunction-sections -O0 -ffat-lto-objects -c .\TemperatureCommManager.c -o .\CortexM0\ARM_GCC_493\Release\TemperatureCommManager.o
arm-none-eabi-gcc.exe -mcpu=cortex-m0 -mthumb -Wno-main -I. -IGenerated_Source\PSoC4 -Wa,-alh=.\CortexM0\ARM_GCC_493\Release/BrightnessCommManager.lst -g -D NDEBUG -Wall -ffunction-sections -O0 -ffat-lto-objects -c .\BrightnessCommManager.c -o .\CortexM0\ARM_GCC_493\Release\BrightnessCommManager.o
.\BrightnessCommManager.c: In function 'timeoutDefaultBrightness':
.\BrightnessCommManager.c:253:19: warning: unused variable 'loopIterator' [-Wunused-variable]
     static uint16 loopIterator = 0;
                   ^
.\BrightnessCommManager.c: At top level:
.\BrightnessCommManager.c:691:13: warning: 'returnFromSleep' defined but not used [-Wunused-function]
 static void returnFromSleep(void)
             ^
.\BrightnessCommManager.c:79:15: warning: 'regulatedBrightness' defined but not used [-Wunused-variable]
 static uint16 regulatedBrightness = 0;
               ^
.\BrightnessCommManager.c:80:15: warning: 'rampDownIterator' defined but not used [-Wunused-variable]
 static uint16 rampDownIterator = 0;
               ^
arm-none-eabi-gcc.exe -mcpu=cortex-m0 -mthumb -Wno-main -I. -IGenerated_Source\PSoC4 -Wa,-alh=.\CortexM0\ARM_GCC_493\Release/DriverControl.lst -g -D NDEBUG -Wall -ffunction-sections -O0 -ffat-lto-objects -c .\DriverControl.c -o .\CortexM0\ARM_GCC_493\Release\DriverControl.o
arm-none-eabi-gcc.exe -mcpu=cortex-m0 -mthumb -Wno-main -I. -IGenerated_Source\PSoC4 -Wa,-alh=.\CortexM0\ARM_GCC_493\Release/cyfitter_cfg.lst -g -D NDEBUG -Wall -ffunction-sections -O0 -ffat-lto-objects -c .\Generated_Source\PSoC4\cyfitter_cfg.c -o .\CortexM0\ARM_GCC_493\Release\cyfitter_cfg.o
arm-none-eabi-gcc.exe -mcpu=cortex-m0 -mthumb -Wno-main -I. -IGenerated_Source\PSoC4 -Wa,-alh=.\CortexM0\ARM_GCC_493\Release/cymetadata.lst -g -D NDEBUG -Wall -ffunction-sections -O0 -ffat-lto-objects -c .\Generated_Source\PSoC4\cymetadata.c -o .\CortexM0\ARM_GCC_493\Release\cymetadata.o
arm-none-eabi-gcc.exe -mcpu=cortex-m0 -mthumb -Wno-main -I. -IGenerated_Source\PSoC4 -Wa,-alh=.\CortexM0\ARM_GCC_493\Release/ADC_SAR_Seq.lst -g -D NDEBUG -Wall -ffunction-sections -O0 -ffat-lto-objects -c .\Generated_Source\PSoC4\ADC_SAR_Seq.c -o .\CortexM0\ARM_GCC_493\Release\ADC_SAR_Seq.o
arm-none-eabi-gcc.exe -mcpu=cortex-m0 -mthumb -Wno-main -I. -IGenerated_Source\PSoC4 -Wa,-alh=.\CortexM0\ARM_GCC_493\Release/ADC_SAR_Seq_PM.lst -g -D NDEBUG -Wall -ffunction-sections -O0 -ffat-lto-objects -c .\Generated_Source\PSoC4\ADC_SAR_Seq_PM.c -o .\CortexM0\ARM_GCC_493\Release\ADC_SAR_Seq_PM.o
arm-none-eabi-gcc.exe -mcpu=cortex-m0 -mthumb -Wno-main -I. -IGenerated_Source\PSoC4 -Wa,-alh=.\CortexM0\ARM_GCC_493\Release/ADC_SAR_Seq_INT.lst -g -D NDEBUG -Wall -ffunction-sections -O0 -ffat-lto-objects -c .\Generated_Source\PSoC4\ADC_SAR_Seq_INT.c -o .\CortexM0\ARM_GCC_493\Release\ADC_SAR_Seq_INT.o
arm-none-eabi-gcc.exe -mcpu=cortex-m0 -mthumb -Wno-main -I. -IGenerated_Source\PSoC4 -Wa,-alh=.\CortexM0\ARM_GCC_493\Release/LED_Output.lst -g -D NDEBUG -Wall -ffunction-sections -O0 -ffat-lto-objects -c .\Generated_Source\PSoC4\LED_Output.c -o .\CortexM0\ARM_GCC_493\Release\LED_Output.o
arm-none-eabi-gcc.exe -mcpu=cortex-m0 -mthumb -Wno-main -I. -IGenerated_Source\PSoC4 -Wa,-alh=.\CortexM0\ARM_GCC_493\Release/LED_Output_PM.lst -g -D NDEBUG -Wall -ffunction-sections -O0 -ffat-lto-objects -c .\Generated_Source\PSoC4\LED_Output_PM.c -o .\CortexM0\ARM_GCC_493\Release\LED_Output_PM.o
arm-none-eabi-gcc.exe -mcpu=cortex-m0 -mthumb -Wno-main -I. -IGenerated_Source\PSoC4 -Wa,-alh=.\CortexM0\ARM_GCC_493\Release/ADC_SAR_Seq_IRQ.lst -g -D NDEBUG -Wall -ffunction-sections -O0 -ffat-lto-objects -c .\Generated_Source\PSoC4\ADC_SAR_Seq_IRQ.c -o .\CortexM0\ARM_GCC_493\Release\ADC_SAR_Seq_IRQ.o
arm-none-eabi-gcc.exe -mcpu=cortex-m0 -mthumb -Wno-main -I. -IGenerated_Source\PSoC4 -Wa,-alh=.\CortexM0\ARM_GCC_493\Release/ADC_SAR_Seq_intClock.lst -g -D NDEBUG -Wall -ffunction-sections -O0 -ffat-lto-objects -c .\Generated_Source\PSoC4\ADC_SAR_Seq_intClock.c -o .\CortexM0\ARM_GCC_493\Release\ADC_SAR_Seq_intClock.o
arm-none-eabi-gcc.exe -mcpu=cortex-m0 -mthumb -Wno-main -I. -IGenerated_Source\PSoC4 -Wa,-alh=.\CortexM0\ARM_GCC_493\Release/UART_Tx.lst -g -D NDEBUG -Wall -ffunction-sections -O0 -ffat-lto-objects -c .\Generated_Source\PSoC4\UART_Tx.c -o .\CortexM0\ARM_GCC_493\Release\UART_Tx.o
arm-none-eabi-gcc.exe -mcpu=cortex-m0 -mthumb -Wno-main -I. -IGenerated_Source\PSoC4 -Wa,-alh=.\CortexM0\ARM_GCC_493\Release/UART_Tx_PM.lst -g -D NDEBUG -Wall -ffunction-sections -O0 -ffat-lto-objects -c .\Generated_Source\PSoC4\UART_Tx_PM.c -o .\CortexM0\ARM_GCC_493\Release\UART_Tx_PM.o
arm-none-eabi-gcc.exe -mcpu=cortex-m0 -mthumb -Wno-main -I. -IGenerated_Source\PSoC4 -Wa,-alh=.\CortexM0\ARM_GCC_493\Release/UART_Rx.lst -g -D NDEBUG -Wall -ffunction-sections -O0 -ffat-lto-objects -c .\Generated_Source\PSoC4\UART_Rx.c -o .\CortexM0\ARM_GCC_493\Release\UART_Rx.o
arm-none-eabi-gcc.exe -mcpu=cortex-m0 -mthumb -Wno-main -I. -IGenerated_Source\PSoC4 -Wa,-alh=.\CortexM0\ARM_GCC_493\Release/UART_Rx_PM.lst -g -D NDEBUG -Wall -ffunction-sections -O0 -ffat-lto-objects -c .\Generated_Source\PSoC4\UART_Rx_PM.c -o .\CortexM0\ARM_GCC_493\Release\UART_Rx_PM.o
arm-none-eabi-gcc.exe -mcpu=cortex-m0 -mthumb -Wno-main -I. -IGenerated_Source\PSoC4 -Wa,-alh=.\CortexM0\ARM_GCC_493\Release/Cm0Start.lst -g -D NDEBUG -Wall -ffunction-sections -O0 -ffat-lto-objects -c .\Generated_Source\PSoC4\Cm0Start.c -o .\CortexM0\ARM_GCC_493\Release\Cm0Start.o
arm-none-eabi-as.exe -mcpu=cortex-m0 -mthumb -I. -IGenerated_Source\PSoC4 -alh=.\CortexM0\ARM_GCC_493\Release/CyBootAsmGnu.lst -g -W -o .\CortexM0\ARM_GCC_493\Release\CyBootAsmGnu.o .\Generated_Source\PSoC4\CyBootAsmGnu.s
arm-none-eabi-gcc.exe -mcpu=cortex-m0 -mthumb -Wno-main -I. -IGenerated_Source\PSoC4 -Wa,-alh=.\CortexM0\ARM_GCC_493\Release/CyFlash.lst -g -D NDEBUG -Wall -ffunction-sections -O0 -ffat-lto-objects -c .\Generated_Source\PSoC4\CyFlash.c -o .\CortexM0\ARM_GCC_493\Release\CyFlash.o
arm-none-eabi-gcc.exe -mcpu=cortex-m0 -mthumb -Wno-main -I. -IGenerated_Source\PSoC4 -Wa,-alh=.\CortexM0\ARM_GCC_493\Release/CyLib.lst -g -D NDEBUG -Wall -ffunction-sections -O0 -ffat-lto-objects -c .\Generated_Source\PSoC4\CyLib.c -o .\CortexM0\ARM_GCC_493\Release\CyLib.o
arm-none-eabi-gcc.exe -mcpu=cortex-m0 -mthumb -Wno-main -I. -IGenerated_Source\PSoC4 -Wa,-alh=.\CortexM0\ARM_GCC_493\Release/cyPm.lst -g -D NDEBUG -Wall -ffunction-sections -O0 -ffat-lto-objects -c .\Generated_Source\PSoC4\cyPm.c -o .\CortexM0\ARM_GCC_493\Release\cyPm.o
arm-none-eabi-gcc.exe -mcpu=cortex-m0 -mthumb -Wno-main -I. -IGenerated_Source\PSoC4 -Wa,-alh=.\CortexM0\ARM_GCC_493\Release/cyutils.lst -g -D NDEBUG -Wall -ffunction-sections -O0 -ffat-lto-objects -c .\Generated_Source\PSoC4\cyutils.c -o .\CortexM0\ARM_GCC_493\Release\cyutils.o
arm-none-eabi-gcc.exe -mcpu=cortex-m0 -mthumb -Wno-main -I. -IGenerated_Source\PSoC4 -Wa,-alh=.\CortexM0\ARM_GCC_493\Release/CyLFClk.lst -g -D NDEBUG -Wall -ffunction-sections -O0 -ffat-lto-objects -c .\Generated_Source\PSoC4\CyLFClk.c -o .\CortexM0\ARM_GCC_493\Release\CyLFClk.o
arm-none-eabi-gcc.exe -mcpu=cortex-m0 -mthumb -Wno-main -I. -IGenerated_Source\PSoC4 -Wa,-alh=.\CortexM0\ARM_GCC_493\Release/Clock_1.lst -g -D NDEBUG -Wall -ffunction-sections -O0 -ffat-lto-objects -c .\Generated_Source\PSoC4\Clock_1.c -o .\CortexM0\ARM_GCC_493\Release\Clock_1.o
arm-none-eabi-gcc.exe -mcpu=cortex-m0 -mthumb -Wno-main -I. -IGenerated_Source\PSoC4 -Wa,-alh=.\CortexM0\ARM_GCC_493\Release/Clock_2.lst -g -D NDEBUG -Wall -ffunction-sections -O0 -ffat-lto-objects -c .\Generated_Source\PSoC4\Clock_2.c -o .\CortexM0\ARM_GCC_493\Release\Clock_2.o
arm-none-eabi-gcc.exe -mcpu=cortex-m0 -mthumb -Wno-main -I. -IGenerated_Source\PSoC4 -Wa,-alh=.\CortexM0\ARM_GCC_493\Release/TimeoutTimer.lst -g -D NDEBUG -Wall -ffunction-sections -O0 -ffat-lto-objects -c .\Generated_Source\PSoC4\TimeoutTimer.c -o .\CortexM0\ARM_GCC_493\Release\TimeoutTimer.o
arm-none-eabi-gcc.exe -mcpu=cortex-m0 -mthumb -Wno-main -I. -IGenerated_Source\PSoC4 -Wa,-alh=.\CortexM0\ARM_GCC_493\Release/TimeoutTimer_PM.lst -g -D NDEBUG -Wall -ffunction-sections -O0 -ffat-lto-objects -c .\Generated_Source\PSoC4\TimeoutTimer_PM.c -o .\CortexM0\ARM_GCC_493\Release\TimeoutTimer_PM.o
arm-none-eabi-gcc.exe -mcpu=cortex-m0 -mthumb -Wno-main -I. -IGenerated_Source\PSoC4 -Wa,-alh=.\CortexM0\ARM_GCC_493\Release/CommTimeoutISR.lst -g -D NDEBUG -Wall -ffunction-sections -O0 -ffat-lto-objects -c .\Generated_Source\PSoC4\CommTimeoutISR.c -o .\CortexM0\ARM_GCC_493\Release\CommTimeoutISR.o
arm-none-eabi-gcc.exe -mcpu=cortex-m0 -mthumb -Wno-main -I. -IGenerated_Source\PSoC4 -Wa,-alh=.\CortexM0\ARM_GCC_493\Release/timer_clock.lst -g -D NDEBUG -Wall -ffunction-sections -O0 -ffat-lto-objects -c .\Generated_Source\PSoC4\timer_clock.c -o .\CortexM0\ARM_GCC_493\Release\timer_clock.o
arm-none-eabi-gcc.exe -mcpu=cortex-m0 -mthumb -Wno-main -I. -IGenerated_Source\PSoC4 -Wa,-alh=.\CortexM0\ARM_GCC_493\Release/SamplingTimerISR.lst -g -D NDEBUG -Wall -ffunction-sections -O0 -ffat-lto-objects -c .\Generated_Source\PSoC4\SamplingTimerISR.c -o .\CortexM0\ARM_GCC_493\Release\SamplingTimerISR.o
arm-none-eabi-gcc.exe -mcpu=cortex-m0 -mthumb -Wno-main -I. -IGenerated_Source\PSoC4 -Wa,-alh=.\CortexM0\ARM_GCC_493\Release/SamplingTimer.lst -g -D NDEBUG -Wall -ffunction-sections -O0 -ffat-lto-objects -c .\Generated_Source\PSoC4\SamplingTimer.c -o .\CortexM0\ARM_GCC_493\Release\SamplingTimer.o
arm-none-eabi-gcc.exe -mcpu=cortex-m0 -mthumb -Wno-main -I. -IGenerated_Source\PSoC4 -Wa,-alh=.\CortexM0\ARM_GCC_493\Release/SamplingTimer_PM.lst -g -D NDEBUG -Wall -ffunction-sections -O0 -ffat-lto-objects -c .\Generated_Source\PSoC4\SamplingTimer_PM.c -o .\CortexM0\ARM_GCC_493\Release\SamplingTimer_PM.o
arm-none-eabi-gcc.exe -mcpu=cortex-m0 -mthumb -Wno-main -I. -IGenerated_Source\PSoC4 -Wa,-alh=.\CortexM0\ARM_GCC_493\Release/UART_LED_ISR.lst -g -D NDEBUG -Wall -ffunction-sections -O0 -ffat-lto-objects -c .\Generated_Source\PSoC4\UART_LED_ISR.c -o .\CortexM0\ARM_GCC_493\Release\UART_LED_ISR.o
arm-none-eabi-gcc.exe -mcpu=cortex-m0 -mthumb -Wno-main -I. -IGenerated_Source\PSoC4 -Wa,-alh=.\CortexM0\ARM_GCC_493\Release/UART_Temp_ISR.lst -g -D NDEBUG -Wall -ffunction-sections -O0 -ffat-lto-objects -c .\Generated_Source\PSoC4\UART_Temp_ISR.c -o .\CortexM0\ARM_GCC_493\Release\UART_Temp_ISR.o
arm-none-eabi-gcc.exe -mcpu=cortex-m0 -mthumb -Wno-main -I. -IGenerated_Source\PSoC4 -Wa,-alh=.\CortexM0\ARM_GCC_493\Release/UART_LED.lst -g -D NDEBUG -Wall -ffunction-sections -O0 -ffat-lto-objects -c .\Generated_Source\PSoC4\UART_LED.c -o .\CortexM0\ARM_GCC_493\Release\UART_LED.o
arm-none-eabi-gcc.exe -mcpu=cortex-m0 -mthumb -Wno-main -I. -IGenerated_Source\PSoC4 -Wa,-alh=.\CortexM0\ARM_GCC_493\Release/UART_LED_PM.lst -g -D NDEBUG -Wall -ffunction-sections -O0 -ffat-lto-objects -c .\Generated_Source\PSoC4\UART_LED_PM.c -o .\CortexM0\ARM_GCC_493\Release\UART_LED_PM.o
arm-none-eabi-gcc.exe -mcpu=cortex-m0 -mthumb -Wno-main -I. -IGenerated_Source\PSoC4 -Wa,-alh=.\CortexM0\ARM_GCC_493\Release/UART_LED_INT.lst -g -D NDEBUG -Wall -ffunction-sections -O0 -ffat-lto-objects -c .\Generated_Source\PSoC4\UART_LED_INT.c -o .\CortexM0\ARM_GCC_493\Release\UART_LED_INT.o
arm-none-eabi-gcc.exe -mcpu=cortex-m0 -mthumb -Wno-main -I. -IGenerated_Source\PSoC4 -Wa,-alh=.\CortexM0\ARM_GCC_493\Release/UART_LED_BOOT.lst -g -D NDEBUG -Wall -ffunction-sections -O0 -ffat-lto-objects -c .\Generated_Source\PSoC4\UART_LED_BOOT.c -o .\CortexM0\ARM_GCC_493\Release\UART_LED_BOOT.o
arm-none-eabi-gcc.exe -mcpu=cortex-m0 -mthumb -Wno-main -I. -IGenerated_Source\PSoC4 -Wa,-alh=.\CortexM0\ARM_GCC_493\Release/UART_Temperature.lst -g -D NDEBUG -Wall -ffunction-sections -O0 -ffat-lto-objects -c .\Generated_Source\PSoC4\UART_Temperature.c -o .\CortexM0\ARM_GCC_493\Release\UART_Temperature.o
arm-none-eabi-gcc.exe -mcpu=cortex-m0 -mthumb -Wno-main -I. -IGenerated_Source\PSoC4 -Wa,-alh=.\CortexM0\ARM_GCC_493\Release/UART_Temperature_SPI_UART.lst -g -D NDEBUG -Wall -ffunction-sections -O0 -ffat-lto-objects -c .\Generated_Source\PSoC4\UART_Temperature_SPI_UART.c -o .\CortexM0\ARM_GCC_493\Release\UART_Temperature_SPI_UART.o
arm-none-eabi-gcc.exe -mcpu=cortex-m0 -mthumb -Wno-main -I. -IGenerated_Source\PSoC4 -Wa,-alh=.\CortexM0\ARM_GCC_493\Release/UART_Temperature_SPI_UART_INT.lst -g -D NDEBUG -Wall -ffunction-sections -O0 -ffat-lto-objects -c .\Generated_Source\PSoC4\UART_Temperature_SPI_UART_INT.c -o .\CortexM0\ARM_GCC_493\Release\UART_Temperature_SPI_UART_INT.o
arm-none-eabi-gcc.exe -mcpu=cortex-m0 -mthumb -Wno-main -I. -IGenerated_Source\PSoC4 -Wa,-alh=.\CortexM0\ARM_GCC_493\Release/UART_Temperature_PM.lst -g -D NDEBUG -Wall -ffunction-sections -O0 -ffat-lto-objects -c .\Generated_Source\PSoC4\UART_Temperature_PM.c -o .\CortexM0\ARM_GCC_493\Release\UART_Temperature_PM.o
arm-none-eabi-gcc.exe -mcpu=cortex-m0 -mthumb -Wno-main -I. -IGenerated_Source\PSoC4 -Wa,-alh=.\CortexM0\ARM_GCC_493\Release/UART_Temperature_UART.lst -g -D NDEBUG -Wall -ffunction-sections -O0 -ffat-lto-objects -c .\Generated_Source\PSoC4\UART_Temperature_UART.c -o .\CortexM0\ARM_GCC_493\Release\UART_Temperature_UART.o
arm-none-eabi-gcc.exe -mcpu=cortex-m0 -mthumb -Wno-main -I. -IGenerated_Source\PSoC4 -Wa,-alh=.\CortexM0\ARM_GCC_493\Release/UART_Temperature_BOOT.lst -g -D NDEBUG -Wall -ffunction-sections -O0 -ffat-lto-objects -c .\Generated_Source\PSoC4\UART_Temperature_BOOT.c -o .\CortexM0\ARM_GCC_493\Release\UART_Temperature_BOOT.o
arm-none-eabi-gcc.exe -mcpu=cortex-m0 -mthumb -Wno-main -I. -IGenerated_Source\PSoC4 -Wa,-alh=.\CortexM0\ARM_GCC_493\Release/UART_Temperature_UART_BOOT.lst -g -D NDEBUG -Wall -ffunction-sections -O0 -ffat-lto-objects -c .\Generated_Source\PSoC4\UART_Temperature_UART_BOOT.c -o .\CortexM0\ARM_GCC_493\Release\UART_Temperature_UART_BOOT.o
arm-none-eabi-gcc.exe -mcpu=cortex-m0 -mthumb -Wno-main -I. -IGenerated_Source\PSoC4 -Wa,-alh=.\CortexM0\ARM_GCC_493\Release/UART_LED_Control.lst -g -D NDEBUG -Wall -ffunction-sections -O0 -ffat-lto-objects -c .\Generated_Source\PSoC4\UART_LED_Control.c -o .\CortexM0\ARM_GCC_493\Release\UART_LED_Control.o
arm-none-eabi-gcc.exe -mcpu=cortex-m0 -mthumb -Wno-main -I. -IGenerated_Source\PSoC4 -Wa,-alh=.\CortexM0\ARM_GCC_493\Release/UART_LED_Control_PM.lst -g -D NDEBUG -Wall -ffunction-sections -O0 -ffat-lto-objects -c .\Generated_Source\PSoC4\UART_LED_Control_PM.c -o .\CortexM0\ARM_GCC_493\Release\UART_LED_Control_PM.o
arm-none-eabi-gcc.exe -mcpu=cortex-m0 -mthumb -Wno-main -I. -IGenerated_Source\PSoC4 -Wa,-alh=.\CortexM0\ARM_GCC_493\Release/UART_LED_IntClock.lst -g -D NDEBUG -Wall -ffunction-sections -O0 -ffat-lto-objects -c .\Generated_Source\PSoC4\UART_LED_IntClock.c -o .\CortexM0\ARM_GCC_493\Release\UART_LED_IntClock.o
arm-none-eabi-gcc.exe -mcpu=cortex-m0 -mthumb -Wno-main -I. -IGenerated_Source\PSoC4 -Wa,-alh=.\CortexM0\ARM_GCC_493\Release/UART_Temperature_SCBCLK.lst -g -D NDEBUG -Wall -ffunction-sections -O0 -ffat-lto-objects -c .\Generated_Source\PSoC4\UART_Temperature_SCBCLK.c -o .\CortexM0\ARM_GCC_493\Release\UART_Temperature_SCBCLK.o
arm-none-eabi-gcc.exe -mcpu=cortex-m0 -mthumb -Wno-main -I. -IGenerated_Source\PSoC4 -Wa,-alh=.\CortexM0\ARM_GCC_493\Release/UART_Temperature_tx.lst -g -D NDEBUG -Wall -ffunction-sections -O0 -ffat-lto-objects -c .\Generated_Source\PSoC4\UART_Temperature_tx.c -o .\CortexM0\ARM_GCC_493\Release\UART_Temperature_tx.o
arm-none-eabi-gcc.exe -mcpu=cortex-m0 -mthumb -Wno-main -I. -IGenerated_Source\PSoC4 -Wa,-alh=.\CortexM0\ARM_GCC_493\Release/UART_Temperature_tx_PM.lst -g -D NDEBUG -Wall -ffunction-sections -O0 -ffat-lto-objects -c .\Generated_Source\PSoC4\UART_Temperature_tx_PM.c -o .\CortexM0\ARM_GCC_493\Release\UART_Temperature_tx_PM.o
arm-none-eabi-gcc.exe -mcpu=cortex-m0 -mthumb -Wno-main -I. -IGenerated_Source\PSoC4 -Wa,-alh=.\CortexM0\ARM_GCC_493\Release/UART_Temperature_rx.lst -g -D NDEBUG -Wall -ffunction-sections -O0 -ffat-lto-objects -c .\Generated_Source\PSoC4\UART_Temperature_rx.c -o .\CortexM0\ARM_GCC_493\Release\UART_Temperature_rx.o
arm-none-eabi-gcc.exe -mcpu=cortex-m0 -mthumb -Wno-main -I. -IGenerated_Source\PSoC4 -Wa,-alh=.\CortexM0\ARM_GCC_493\Release/UART_Temperature_rx_PM.lst -g -D NDEBUG -Wall -ffunction-sections -O0 -ffat-lto-objects -c .\Generated_Source\PSoC4\UART_Temperature_rx_PM.c -o .\CortexM0\ARM_GCC_493\Release\UART_Temperature_rx_PM.o
arm-none-eabi-gcc.exe -mcpu=cortex-m0 -mthumb -Wno-main -I. -IGenerated_Source\PSoC4 -Wa,-alh=.\CortexM0\ARM_GCC_493\Release/TestPin.lst -g -D NDEBUG -Wall -ffunction-sections -O0 -ffat-lto-objects -c .\Generated_Source\PSoC4\TestPin.c -o .\CortexM0\ARM_GCC_493\Release\TestPin.o
arm-none-eabi-gcc.exe -mcpu=cortex-m0 -mthumb -Wno-main -I. -IGenerated_Source\PSoC4 -Wa,-alh=.\CortexM0\ARM_GCC_493\Release/TestPin_PM.lst -g -D NDEBUG -Wall -ffunction-sections -O0 -ffat-lto-objects -c .\Generated_Source\PSoC4\TestPin_PM.c -o .\CortexM0\ARM_GCC_493\Release\TestPin_PM.o
arm-none-eabi-gcc.exe -mcpu=cortex-m0 -mthumb -Wno-main -I. -IGenerated_Source\PSoC4 -Wa,-alh=.\CortexM0\ARM_GCC_493\Release/PWM.lst -g -D NDEBUG -Wall -ffunction-sections -O0 -ffat-lto-objects -c .\Generated_Source\PSoC4\PWM.c -o .\CortexM0\ARM_GCC_493\Release\PWM.o
arm-none-eabi-gcc.exe -mcpu=cortex-m0 -mthumb -Wno-main -I. -IGenerated_Source\PSoC4 -Wa,-alh=.\CortexM0\ARM_GCC_493\Release/PWM_PM.lst -g -D NDEBUG -Wall -ffunction-sections -O0 -ffat-lto-objects -c .\Generated_Source\PSoC4\PWM_PM.c -o .\CortexM0\ARM_GCC_493\Release\PWM_PM.o
arm-none-eabi-gcc.exe -mcpu=cortex-m0 -mthumb -Wno-main -I. -IGenerated_Source\PSoC4 -Wa,-alh=.\CortexM0\ARM_GCC_493\Release/PWM_Enable.lst -g -D NDEBUG -Wall -ffunction-sections -O0 -ffat-lto-objects -c .\Generated_Source\PSoC4\PWM_Enable.c -o .\CortexM0\ARM_GCC_493\Release\PWM_Enable.o
arm-none-eabi-gcc.exe -mcpu=cortex-m0 -mthumb -Wno-main -I. -IGenerated_Source\PSoC4 -Wa,-alh=.\CortexM0\ARM_GCC_493\Release/PWM_Enable_PM.lst -g -D NDEBUG -Wall -ffunction-sections -O0 -ffat-lto-objects -c .\Generated_Source\PSoC4\PWM_Enable_PM.c -o .\CortexM0\ARM_GCC_493\Release\PWM_Enable_PM.o
arm-none-eabi-gcc.exe -mcpu=cortex-m0 -mthumb -Wno-main -I. -IGenerated_Source\PSoC4 -Wa,-alh=.\CortexM0\ARM_GCC_493\Release/PWM_Output.lst -g -D NDEBUG -Wall -ffunction-sections -O0 -ffat-lto-objects -c .\Generated_Source\PSoC4\PWM_Output.c -o .\CortexM0\ARM_GCC_493\Release\PWM_Output.o
arm-none-eabi-gcc.exe -mcpu=cortex-m0 -mthumb -Wno-main -I. -IGenerated_Source\PSoC4 -Wa,-alh=.\CortexM0\ARM_GCC_493\Release/PWM_Output_PM.lst -g -D NDEBUG -Wall -ffunction-sections -O0 -ffat-lto-objects -c .\Generated_Source\PSoC4\PWM_Output_PM.c -o .\CortexM0\ARM_GCC_493\Release\PWM_Output_PM.o
arm-none-eabi-gcc.exe -mcpu=cortex-m0 -mthumb -Wno-main -I. -IGenerated_Source\PSoC4 -Wa,-alh=.\CortexM0\ARM_GCC_493\Release/Clock_3.lst -g -D NDEBUG -Wall -ffunction-sections -O0 -ffat-lto-objects -c .\Generated_Source\PSoC4\Clock_3.c -o .\CortexM0\ARM_GCC_493\Release\Clock_3.o
arm-none-eabi-gcc.exe -mcpu=cortex-m0 -mthumb -Wno-main -I. -IGenerated_Source\PSoC4 -Wa,-alh=.\CortexM0\ARM_GCC_493\Release/CyDividerClock.lst -g -D NDEBUG -Wall -ffunction-sections -O0 -ffat-lto-objects -c .\Generated_Source\PSoC4\CyDividerClock.c -o .\CortexM0\ARM_GCC_493\Release\CyDividerClock.o
arm-none-eabi-gcc.exe -mcpu=cortex-m0 -mthumb -Wno-main -I. -IGenerated_Source\PSoC4 -Wa,-alh=.\CortexM0\ARM_GCC_493\Release/DieTemp.lst -g -D NDEBUG -Wall -ffunction-sections -O0 -ffat-lto-objects -c .\Generated_Source\PSoC4\DieTemp.c -o .\CortexM0\ARM_GCC_493\Release\DieTemp.o
arm-none-eabi-gcc.exe -mcpu=cortex-m0 -mthumb -Wno-main -I. -IGenerated_Source\PSoC4 -Wa,-alh=.\CortexM0\ARM_GCC_493\Release/LED_TempInput.lst -g -D NDEBUG -Wall -ffunction-sections -O0 -ffat-lto-objects -c .\Generated_Source\PSoC4\LED_TempInput.c -o .\CortexM0\ARM_GCC_493\Release\LED_TempInput.o
arm-none-eabi-gcc.exe -mcpu=cortex-m0 -mthumb -Wno-main -I. -IGenerated_Source\PSoC4 -Wa,-alh=.\CortexM0\ARM_GCC_493\Release/LED_TempInput_PM.lst -g -D NDEBUG -Wall -ffunction-sections -O0 -ffat-lto-objects -c .\Generated_Source\PSoC4\LED_TempInput_PM.c -o .\CortexM0\ARM_GCC_493\Release\LED_TempInput_PM.o
arm-none-eabi-gcc.exe -mcpu=cortex-m0 -mthumb -Wno-main -I. -IGenerated_Source\PSoC4 -Wa,-alh=.\CortexM0\ARM_GCC_493\Release/SwitchNodeTempInput.lst -g -D NDEBUG -Wall -ffunction-sections -O0 -ffat-lto-objects -c .\Generated_Source\PSoC4\SwitchNodeTempInput.c -o .\CortexM0\ARM_GCC_493\Release\SwitchNodeTempInput.o
arm-none-eabi-gcc.exe -mcpu=cortex-m0 -mthumb -Wno-main -I. -IGenerated_Source\PSoC4 -Wa,-alh=.\CortexM0\ARM_GCC_493\Release/SwitchNodeTempInput_PM.lst -g -D NDEBUG -Wall -ffunction-sections -O0 -ffat-lto-objects -c .\Generated_Source\PSoC4\SwitchNodeTempInput_PM.c -o .\CortexM0\ARM_GCC_493\Release\SwitchNodeTempInput_PM.o
arm-none-eabi-gcc.exe -mcpu=cortex-m0 -mthumb -Wno-main -I. -IGenerated_Source\PSoC4 -Wa,-alh=.\CortexM0\ARM_GCC_493\Release/LED_ISR.lst -g -D NDEBUG -Wall -ffunction-sections -O0 -ffat-lto-objects -c .\Generated_Source\PSoC4\LED_ISR.c -o .\CortexM0\ARM_GCC_493\Release\LED_ISR.o
arm-none-eabi-gcc.exe -mcpu=cortex-m0 -mthumb -Wno-main -I. -IGenerated_Source\PSoC4 -Wa,-alh=.\CortexM0\ARM_GCC_493\Release/AckTimeoutISR.lst -g -D NDEBUG -Wall -ffunction-sections -O0 -ffat-lto-objects -c .\Generated_Source\PSoC4\AckTimeoutISR.c -o .\CortexM0\ARM_GCC_493\Release\AckTimeoutISR.o
arm-none-eabi-gcc.exe -mcpu=cortex-m0 -mthumb -Wno-main -I. -IGenerated_Source\PSoC4 -Wa,-alh=.\CortexM0\ARM_GCC_493\Release/ack_clock.lst -g -D NDEBUG -Wall -ffunction-sections -O0 -ffat-lto-objects -c .\Generated_Source\PSoC4\ack_clock.c -o .\CortexM0\ARM_GCC_493\Release\ack_clock.o
arm-none-eabi-gcc.exe -mcpu=cortex-m0 -mthumb -Wno-main -I. -IGenerated_Source\PSoC4 -Wa,-alh=.\CortexM0\ARM_GCC_493\Release/AckTimer.lst -g -D NDEBUG -Wall -ffunction-sections -O0 -ffat-lto-objects -c .\Generated_Source\PSoC4\AckTimer.c -o .\CortexM0\ARM_GCC_493\Release\AckTimer.o
arm-none-eabi-gcc.exe -mcpu=cortex-m0 -mthumb -Wno-main -I. -IGenerated_Source\PSoC4 -Wa,-alh=.\CortexM0\ARM_GCC_493\Release/AckTimer_PM.lst -g -D NDEBUG -Wall -ffunction-sections -O0 -ffat-lto-objects -c .\Generated_Source\PSoC4\AckTimer_PM.c -o .\CortexM0\ARM_GCC_493\Release\AckTimer_PM.o
arm-none-eabi-gcc.exe -mcpu=cortex-m0 -mthumb -Wno-main -I. -IGenerated_Source\PSoC4 -Wa,-alh=.\CortexM0\ARM_GCC_493\Release/WakeupISR.lst -g -D NDEBUG -Wall -ffunction-sections -O0 -ffat-lto-objects -c .\Generated_Source\PSoC4\WakeupISR.c -o .\CortexM0\ARM_GCC_493\Release\WakeupISR.o
arm-none-eabi-gcc.exe -mcpu=cortex-m0 -mthumb -Wno-main -I. -IGenerated_Source\PSoC4 -Wa,-alh=.\CortexM0\ARM_GCC_493\Release/LED_Timer.lst -g -D NDEBUG -Wall -ffunction-sections -O0 -ffat-lto-objects -c .\Generated_Source\PSoC4\LED_Timer.c -o .\CortexM0\ARM_GCC_493\Release\LED_Timer.o
arm-none-eabi-gcc.exe -mcpu=cortex-m0 -mthumb -Wno-main -I. -IGenerated_Source\PSoC4 -Wa,-alh=.\CortexM0\ARM_GCC_493\Release/LED_Timer_PM.lst -g -D NDEBUG -Wall -ffunction-sections -O0 -ffat-lto-objects -c .\Generated_Source\PSoC4\LED_Timer_PM.c -o .\CortexM0\ARM_GCC_493\Release\LED_Timer_PM.o
arm-none-eabi-gcc.exe -mcpu=cortex-m0 -mthumb -Wno-main -I. -IGenerated_Source\PSoC4 -Wa,-alh=.\CortexM0\ARM_GCC_493\Release/VoltageSense.lst -g -D NDEBUG -Wall -ffunction-sections -O0 -ffat-lto-objects -c .\Generated_Source\PSoC4\VoltageSense.c -o .\CortexM0\ARM_GCC_493\Release\VoltageSense.o
arm-none-eabi-gcc.exe -mcpu=cortex-m0 -mthumb -Wno-main -I. -IGenerated_Source\PSoC4 -Wa,-alh=.\CortexM0\ARM_GCC_493\Release/VoltageSense_PM.lst -g -D NDEBUG -Wall -ffunction-sections -O0 -ffat-lto-objects -c .\Generated_Source\PSoC4\VoltageSense_PM.c -o .\CortexM0\ARM_GCC_493\Release\VoltageSense_PM.o
arm-none-eabi-gcc.exe -mcpu=cortex-m0 -mthumb -Wno-main -I. -IGenerated_Source\PSoC4 -Wa,-alh=.\CortexM0\ARM_GCC_493\Release/EmEEPROM.lst -g -D NDEBUG -Wall -ffunction-sections -O0 -ffat-lto-objects -c .\Generated_Source\PSoC4\EmEEPROM.c -o .\CortexM0\ARM_GCC_493\Release\EmEEPROM.o
arm-none-eabi-ar.exe -rs .\CortexM0\ARM_GCC_493\Release\81-00022-01.a .\CortexM0\ARM_GCC_493\Release\cyfitter_cfg.o .\CortexM0\ARM_GCC_493\Release\ADC_SAR_Seq.o .\CortexM0\ARM_GCC_493\Release\ADC_SAR_Seq_PM.o .\CortexM0\ARM_GCC_493\Release\ADC_SAR_Seq_INT.o .\CortexM0\ARM_GCC_493\Release\LED_Output.o .\CortexM0\ARM_GCC_493\Release\LED_Output_PM.o .\CortexM0\ARM_GCC_493\Release\ADC_SAR_Seq_IRQ.o .\CortexM0\ARM_GCC_493\Release\ADC_SAR_Seq_intClock.o .\CortexM0\ARM_GCC_493\Release\UART_Tx.o .\CortexM0\ARM_GCC_493\Release\UART_Tx_PM.o .\CortexM0\ARM_GCC_493\Release\UART_Rx.o .\CortexM0\ARM_GCC_493\Release\UART_Rx_PM.o .\CortexM0\ARM_GCC_493\Release\CyBootAsmGnu.o .\CortexM0\ARM_GCC_493\Release\CyFlash.o .\CortexM0\ARM_GCC_493\Release\CyLib.o .\CortexM0\ARM_GCC_493\Release\cyPm.o .\CortexM0\ARM_GCC_493\Release\cyutils.o .\CortexM0\ARM_GCC_493\Release\CyLFClk.o .\CortexM0\ARM_GCC_493\Release\Clock_1.o .\CortexM0\ARM_GCC_493\Release\Clock_2.o .\CortexM0\ARM_GCC_493\Release\TimeoutTimer.o .\CortexM0\ARM_GCC_493\Release\TimeoutTimer_PM.o .\CortexM0\ARM_GCC_493\Release\CommTimeoutISR.o .\CortexM0\ARM_GCC_493\Release\timer_clock.o .\CortexM0\ARM_GCC_493\Release\SamplingTimerISR.o .\CortexM0\ARM_GCC_493\Release\SamplingTimer.o .\CortexM0\ARM_GCC_493\Release\SamplingTimer_PM.o .\CortexM0\ARM_GCC_493\Release\UART_LED_ISR.o .\CortexM0\ARM_GCC_493\Release\UART_Temp_ISR.o .\CortexM0\ARM_GCC_493\Release\UART_LED.o .\CortexM0\ARM_GCC_493\Release\UART_LED_PM.o .\CortexM0\ARM_GCC_493\Release\UART_LED_INT.o .\CortexM0\ARM_GCC_493\Release\UART_LED_BOOT.o .\CortexM0\ARM_GCC_493\Release\UART_Temperature.o .\CortexM0\ARM_GCC_493\Release\UART_Temperature_SPI_UART.o .\CortexM0\ARM_GCC_493\Release\UART_Temperature_SPI_UART_INT.o .\CortexM0\ARM_GCC_493\Release\UART_Temperature_PM.o .\CortexM0\ARM_GCC_493\Release\UART_Temperature_UART.o .\CortexM0\ARM_GCC_493\Release\UART_Temperature_BOOT.o .\CortexM0\ARM_GCC_493\Release\UART_Temperature_UART_BOOT.o .\CortexM0\ARM_GCC_493\Release\UART_LED_Control.o .\CortexM0\ARM_GCC_493\Release\UART_LED_Control_PM.o .\CortexM0\ARM_GCC_493\Release\UART_LED_IntClock.o .\CortexM0\ARM_GCC_493\Release\UART_Temperature_SCBCLK.o .\CortexM0\ARM_GCC_493\Release\UART_Temperature_tx.o .\CortexM0\ARM_GCC_493\Release\UART_Temperature_tx_PM.o .\CortexM0\ARM_GCC_493\Release\UART_Temperature_rx.o .\CortexM0\ARM_GCC_493\Release\UART_Temperature_rx_PM.o .\CortexM0\ARM_GCC_493\Release\TestPin.o .\CortexM0\ARM_GCC_493\Release\TestPin_PM.o .\CortexM0\ARM_GCC_493\Release\PWM.o .\CortexM0\ARM_GCC_493\Release\PWM_PM.o .\CortexM0\ARM_GCC_493\Release\PWM_Enable.o .\CortexM0\ARM_GCC_493\Release\PWM_Enable_PM.o .\CortexM0\ARM_GCC_493\Release\PWM_Output.o .\CortexM0\ARM_GCC_493\Release\PWM_Output_PM.o .\CortexM0\ARM_GCC_493\Release\Clock_3.o .\CortexM0\ARM_GCC_493\Release\CyDividerClock.o .\CortexM0\ARM_GCC_493\Release\DieTemp.o .\CortexM0\ARM_GCC_493\Release\LED_TempInput.o .\CortexM0\ARM_GCC_493\Release\LED_TempInput_PM.o .\CortexM0\ARM_GCC_493\Release\SwitchNodeTempInput.o .\CortexM0\ARM_GCC_493\Release\SwitchNodeTempInput_PM.o .\CortexM0\ARM_GCC_493\Release\LED_ISR.o .\CortexM0\ARM_GCC_493\Release\AckTimeoutISR.o .\CortexM0\ARM_GCC_493\Release\ack_clock.o .\CortexM0\ARM_GCC_493\Release\AckTimer.o .\CortexM0\ARM_GCC_493\Release\AckTimer_PM.o .\CortexM0\ARM_GCC_493\Release\WakeupISR.o .\CortexM0\ARM_GCC_493\Release\LED_Timer.o .\CortexM0\ARM_GCC_493\Release\LED_Timer_PM.o .\CortexM0\ARM_GCC_493\Release\VoltageSense.o .\CortexM0\ARM_GCC_493\Release\VoltageSense_PM.o .\CortexM0\ARM_GCC_493\Release\EmEEPROM.o
arm-none-eabi-ar.exe: creating .\CortexM0\ARM_GCC_493\Release\81-00022-01.a
arm-none-eabi-gcc.exe -Wl,--start-group -o .\CortexM0\ARM_GCC_493\Release\81-00022-01.elf .\CortexM0\ARM_GCC_493\Release\main.o .\CortexM0\ARM_GCC_493\Release\TemperatureCommManager.o .\CortexM0\ARM_GCC_493\Release\BrightnessCommManager.o .\CortexM0\ARM_GCC_493\Release\DriverControl.o .\CortexM0\ARM_GCC_493\Release\cymetadata.o .\CortexM0\ARM_GCC_493\Release\Cm0Start.o .\CortexM0\ARM_GCC_493\Release\81-00022-01.a "C:\Program Files (x86)\Cypress\PSoC Creator\3.3\PSoC Creator\psoc\content\cycomponentlibrary\CyComponentLibrary.cylib\CortexM0\ARM_GCC_493\Release\CyComponentLibrary.a" -mcpu=cortex-m0 -mthumb -g -ffunction-sections -O0 -ffat-lto-objects -L Generated_Source\PSoC4 -Wl,-Map,.\CortexM0\ARM_GCC_493\Release/81-00022-01.map -T Generated_Source\PSoC4\cm0gcc.ld -specs=nano.specs -Wl,--gc-sections -Wl,--end-group
cyelftool.exe -C "C:\Users\kylep\Box Sync\Feniex Firmware Files\ALB\81-00022-01 ALB LED Driver\81-00022-01.cydsn\CortexM0\ARM_GCC_493\Release\81-00022-01.elf" --flash_row_size 128 --flash_size 32768
cyelftool.exe -S "C:\Users\kylep\Box Sync\Feniex Firmware Files\ALB\81-00022-01 ALB LED Driver\81-00022-01.cydsn\CortexM0\ARM_GCC_493\Release\81-00022-01.elf"
Flash used: 21760 of 32768 bytes (66.4 %).
SRAM used: 1756 of 4096 bytes (42.9 %). Stack: 1024 bytes. Heap: 128 bytes.
--------------- Rebuild Succeeded: 04/06/2017 10:40:41 ---------------
