ARM GAS  C:\Users\faithc\AppData\Local\Temp\ccO6fITI.s 			page 1


   1              		.cpu cortex-m0
   2              		.fpu softvfp
   3              		.eabi_attribute 20, 1
   4              		.eabi_attribute 21, 1
   5              		.eabi_attribute 23, 3
   6              		.eabi_attribute 24, 1
   7              		.eabi_attribute 25, 1
   8              		.eabi_attribute 26, 1
   9              		.eabi_attribute 30, 2
  10              		.eabi_attribute 34, 0
  11              		.eabi_attribute 18, 4
  12              		.code	16
  13              		.file	"UART_In_SPI_UART.c"
  14              		.text
  15              	.Ltext0:
  16              		.cfi_sections	.debug_frame
  17              		.section	.text.UART_In_SpiUartReadRxData,"ax",%progbits
  18              		.align	2
  19              		.global	UART_In_SpiUartReadRxData
  20              		.code	16
  21              		.thumb_func
  22              		.type	UART_In_SpiUartReadRxData, %function
  23              	UART_In_SpiUartReadRxData:
  24              	.LFB0:
  25              		.file 1 ".\\Generated_Source\\PSoC4\\UART_In_SPI_UART.c"
   1:.\Generated_Source\PSoC4/UART_In_SPI_UART.c **** /*******************************************************************************
   2:.\Generated_Source\PSoC4/UART_In_SPI_UART.c **** * File Name: UART_In_SPI_UART.c
   3:.\Generated_Source\PSoC4/UART_In_SPI_UART.c **** * Version 3.10
   4:.\Generated_Source\PSoC4/UART_In_SPI_UART.c **** *
   5:.\Generated_Source\PSoC4/UART_In_SPI_UART.c **** * Description:
   6:.\Generated_Source\PSoC4/UART_In_SPI_UART.c **** *  This file provides the source code to the API for the SCB Component in
   7:.\Generated_Source\PSoC4/UART_In_SPI_UART.c **** *  SPI and UART modes.
   8:.\Generated_Source\PSoC4/UART_In_SPI_UART.c **** *
   9:.\Generated_Source\PSoC4/UART_In_SPI_UART.c **** * Note:
  10:.\Generated_Source\PSoC4/UART_In_SPI_UART.c **** *
  11:.\Generated_Source\PSoC4/UART_In_SPI_UART.c **** *******************************************************************************
  12:.\Generated_Source\PSoC4/UART_In_SPI_UART.c **** * Copyright 2013-2015, Cypress Semiconductor Corporation.  All rights reserved.
  13:.\Generated_Source\PSoC4/UART_In_SPI_UART.c **** * You may use this file only in accordance with the license, terms, conditions,
  14:.\Generated_Source\PSoC4/UART_In_SPI_UART.c **** * disclaimers, and limitations in the end user license agreement accompanying
  15:.\Generated_Source\PSoC4/UART_In_SPI_UART.c **** * the software package with which this file was provided.
  16:.\Generated_Source\PSoC4/UART_In_SPI_UART.c **** *******************************************************************************/
  17:.\Generated_Source\PSoC4/UART_In_SPI_UART.c **** 
  18:.\Generated_Source\PSoC4/UART_In_SPI_UART.c **** #include "UART_In_PVT.h"
  19:.\Generated_Source\PSoC4/UART_In_SPI_UART.c **** #include "UART_In_SPI_UART_PVT.h"
  20:.\Generated_Source\PSoC4/UART_In_SPI_UART.c **** 
  21:.\Generated_Source\PSoC4/UART_In_SPI_UART.c **** /***************************************
  22:.\Generated_Source\PSoC4/UART_In_SPI_UART.c **** *        SPI/UART Private Vars
  23:.\Generated_Source\PSoC4/UART_In_SPI_UART.c **** ***************************************/
  24:.\Generated_Source\PSoC4/UART_In_SPI_UART.c **** 
  25:.\Generated_Source\PSoC4/UART_In_SPI_UART.c **** #if(UART_In_INTERNAL_RX_SW_BUFFER_CONST)
  26:.\Generated_Source\PSoC4/UART_In_SPI_UART.c ****     volatile uint32 UART_In_rxBufferHead;
  27:.\Generated_Source\PSoC4/UART_In_SPI_UART.c ****     volatile uint32 UART_In_rxBufferTail;
  28:.\Generated_Source\PSoC4/UART_In_SPI_UART.c ****     volatile uint8  UART_In_rxBufferOverflow;
  29:.\Generated_Source\PSoC4/UART_In_SPI_UART.c **** #endif /* (UART_In_INTERNAL_RX_SW_BUFFER_CONST) */
  30:.\Generated_Source\PSoC4/UART_In_SPI_UART.c **** 
  31:.\Generated_Source\PSoC4/UART_In_SPI_UART.c **** #if(UART_In_INTERNAL_TX_SW_BUFFER_CONST)
  32:.\Generated_Source\PSoC4/UART_In_SPI_UART.c ****     volatile uint32 UART_In_txBufferHead;
ARM GAS  C:\Users\faithc\AppData\Local\Temp\ccO6fITI.s 			page 2


  33:.\Generated_Source\PSoC4/UART_In_SPI_UART.c ****     volatile uint32 UART_In_txBufferTail;
  34:.\Generated_Source\PSoC4/UART_In_SPI_UART.c **** #endif /* (UART_In_INTERNAL_TX_SW_BUFFER_CONST) */
  35:.\Generated_Source\PSoC4/UART_In_SPI_UART.c **** 
  36:.\Generated_Source\PSoC4/UART_In_SPI_UART.c **** #if(UART_In_INTERNAL_RX_SW_BUFFER)
  37:.\Generated_Source\PSoC4/UART_In_SPI_UART.c ****     /* Add one element to the buffer to receive full packet. One byte in receive buffer is always e
  38:.\Generated_Source\PSoC4/UART_In_SPI_UART.c ****     volatile uint8 UART_In_rxBufferInternal[UART_In_INTERNAL_RX_BUFFER_SIZE];
  39:.\Generated_Source\PSoC4/UART_In_SPI_UART.c **** #endif /* (UART_In_INTERNAL_RX_SW_BUFFER) */
  40:.\Generated_Source\PSoC4/UART_In_SPI_UART.c **** 
  41:.\Generated_Source\PSoC4/UART_In_SPI_UART.c **** #if(UART_In_INTERNAL_TX_SW_BUFFER)
  42:.\Generated_Source\PSoC4/UART_In_SPI_UART.c ****     volatile uint8 UART_In_txBufferInternal[UART_In_TX_BUFFER_SIZE];
  43:.\Generated_Source\PSoC4/UART_In_SPI_UART.c **** #endif /* (UART_In_INTERNAL_TX_SW_BUFFER) */
  44:.\Generated_Source\PSoC4/UART_In_SPI_UART.c **** 
  45:.\Generated_Source\PSoC4/UART_In_SPI_UART.c **** 
  46:.\Generated_Source\PSoC4/UART_In_SPI_UART.c **** #if(UART_In_RX_DIRECTION)
  47:.\Generated_Source\PSoC4/UART_In_SPI_UART.c ****     /*******************************************************************************
  48:.\Generated_Source\PSoC4/UART_In_SPI_UART.c ****     * Function Name: UART_In_SpiUartReadRxData
  49:.\Generated_Source\PSoC4/UART_In_SPI_UART.c ****     ********************************************************************************
  50:.\Generated_Source\PSoC4/UART_In_SPI_UART.c ****     *
  51:.\Generated_Source\PSoC4/UART_In_SPI_UART.c ****     * Summary:
  52:.\Generated_Source\PSoC4/UART_In_SPI_UART.c ****     *  Retrieves the next data element from the receive buffer.
  53:.\Generated_Source\PSoC4/UART_In_SPI_UART.c ****     *   - RX software buffer is disabled: Returns data element retrieved from
  54:.\Generated_Source\PSoC4/UART_In_SPI_UART.c ****     *     RX FIFO. Undefined data will be returned if the RX FIFO is empty.
  55:.\Generated_Source\PSoC4/UART_In_SPI_UART.c ****     *   - RX software buffer is enabled: Returns data element from the software
  56:.\Generated_Source\PSoC4/UART_In_SPI_UART.c ****     *     receive buffer. Zero value is returned if the software receive buffer
  57:.\Generated_Source\PSoC4/UART_In_SPI_UART.c ****     *     is empty.
  58:.\Generated_Source\PSoC4/UART_In_SPI_UART.c ****     *
  59:.\Generated_Source\PSoC4/UART_In_SPI_UART.c ****     * Parameters:
  60:.\Generated_Source\PSoC4/UART_In_SPI_UART.c ****     *  None
  61:.\Generated_Source\PSoC4/UART_In_SPI_UART.c ****     *
  62:.\Generated_Source\PSoC4/UART_In_SPI_UART.c ****     * Return:
  63:.\Generated_Source\PSoC4/UART_In_SPI_UART.c ****     *  Next data element from the receive buffer.
  64:.\Generated_Source\PSoC4/UART_In_SPI_UART.c ****     *
  65:.\Generated_Source\PSoC4/UART_In_SPI_UART.c ****     * Global Variables:
  66:.\Generated_Source\PSoC4/UART_In_SPI_UART.c ****     *  Look into UART_In_SpiInit for description.
  67:.\Generated_Source\PSoC4/UART_In_SPI_UART.c ****     *
  68:.\Generated_Source\PSoC4/UART_In_SPI_UART.c ****     *******************************************************************************/
  69:.\Generated_Source\PSoC4/UART_In_SPI_UART.c ****     uint32 UART_In_SpiUartReadRxData(void)
  70:.\Generated_Source\PSoC4/UART_In_SPI_UART.c ****     {
  26              		.loc 1 70 0
  27              		.cfi_startproc
  28              	.LVL0:
  71:.\Generated_Source\PSoC4/UART_In_SPI_UART.c ****         uint32 rxData = 0u;
  72:.\Generated_Source\PSoC4/UART_In_SPI_UART.c **** 
  73:.\Generated_Source\PSoC4/UART_In_SPI_UART.c ****     #if (UART_In_INTERNAL_RX_SW_BUFFER_CONST)
  74:.\Generated_Source\PSoC4/UART_In_SPI_UART.c ****         uint32 locTail;
  75:.\Generated_Source\PSoC4/UART_In_SPI_UART.c ****     #endif /* (UART_In_INTERNAL_RX_SW_BUFFER_CONST) */
  76:.\Generated_Source\PSoC4/UART_In_SPI_UART.c **** 
  77:.\Generated_Source\PSoC4/UART_In_SPI_UART.c ****         #if (UART_In_CHECK_RX_SW_BUFFER)
  78:.\Generated_Source\PSoC4/UART_In_SPI_UART.c ****         {
  79:.\Generated_Source\PSoC4/UART_In_SPI_UART.c ****             if (UART_In_rxBufferHead != UART_In_rxBufferTail)
  80:.\Generated_Source\PSoC4/UART_In_SPI_UART.c ****             {
  81:.\Generated_Source\PSoC4/UART_In_SPI_UART.c ****                 /* There is data in RX software buffer */
  82:.\Generated_Source\PSoC4/UART_In_SPI_UART.c **** 
  83:.\Generated_Source\PSoC4/UART_In_SPI_UART.c ****                 /* Calculate index to read from */
  84:.\Generated_Source\PSoC4/UART_In_SPI_UART.c ****                 locTail = (UART_In_rxBufferTail + 1u);
  85:.\Generated_Source\PSoC4/UART_In_SPI_UART.c **** 
  86:.\Generated_Source\PSoC4/UART_In_SPI_UART.c ****                 if (UART_In_INTERNAL_RX_BUFFER_SIZE == locTail)
ARM GAS  C:\Users\faithc\AppData\Local\Temp\ccO6fITI.s 			page 3


  87:.\Generated_Source\PSoC4/UART_In_SPI_UART.c ****                 {
  88:.\Generated_Source\PSoC4/UART_In_SPI_UART.c ****                     locTail = 0u;
  89:.\Generated_Source\PSoC4/UART_In_SPI_UART.c ****                 }
  90:.\Generated_Source\PSoC4/UART_In_SPI_UART.c **** 
  91:.\Generated_Source\PSoC4/UART_In_SPI_UART.c ****                 /* Get data from RX software buffer */
  92:.\Generated_Source\PSoC4/UART_In_SPI_UART.c ****                 rxData = UART_In_GetWordFromRxBuffer(locTail);
  93:.\Generated_Source\PSoC4/UART_In_SPI_UART.c **** 
  94:.\Generated_Source\PSoC4/UART_In_SPI_UART.c ****                 /* Change index in the buffer */
  95:.\Generated_Source\PSoC4/UART_In_SPI_UART.c ****                 UART_In_rxBufferTail = locTail;
  96:.\Generated_Source\PSoC4/UART_In_SPI_UART.c **** 
  97:.\Generated_Source\PSoC4/UART_In_SPI_UART.c ****                 #if (UART_In_CHECK_UART_RTS_CONTROL_FLOW)
  98:.\Generated_Source\PSoC4/UART_In_SPI_UART.c ****                 {
  99:.\Generated_Source\PSoC4/UART_In_SPI_UART.c ****                     /* Check if RX Not Empty is disabled in the interrupt */
 100:.\Generated_Source\PSoC4/UART_In_SPI_UART.c ****                     if (0u == (UART_In_INTR_RX_MASK_REG & UART_In_INTR_RX_NOT_EMPTY))
 101:.\Generated_Source\PSoC4/UART_In_SPI_UART.c ****                     {
 102:.\Generated_Source\PSoC4/UART_In_SPI_UART.c ****                         /* Enable RX Not Empty interrupt source to continue
 103:.\Generated_Source\PSoC4/UART_In_SPI_UART.c ****                         * receiving data into software buffer.
 104:.\Generated_Source\PSoC4/UART_In_SPI_UART.c ****                         */
 105:.\Generated_Source\PSoC4/UART_In_SPI_UART.c ****                         UART_In_INTR_RX_MASK_REG |= UART_In_INTR_RX_NOT_EMPTY;
 106:.\Generated_Source\PSoC4/UART_In_SPI_UART.c ****                     }
 107:.\Generated_Source\PSoC4/UART_In_SPI_UART.c ****                 }
 108:.\Generated_Source\PSoC4/UART_In_SPI_UART.c ****                 #endif
 109:.\Generated_Source\PSoC4/UART_In_SPI_UART.c **** 
 110:.\Generated_Source\PSoC4/UART_In_SPI_UART.c ****             }
 111:.\Generated_Source\PSoC4/UART_In_SPI_UART.c ****         }
 112:.\Generated_Source\PSoC4/UART_In_SPI_UART.c ****         #else
 113:.\Generated_Source\PSoC4/UART_In_SPI_UART.c ****         {
 114:.\Generated_Source\PSoC4/UART_In_SPI_UART.c ****             /* Read data from RX FIFO */
 115:.\Generated_Source\PSoC4/UART_In_SPI_UART.c ****             rxData = UART_In_RX_FIFO_RD_REG;
  29              		.loc 1 115 0
  30 0000 014B     		ldr	r3, .L2
 116:.\Generated_Source\PSoC4/UART_In_SPI_UART.c ****         }
 117:.\Generated_Source\PSoC4/UART_In_SPI_UART.c ****         #endif
 118:.\Generated_Source\PSoC4/UART_In_SPI_UART.c **** 
 119:.\Generated_Source\PSoC4/UART_In_SPI_UART.c ****         return (rxData);
 120:.\Generated_Source\PSoC4/UART_In_SPI_UART.c ****     }
  31              		.loc 1 120 0
  32              		@ sp needed
 115:.\Generated_Source\PSoC4/UART_In_SPI_UART.c ****         }
  33              		.loc 1 115 0
  34 0002 1868     		ldr	r0, [r3]
  35              	.LVL1:
  36              		.loc 1 120 0
  37 0004 7047     		bx	lr
  38              	.L3:
  39 0006 C046     		.align	2
  40              	.L2:
  41 0008 40030740 		.word	1074201408
  42              		.cfi_endproc
  43              	.LFE0:
  44              		.size	UART_In_SpiUartReadRxData, .-UART_In_SpiUartReadRxData
  45              		.section	.text.UART_In_SpiUartGetRxBufferSize,"ax",%progbits
  46              		.align	2
  47              		.global	UART_In_SpiUartGetRxBufferSize
  48              		.code	16
  49              		.thumb_func
  50              		.type	UART_In_SpiUartGetRxBufferSize, %function
ARM GAS  C:\Users\faithc\AppData\Local\Temp\ccO6fITI.s 			page 4


  51              	UART_In_SpiUartGetRxBufferSize:
  52              	.LFB1:
 121:.\Generated_Source\PSoC4/UART_In_SPI_UART.c **** 
 122:.\Generated_Source\PSoC4/UART_In_SPI_UART.c **** 
 123:.\Generated_Source\PSoC4/UART_In_SPI_UART.c ****     /*******************************************************************************
 124:.\Generated_Source\PSoC4/UART_In_SPI_UART.c ****     * Function Name: UART_In_SpiUartGetRxBufferSize
 125:.\Generated_Source\PSoC4/UART_In_SPI_UART.c ****     ********************************************************************************
 126:.\Generated_Source\PSoC4/UART_In_SPI_UART.c ****     *
 127:.\Generated_Source\PSoC4/UART_In_SPI_UART.c ****     * Summary:
 128:.\Generated_Source\PSoC4/UART_In_SPI_UART.c ****     *  Returns the number of received data elements in the receive buffer.
 129:.\Generated_Source\PSoC4/UART_In_SPI_UART.c ****     *   - RX software buffer disabled: returns the number of used entries in
 130:.\Generated_Source\PSoC4/UART_In_SPI_UART.c ****     *     RX FIFO.
 131:.\Generated_Source\PSoC4/UART_In_SPI_UART.c ****     *   - RX software buffer enabled: returns the number of elements which were
 132:.\Generated_Source\PSoC4/UART_In_SPI_UART.c ****     *     placed in the receive buffer. This does not include the hardware RX FIFO.
 133:.\Generated_Source\PSoC4/UART_In_SPI_UART.c ****     *
 134:.\Generated_Source\PSoC4/UART_In_SPI_UART.c ****     * Parameters:
 135:.\Generated_Source\PSoC4/UART_In_SPI_UART.c ****     *  None
 136:.\Generated_Source\PSoC4/UART_In_SPI_UART.c ****     *
 137:.\Generated_Source\PSoC4/UART_In_SPI_UART.c ****     * Return:
 138:.\Generated_Source\PSoC4/UART_In_SPI_UART.c ****     *  Number of received data elements
 139:.\Generated_Source\PSoC4/UART_In_SPI_UART.c ****     *
 140:.\Generated_Source\PSoC4/UART_In_SPI_UART.c ****     *******************************************************************************/
 141:.\Generated_Source\PSoC4/UART_In_SPI_UART.c ****     uint32 UART_In_SpiUartGetRxBufferSize(void)
 142:.\Generated_Source\PSoC4/UART_In_SPI_UART.c ****     {
  53              		.loc 1 142 0
  54              		.cfi_startproc
 143:.\Generated_Source\PSoC4/UART_In_SPI_UART.c ****         uint32 size;
 144:.\Generated_Source\PSoC4/UART_In_SPI_UART.c ****     #if (UART_In_INTERNAL_RX_SW_BUFFER_CONST)
 145:.\Generated_Source\PSoC4/UART_In_SPI_UART.c ****         uint32 locHead;
 146:.\Generated_Source\PSoC4/UART_In_SPI_UART.c ****     #endif /* (UART_In_INTERNAL_RX_SW_BUFFER_CONST) */
 147:.\Generated_Source\PSoC4/UART_In_SPI_UART.c **** 
 148:.\Generated_Source\PSoC4/UART_In_SPI_UART.c ****         #if (UART_In_CHECK_RX_SW_BUFFER)
 149:.\Generated_Source\PSoC4/UART_In_SPI_UART.c ****         {
 150:.\Generated_Source\PSoC4/UART_In_SPI_UART.c ****             locHead = UART_In_rxBufferHead;
 151:.\Generated_Source\PSoC4/UART_In_SPI_UART.c **** 
 152:.\Generated_Source\PSoC4/UART_In_SPI_UART.c ****             if(locHead >= UART_In_rxBufferTail)
 153:.\Generated_Source\PSoC4/UART_In_SPI_UART.c ****             {
 154:.\Generated_Source\PSoC4/UART_In_SPI_UART.c ****                 size = (locHead - UART_In_rxBufferTail);
 155:.\Generated_Source\PSoC4/UART_In_SPI_UART.c ****             }
 156:.\Generated_Source\PSoC4/UART_In_SPI_UART.c ****             else
 157:.\Generated_Source\PSoC4/UART_In_SPI_UART.c ****             {
 158:.\Generated_Source\PSoC4/UART_In_SPI_UART.c ****                 size = (locHead + (UART_In_INTERNAL_RX_BUFFER_SIZE - UART_In_rxBufferTail));
 159:.\Generated_Source\PSoC4/UART_In_SPI_UART.c ****             }
 160:.\Generated_Source\PSoC4/UART_In_SPI_UART.c ****         }
 161:.\Generated_Source\PSoC4/UART_In_SPI_UART.c ****         #else
 162:.\Generated_Source\PSoC4/UART_In_SPI_UART.c ****         {
 163:.\Generated_Source\PSoC4/UART_In_SPI_UART.c ****             size = UART_In_GET_RX_FIFO_ENTRIES;
  55              		.loc 1 163 0
  56 0000 0F20     		mov	r0, #15
  57 0002 024B     		ldr	r3, .L5
 164:.\Generated_Source\PSoC4/UART_In_SPI_UART.c ****         }
 165:.\Generated_Source\PSoC4/UART_In_SPI_UART.c ****         #endif
 166:.\Generated_Source\PSoC4/UART_In_SPI_UART.c **** 
 167:.\Generated_Source\PSoC4/UART_In_SPI_UART.c ****         return (size);
 168:.\Generated_Source\PSoC4/UART_In_SPI_UART.c ****     }
  58              		.loc 1 168 0
  59              		@ sp needed
ARM GAS  C:\Users\faithc\AppData\Local\Temp\ccO6fITI.s 			page 5


 163:.\Generated_Source\PSoC4/UART_In_SPI_UART.c ****         }
  60              		.loc 1 163 0
  61 0004 1B68     		ldr	r3, [r3]
  62              	.LVL2:
  63 0006 1840     		and	r0, r3
  64              	.LVL3:
  65              		.loc 1 168 0
  66 0008 7047     		bx	lr
  67              	.L6:
  68 000a C046     		.align	2
  69              	.L5:
  70 000c 08030740 		.word	1074201352
  71              		.cfi_endproc
  72              	.LFE1:
  73              		.size	UART_In_SpiUartGetRxBufferSize, .-UART_In_SpiUartGetRxBufferSize
  74              		.section	.text.UART_In_SpiUartClearRxBuffer,"ax",%progbits
  75              		.align	2
  76              		.global	UART_In_SpiUartClearRxBuffer
  77              		.code	16
  78              		.thumb_func
  79              		.type	UART_In_SpiUartClearRxBuffer, %function
  80              	UART_In_SpiUartClearRxBuffer:
  81              	.LFB2:
 169:.\Generated_Source\PSoC4/UART_In_SPI_UART.c **** 
 170:.\Generated_Source\PSoC4/UART_In_SPI_UART.c **** 
 171:.\Generated_Source\PSoC4/UART_In_SPI_UART.c ****     /*******************************************************************************
 172:.\Generated_Source\PSoC4/UART_In_SPI_UART.c ****     * Function Name: UART_In_SpiUartClearRxBuffer
 173:.\Generated_Source\PSoC4/UART_In_SPI_UART.c ****     ********************************************************************************
 174:.\Generated_Source\PSoC4/UART_In_SPI_UART.c ****     *
 175:.\Generated_Source\PSoC4/UART_In_SPI_UART.c ****     * Summary:
 176:.\Generated_Source\PSoC4/UART_In_SPI_UART.c ****     *  Clears the receive buffer and RX FIFO.
 177:.\Generated_Source\PSoC4/UART_In_SPI_UART.c ****     *
 178:.\Generated_Source\PSoC4/UART_In_SPI_UART.c ****     * Parameters:
 179:.\Generated_Source\PSoC4/UART_In_SPI_UART.c ****     *  None
 180:.\Generated_Source\PSoC4/UART_In_SPI_UART.c ****     *
 181:.\Generated_Source\PSoC4/UART_In_SPI_UART.c ****     * Return:
 182:.\Generated_Source\PSoC4/UART_In_SPI_UART.c ****     *  None
 183:.\Generated_Source\PSoC4/UART_In_SPI_UART.c ****     *
 184:.\Generated_Source\PSoC4/UART_In_SPI_UART.c ****     *******************************************************************************/
 185:.\Generated_Source\PSoC4/UART_In_SPI_UART.c ****     void UART_In_SpiUartClearRxBuffer(void)
 186:.\Generated_Source\PSoC4/UART_In_SPI_UART.c ****     {
  82              		.loc 1 186 0
  83              		.cfi_startproc
 187:.\Generated_Source\PSoC4/UART_In_SPI_UART.c ****         #if (UART_In_CHECK_RX_SW_BUFFER)
 188:.\Generated_Source\PSoC4/UART_In_SPI_UART.c ****         {
 189:.\Generated_Source\PSoC4/UART_In_SPI_UART.c ****             /* Lock from component interruption */
 190:.\Generated_Source\PSoC4/UART_In_SPI_UART.c ****             UART_In_DisableInt();
 191:.\Generated_Source\PSoC4/UART_In_SPI_UART.c **** 
 192:.\Generated_Source\PSoC4/UART_In_SPI_UART.c ****             /* Flush RX software buffer */
 193:.\Generated_Source\PSoC4/UART_In_SPI_UART.c ****             UART_In_rxBufferHead = UART_In_rxBufferTail;
 194:.\Generated_Source\PSoC4/UART_In_SPI_UART.c ****             UART_In_rxBufferOverflow = 0u;
 195:.\Generated_Source\PSoC4/UART_In_SPI_UART.c **** 
 196:.\Generated_Source\PSoC4/UART_In_SPI_UART.c ****             UART_In_CLEAR_RX_FIFO;
 197:.\Generated_Source\PSoC4/UART_In_SPI_UART.c ****             UART_In_ClearRxInterruptSource(UART_In_INTR_RX_ALL);
 198:.\Generated_Source\PSoC4/UART_In_SPI_UART.c **** 
 199:.\Generated_Source\PSoC4/UART_In_SPI_UART.c ****             #if (UART_In_CHECK_UART_RTS_CONTROL_FLOW)
 200:.\Generated_Source\PSoC4/UART_In_SPI_UART.c ****             {
ARM GAS  C:\Users\faithc\AppData\Local\Temp\ccO6fITI.s 			page 6


 201:.\Generated_Source\PSoC4/UART_In_SPI_UART.c ****                 /* Enable RX Not Empty interrupt source to continue receiving
 202:.\Generated_Source\PSoC4/UART_In_SPI_UART.c ****                 * data into software buffer.
 203:.\Generated_Source\PSoC4/UART_In_SPI_UART.c ****                 */
 204:.\Generated_Source\PSoC4/UART_In_SPI_UART.c ****                 UART_In_INTR_RX_MASK_REG |= UART_In_INTR_RX_NOT_EMPTY;
 205:.\Generated_Source\PSoC4/UART_In_SPI_UART.c ****             }
 206:.\Generated_Source\PSoC4/UART_In_SPI_UART.c ****             #endif
 207:.\Generated_Source\PSoC4/UART_In_SPI_UART.c **** 
 208:.\Generated_Source\PSoC4/UART_In_SPI_UART.c ****             /* Release lock */
 209:.\Generated_Source\PSoC4/UART_In_SPI_UART.c ****             UART_In_EnableInt();
 210:.\Generated_Source\PSoC4/UART_In_SPI_UART.c ****         }
 211:.\Generated_Source\PSoC4/UART_In_SPI_UART.c ****         #else
 212:.\Generated_Source\PSoC4/UART_In_SPI_UART.c ****         {
 213:.\Generated_Source\PSoC4/UART_In_SPI_UART.c ****             UART_In_CLEAR_RX_FIFO;
  84              		.loc 1 213 0
  85 0000 8021     		mov	r1, #128
  86 0002 054B     		ldr	r3, .L8
  87 0004 4902     		lsl	r1, r1, #9
  88 0006 1A68     		ldr	r2, [r3]
 214:.\Generated_Source\PSoC4/UART_In_SPI_UART.c ****         }
 215:.\Generated_Source\PSoC4/UART_In_SPI_UART.c ****         #endif
 216:.\Generated_Source\PSoC4/UART_In_SPI_UART.c ****     }
  89              		.loc 1 216 0
  90              		@ sp needed
 213:.\Generated_Source\PSoC4/UART_In_SPI_UART.c ****         }
  91              		.loc 1 213 0
  92 0008 0A43     		orr	r2, r1
  93 000a 1A60     		str	r2, [r3]
  94 000c 1968     		ldr	r1, [r3]
  95 000e 034A     		ldr	r2, .L8+4
  96 0010 0A40     		and	r2, r1
  97 0012 1A60     		str	r2, [r3]
  98              		.loc 1 216 0
  99 0014 7047     		bx	lr
 100              	.L9:
 101 0016 C046     		.align	2
 102              	.L8:
 103 0018 04030740 		.word	1074201348
 104 001c FFFFFEFF 		.word	-65537
 105              		.cfi_endproc
 106              	.LFE2:
 107              		.size	UART_In_SpiUartClearRxBuffer, .-UART_In_SpiUartClearRxBuffer
 108              		.section	.text.UART_In_SpiUartWriteTxData,"ax",%progbits
 109              		.align	2
 110              		.global	UART_In_SpiUartWriteTxData
 111              		.code	16
 112              		.thumb_func
 113              		.type	UART_In_SpiUartWriteTxData, %function
 114              	UART_In_SpiUartWriteTxData:
 115              	.LFB3:
 217:.\Generated_Source\PSoC4/UART_In_SPI_UART.c **** 
 218:.\Generated_Source\PSoC4/UART_In_SPI_UART.c **** #endif /* (UART_In_RX_DIRECTION) */
 219:.\Generated_Source\PSoC4/UART_In_SPI_UART.c **** 
 220:.\Generated_Source\PSoC4/UART_In_SPI_UART.c **** 
 221:.\Generated_Source\PSoC4/UART_In_SPI_UART.c **** #if(UART_In_TX_DIRECTION)
 222:.\Generated_Source\PSoC4/UART_In_SPI_UART.c ****     /*******************************************************************************
 223:.\Generated_Source\PSoC4/UART_In_SPI_UART.c ****     * Function Name: UART_In_SpiUartWriteTxData
 224:.\Generated_Source\PSoC4/UART_In_SPI_UART.c ****     ********************************************************************************
ARM GAS  C:\Users\faithc\AppData\Local\Temp\ccO6fITI.s 			page 7


 225:.\Generated_Source\PSoC4/UART_In_SPI_UART.c ****     *
 226:.\Generated_Source\PSoC4/UART_In_SPI_UART.c ****     * Summary:
 227:.\Generated_Source\PSoC4/UART_In_SPI_UART.c ****     *  Places a data entry into the transmit buffer to be sent at the next available
 228:.\Generated_Source\PSoC4/UART_In_SPI_UART.c ****     *  bus time.
 229:.\Generated_Source\PSoC4/UART_In_SPI_UART.c ****     *  This function is blocking and waits until there is space available to put the
 230:.\Generated_Source\PSoC4/UART_In_SPI_UART.c ****     *  requested data in the transmit buffer.
 231:.\Generated_Source\PSoC4/UART_In_SPI_UART.c ****     *
 232:.\Generated_Source\PSoC4/UART_In_SPI_UART.c ****     * Parameters:
 233:.\Generated_Source\PSoC4/UART_In_SPI_UART.c ****     *  txDataByte: the data to be transmitted.
 234:.\Generated_Source\PSoC4/UART_In_SPI_UART.c ****     *
 235:.\Generated_Source\PSoC4/UART_In_SPI_UART.c ****     * Return:
 236:.\Generated_Source\PSoC4/UART_In_SPI_UART.c ****     *  None
 237:.\Generated_Source\PSoC4/UART_In_SPI_UART.c ****     *
 238:.\Generated_Source\PSoC4/UART_In_SPI_UART.c ****     *******************************************************************************/
 239:.\Generated_Source\PSoC4/UART_In_SPI_UART.c ****     void UART_In_SpiUartWriteTxData(uint32 txData)
 240:.\Generated_Source\PSoC4/UART_In_SPI_UART.c ****     {
 116              		.loc 1 240 0
 117              		.cfi_startproc
 118              	.LVL4:
 241:.\Generated_Source\PSoC4/UART_In_SPI_UART.c ****     #if (UART_In_INTERNAL_TX_SW_BUFFER_CONST)
 242:.\Generated_Source\PSoC4/UART_In_SPI_UART.c ****         uint32 locHead;
 243:.\Generated_Source\PSoC4/UART_In_SPI_UART.c ****     #endif /* (UART_In_INTERNAL_TX_SW_BUFFER_CONST) */
 244:.\Generated_Source\PSoC4/UART_In_SPI_UART.c **** 
 245:.\Generated_Source\PSoC4/UART_In_SPI_UART.c ****         #if (UART_In_CHECK_TX_SW_BUFFER)
 246:.\Generated_Source\PSoC4/UART_In_SPI_UART.c ****         {
 247:.\Generated_Source\PSoC4/UART_In_SPI_UART.c ****             /* Put data directly into the TX FIFO */
 248:.\Generated_Source\PSoC4/UART_In_SPI_UART.c ****             if ((UART_In_txBufferHead == UART_In_txBufferTail) &&
 249:.\Generated_Source\PSoC4/UART_In_SPI_UART.c ****                 (UART_In_SPI_UART_FIFO_SIZE != UART_In_GET_TX_FIFO_ENTRIES))
 250:.\Generated_Source\PSoC4/UART_In_SPI_UART.c ****             {
 251:.\Generated_Source\PSoC4/UART_In_SPI_UART.c ****                 /* TX software buffer is empty: put data directly in TX FIFO */
 252:.\Generated_Source\PSoC4/UART_In_SPI_UART.c ****                 UART_In_TX_FIFO_WR_REG = txData;
 253:.\Generated_Source\PSoC4/UART_In_SPI_UART.c ****             }
 254:.\Generated_Source\PSoC4/UART_In_SPI_UART.c ****             /* Put data into TX software buffer */
 255:.\Generated_Source\PSoC4/UART_In_SPI_UART.c ****             else
 256:.\Generated_Source\PSoC4/UART_In_SPI_UART.c ****             {
 257:.\Generated_Source\PSoC4/UART_In_SPI_UART.c ****                 /* Head index to put data */
 258:.\Generated_Source\PSoC4/UART_In_SPI_UART.c ****                 locHead = (UART_In_txBufferHead + 1u);
 259:.\Generated_Source\PSoC4/UART_In_SPI_UART.c **** 
 260:.\Generated_Source\PSoC4/UART_In_SPI_UART.c ****                 /* Adjust TX software buffer index */
 261:.\Generated_Source\PSoC4/UART_In_SPI_UART.c ****                 if (UART_In_TX_BUFFER_SIZE == locHead)
 262:.\Generated_Source\PSoC4/UART_In_SPI_UART.c ****                 {
 263:.\Generated_Source\PSoC4/UART_In_SPI_UART.c ****                     locHead = 0u;
 264:.\Generated_Source\PSoC4/UART_In_SPI_UART.c ****                 }
 265:.\Generated_Source\PSoC4/UART_In_SPI_UART.c **** 
 266:.\Generated_Source\PSoC4/UART_In_SPI_UART.c ****                 /* Wait for space in TX software buffer */
 267:.\Generated_Source\PSoC4/UART_In_SPI_UART.c ****                 while (locHead == UART_In_txBufferTail)
 268:.\Generated_Source\PSoC4/UART_In_SPI_UART.c ****                 {
 269:.\Generated_Source\PSoC4/UART_In_SPI_UART.c ****                 }
 270:.\Generated_Source\PSoC4/UART_In_SPI_UART.c **** 
 271:.\Generated_Source\PSoC4/UART_In_SPI_UART.c ****                 /* TX software buffer has at least one room */
 272:.\Generated_Source\PSoC4/UART_In_SPI_UART.c **** 
 273:.\Generated_Source\PSoC4/UART_In_SPI_UART.c ****                 /* Clear old status of INTR_TX_NOT_FULL. It sets at the end of transfer when TX FIF
 274:.\Generated_Source\PSoC4/UART_In_SPI_UART.c ****                 UART_In_ClearTxInterruptSource(UART_In_INTR_TX_NOT_FULL);
 275:.\Generated_Source\PSoC4/UART_In_SPI_UART.c **** 
 276:.\Generated_Source\PSoC4/UART_In_SPI_UART.c ****                 UART_In_PutWordInTxBuffer(locHead, txData);
 277:.\Generated_Source\PSoC4/UART_In_SPI_UART.c **** 
 278:.\Generated_Source\PSoC4/UART_In_SPI_UART.c ****                 UART_In_txBufferHead = locHead;
ARM GAS  C:\Users\faithc\AppData\Local\Temp\ccO6fITI.s 			page 8


 279:.\Generated_Source\PSoC4/UART_In_SPI_UART.c **** 
 280:.\Generated_Source\PSoC4/UART_In_SPI_UART.c ****                 /* Check if TX Not Full is disabled in interrupt */
 281:.\Generated_Source\PSoC4/UART_In_SPI_UART.c ****                 if (0u == (UART_In_INTR_TX_MASK_REG & UART_In_INTR_TX_NOT_FULL))
 282:.\Generated_Source\PSoC4/UART_In_SPI_UART.c ****                 {
 283:.\Generated_Source\PSoC4/UART_In_SPI_UART.c ****                     /* Enable TX Not Full interrupt source to transmit from software buffer */
 284:.\Generated_Source\PSoC4/UART_In_SPI_UART.c ****                     UART_In_INTR_TX_MASK_REG |= (uint32) UART_In_INTR_TX_NOT_FULL;
 285:.\Generated_Source\PSoC4/UART_In_SPI_UART.c ****                 }
 286:.\Generated_Source\PSoC4/UART_In_SPI_UART.c ****             }
 287:.\Generated_Source\PSoC4/UART_In_SPI_UART.c ****         }
 288:.\Generated_Source\PSoC4/UART_In_SPI_UART.c ****         #else
 289:.\Generated_Source\PSoC4/UART_In_SPI_UART.c ****         {
 290:.\Generated_Source\PSoC4/UART_In_SPI_UART.c ****             /* Wait until TX FIFO has space to put data element */
 291:.\Generated_Source\PSoC4/UART_In_SPI_UART.c ****             while (UART_In_SPI_UART_FIFO_SIZE == UART_In_GET_TX_FIFO_ENTRIES)
 119              		.loc 1 291 0
 120 0000 0F22     		mov	r2, #15
 121 0002 0449     		ldr	r1, .L15
 122              	.L11:
 123              		.loc 1 291 0 is_stmt 0 discriminator 1
 124 0004 0B68     		ldr	r3, [r1]
 125 0006 1340     		and	r3, r2
 126 0008 082B     		cmp	r3, #8
 127 000a FBD0     		beq	.L11
 292:.\Generated_Source\PSoC4/UART_In_SPI_UART.c ****             {
 293:.\Generated_Source\PSoC4/UART_In_SPI_UART.c ****             }
 294:.\Generated_Source\PSoC4/UART_In_SPI_UART.c **** 
 295:.\Generated_Source\PSoC4/UART_In_SPI_UART.c ****             UART_In_TX_FIFO_WR_REG = txData;
 128              		.loc 1 295 0 is_stmt 1
 129 000c 024B     		ldr	r3, .L15+4
 296:.\Generated_Source\PSoC4/UART_In_SPI_UART.c ****         }
 297:.\Generated_Source\PSoC4/UART_In_SPI_UART.c ****         #endif
 298:.\Generated_Source\PSoC4/UART_In_SPI_UART.c ****     }
 130              		.loc 1 298 0
 131              		@ sp needed
 295:.\Generated_Source\PSoC4/UART_In_SPI_UART.c ****         }
 132              		.loc 1 295 0
 133 000e 1860     		str	r0, [r3]
 134              		.loc 1 298 0
 135 0010 7047     		bx	lr
 136              	.L16:
 137 0012 C046     		.align	2
 138              	.L15:
 139 0014 08020740 		.word	1074201096
 140 0018 40020740 		.word	1074201152
 141              		.cfi_endproc
 142              	.LFE3:
 143              		.size	UART_In_SpiUartWriteTxData, .-UART_In_SpiUartWriteTxData
 144              		.section	.text.UART_In_SpiUartPutArray,"ax",%progbits
 145              		.align	2
 146              		.global	UART_In_SpiUartPutArray
 147              		.code	16
 148              		.thumb_func
 149              		.type	UART_In_SpiUartPutArray, %function
 150              	UART_In_SpiUartPutArray:
 151              	.LFB4:
 299:.\Generated_Source\PSoC4/UART_In_SPI_UART.c **** 
 300:.\Generated_Source\PSoC4/UART_In_SPI_UART.c **** 
 301:.\Generated_Source\PSoC4/UART_In_SPI_UART.c ****     /*******************************************************************************
ARM GAS  C:\Users\faithc\AppData\Local\Temp\ccO6fITI.s 			page 9


 302:.\Generated_Source\PSoC4/UART_In_SPI_UART.c ****     * Function Name: UART_In_SpiUartPutArray
 303:.\Generated_Source\PSoC4/UART_In_SPI_UART.c ****     ********************************************************************************
 304:.\Generated_Source\PSoC4/UART_In_SPI_UART.c ****     *
 305:.\Generated_Source\PSoC4/UART_In_SPI_UART.c ****     * Summary:
 306:.\Generated_Source\PSoC4/UART_In_SPI_UART.c ****     *  Places an array of data into the transmit buffer to be sent.
 307:.\Generated_Source\PSoC4/UART_In_SPI_UART.c ****     *  This function is blocking and waits until there is a space available to put
 308:.\Generated_Source\PSoC4/UART_In_SPI_UART.c ****     *  all the requested data in the transmit buffer. The array size can be greater
 309:.\Generated_Source\PSoC4/UART_In_SPI_UART.c ****     *  than transmit buffer size.
 310:.\Generated_Source\PSoC4/UART_In_SPI_UART.c ****     *
 311:.\Generated_Source\PSoC4/UART_In_SPI_UART.c ****     * Parameters:
 312:.\Generated_Source\PSoC4/UART_In_SPI_UART.c ****     *  wrBuf:  pointer to an array with data to be placed in transmit buffer.
 313:.\Generated_Source\PSoC4/UART_In_SPI_UART.c ****     *  count:  number of data elements to be placed in the transmit buffer.
 314:.\Generated_Source\PSoC4/UART_In_SPI_UART.c ****     *
 315:.\Generated_Source\PSoC4/UART_In_SPI_UART.c ****     * Return:
 316:.\Generated_Source\PSoC4/UART_In_SPI_UART.c ****     *  None
 317:.\Generated_Source\PSoC4/UART_In_SPI_UART.c ****     *
 318:.\Generated_Source\PSoC4/UART_In_SPI_UART.c ****     *******************************************************************************/
 319:.\Generated_Source\PSoC4/UART_In_SPI_UART.c ****     void UART_In_SpiUartPutArray(const uint8 wrBuf[], uint32 count)
 320:.\Generated_Source\PSoC4/UART_In_SPI_UART.c ****     {
 152              		.loc 1 320 0
 153              		.cfi_startproc
 154              	.LVL5:
 155 0000 70B5     		push	{r4, r5, r6, lr}
 156              		.cfi_def_cfa_offset 16
 157              		.cfi_offset 4, -16
 158              		.cfi_offset 5, -12
 159              		.cfi_offset 6, -8
 160              		.cfi_offset 14, -4
 161 0002 4618     		add	r6, r0, r1
 321:.\Generated_Source\PSoC4/UART_In_SPI_UART.c ****         uint32 i;
 322:.\Generated_Source\PSoC4/UART_In_SPI_UART.c **** 
 323:.\Generated_Source\PSoC4/UART_In_SPI_UART.c ****         for (i=0u; i < count; i++)
 162              		.loc 1 323 0
 163 0004 0029     		cmp	r1, #0
 164 0006 0BD0     		beq	.L17
 165              	.LBB4:
 166              	.LBB5:
 291:.\Generated_Source\PSoC4/UART_In_SPI_UART.c ****             {
 167              		.loc 1 291 0 discriminator 3
 168 0008 0F22     		mov	r2, #15
 169 000a 0649     		ldr	r1, .L26
 170              	.LVL6:
 295:.\Generated_Source\PSoC4/UART_In_SPI_UART.c ****         }
 171              		.loc 1 295 0 discriminator 3
 172 000c 064D     		ldr	r5, .L26+4
 173              	.LVL7:
 174              	.L23:
 175              	.LBE5:
 176              	.LBE4:
 324:.\Generated_Source\PSoC4/UART_In_SPI_UART.c ****         {
 325:.\Generated_Source\PSoC4/UART_In_SPI_UART.c ****             UART_In_SpiUartWriteTxData((uint32) wrBuf[i]);
 177              		.loc 1 325 0 discriminator 3
 178 000e 0478     		ldrb	r4, [r0]
 179              	.LVL8:
 180              	.L19:
 181              	.LBB7:
 182              	.LBB6:
ARM GAS  C:\Users\faithc\AppData\Local\Temp\ccO6fITI.s 			page 10


 291:.\Generated_Source\PSoC4/UART_In_SPI_UART.c ****             {
 183              		.loc 1 291 0
 184 0010 0B68     		ldr	r3, [r1]
 185 0012 1340     		and	r3, r2
 186 0014 082B     		cmp	r3, #8
 187 0016 FBD0     		beq	.L19
 188 0018 0130     		add	r0, r0, #1
 189              	.LVL9:
 295:.\Generated_Source\PSoC4/UART_In_SPI_UART.c ****         }
 190              		.loc 1 295 0
 191 001a 2C60     		str	r4, [r5]
 192              	.LVL10:
 193              	.LBE6:
 194              	.LBE7:
 323:.\Generated_Source\PSoC4/UART_In_SPI_UART.c ****         {
 195              		.loc 1 323 0
 196 001c B042     		cmp	r0, r6
 197 001e F6D1     		bne	.L23
 198              	.LVL11:
 199              	.L17:
 326:.\Generated_Source\PSoC4/UART_In_SPI_UART.c ****         }
 327:.\Generated_Source\PSoC4/UART_In_SPI_UART.c ****     }
 200              		.loc 1 327 0
 201              		@ sp needed
 202 0020 70BD     		pop	{r4, r5, r6, pc}
 203              	.L27:
 204 0022 C046     		.align	2
 205              	.L26:
 206 0024 08020740 		.word	1074201096
 207 0028 40020740 		.word	1074201152
 208              		.cfi_endproc
 209              	.LFE4:
 210              		.size	UART_In_SpiUartPutArray, .-UART_In_SpiUartPutArray
 211              		.section	.text.UART_In_SpiUartGetTxBufferSize,"ax",%progbits
 212              		.align	2
 213              		.global	UART_In_SpiUartGetTxBufferSize
 214              		.code	16
 215              		.thumb_func
 216              		.type	UART_In_SpiUartGetTxBufferSize, %function
 217              	UART_In_SpiUartGetTxBufferSize:
 218              	.LFB5:
 328:.\Generated_Source\PSoC4/UART_In_SPI_UART.c **** 
 329:.\Generated_Source\PSoC4/UART_In_SPI_UART.c **** 
 330:.\Generated_Source\PSoC4/UART_In_SPI_UART.c ****     /*******************************************************************************
 331:.\Generated_Source\PSoC4/UART_In_SPI_UART.c ****     * Function Name: UART_In_SpiUartGetTxBufferSize
 332:.\Generated_Source\PSoC4/UART_In_SPI_UART.c ****     ********************************************************************************
 333:.\Generated_Source\PSoC4/UART_In_SPI_UART.c ****     *
 334:.\Generated_Source\PSoC4/UART_In_SPI_UART.c ****     * Summary:
 335:.\Generated_Source\PSoC4/UART_In_SPI_UART.c ****     * Returns the number of elements currently in the transmit buffer.
 336:.\Generated_Source\PSoC4/UART_In_SPI_UART.c ****     *  - TX software buffer is disabled: returns the number of used entries in
 337:.\Generated_Source\PSoC4/UART_In_SPI_UART.c ****     *    TX FIFO.
 338:.\Generated_Source\PSoC4/UART_In_SPI_UART.c ****     *  - TX software buffer is enabled: returns the number of elements currently
 339:.\Generated_Source\PSoC4/UART_In_SPI_UART.c ****     *    used in the transmit buffer. This number does not include used entries in
 340:.\Generated_Source\PSoC4/UART_In_SPI_UART.c ****     *    the TX FIFO. The transmit buffer size is zero until the TX FIFO is
 341:.\Generated_Source\PSoC4/UART_In_SPI_UART.c ****     *    not full.
 342:.\Generated_Source\PSoC4/UART_In_SPI_UART.c ****     *
 343:.\Generated_Source\PSoC4/UART_In_SPI_UART.c ****     * Parameters:
ARM GAS  C:\Users\faithc\AppData\Local\Temp\ccO6fITI.s 			page 11


 344:.\Generated_Source\PSoC4/UART_In_SPI_UART.c ****     *  None
 345:.\Generated_Source\PSoC4/UART_In_SPI_UART.c ****     *
 346:.\Generated_Source\PSoC4/UART_In_SPI_UART.c ****     * Return:
 347:.\Generated_Source\PSoC4/UART_In_SPI_UART.c ****     *  Number of data elements ready to transmit.
 348:.\Generated_Source\PSoC4/UART_In_SPI_UART.c ****     *
 349:.\Generated_Source\PSoC4/UART_In_SPI_UART.c ****     *******************************************************************************/
 350:.\Generated_Source\PSoC4/UART_In_SPI_UART.c ****     uint32 UART_In_SpiUartGetTxBufferSize(void)
 351:.\Generated_Source\PSoC4/UART_In_SPI_UART.c ****     {
 219              		.loc 1 351 0
 220              		.cfi_startproc
 352:.\Generated_Source\PSoC4/UART_In_SPI_UART.c ****         uint32 size;
 353:.\Generated_Source\PSoC4/UART_In_SPI_UART.c ****     #if (UART_In_INTERNAL_TX_SW_BUFFER_CONST)
 354:.\Generated_Source\PSoC4/UART_In_SPI_UART.c ****         uint32 locTail;
 355:.\Generated_Source\PSoC4/UART_In_SPI_UART.c ****     #endif /* (UART_In_INTERNAL_TX_SW_BUFFER_CONST) */
 356:.\Generated_Source\PSoC4/UART_In_SPI_UART.c **** 
 357:.\Generated_Source\PSoC4/UART_In_SPI_UART.c ****         #if (UART_In_CHECK_TX_SW_BUFFER)
 358:.\Generated_Source\PSoC4/UART_In_SPI_UART.c ****         {
 359:.\Generated_Source\PSoC4/UART_In_SPI_UART.c ****             /* Get current Tail index */
 360:.\Generated_Source\PSoC4/UART_In_SPI_UART.c ****             locTail = UART_In_txBufferTail;
 361:.\Generated_Source\PSoC4/UART_In_SPI_UART.c **** 
 362:.\Generated_Source\PSoC4/UART_In_SPI_UART.c ****             if (UART_In_txBufferHead >= locTail)
 363:.\Generated_Source\PSoC4/UART_In_SPI_UART.c ****             {
 364:.\Generated_Source\PSoC4/UART_In_SPI_UART.c ****                 size = (UART_In_txBufferHead - locTail);
 365:.\Generated_Source\PSoC4/UART_In_SPI_UART.c ****             }
 366:.\Generated_Source\PSoC4/UART_In_SPI_UART.c ****             else
 367:.\Generated_Source\PSoC4/UART_In_SPI_UART.c ****             {
 368:.\Generated_Source\PSoC4/UART_In_SPI_UART.c ****                 size = (UART_In_txBufferHead + (UART_In_TX_BUFFER_SIZE - locTail));
 369:.\Generated_Source\PSoC4/UART_In_SPI_UART.c ****             }
 370:.\Generated_Source\PSoC4/UART_In_SPI_UART.c ****         }
 371:.\Generated_Source\PSoC4/UART_In_SPI_UART.c ****         #else
 372:.\Generated_Source\PSoC4/UART_In_SPI_UART.c ****         {
 373:.\Generated_Source\PSoC4/UART_In_SPI_UART.c ****             size = UART_In_GET_TX_FIFO_ENTRIES;
 221              		.loc 1 373 0
 222 0000 0F20     		mov	r0, #15
 223 0002 024B     		ldr	r3, .L29
 374:.\Generated_Source\PSoC4/UART_In_SPI_UART.c ****         }
 375:.\Generated_Source\PSoC4/UART_In_SPI_UART.c ****         #endif
 376:.\Generated_Source\PSoC4/UART_In_SPI_UART.c **** 
 377:.\Generated_Source\PSoC4/UART_In_SPI_UART.c ****         return (size);
 378:.\Generated_Source\PSoC4/UART_In_SPI_UART.c ****     }
 224              		.loc 1 378 0
 225              		@ sp needed
 373:.\Generated_Source\PSoC4/UART_In_SPI_UART.c ****         }
 226              		.loc 1 373 0
 227 0004 1B68     		ldr	r3, [r3]
 228              	.LVL12:
 229 0006 1840     		and	r0, r3
 230              	.LVL13:
 231              		.loc 1 378 0
 232 0008 7047     		bx	lr
 233              	.L30:
 234 000a C046     		.align	2
 235              	.L29:
 236 000c 08020740 		.word	1074201096
 237              		.cfi_endproc
 238              	.LFE5:
 239              		.size	UART_In_SpiUartGetTxBufferSize, .-UART_In_SpiUartGetTxBufferSize
ARM GAS  C:\Users\faithc\AppData\Local\Temp\ccO6fITI.s 			page 12


 240              		.section	.text.UART_In_SpiUartClearTxBuffer,"ax",%progbits
 241              		.align	2
 242              		.global	UART_In_SpiUartClearTxBuffer
 243              		.code	16
 244              		.thumb_func
 245              		.type	UART_In_SpiUartClearTxBuffer, %function
 246              	UART_In_SpiUartClearTxBuffer:
 247              	.LFB6:
 379:.\Generated_Source\PSoC4/UART_In_SPI_UART.c **** 
 380:.\Generated_Source\PSoC4/UART_In_SPI_UART.c **** 
 381:.\Generated_Source\PSoC4/UART_In_SPI_UART.c ****     /*******************************************************************************
 382:.\Generated_Source\PSoC4/UART_In_SPI_UART.c ****     * Function Name: UART_In_SpiUartClearTxBuffer
 383:.\Generated_Source\PSoC4/UART_In_SPI_UART.c ****     ********************************************************************************
 384:.\Generated_Source\PSoC4/UART_In_SPI_UART.c ****     *
 385:.\Generated_Source\PSoC4/UART_In_SPI_UART.c ****     * Summary:
 386:.\Generated_Source\PSoC4/UART_In_SPI_UART.c ****     *  Clears the transmit buffer and TX FIFO.
 387:.\Generated_Source\PSoC4/UART_In_SPI_UART.c ****     *
 388:.\Generated_Source\PSoC4/UART_In_SPI_UART.c ****     * Parameters:
 389:.\Generated_Source\PSoC4/UART_In_SPI_UART.c ****     *  None
 390:.\Generated_Source\PSoC4/UART_In_SPI_UART.c ****     *
 391:.\Generated_Source\PSoC4/UART_In_SPI_UART.c ****     * Return:
 392:.\Generated_Source\PSoC4/UART_In_SPI_UART.c ****     *  None
 393:.\Generated_Source\PSoC4/UART_In_SPI_UART.c ****     *
 394:.\Generated_Source\PSoC4/UART_In_SPI_UART.c ****     *******************************************************************************/
 395:.\Generated_Source\PSoC4/UART_In_SPI_UART.c ****     void UART_In_SpiUartClearTxBuffer(void)
 396:.\Generated_Source\PSoC4/UART_In_SPI_UART.c ****     {
 248              		.loc 1 396 0
 249              		.cfi_startproc
 397:.\Generated_Source\PSoC4/UART_In_SPI_UART.c ****         #if (UART_In_CHECK_TX_SW_BUFFER)
 398:.\Generated_Source\PSoC4/UART_In_SPI_UART.c ****         {
 399:.\Generated_Source\PSoC4/UART_In_SPI_UART.c ****             /* Lock from component interruption */
 400:.\Generated_Source\PSoC4/UART_In_SPI_UART.c ****             UART_In_DisableInt();
 401:.\Generated_Source\PSoC4/UART_In_SPI_UART.c **** 
 402:.\Generated_Source\PSoC4/UART_In_SPI_UART.c ****             /* Flush TX software buffer */
 403:.\Generated_Source\PSoC4/UART_In_SPI_UART.c ****             UART_In_txBufferHead = UART_In_txBufferTail;
 404:.\Generated_Source\PSoC4/UART_In_SPI_UART.c **** 
 405:.\Generated_Source\PSoC4/UART_In_SPI_UART.c ****             UART_In_INTR_TX_MASK_REG &= (uint32) ~UART_In_INTR_TX_NOT_FULL;
 406:.\Generated_Source\PSoC4/UART_In_SPI_UART.c ****             UART_In_CLEAR_TX_FIFO;
 407:.\Generated_Source\PSoC4/UART_In_SPI_UART.c ****             UART_In_ClearTxInterruptSource(UART_In_INTR_TX_ALL);
 408:.\Generated_Source\PSoC4/UART_In_SPI_UART.c **** 
 409:.\Generated_Source\PSoC4/UART_In_SPI_UART.c ****             /* Release lock */
 410:.\Generated_Source\PSoC4/UART_In_SPI_UART.c ****             UART_In_EnableInt();
 411:.\Generated_Source\PSoC4/UART_In_SPI_UART.c ****         }
 412:.\Generated_Source\PSoC4/UART_In_SPI_UART.c ****         #else
 413:.\Generated_Source\PSoC4/UART_In_SPI_UART.c ****         {
 414:.\Generated_Source\PSoC4/UART_In_SPI_UART.c ****             UART_In_CLEAR_TX_FIFO;
 250              		.loc 1 414 0
 251 0000 8021     		mov	r1, #128
 252 0002 054B     		ldr	r3, .L32
 253 0004 4902     		lsl	r1, r1, #9
 254 0006 1A68     		ldr	r2, [r3]
 415:.\Generated_Source\PSoC4/UART_In_SPI_UART.c ****         }
 416:.\Generated_Source\PSoC4/UART_In_SPI_UART.c ****         #endif
 417:.\Generated_Source\PSoC4/UART_In_SPI_UART.c ****     }
 255              		.loc 1 417 0
 256              		@ sp needed
 414:.\Generated_Source\PSoC4/UART_In_SPI_UART.c ****         }
ARM GAS  C:\Users\faithc\AppData\Local\Temp\ccO6fITI.s 			page 13


 257              		.loc 1 414 0
 258 0008 0A43     		orr	r2, r1
 259 000a 1A60     		str	r2, [r3]
 260 000c 1968     		ldr	r1, [r3]
 261 000e 034A     		ldr	r2, .L32+4
 262 0010 0A40     		and	r2, r1
 263 0012 1A60     		str	r2, [r3]
 264              		.loc 1 417 0
 265 0014 7047     		bx	lr
 266              	.L33:
 267 0016 C046     		.align	2
 268              	.L32:
 269 0018 04020740 		.word	1074201092
 270 001c FFFFFEFF 		.word	-65537
 271              		.cfi_endproc
 272              	.LFE6:
 273              		.size	UART_In_SpiUartClearTxBuffer, .-UART_In_SpiUartClearTxBuffer
 274              		.section	.text.UART_In_SpiUartDisableIntRx,"ax",%progbits
 275              		.align	2
 276              		.global	UART_In_SpiUartDisableIntRx
 277              		.code	16
 278              		.thumb_func
 279              		.type	UART_In_SpiUartDisableIntRx, %function
 280              	UART_In_SpiUartDisableIntRx:
 281              	.LFB7:
 418:.\Generated_Source\PSoC4/UART_In_SPI_UART.c **** 
 419:.\Generated_Source\PSoC4/UART_In_SPI_UART.c **** #endif /* (UART_In_TX_DIRECTION) */
 420:.\Generated_Source\PSoC4/UART_In_SPI_UART.c **** 
 421:.\Generated_Source\PSoC4/UART_In_SPI_UART.c **** 
 422:.\Generated_Source\PSoC4/UART_In_SPI_UART.c **** /*******************************************************************************
 423:.\Generated_Source\PSoC4/UART_In_SPI_UART.c **** * Function Name: UART_In_SpiUartDisableIntRx
 424:.\Generated_Source\PSoC4/UART_In_SPI_UART.c **** ********************************************************************************
 425:.\Generated_Source\PSoC4/UART_In_SPI_UART.c **** *
 426:.\Generated_Source\PSoC4/UART_In_SPI_UART.c **** * Summary:
 427:.\Generated_Source\PSoC4/UART_In_SPI_UART.c **** *  Disables the RX interrupt sources.
 428:.\Generated_Source\PSoC4/UART_In_SPI_UART.c **** *
 429:.\Generated_Source\PSoC4/UART_In_SPI_UART.c **** * Parameters:
 430:.\Generated_Source\PSoC4/UART_In_SPI_UART.c **** *  None
 431:.\Generated_Source\PSoC4/UART_In_SPI_UART.c **** *
 432:.\Generated_Source\PSoC4/UART_In_SPI_UART.c **** * Return:
 433:.\Generated_Source\PSoC4/UART_In_SPI_UART.c **** *  Returns the RX interrupt sources enabled before the function call.
 434:.\Generated_Source\PSoC4/UART_In_SPI_UART.c **** *
 435:.\Generated_Source\PSoC4/UART_In_SPI_UART.c **** *******************************************************************************/
 436:.\Generated_Source\PSoC4/UART_In_SPI_UART.c **** uint32 UART_In_SpiUartDisableIntRx(void)
 437:.\Generated_Source\PSoC4/UART_In_SPI_UART.c **** {
 282              		.loc 1 437 0
 283              		.cfi_startproc
 438:.\Generated_Source\PSoC4/UART_In_SPI_UART.c ****     uint32 intSource;
 439:.\Generated_Source\PSoC4/UART_In_SPI_UART.c **** 
 440:.\Generated_Source\PSoC4/UART_In_SPI_UART.c ****     intSource = UART_In_GetRxInterruptMode();
 441:.\Generated_Source\PSoC4/UART_In_SPI_UART.c **** 
 442:.\Generated_Source\PSoC4/UART_In_SPI_UART.c ****     UART_In_SetRxInterruptMode(UART_In_NO_INTR_SOURCES);
 284              		.loc 1 442 0
 285 0000 0022     		mov	r2, #0
 440:.\Generated_Source\PSoC4/UART_In_SPI_UART.c **** 
 286              		.loc 1 440 0
 287 0002 024B     		ldr	r3, .L35
ARM GAS  C:\Users\faithc\AppData\Local\Temp\ccO6fITI.s 			page 14


 443:.\Generated_Source\PSoC4/UART_In_SPI_UART.c **** 
 444:.\Generated_Source\PSoC4/UART_In_SPI_UART.c ****     return (intSource);
 445:.\Generated_Source\PSoC4/UART_In_SPI_UART.c **** }
 288              		.loc 1 445 0
 289              		@ sp needed
 440:.\Generated_Source\PSoC4/UART_In_SPI_UART.c **** 
 290              		.loc 1 440 0
 291 0004 1868     		ldr	r0, [r3]
 292              	.LVL14:
 442:.\Generated_Source\PSoC4/UART_In_SPI_UART.c **** 
 293              		.loc 1 442 0
 294 0006 1A60     		str	r2, [r3]
 295              		.loc 1 445 0
 296 0008 7047     		bx	lr
 297              	.L36:
 298 000a C046     		.align	2
 299              	.L35:
 300 000c C80F0740 		.word	1074204616
 301              		.cfi_endproc
 302              	.LFE7:
 303              		.size	UART_In_SpiUartDisableIntRx, .-UART_In_SpiUartDisableIntRx
 304              		.section	.text.UART_In_SpiUartDisableIntTx,"ax",%progbits
 305              		.align	2
 306              		.global	UART_In_SpiUartDisableIntTx
 307              		.code	16
 308              		.thumb_func
 309              		.type	UART_In_SpiUartDisableIntTx, %function
 310              	UART_In_SpiUartDisableIntTx:
 311              	.LFB8:
 446:.\Generated_Source\PSoC4/UART_In_SPI_UART.c **** 
 447:.\Generated_Source\PSoC4/UART_In_SPI_UART.c **** 
 448:.\Generated_Source\PSoC4/UART_In_SPI_UART.c **** /*******************************************************************************
 449:.\Generated_Source\PSoC4/UART_In_SPI_UART.c **** * Function Name: UART_In_SpiUartDisableIntTx
 450:.\Generated_Source\PSoC4/UART_In_SPI_UART.c **** ********************************************************************************
 451:.\Generated_Source\PSoC4/UART_In_SPI_UART.c **** *
 452:.\Generated_Source\PSoC4/UART_In_SPI_UART.c **** * Summary:
 453:.\Generated_Source\PSoC4/UART_In_SPI_UART.c **** *  Disables TX interrupt sources.
 454:.\Generated_Source\PSoC4/UART_In_SPI_UART.c **** *
 455:.\Generated_Source\PSoC4/UART_In_SPI_UART.c **** * Parameters:
 456:.\Generated_Source\PSoC4/UART_In_SPI_UART.c **** *  None
 457:.\Generated_Source\PSoC4/UART_In_SPI_UART.c **** *
 458:.\Generated_Source\PSoC4/UART_In_SPI_UART.c **** * Return:
 459:.\Generated_Source\PSoC4/UART_In_SPI_UART.c **** *  Returns TX interrupt sources enabled before function call.
 460:.\Generated_Source\PSoC4/UART_In_SPI_UART.c **** *
 461:.\Generated_Source\PSoC4/UART_In_SPI_UART.c **** *******************************************************************************/
 462:.\Generated_Source\PSoC4/UART_In_SPI_UART.c **** uint32 UART_In_SpiUartDisableIntTx(void)
 463:.\Generated_Source\PSoC4/UART_In_SPI_UART.c **** {
 312              		.loc 1 463 0
 313              		.cfi_startproc
 464:.\Generated_Source\PSoC4/UART_In_SPI_UART.c ****     uint32 intSourceMask;
 465:.\Generated_Source\PSoC4/UART_In_SPI_UART.c **** 
 466:.\Generated_Source\PSoC4/UART_In_SPI_UART.c ****     intSourceMask = UART_In_GetTxInterruptMode();
 467:.\Generated_Source\PSoC4/UART_In_SPI_UART.c **** 
 468:.\Generated_Source\PSoC4/UART_In_SPI_UART.c ****     UART_In_SetTxInterruptMode(UART_In_NO_INTR_SOURCES);
 314              		.loc 1 468 0
 315 0000 0022     		mov	r2, #0
 466:.\Generated_Source\PSoC4/UART_In_SPI_UART.c **** 
ARM GAS  C:\Users\faithc\AppData\Local\Temp\ccO6fITI.s 			page 15


 316              		.loc 1 466 0
 317 0002 024B     		ldr	r3, .L38
 469:.\Generated_Source\PSoC4/UART_In_SPI_UART.c **** 
 470:.\Generated_Source\PSoC4/UART_In_SPI_UART.c ****     return (intSourceMask);
 471:.\Generated_Source\PSoC4/UART_In_SPI_UART.c **** }
 318              		.loc 1 471 0
 319              		@ sp needed
 466:.\Generated_Source\PSoC4/UART_In_SPI_UART.c **** 
 320              		.loc 1 466 0
 321 0004 1868     		ldr	r0, [r3]
 322              	.LVL15:
 468:.\Generated_Source\PSoC4/UART_In_SPI_UART.c **** 
 323              		.loc 1 468 0
 324 0006 1A60     		str	r2, [r3]
 325              		.loc 1 471 0
 326 0008 7047     		bx	lr
 327              	.L39:
 328 000a C046     		.align	2
 329              	.L38:
 330 000c 880F0740 		.word	1074204552
 331              		.cfi_endproc
 332              	.LFE8:
 333              		.size	UART_In_SpiUartDisableIntTx, .-UART_In_SpiUartDisableIntTx
 334              		.text
 335              	.Letext0:
 336              		.file 2 "Generated_Source\\PSoC4/cytypes.h"
 337              		.section	.debug_info,"",%progbits
 338              	.Ldebug_info0:
 339 0000 38020000 		.4byte	0x238
 340 0004 0400     		.2byte	0x4
 341 0006 00000000 		.4byte	.Ldebug_abbrev0
 342 000a 04       		.byte	0x4
 343 000b 01       		.uleb128 0x1
 344 000c 4B010000 		.4byte	.LASF30
 345 0010 01       		.byte	0x1
 346 0011 26000000 		.4byte	.LASF31
 347 0015 A0020000 		.4byte	.LASF32
 348 0019 18000000 		.4byte	.Ldebug_ranges0+0x18
 349 001d 00000000 		.4byte	0
 350 0021 00000000 		.4byte	.Ldebug_line0
 351 0025 02       		.uleb128 0x2
 352 0026 01       		.byte	0x1
 353 0027 06       		.byte	0x6
 354 0028 7C020000 		.4byte	.LASF0
 355 002c 02       		.uleb128 0x2
 356 002d 01       		.byte	0x1
 357 002e 08       		.byte	0x8
 358 002f D9010000 		.4byte	.LASF1
 359 0033 02       		.uleb128 0x2
 360 0034 02       		.byte	0x2
 361 0035 05       		.byte	0x5
 362 0036 69020000 		.4byte	.LASF2
 363 003a 02       		.uleb128 0x2
 364 003b 02       		.byte	0x2
 365 003c 07       		.byte	0x7
 366 003d 13000000 		.4byte	.LASF3
 367 0041 02       		.uleb128 0x2
ARM GAS  C:\Users\faithc\AppData\Local\Temp\ccO6fITI.s 			page 16


 368 0042 04       		.byte	0x4
 369 0043 05       		.byte	0x5
 370 0044 73020000 		.4byte	.LASF4
 371 0048 02       		.uleb128 0x2
 372 0049 04       		.byte	0x4
 373 004a 07       		.byte	0x7
 374 004b CC000000 		.4byte	.LASF5
 375 004f 02       		.uleb128 0x2
 376 0050 08       		.byte	0x8
 377 0051 05       		.byte	0x5
 378 0052 56020000 		.4byte	.LASF6
 379 0056 02       		.uleb128 0x2
 380 0057 08       		.byte	0x8
 381 0058 07       		.byte	0x7
 382 0059 FF010000 		.4byte	.LASF7
 383 005d 03       		.uleb128 0x3
 384 005e 04       		.byte	0x4
 385 005f 05       		.byte	0x5
 386 0060 696E7400 		.ascii	"int\000"
 387 0064 02       		.uleb128 0x2
 388 0065 04       		.byte	0x4
 389 0066 07       		.byte	0x7
 390 0067 52000000 		.4byte	.LASF8
 391 006b 04       		.uleb128 0x4
 392 006c DE000000 		.4byte	.LASF9
 393 0070 02       		.byte	0x2
 394 0071 3801     		.2byte	0x138
 395 0073 2C000000 		.4byte	0x2c
 396 0077 04       		.uleb128 0x4
 397 0078 44010000 		.4byte	.LASF10
 398 007c 02       		.byte	0x2
 399 007d 3A01     		.2byte	0x13a
 400 007f 48000000 		.4byte	0x48
 401 0083 02       		.uleb128 0x2
 402 0084 04       		.byte	0x4
 403 0085 04       		.byte	0x4
 404 0086 A4000000 		.4byte	.LASF11
 405 008a 02       		.uleb128 0x2
 406 008b 08       		.byte	0x8
 407 008c 04       		.byte	0x4
 408 008d 3D010000 		.4byte	.LASF12
 409 0091 02       		.uleb128 0x2
 410 0092 01       		.byte	0x1
 411 0093 08       		.byte	0x8
 412 0094 64020000 		.4byte	.LASF13
 413 0098 04       		.uleb128 0x4
 414 0099 00000000 		.4byte	.LASF14
 415 009d 02       		.byte	0x2
 416 009e E401     		.2byte	0x1e4
 417 00a0 A4000000 		.4byte	0xa4
 418 00a4 05       		.uleb128 0x5
 419 00a5 77000000 		.4byte	0x77
 420 00a9 02       		.uleb128 0x2
 421 00aa 04       		.byte	0x4
 422 00ab 07       		.byte	0x7
 423 00ac 4D020000 		.4byte	.LASF15
 424 00b0 06       		.uleb128 0x6
ARM GAS  C:\Users\faithc\AppData\Local\Temp\ccO6fITI.s 			page 17


 425 00b1 22010000 		.4byte	.LASF33
 426 00b5 01       		.byte	0x1
 427 00b6 EF       		.byte	0xef
 428 00b7 01       		.byte	0x1
 429 00b8 C8000000 		.4byte	0xc8
 430 00bc 07       		.uleb128 0x7
 431 00bd 0C000000 		.4byte	.LASF34
 432 00c1 01       		.byte	0x1
 433 00c2 EF       		.byte	0xef
 434 00c3 77000000 		.4byte	0x77
 435 00c7 00       		.byte	0
 436 00c8 08       		.uleb128 0x8
 437 00c9 16020000 		.4byte	.LASF16
 438 00cd 01       		.byte	0x1
 439 00ce 45       		.byte	0x45
 440 00cf 77000000 		.4byte	0x77
 441 00d3 00000000 		.4byte	.LFB0
 442 00d7 0C000000 		.4byte	.LFE0-.LFB0
 443 00db 01       		.uleb128 0x1
 444 00dc 9C       		.byte	0x9c
 445 00dd F1000000 		.4byte	0xf1
 446 00e1 09       		.uleb128 0x9
 447 00e2 9D000000 		.4byte	.LASF18
 448 00e6 01       		.byte	0x1
 449 00e7 47       		.byte	0x47
 450 00e8 77000000 		.4byte	0x77
 451 00ec 00000000 		.4byte	.LLST0
 452 00f0 00       		.byte	0
 453 00f1 08       		.uleb128 0x8
 454 00f2 7E000000 		.4byte	.LASF17
 455 00f6 01       		.byte	0x1
 456 00f7 8D       		.byte	0x8d
 457 00f8 77000000 		.4byte	0x77
 458 00fc 00000000 		.4byte	.LFB1
 459 0100 10000000 		.4byte	.LFE1-.LFB1
 460 0104 01       		.uleb128 0x1
 461 0105 9C       		.byte	0x9c
 462 0106 1A010000 		.4byte	0x11a
 463 010a 09       		.uleb128 0x9
 464 010b C7000000 		.4byte	.LASF19
 465 010f 01       		.byte	0x1
 466 0110 8F       		.byte	0x8f
 467 0111 77000000 		.4byte	0x77
 468 0115 1F000000 		.4byte	.LLST1
 469 0119 00       		.byte	0
 470 011a 0A       		.uleb128 0xa
 471 011b 30020000 		.4byte	.LASF23
 472 011f 01       		.byte	0x1
 473 0120 B9       		.byte	0xb9
 474 0121 00000000 		.4byte	.LFB2
 475 0125 20000000 		.4byte	.LFE2-.LFB2
 476 0129 01       		.uleb128 0x1
 477 012a 9C       		.byte	0x9c
 478 012b 0B       		.uleb128 0xb
 479 012c B0000000 		.4byte	0xb0
 480 0130 00000000 		.4byte	.LFB3
 481 0134 1C000000 		.4byte	.LFE3-.LFB3
ARM GAS  C:\Users\faithc\AppData\Local\Temp\ccO6fITI.s 			page 18


 482 0138 01       		.uleb128 0x1
 483 0139 9C       		.byte	0x9c
 484 013a 46010000 		.4byte	0x146
 485 013e 0C       		.uleb128 0xc
 486 013f BC000000 		.4byte	0xbc
 487 0143 01       		.uleb128 0x1
 488 0144 50       		.byte	0x50
 489 0145 00       		.byte	0
 490 0146 0D       		.uleb128 0xd
 491 0147 88020000 		.4byte	.LASF27
 492 014b 01       		.byte	0x1
 493 014c 3F01     		.2byte	0x13f
 494 014e 00000000 		.4byte	.LFB4
 495 0152 2C000000 		.4byte	.LFE4-.LFB4
 496 0156 01       		.uleb128 0x1
 497 0157 9C       		.byte	0x9c
 498 0158 A5010000 		.4byte	0x1a5
 499 015c 0E       		.uleb128 0xe
 500 015d 1C010000 		.4byte	.LASF20
 501 0161 01       		.byte	0x1
 502 0162 3F01     		.2byte	0x13f
 503 0164 A5010000 		.4byte	0x1a5
 504 0168 41000000 		.4byte	.LLST2
 505 016c 0E       		.uleb128 0xe
 506 016d 06000000 		.4byte	.LASF21
 507 0171 01       		.byte	0x1
 508 0172 3F01     		.2byte	0x13f
 509 0174 77000000 		.4byte	0x77
 510 0178 62000000 		.4byte	.LLST3
 511 017c 0F       		.uleb128 0xf
 512 017d 6900     		.ascii	"i\000"
 513 017f 01       		.byte	0x1
 514 0180 4101     		.2byte	0x141
 515 0182 77000000 		.4byte	0x77
 516 0186 83000000 		.4byte	.LLST4
 517 018a 10       		.uleb128 0x10
 518 018b B0000000 		.4byte	0xb0
 519 018f 08000000 		.4byte	.LBB4
 520 0193 00000000 		.4byte	.Ldebug_ranges0+0
 521 0197 01       		.byte	0x1
 522 0198 4501     		.2byte	0x145
 523 019a 11       		.uleb128 0x11
 524 019b BC000000 		.4byte	0xbc
 525 019f BA000000 		.4byte	.LLST5
 526 01a3 00       		.byte	0
 527 01a4 00       		.byte	0
 528 01a5 12       		.uleb128 0x12
 529 01a6 04       		.byte	0x4
 530 01a7 AB010000 		.4byte	0x1ab
 531 01ab 13       		.uleb128 0x13
 532 01ac 6B000000 		.4byte	0x6b
 533 01b0 14       		.uleb128 0x14
 534 01b1 5F000000 		.4byte	.LASF22
 535 01b5 01       		.byte	0x1
 536 01b6 5E01     		.2byte	0x15e
 537 01b8 77000000 		.4byte	0x77
 538 01bc 00000000 		.4byte	.LFB5
ARM GAS  C:\Users\faithc\AppData\Local\Temp\ccO6fITI.s 			page 19


 539 01c0 10000000 		.4byte	.LFE5-.LFB5
 540 01c4 01       		.uleb128 0x1
 541 01c5 9C       		.byte	0x9c
 542 01c6 DB010000 		.4byte	0x1db
 543 01ca 15       		.uleb128 0x15
 544 01cb C7000000 		.4byte	.LASF19
 545 01cf 01       		.byte	0x1
 546 01d0 6001     		.2byte	0x160
 547 01d2 77000000 		.4byte	0x77
 548 01d6 CD000000 		.4byte	.LLST6
 549 01da 00       		.byte	0
 550 01db 16       		.uleb128 0x16
 551 01dc AA000000 		.4byte	.LASF24
 552 01e0 01       		.byte	0x1
 553 01e1 8B01     		.2byte	0x18b
 554 01e3 00000000 		.4byte	.LFB6
 555 01e7 20000000 		.4byte	.LFE6-.LFB6
 556 01eb 01       		.uleb128 0x1
 557 01ec 9C       		.byte	0x9c
 558 01ed 14       		.uleb128 0x14
 559 01ee E4000000 		.4byte	.LASF25
 560 01f2 01       		.byte	0x1
 561 01f3 B401     		.2byte	0x1b4
 562 01f5 77000000 		.4byte	0x77
 563 01f9 00000000 		.4byte	.LFB7
 564 01fd 10000000 		.4byte	.LFE7-.LFB7
 565 0201 01       		.uleb128 0x1
 566 0202 9C       		.byte	0x9c
 567 0203 16020000 		.4byte	0x216
 568 0207 17       		.uleb128 0x17
 569 0208 F5010000 		.4byte	.LASF26
 570 020c 01       		.byte	0x1
 571 020d B601     		.2byte	0x1b6
 572 020f 77000000 		.4byte	0x77
 573 0213 01       		.uleb128 0x1
 574 0214 50       		.byte	0x50
 575 0215 00       		.byte	0
 576 0216 18       		.uleb128 0x18
 577 0217 00010000 		.4byte	.LASF28
 578 021b 01       		.byte	0x1
 579 021c CE01     		.2byte	0x1ce
 580 021e 77000000 		.4byte	0x77
 581 0222 00000000 		.4byte	.LFB8
 582 0226 10000000 		.4byte	.LFE8-.LFB8
 583 022a 01       		.uleb128 0x1
 584 022b 9C       		.byte	0x9c
 585 022c 17       		.uleb128 0x17
 586 022d E7010000 		.4byte	.LASF29
 587 0231 01       		.byte	0x1
 588 0232 D001     		.2byte	0x1d0
 589 0234 77000000 		.4byte	0x77
 590 0238 01       		.uleb128 0x1
 591 0239 50       		.byte	0x50
 592 023a 00       		.byte	0
 593 023b 00       		.byte	0
 594              		.section	.debug_abbrev,"",%progbits
 595              	.Ldebug_abbrev0:
ARM GAS  C:\Users\faithc\AppData\Local\Temp\ccO6fITI.s 			page 20


 596 0000 01       		.uleb128 0x1
 597 0001 11       		.uleb128 0x11
 598 0002 01       		.byte	0x1
 599 0003 25       		.uleb128 0x25
 600 0004 0E       		.uleb128 0xe
 601 0005 13       		.uleb128 0x13
 602 0006 0B       		.uleb128 0xb
 603 0007 03       		.uleb128 0x3
 604 0008 0E       		.uleb128 0xe
 605 0009 1B       		.uleb128 0x1b
 606 000a 0E       		.uleb128 0xe
 607 000b 55       		.uleb128 0x55
 608 000c 17       		.uleb128 0x17
 609 000d 11       		.uleb128 0x11
 610 000e 01       		.uleb128 0x1
 611 000f 10       		.uleb128 0x10
 612 0010 17       		.uleb128 0x17
 613 0011 00       		.byte	0
 614 0012 00       		.byte	0
 615 0013 02       		.uleb128 0x2
 616 0014 24       		.uleb128 0x24
 617 0015 00       		.byte	0
 618 0016 0B       		.uleb128 0xb
 619 0017 0B       		.uleb128 0xb
 620 0018 3E       		.uleb128 0x3e
 621 0019 0B       		.uleb128 0xb
 622 001a 03       		.uleb128 0x3
 623 001b 0E       		.uleb128 0xe
 624 001c 00       		.byte	0
 625 001d 00       		.byte	0
 626 001e 03       		.uleb128 0x3
 627 001f 24       		.uleb128 0x24
 628 0020 00       		.byte	0
 629 0021 0B       		.uleb128 0xb
 630 0022 0B       		.uleb128 0xb
 631 0023 3E       		.uleb128 0x3e
 632 0024 0B       		.uleb128 0xb
 633 0025 03       		.uleb128 0x3
 634 0026 08       		.uleb128 0x8
 635 0027 00       		.byte	0
 636 0028 00       		.byte	0
 637 0029 04       		.uleb128 0x4
 638 002a 16       		.uleb128 0x16
 639 002b 00       		.byte	0
 640 002c 03       		.uleb128 0x3
 641 002d 0E       		.uleb128 0xe
 642 002e 3A       		.uleb128 0x3a
 643 002f 0B       		.uleb128 0xb
 644 0030 3B       		.uleb128 0x3b
 645 0031 05       		.uleb128 0x5
 646 0032 49       		.uleb128 0x49
 647 0033 13       		.uleb128 0x13
 648 0034 00       		.byte	0
 649 0035 00       		.byte	0
 650 0036 05       		.uleb128 0x5
 651 0037 35       		.uleb128 0x35
 652 0038 00       		.byte	0
ARM GAS  C:\Users\faithc\AppData\Local\Temp\ccO6fITI.s 			page 21


 653 0039 49       		.uleb128 0x49
 654 003a 13       		.uleb128 0x13
 655 003b 00       		.byte	0
 656 003c 00       		.byte	0
 657 003d 06       		.uleb128 0x6
 658 003e 2E       		.uleb128 0x2e
 659 003f 01       		.byte	0x1
 660 0040 3F       		.uleb128 0x3f
 661 0041 19       		.uleb128 0x19
 662 0042 03       		.uleb128 0x3
 663 0043 0E       		.uleb128 0xe
 664 0044 3A       		.uleb128 0x3a
 665 0045 0B       		.uleb128 0xb
 666 0046 3B       		.uleb128 0x3b
 667 0047 0B       		.uleb128 0xb
 668 0048 27       		.uleb128 0x27
 669 0049 19       		.uleb128 0x19
 670 004a 20       		.uleb128 0x20
 671 004b 0B       		.uleb128 0xb
 672 004c 01       		.uleb128 0x1
 673 004d 13       		.uleb128 0x13
 674 004e 00       		.byte	0
 675 004f 00       		.byte	0
 676 0050 07       		.uleb128 0x7
 677 0051 05       		.uleb128 0x5
 678 0052 00       		.byte	0
 679 0053 03       		.uleb128 0x3
 680 0054 0E       		.uleb128 0xe
 681 0055 3A       		.uleb128 0x3a
 682 0056 0B       		.uleb128 0xb
 683 0057 3B       		.uleb128 0x3b
 684 0058 0B       		.uleb128 0xb
 685 0059 49       		.uleb128 0x49
 686 005a 13       		.uleb128 0x13
 687 005b 00       		.byte	0
 688 005c 00       		.byte	0
 689 005d 08       		.uleb128 0x8
 690 005e 2E       		.uleb128 0x2e
 691 005f 01       		.byte	0x1
 692 0060 3F       		.uleb128 0x3f
 693 0061 19       		.uleb128 0x19
 694 0062 03       		.uleb128 0x3
 695 0063 0E       		.uleb128 0xe
 696 0064 3A       		.uleb128 0x3a
 697 0065 0B       		.uleb128 0xb
 698 0066 3B       		.uleb128 0x3b
 699 0067 0B       		.uleb128 0xb
 700 0068 27       		.uleb128 0x27
 701 0069 19       		.uleb128 0x19
 702 006a 49       		.uleb128 0x49
 703 006b 13       		.uleb128 0x13
 704 006c 11       		.uleb128 0x11
 705 006d 01       		.uleb128 0x1
 706 006e 12       		.uleb128 0x12
 707 006f 06       		.uleb128 0x6
 708 0070 40       		.uleb128 0x40
 709 0071 18       		.uleb128 0x18
ARM GAS  C:\Users\faithc\AppData\Local\Temp\ccO6fITI.s 			page 22


 710 0072 9742     		.uleb128 0x2117
 711 0074 19       		.uleb128 0x19
 712 0075 01       		.uleb128 0x1
 713 0076 13       		.uleb128 0x13
 714 0077 00       		.byte	0
 715 0078 00       		.byte	0
 716 0079 09       		.uleb128 0x9
 717 007a 34       		.uleb128 0x34
 718 007b 00       		.byte	0
 719 007c 03       		.uleb128 0x3
 720 007d 0E       		.uleb128 0xe
 721 007e 3A       		.uleb128 0x3a
 722 007f 0B       		.uleb128 0xb
 723 0080 3B       		.uleb128 0x3b
 724 0081 0B       		.uleb128 0xb
 725 0082 49       		.uleb128 0x49
 726 0083 13       		.uleb128 0x13
 727 0084 02       		.uleb128 0x2
 728 0085 17       		.uleb128 0x17
 729 0086 00       		.byte	0
 730 0087 00       		.byte	0
 731 0088 0A       		.uleb128 0xa
 732 0089 2E       		.uleb128 0x2e
 733 008a 00       		.byte	0
 734 008b 3F       		.uleb128 0x3f
 735 008c 19       		.uleb128 0x19
 736 008d 03       		.uleb128 0x3
 737 008e 0E       		.uleb128 0xe
 738 008f 3A       		.uleb128 0x3a
 739 0090 0B       		.uleb128 0xb
 740 0091 3B       		.uleb128 0x3b
 741 0092 0B       		.uleb128 0xb
 742 0093 27       		.uleb128 0x27
 743 0094 19       		.uleb128 0x19
 744 0095 11       		.uleb128 0x11
 745 0096 01       		.uleb128 0x1
 746 0097 12       		.uleb128 0x12
 747 0098 06       		.uleb128 0x6
 748 0099 40       		.uleb128 0x40
 749 009a 18       		.uleb128 0x18
 750 009b 9742     		.uleb128 0x2117
 751 009d 19       		.uleb128 0x19
 752 009e 00       		.byte	0
 753 009f 00       		.byte	0
 754 00a0 0B       		.uleb128 0xb
 755 00a1 2E       		.uleb128 0x2e
 756 00a2 01       		.byte	0x1
 757 00a3 31       		.uleb128 0x31
 758 00a4 13       		.uleb128 0x13
 759 00a5 11       		.uleb128 0x11
 760 00a6 01       		.uleb128 0x1
 761 00a7 12       		.uleb128 0x12
 762 00a8 06       		.uleb128 0x6
 763 00a9 40       		.uleb128 0x40
 764 00aa 18       		.uleb128 0x18
 765 00ab 9742     		.uleb128 0x2117
 766 00ad 19       		.uleb128 0x19
ARM GAS  C:\Users\faithc\AppData\Local\Temp\ccO6fITI.s 			page 23


 767 00ae 01       		.uleb128 0x1
 768 00af 13       		.uleb128 0x13
 769 00b0 00       		.byte	0
 770 00b1 00       		.byte	0
 771 00b2 0C       		.uleb128 0xc
 772 00b3 05       		.uleb128 0x5
 773 00b4 00       		.byte	0
 774 00b5 31       		.uleb128 0x31
 775 00b6 13       		.uleb128 0x13
 776 00b7 02       		.uleb128 0x2
 777 00b8 18       		.uleb128 0x18
 778 00b9 00       		.byte	0
 779 00ba 00       		.byte	0
 780 00bb 0D       		.uleb128 0xd
 781 00bc 2E       		.uleb128 0x2e
 782 00bd 01       		.byte	0x1
 783 00be 3F       		.uleb128 0x3f
 784 00bf 19       		.uleb128 0x19
 785 00c0 03       		.uleb128 0x3
 786 00c1 0E       		.uleb128 0xe
 787 00c2 3A       		.uleb128 0x3a
 788 00c3 0B       		.uleb128 0xb
 789 00c4 3B       		.uleb128 0x3b
 790 00c5 05       		.uleb128 0x5
 791 00c6 27       		.uleb128 0x27
 792 00c7 19       		.uleb128 0x19
 793 00c8 11       		.uleb128 0x11
 794 00c9 01       		.uleb128 0x1
 795 00ca 12       		.uleb128 0x12
 796 00cb 06       		.uleb128 0x6
 797 00cc 40       		.uleb128 0x40
 798 00cd 18       		.uleb128 0x18
 799 00ce 9742     		.uleb128 0x2117
 800 00d0 19       		.uleb128 0x19
 801 00d1 01       		.uleb128 0x1
 802 00d2 13       		.uleb128 0x13
 803 00d3 00       		.byte	0
 804 00d4 00       		.byte	0
 805 00d5 0E       		.uleb128 0xe
 806 00d6 05       		.uleb128 0x5
 807 00d7 00       		.byte	0
 808 00d8 03       		.uleb128 0x3
 809 00d9 0E       		.uleb128 0xe
 810 00da 3A       		.uleb128 0x3a
 811 00db 0B       		.uleb128 0xb
 812 00dc 3B       		.uleb128 0x3b
 813 00dd 05       		.uleb128 0x5
 814 00de 49       		.uleb128 0x49
 815 00df 13       		.uleb128 0x13
 816 00e0 02       		.uleb128 0x2
 817 00e1 17       		.uleb128 0x17
 818 00e2 00       		.byte	0
 819 00e3 00       		.byte	0
 820 00e4 0F       		.uleb128 0xf
 821 00e5 34       		.uleb128 0x34
 822 00e6 00       		.byte	0
 823 00e7 03       		.uleb128 0x3
ARM GAS  C:\Users\faithc\AppData\Local\Temp\ccO6fITI.s 			page 24


 824 00e8 08       		.uleb128 0x8
 825 00e9 3A       		.uleb128 0x3a
 826 00ea 0B       		.uleb128 0xb
 827 00eb 3B       		.uleb128 0x3b
 828 00ec 05       		.uleb128 0x5
 829 00ed 49       		.uleb128 0x49
 830 00ee 13       		.uleb128 0x13
 831 00ef 02       		.uleb128 0x2
 832 00f0 17       		.uleb128 0x17
 833 00f1 00       		.byte	0
 834 00f2 00       		.byte	0
 835 00f3 10       		.uleb128 0x10
 836 00f4 1D       		.uleb128 0x1d
 837 00f5 01       		.byte	0x1
 838 00f6 31       		.uleb128 0x31
 839 00f7 13       		.uleb128 0x13
 840 00f8 52       		.uleb128 0x52
 841 00f9 01       		.uleb128 0x1
 842 00fa 55       		.uleb128 0x55
 843 00fb 17       		.uleb128 0x17
 844 00fc 58       		.uleb128 0x58
 845 00fd 0B       		.uleb128 0xb
 846 00fe 59       		.uleb128 0x59
 847 00ff 05       		.uleb128 0x5
 848 0100 00       		.byte	0
 849 0101 00       		.byte	0
 850 0102 11       		.uleb128 0x11
 851 0103 05       		.uleb128 0x5
 852 0104 00       		.byte	0
 853 0105 31       		.uleb128 0x31
 854 0106 13       		.uleb128 0x13
 855 0107 02       		.uleb128 0x2
 856 0108 17       		.uleb128 0x17
 857 0109 00       		.byte	0
 858 010a 00       		.byte	0
 859 010b 12       		.uleb128 0x12
 860 010c 0F       		.uleb128 0xf
 861 010d 00       		.byte	0
 862 010e 0B       		.uleb128 0xb
 863 010f 0B       		.uleb128 0xb
 864 0110 49       		.uleb128 0x49
 865 0111 13       		.uleb128 0x13
 866 0112 00       		.byte	0
 867 0113 00       		.byte	0
 868 0114 13       		.uleb128 0x13
 869 0115 26       		.uleb128 0x26
 870 0116 00       		.byte	0
 871 0117 49       		.uleb128 0x49
 872 0118 13       		.uleb128 0x13
 873 0119 00       		.byte	0
 874 011a 00       		.byte	0
 875 011b 14       		.uleb128 0x14
 876 011c 2E       		.uleb128 0x2e
 877 011d 01       		.byte	0x1
 878 011e 3F       		.uleb128 0x3f
 879 011f 19       		.uleb128 0x19
 880 0120 03       		.uleb128 0x3
ARM GAS  C:\Users\faithc\AppData\Local\Temp\ccO6fITI.s 			page 25


 881 0121 0E       		.uleb128 0xe
 882 0122 3A       		.uleb128 0x3a
 883 0123 0B       		.uleb128 0xb
 884 0124 3B       		.uleb128 0x3b
 885 0125 05       		.uleb128 0x5
 886 0126 27       		.uleb128 0x27
 887 0127 19       		.uleb128 0x19
 888 0128 49       		.uleb128 0x49
 889 0129 13       		.uleb128 0x13
 890 012a 11       		.uleb128 0x11
 891 012b 01       		.uleb128 0x1
 892 012c 12       		.uleb128 0x12
 893 012d 06       		.uleb128 0x6
 894 012e 40       		.uleb128 0x40
 895 012f 18       		.uleb128 0x18
 896 0130 9742     		.uleb128 0x2117
 897 0132 19       		.uleb128 0x19
 898 0133 01       		.uleb128 0x1
 899 0134 13       		.uleb128 0x13
 900 0135 00       		.byte	0
 901 0136 00       		.byte	0
 902 0137 15       		.uleb128 0x15
 903 0138 34       		.uleb128 0x34
 904 0139 00       		.byte	0
 905 013a 03       		.uleb128 0x3
 906 013b 0E       		.uleb128 0xe
 907 013c 3A       		.uleb128 0x3a
 908 013d 0B       		.uleb128 0xb
 909 013e 3B       		.uleb128 0x3b
 910 013f 05       		.uleb128 0x5
 911 0140 49       		.uleb128 0x49
 912 0141 13       		.uleb128 0x13
 913 0142 02       		.uleb128 0x2
 914 0143 17       		.uleb128 0x17
 915 0144 00       		.byte	0
 916 0145 00       		.byte	0
 917 0146 16       		.uleb128 0x16
 918 0147 2E       		.uleb128 0x2e
 919 0148 00       		.byte	0
 920 0149 3F       		.uleb128 0x3f
 921 014a 19       		.uleb128 0x19
 922 014b 03       		.uleb128 0x3
 923 014c 0E       		.uleb128 0xe
 924 014d 3A       		.uleb128 0x3a
 925 014e 0B       		.uleb128 0xb
 926 014f 3B       		.uleb128 0x3b
 927 0150 05       		.uleb128 0x5
 928 0151 27       		.uleb128 0x27
 929 0152 19       		.uleb128 0x19
 930 0153 11       		.uleb128 0x11
 931 0154 01       		.uleb128 0x1
 932 0155 12       		.uleb128 0x12
 933 0156 06       		.uleb128 0x6
 934 0157 40       		.uleb128 0x40
 935 0158 18       		.uleb128 0x18
 936 0159 9742     		.uleb128 0x2117
 937 015b 19       		.uleb128 0x19
ARM GAS  C:\Users\faithc\AppData\Local\Temp\ccO6fITI.s 			page 26


 938 015c 00       		.byte	0
 939 015d 00       		.byte	0
 940 015e 17       		.uleb128 0x17
 941 015f 34       		.uleb128 0x34
 942 0160 00       		.byte	0
 943 0161 03       		.uleb128 0x3
 944 0162 0E       		.uleb128 0xe
 945 0163 3A       		.uleb128 0x3a
 946 0164 0B       		.uleb128 0xb
 947 0165 3B       		.uleb128 0x3b
 948 0166 05       		.uleb128 0x5
 949 0167 49       		.uleb128 0x49
 950 0168 13       		.uleb128 0x13
 951 0169 02       		.uleb128 0x2
 952 016a 18       		.uleb128 0x18
 953 016b 00       		.byte	0
 954 016c 00       		.byte	0
 955 016d 18       		.uleb128 0x18
 956 016e 2E       		.uleb128 0x2e
 957 016f 01       		.byte	0x1
 958 0170 3F       		.uleb128 0x3f
 959 0171 19       		.uleb128 0x19
 960 0172 03       		.uleb128 0x3
 961 0173 0E       		.uleb128 0xe
 962 0174 3A       		.uleb128 0x3a
 963 0175 0B       		.uleb128 0xb
 964 0176 3B       		.uleb128 0x3b
 965 0177 05       		.uleb128 0x5
 966 0178 27       		.uleb128 0x27
 967 0179 19       		.uleb128 0x19
 968 017a 49       		.uleb128 0x49
 969 017b 13       		.uleb128 0x13
 970 017c 11       		.uleb128 0x11
 971 017d 01       		.uleb128 0x1
 972 017e 12       		.uleb128 0x12
 973 017f 06       		.uleb128 0x6
 974 0180 40       		.uleb128 0x40
 975 0181 18       		.uleb128 0x18
 976 0182 9742     		.uleb128 0x2117
 977 0184 19       		.uleb128 0x19
 978 0185 00       		.byte	0
 979 0186 00       		.byte	0
 980 0187 00       		.byte	0
 981              		.section	.debug_loc,"",%progbits
 982              	.Ldebug_loc0:
 983              	.LLST0:
 984 0000 00000000 		.4byte	.LVL0
 985 0004 04000000 		.4byte	.LVL1
 986 0008 0200     		.2byte	0x2
 987 000a 30       		.byte	0x30
 988 000b 9F       		.byte	0x9f
 989 000c 04000000 		.4byte	.LVL1
 990 0010 0C000000 		.4byte	.LFE0
 991 0014 0100     		.2byte	0x1
 992 0016 50       		.byte	0x50
 993 0017 00000000 		.4byte	0
 994 001b 00000000 		.4byte	0
ARM GAS  C:\Users\faithc\AppData\Local\Temp\ccO6fITI.s 			page 27


 995              	.LLST1:
 996 001f 06000000 		.4byte	.LVL2
 997 0023 08000000 		.4byte	.LVL3
 998 0027 0500     		.2byte	0x5
 999 0029 73       		.byte	0x73
 1000 002a 00       		.sleb128 0
 1001 002b 3F       		.byte	0x3f
 1002 002c 1A       		.byte	0x1a
 1003 002d 9F       		.byte	0x9f
 1004 002e 08000000 		.4byte	.LVL3
 1005 0032 10000000 		.4byte	.LFE1
 1006 0036 0100     		.2byte	0x1
 1007 0038 50       		.byte	0x50
 1008 0039 00000000 		.4byte	0
 1009 003d 00000000 		.4byte	0
 1010              	.LLST2:
 1011 0041 00000000 		.4byte	.LVL5
 1012 0045 0E000000 		.4byte	.LVL7
 1013 0049 0100     		.2byte	0x1
 1014 004b 50       		.byte	0x50
 1015 004c 0E000000 		.4byte	.LVL7
 1016 0050 2C000000 		.4byte	.LFE4
 1017 0054 0400     		.2byte	0x4
 1018 0056 F3       		.byte	0xf3
 1019 0057 01       		.uleb128 0x1
 1020 0058 50       		.byte	0x50
 1021 0059 9F       		.byte	0x9f
 1022 005a 00000000 		.4byte	0
 1023 005e 00000000 		.4byte	0
 1024              	.LLST3:
 1025 0062 00000000 		.4byte	.LVL5
 1026 0066 0C000000 		.4byte	.LVL6
 1027 006a 0100     		.2byte	0x1
 1028 006c 51       		.byte	0x51
 1029 006d 0C000000 		.4byte	.LVL6
 1030 0071 2C000000 		.4byte	.LFE4
 1031 0075 0400     		.2byte	0x4
 1032 0077 F3       		.byte	0xf3
 1033 0078 01       		.uleb128 0x1
 1034 0079 51       		.byte	0x51
 1035 007a 9F       		.byte	0x9f
 1036 007b 00000000 		.4byte	0
 1037 007f 00000000 		.4byte	0
 1038              	.LLST4:
 1039 0083 00000000 		.4byte	.LVL5
 1040 0087 0E000000 		.4byte	.LVL7
 1041 008b 0200     		.2byte	0x2
 1042 008d 30       		.byte	0x30
 1043 008e 9F       		.byte	0x9f
 1044 008f 0E000000 		.4byte	.LVL7
 1045 0093 1A000000 		.4byte	.LVL9
 1046 0097 0700     		.2byte	0x7
 1047 0099 70       		.byte	0x70
 1048 009a 00       		.sleb128 0
 1049 009b F3       		.byte	0xf3
 1050 009c 01       		.uleb128 0x1
 1051 009d 50       		.byte	0x50
ARM GAS  C:\Users\faithc\AppData\Local\Temp\ccO6fITI.s 			page 28


 1052 009e 1C       		.byte	0x1c
 1053 009f 9F       		.byte	0x9f
 1054 00a0 1A000000 		.4byte	.LVL9
 1055 00a4 1C000000 		.4byte	.LVL10
 1056 00a8 0800     		.2byte	0x8
 1057 00aa F3       		.byte	0xf3
 1058 00ab 01       		.uleb128 0x1
 1059 00ac 50       		.byte	0x50
 1060 00ad 20       		.byte	0x20
 1061 00ae 70       		.byte	0x70
 1062 00af 00       		.sleb128 0
 1063 00b0 22       		.byte	0x22
 1064 00b1 9F       		.byte	0x9f
 1065 00b2 00000000 		.4byte	0
 1066 00b6 00000000 		.4byte	0
 1067              	.LLST5:
 1068 00ba 10000000 		.4byte	.LVL8
 1069 00be 20000000 		.4byte	.LVL11
 1070 00c2 0100     		.2byte	0x1
 1071 00c4 54       		.byte	0x54
 1072 00c5 00000000 		.4byte	0
 1073 00c9 00000000 		.4byte	0
 1074              	.LLST6:
 1075 00cd 06000000 		.4byte	.LVL12
 1076 00d1 08000000 		.4byte	.LVL13
 1077 00d5 0500     		.2byte	0x5
 1078 00d7 73       		.byte	0x73
 1079 00d8 00       		.sleb128 0
 1080 00d9 3F       		.byte	0x3f
 1081 00da 1A       		.byte	0x1a
 1082 00db 9F       		.byte	0x9f
 1083 00dc 08000000 		.4byte	.LVL13
 1084 00e0 10000000 		.4byte	.LFE5
 1085 00e4 0100     		.2byte	0x1
 1086 00e6 50       		.byte	0x50
 1087 00e7 00000000 		.4byte	0
 1088 00eb 00000000 		.4byte	0
 1089              		.section	.debug_aranges,"",%progbits
 1090 0000 5C000000 		.4byte	0x5c
 1091 0004 0200     		.2byte	0x2
 1092 0006 00000000 		.4byte	.Ldebug_info0
 1093 000a 04       		.byte	0x4
 1094 000b 00       		.byte	0
 1095 000c 0000     		.2byte	0
 1096 000e 0000     		.2byte	0
 1097 0010 00000000 		.4byte	.LFB0
 1098 0014 0C000000 		.4byte	.LFE0-.LFB0
 1099 0018 00000000 		.4byte	.LFB1
 1100 001c 10000000 		.4byte	.LFE1-.LFB1
 1101 0020 00000000 		.4byte	.LFB2
 1102 0024 20000000 		.4byte	.LFE2-.LFB2
 1103 0028 00000000 		.4byte	.LFB3
 1104 002c 1C000000 		.4byte	.LFE3-.LFB3
 1105 0030 00000000 		.4byte	.LFB4
 1106 0034 2C000000 		.4byte	.LFE4-.LFB4
 1107 0038 00000000 		.4byte	.LFB5
 1108 003c 10000000 		.4byte	.LFE5-.LFB5
ARM GAS  C:\Users\faithc\AppData\Local\Temp\ccO6fITI.s 			page 29


 1109 0040 00000000 		.4byte	.LFB6
 1110 0044 20000000 		.4byte	.LFE6-.LFB6
 1111 0048 00000000 		.4byte	.LFB7
 1112 004c 10000000 		.4byte	.LFE7-.LFB7
 1113 0050 00000000 		.4byte	.LFB8
 1114 0054 10000000 		.4byte	.LFE8-.LFB8
 1115 0058 00000000 		.4byte	0
 1116 005c 00000000 		.4byte	0
 1117              		.section	.debug_ranges,"",%progbits
 1118              	.Ldebug_ranges0:
 1119 0000 08000000 		.4byte	.LBB4
 1120 0004 0E000000 		.4byte	.LBE4
 1121 0008 10000000 		.4byte	.LBB7
 1122 000c 1C000000 		.4byte	.LBE7
 1123 0010 00000000 		.4byte	0
 1124 0014 00000000 		.4byte	0
 1125 0018 00000000 		.4byte	.LFB0
 1126 001c 0C000000 		.4byte	.LFE0
 1127 0020 00000000 		.4byte	.LFB1
 1128 0024 10000000 		.4byte	.LFE1
 1129 0028 00000000 		.4byte	.LFB2
 1130 002c 20000000 		.4byte	.LFE2
 1131 0030 00000000 		.4byte	.LFB3
 1132 0034 1C000000 		.4byte	.LFE3
 1133 0038 00000000 		.4byte	.LFB4
 1134 003c 2C000000 		.4byte	.LFE4
 1135 0040 00000000 		.4byte	.LFB5
 1136 0044 10000000 		.4byte	.LFE5
 1137 0048 00000000 		.4byte	.LFB6
 1138 004c 20000000 		.4byte	.LFE6
 1139 0050 00000000 		.4byte	.LFB7
 1140 0054 10000000 		.4byte	.LFE7
 1141 0058 00000000 		.4byte	.LFB8
 1142 005c 10000000 		.4byte	.LFE8
 1143 0060 00000000 		.4byte	0
 1144 0064 00000000 		.4byte	0
 1145              		.section	.debug_line,"",%progbits
 1146              	.Ldebug_line0:
 1147 0000 50010000 		.section	.debug_str,"MS",%progbits,1
 1147      02006600 
 1147      00000201 
 1147      FB0E0D00 
 1147      01010101 
 1148              	.LASF14:
 1149 0000 72656733 		.ascii	"reg32\000"
 1149      3200
 1150              	.LASF21:
 1151 0006 636F756E 		.ascii	"count\000"
 1151      7400
 1152              	.LASF34:
 1153 000c 74784461 		.ascii	"txData\000"
 1153      746100
 1154              	.LASF3:
 1155 0013 73686F72 		.ascii	"short unsigned int\000"
 1155      7420756E 
 1155      7369676E 
 1155      65642069 
ARM GAS  C:\Users\faithc\AppData\Local\Temp\ccO6fITI.s 			page 30


 1155      6E7400
 1156              	.LASF31:
 1157 0026 2E5C4765 		.ascii	".\\Generated_Source\\PSoC4\\UART_In_SPI_UART.c\000"
 1157      6E657261 
 1157      7465645F 
 1157      536F7572 
 1157      63655C50 
 1158              	.LASF8:
 1159 0052 756E7369 		.ascii	"unsigned int\000"
 1159      676E6564 
 1159      20696E74 
 1159      00
 1160              	.LASF22:
 1161 005f 55415254 		.ascii	"UART_In_SpiUartGetTxBufferSize\000"
 1161      5F496E5F 
 1161      53706955 
 1161      61727447 
 1161      65745478 
 1162              	.LASF17:
 1163 007e 55415254 		.ascii	"UART_In_SpiUartGetRxBufferSize\000"
 1163      5F496E5F 
 1163      53706955 
 1163      61727447 
 1163      65745278 
 1164              	.LASF18:
 1165 009d 72784461 		.ascii	"rxData\000"
 1165      746100
 1166              	.LASF11:
 1167 00a4 666C6F61 		.ascii	"float\000"
 1167      7400
 1168              	.LASF24:
 1169 00aa 55415254 		.ascii	"UART_In_SpiUartClearTxBuffer\000"
 1169      5F496E5F 
 1169      53706955 
 1169      61727443 
 1169      6C656172 
 1170              	.LASF19:
 1171 00c7 73697A65 		.ascii	"size\000"
 1171      00
 1172              	.LASF5:
 1173 00cc 6C6F6E67 		.ascii	"long unsigned int\000"
 1173      20756E73 
 1173      69676E65 
 1173      6420696E 
 1173      7400
 1174              	.LASF9:
 1175 00de 75696E74 		.ascii	"uint8\000"
 1175      3800
 1176              	.LASF25:
 1177 00e4 55415254 		.ascii	"UART_In_SpiUartDisableIntRx\000"
 1177      5F496E5F 
 1177      53706955 
 1177      61727444 
 1177      69736162 
 1178              	.LASF28:
 1179 0100 55415254 		.ascii	"UART_In_SpiUartDisableIntTx\000"
 1179      5F496E5F 
ARM GAS  C:\Users\faithc\AppData\Local\Temp\ccO6fITI.s 			page 31


 1179      53706955 
 1179      61727444 
 1179      69736162 
 1180              	.LASF20:
 1181 011c 77724275 		.ascii	"wrBuf\000"
 1181      6600
 1182              	.LASF33:
 1183 0122 55415254 		.ascii	"UART_In_SpiUartWriteTxData\000"
 1183      5F496E5F 
 1183      53706955 
 1183      61727457 
 1183      72697465 
 1184              	.LASF12:
 1185 013d 646F7562 		.ascii	"double\000"
 1185      6C6500
 1186              	.LASF10:
 1187 0144 75696E74 		.ascii	"uint32\000"
 1187      333200
 1188              	.LASF30:
 1189 014b 474E5520 		.ascii	"GNU C 4.9.3 20150303 (release) [ARM/embedded-4_9-br"
 1189      4320342E 
 1189      392E3320 
 1189      32303135 
 1189      30333033 
 1190 017e 616E6368 		.ascii	"anch revision 221220] -mcpu=cortex-m0 -mthumb -g -O"
 1190      20726576 
 1190      6973696F 
 1190      6E203232 
 1190      31323230 
 1191 01b1 33202D66 		.ascii	"3 -ffunction-sections -ffat-lto-objects\000"
 1191      66756E63 
 1191      74696F6E 
 1191      2D736563 
 1191      74696F6E 
 1192              	.LASF1:
 1193 01d9 756E7369 		.ascii	"unsigned char\000"
 1193      676E6564 
 1193      20636861 
 1193      7200
 1194              	.LASF29:
 1195 01e7 696E7453 		.ascii	"intSourceMask\000"
 1195      6F757263 
 1195      654D6173 
 1195      6B00
 1196              	.LASF26:
 1197 01f5 696E7453 		.ascii	"intSource\000"
 1197      6F757263 
 1197      6500
 1198              	.LASF7:
 1199 01ff 6C6F6E67 		.ascii	"long long unsigned int\000"
 1199      206C6F6E 
 1199      6720756E 
 1199      7369676E 
 1199      65642069 
 1200              	.LASF16:
 1201 0216 55415254 		.ascii	"UART_In_SpiUartReadRxData\000"
 1201      5F496E5F 
ARM GAS  C:\Users\faithc\AppData\Local\Temp\ccO6fITI.s 			page 32


 1201      53706955 
 1201      61727452 
 1201      65616452 
 1202              	.LASF23:
 1203 0230 55415254 		.ascii	"UART_In_SpiUartClearRxBuffer\000"
 1203      5F496E5F 
 1203      53706955 
 1203      61727443 
 1203      6C656172 
 1204              	.LASF15:
 1205 024d 73697A65 		.ascii	"sizetype\000"
 1205      74797065 
 1205      00
 1206              	.LASF6:
 1207 0256 6C6F6E67 		.ascii	"long long int\000"
 1207      206C6F6E 
 1207      6720696E 
 1207      7400
 1208              	.LASF13:
 1209 0264 63686172 		.ascii	"char\000"
 1209      00
 1210              	.LASF2:
 1211 0269 73686F72 		.ascii	"short int\000"
 1211      7420696E 
 1211      7400
 1212              	.LASF4:
 1213 0273 6C6F6E67 		.ascii	"long int\000"
 1213      20696E74 
 1213      00
 1214              	.LASF0:
 1215 027c 7369676E 		.ascii	"signed char\000"
 1215      65642063 
 1215      68617200 
 1216              	.LASF27:
 1217 0288 55415254 		.ascii	"UART_In_SpiUartPutArray\000"
 1217      5F496E5F 
 1217      53706955 
 1217      61727450 
 1217      75744172 
 1218              	.LASF32:
 1219 02a0 433A5C55 		.ascii	"C:\\Users\\faithc\\Box Sync\\Feniex Firmware Files\\"
 1219      73657273 
 1219      5C666169 
 1219      7468635C 
 1219      426F7820 
 1220 02cf 414C425C 		.ascii	"ALB\\81-00022-01 ALB LED Driver\\81-00022-01.cydsn\000"
 1220      38312D30 
 1220      30303232 
 1220      2D303120 
 1220      414C4220 
 1221              		.ident	"GCC: (GNU Tools for ARM Embedded Processors) 4.9.3 20150303 (release) [ARM/embedded-4_9-br
