ARM GAS  C:\Users\kylep\AppData\Local\Temp\ccbO9PON.s 			page 1


   1              		.cpu cortex-m0
   2              		.fpu softvfp
   3              		.eabi_attribute 20, 1
   4              		.eabi_attribute 21, 1
   5              		.eabi_attribute 23, 3
   6              		.eabi_attribute 24, 1
   7              		.eabi_attribute 25, 1
   8              		.eabi_attribute 26, 1
   9              		.eabi_attribute 30, 1
  10              		.eabi_attribute 34, 0
  11              		.eabi_attribute 18, 4
  12              		.code	16
  13              		.file	"Clock_1.c"
  14              		.text
  15              	.Ltext0:
  16              		.cfi_sections	.debug_frame
  17              		.section	.text.Clock_1_Start,"ax",%progbits
  18              		.align	2
  19              		.global	Clock_1_Start
  20              		.code	16
  21              		.thumb_func
  22              		.type	Clock_1_Start, %function
  23              	Clock_1_Start:
  24              	.LFB0:
  25              		.file 1 ".\\Generated_Source\\PSoC4\\Clock_1.c"
   1:.\Generated_Source\PSoC4/Clock_1.c **** /*******************************************************************************
   2:.\Generated_Source\PSoC4/Clock_1.c **** * File Name: Clock_1.c
   3:.\Generated_Source\PSoC4/Clock_1.c **** * Version 2.20
   4:.\Generated_Source\PSoC4/Clock_1.c **** *
   5:.\Generated_Source\PSoC4/Clock_1.c **** *  Description:
   6:.\Generated_Source\PSoC4/Clock_1.c **** *   Provides system API for the clocking, interrupts and watchdog timer.
   7:.\Generated_Source\PSoC4/Clock_1.c **** *
   8:.\Generated_Source\PSoC4/Clock_1.c **** *  Note:
   9:.\Generated_Source\PSoC4/Clock_1.c **** *   Documentation of the API's in this file is located in the
  10:.\Generated_Source\PSoC4/Clock_1.c **** *   System Reference Guide provided with PSoC Creator.
  11:.\Generated_Source\PSoC4/Clock_1.c **** *
  12:.\Generated_Source\PSoC4/Clock_1.c **** ********************************************************************************
  13:.\Generated_Source\PSoC4/Clock_1.c **** * Copyright 2008-2012, Cypress Semiconductor Corporation.  All rights reserved.
  14:.\Generated_Source\PSoC4/Clock_1.c **** * You may use this file only in accordance with the license, terms, conditions,
  15:.\Generated_Source\PSoC4/Clock_1.c **** * disclaimers, and limitations in the end user license agreement accompanying
  16:.\Generated_Source\PSoC4/Clock_1.c **** * the software package with which this file was provided.
  17:.\Generated_Source\PSoC4/Clock_1.c **** *******************************************************************************/
  18:.\Generated_Source\PSoC4/Clock_1.c **** 
  19:.\Generated_Source\PSoC4/Clock_1.c **** #include <cydevice_trm.h>
  20:.\Generated_Source\PSoC4/Clock_1.c **** #include "Clock_1.h"
  21:.\Generated_Source\PSoC4/Clock_1.c **** 
  22:.\Generated_Source\PSoC4/Clock_1.c **** #if defined CYREG_PERI_DIV_CMD
  23:.\Generated_Source\PSoC4/Clock_1.c **** 
  24:.\Generated_Source\PSoC4/Clock_1.c **** /*******************************************************************************
  25:.\Generated_Source\PSoC4/Clock_1.c **** * Function Name: Clock_1_StartEx
  26:.\Generated_Source\PSoC4/Clock_1.c **** ********************************************************************************
  27:.\Generated_Source\PSoC4/Clock_1.c **** *
  28:.\Generated_Source\PSoC4/Clock_1.c **** * Summary:
  29:.\Generated_Source\PSoC4/Clock_1.c **** *  Starts the clock, aligned to the specified running clock.
  30:.\Generated_Source\PSoC4/Clock_1.c **** *
  31:.\Generated_Source\PSoC4/Clock_1.c **** * Parameters:
  32:.\Generated_Source\PSoC4/Clock_1.c **** *  alignClkDiv:  The divider to which phase alignment is performed when the
ARM GAS  C:\Users\kylep\AppData\Local\Temp\ccbO9PON.s 			page 2


  33:.\Generated_Source\PSoC4/Clock_1.c **** *    clock is started.
  34:.\Generated_Source\PSoC4/Clock_1.c **** *
  35:.\Generated_Source\PSoC4/Clock_1.c **** * Returns:
  36:.\Generated_Source\PSoC4/Clock_1.c **** *  None
  37:.\Generated_Source\PSoC4/Clock_1.c **** *
  38:.\Generated_Source\PSoC4/Clock_1.c **** *******************************************************************************/
  39:.\Generated_Source\PSoC4/Clock_1.c **** void Clock_1_StartEx(uint32 alignClkDiv)
  40:.\Generated_Source\PSoC4/Clock_1.c **** {
  41:.\Generated_Source\PSoC4/Clock_1.c ****     /* Make sure any previous start command has finished. */
  42:.\Generated_Source\PSoC4/Clock_1.c ****     while((Clock_1_CMD_REG & Clock_1_CMD_ENABLE_MASK) != 0u)
  43:.\Generated_Source\PSoC4/Clock_1.c ****     {
  44:.\Generated_Source\PSoC4/Clock_1.c ****     }
  45:.\Generated_Source\PSoC4/Clock_1.c ****     
  46:.\Generated_Source\PSoC4/Clock_1.c ****     /* Specify the target divider and it's alignment divider, and enable. */
  47:.\Generated_Source\PSoC4/Clock_1.c ****     Clock_1_CMD_REG =
  48:.\Generated_Source\PSoC4/Clock_1.c ****         ((uint32)Clock_1__DIV_ID << Clock_1_CMD_DIV_SHIFT)|
  49:.\Generated_Source\PSoC4/Clock_1.c ****         (alignClkDiv << Clock_1_CMD_PA_DIV_SHIFT) |
  50:.\Generated_Source\PSoC4/Clock_1.c ****         (uint32)Clock_1_CMD_ENABLE_MASK;
  51:.\Generated_Source\PSoC4/Clock_1.c **** }
  52:.\Generated_Source\PSoC4/Clock_1.c **** 
  53:.\Generated_Source\PSoC4/Clock_1.c **** #else
  54:.\Generated_Source\PSoC4/Clock_1.c **** 
  55:.\Generated_Source\PSoC4/Clock_1.c **** /*******************************************************************************
  56:.\Generated_Source\PSoC4/Clock_1.c **** * Function Name: Clock_1_Start
  57:.\Generated_Source\PSoC4/Clock_1.c **** ********************************************************************************
  58:.\Generated_Source\PSoC4/Clock_1.c **** *
  59:.\Generated_Source\PSoC4/Clock_1.c **** * Summary:
  60:.\Generated_Source\PSoC4/Clock_1.c **** *  Starts the clock.
  61:.\Generated_Source\PSoC4/Clock_1.c **** *
  62:.\Generated_Source\PSoC4/Clock_1.c **** * Parameters:
  63:.\Generated_Source\PSoC4/Clock_1.c **** *  None
  64:.\Generated_Source\PSoC4/Clock_1.c **** *
  65:.\Generated_Source\PSoC4/Clock_1.c **** * Returns:
  66:.\Generated_Source\PSoC4/Clock_1.c **** *  None
  67:.\Generated_Source\PSoC4/Clock_1.c **** *
  68:.\Generated_Source\PSoC4/Clock_1.c **** *******************************************************************************/
  69:.\Generated_Source\PSoC4/Clock_1.c **** 
  70:.\Generated_Source\PSoC4/Clock_1.c **** void Clock_1_Start(void)
  71:.\Generated_Source\PSoC4/Clock_1.c **** {
  26              		.loc 1 71 0
  27              		.cfi_startproc
  72:.\Generated_Source\PSoC4/Clock_1.c ****     /* Set the bit to enable the clock. */
  73:.\Generated_Source\PSoC4/Clock_1.c ****     Clock_1_ENABLE_REG |= Clock_1__ENABLE_MASK;
  28              		.loc 1 73 0
  29 0000 034A     		ldr	r2, .L2
  30 0002 1368     		ldr	r3, [r2]
  31 0004 8021     		mov	r1, #128
  32 0006 0906     		lsl	r1, r1, #24
  33 0008 0B43     		orr	r3, r1
  34 000a 1360     		str	r3, [r2]
  74:.\Generated_Source\PSoC4/Clock_1.c **** }
  35              		.loc 1 74 0
  36              		@ sp needed
  37 000c 7047     		bx	lr
  38              	.L3:
  39 000e C046     		.align	2
  40              	.L2:
ARM GAS  C:\Users\kylep\AppData\Local\Temp\ccbO9PON.s 			page 3


  41 0010 00010240 		.word	1073873152
  42              		.cfi_endproc
  43              	.LFE0:
  44              		.size	Clock_1_Start, .-Clock_1_Start
  45              		.section	.text.Clock_1_Stop,"ax",%progbits
  46              		.align	2
  47              		.global	Clock_1_Stop
  48              		.code	16
  49              		.thumb_func
  50              		.type	Clock_1_Stop, %function
  51              	Clock_1_Stop:
  52              	.LFB1:
  75:.\Generated_Source\PSoC4/Clock_1.c **** 
  76:.\Generated_Source\PSoC4/Clock_1.c **** #endif /* CYREG_PERI_DIV_CMD */
  77:.\Generated_Source\PSoC4/Clock_1.c **** 
  78:.\Generated_Source\PSoC4/Clock_1.c **** 
  79:.\Generated_Source\PSoC4/Clock_1.c **** /*******************************************************************************
  80:.\Generated_Source\PSoC4/Clock_1.c **** * Function Name: Clock_1_Stop
  81:.\Generated_Source\PSoC4/Clock_1.c **** ********************************************************************************
  82:.\Generated_Source\PSoC4/Clock_1.c **** *
  83:.\Generated_Source\PSoC4/Clock_1.c **** * Summary:
  84:.\Generated_Source\PSoC4/Clock_1.c **** *  Stops the clock and returns immediately. This API does not require the
  85:.\Generated_Source\PSoC4/Clock_1.c **** *  source clock to be running but may return before the hardware is actually
  86:.\Generated_Source\PSoC4/Clock_1.c **** *  disabled.
  87:.\Generated_Source\PSoC4/Clock_1.c **** *
  88:.\Generated_Source\PSoC4/Clock_1.c **** * Parameters:
  89:.\Generated_Source\PSoC4/Clock_1.c **** *  None
  90:.\Generated_Source\PSoC4/Clock_1.c **** *
  91:.\Generated_Source\PSoC4/Clock_1.c **** * Returns:
  92:.\Generated_Source\PSoC4/Clock_1.c **** *  None
  93:.\Generated_Source\PSoC4/Clock_1.c **** *
  94:.\Generated_Source\PSoC4/Clock_1.c **** *******************************************************************************/
  95:.\Generated_Source\PSoC4/Clock_1.c **** void Clock_1_Stop(void)
  96:.\Generated_Source\PSoC4/Clock_1.c **** {
  53              		.loc 1 96 0
  54              		.cfi_startproc
  97:.\Generated_Source\PSoC4/Clock_1.c **** #if defined CYREG_PERI_DIV_CMD
  98:.\Generated_Source\PSoC4/Clock_1.c **** 
  99:.\Generated_Source\PSoC4/Clock_1.c ****     /* Make sure any previous start command has finished. */
 100:.\Generated_Source\PSoC4/Clock_1.c ****     while((Clock_1_CMD_REG & Clock_1_CMD_ENABLE_MASK) != 0u)
 101:.\Generated_Source\PSoC4/Clock_1.c ****     {
 102:.\Generated_Source\PSoC4/Clock_1.c ****     }
 103:.\Generated_Source\PSoC4/Clock_1.c ****     
 104:.\Generated_Source\PSoC4/Clock_1.c ****     /* Specify the target divider and it's alignment divider, and disable. */
 105:.\Generated_Source\PSoC4/Clock_1.c ****     Clock_1_CMD_REG =
 106:.\Generated_Source\PSoC4/Clock_1.c ****         ((uint32)Clock_1__DIV_ID << Clock_1_CMD_DIV_SHIFT)|
 107:.\Generated_Source\PSoC4/Clock_1.c ****         ((uint32)Clock_1_CMD_DISABLE_MASK);
 108:.\Generated_Source\PSoC4/Clock_1.c **** 
 109:.\Generated_Source\PSoC4/Clock_1.c **** #else
 110:.\Generated_Source\PSoC4/Clock_1.c **** 
 111:.\Generated_Source\PSoC4/Clock_1.c ****     /* Clear the bit to disable the clock. */
 112:.\Generated_Source\PSoC4/Clock_1.c ****     Clock_1_ENABLE_REG &= (uint32)(~Clock_1__ENABLE_MASK);
  55              		.loc 1 112 0
  56 0000 024A     		ldr	r2, .L5
  57 0002 1368     		ldr	r3, [r2]
  58 0004 5B00     		lsl	r3, r3, #1
  59 0006 5B08     		lsr	r3, r3, #1
ARM GAS  C:\Users\kylep\AppData\Local\Temp\ccbO9PON.s 			page 4


  60 0008 1360     		str	r3, [r2]
 113:.\Generated_Source\PSoC4/Clock_1.c ****     
 114:.\Generated_Source\PSoC4/Clock_1.c **** #endif /* CYREG_PERI_DIV_CMD */
 115:.\Generated_Source\PSoC4/Clock_1.c **** }
  61              		.loc 1 115 0
  62              		@ sp needed
  63 000a 7047     		bx	lr
  64              	.L6:
  65              		.align	2
  66              	.L5:
  67 000c 00010240 		.word	1073873152
  68              		.cfi_endproc
  69              	.LFE1:
  70              		.size	Clock_1_Stop, .-Clock_1_Stop
  71              		.section	.text.Clock_1_SetFractionalDividerRegister,"ax",%progbits
  72              		.align	2
  73              		.global	Clock_1_SetFractionalDividerRegister
  74              		.code	16
  75              		.thumb_func
  76              		.type	Clock_1_SetFractionalDividerRegister, %function
  77              	Clock_1_SetFractionalDividerRegister:
  78              	.LFB2:
 116:.\Generated_Source\PSoC4/Clock_1.c **** 
 117:.\Generated_Source\PSoC4/Clock_1.c **** 
 118:.\Generated_Source\PSoC4/Clock_1.c **** /*******************************************************************************
 119:.\Generated_Source\PSoC4/Clock_1.c **** * Function Name: Clock_1_SetFractionalDividerRegister
 120:.\Generated_Source\PSoC4/Clock_1.c **** ********************************************************************************
 121:.\Generated_Source\PSoC4/Clock_1.c **** *
 122:.\Generated_Source\PSoC4/Clock_1.c **** * Summary:
 123:.\Generated_Source\PSoC4/Clock_1.c **** *  Modifies the clock divider and the fractional divider.
 124:.\Generated_Source\PSoC4/Clock_1.c **** *
 125:.\Generated_Source\PSoC4/Clock_1.c **** * Parameters:
 126:.\Generated_Source\PSoC4/Clock_1.c **** *  clkDivider:  Divider register value (0-65535). This value is NOT the
 127:.\Generated_Source\PSoC4/Clock_1.c **** *    divider; the clock hardware divides by clkDivider plus one. For example,
 128:.\Generated_Source\PSoC4/Clock_1.c **** *    to divide the clock by 2, this parameter should be set to 1.
 129:.\Generated_Source\PSoC4/Clock_1.c **** *  fracDivider:  Fractional Divider register value (0-31).
 130:.\Generated_Source\PSoC4/Clock_1.c **** * Returns:
 131:.\Generated_Source\PSoC4/Clock_1.c **** *  None
 132:.\Generated_Source\PSoC4/Clock_1.c **** *
 133:.\Generated_Source\PSoC4/Clock_1.c **** *******************************************************************************/
 134:.\Generated_Source\PSoC4/Clock_1.c **** void Clock_1_SetFractionalDividerRegister(uint16 clkDivider, uint8 clkFractional)
 135:.\Generated_Source\PSoC4/Clock_1.c **** {
  79              		.loc 1 135 0
  80              		.cfi_startproc
  81              	.LVL0:
 136:.\Generated_Source\PSoC4/Clock_1.c ****     uint32 maskVal;
 137:.\Generated_Source\PSoC4/Clock_1.c ****     uint32 regVal;
 138:.\Generated_Source\PSoC4/Clock_1.c ****     
 139:.\Generated_Source\PSoC4/Clock_1.c **** #if defined (Clock_1__FRAC_MASK) || defined (CYREG_PERI_DIV_CMD)
 140:.\Generated_Source\PSoC4/Clock_1.c ****     
 141:.\Generated_Source\PSoC4/Clock_1.c **** 	/* get all but divider bits */
 142:.\Generated_Source\PSoC4/Clock_1.c ****     maskVal = Clock_1_DIV_REG & 
  82              		.loc 1 142 0
  83 0000 054A     		ldr	r2, .L8
  84 0002 1368     		ldr	r3, [r2]
  85 0004 5B0D     		lsr	r3, r3, #21
  86 0006 5B05     		lsl	r3, r3, #21
ARM GAS  C:\Users\kylep\AppData\Local\Temp\ccbO9PON.s 			page 5


  87              	.LVL1:
 143:.\Generated_Source\PSoC4/Clock_1.c ****                     (uint32)(~(uint32)(Clock_1_DIV_INT_MASK | Clock_1_DIV_FRAC_MASK)); 
 144:.\Generated_Source\PSoC4/Clock_1.c **** 	/* combine mask and new divider vals into 32-bit value */
 145:.\Generated_Source\PSoC4/Clock_1.c ****     regVal = maskVal |
  88              		.loc 1 145 0
  89 0008 1843     		orr	r0, r3
  90              	.LVL2:
 146:.\Generated_Source\PSoC4/Clock_1.c ****         ((uint32)((uint32)clkDivider <<  Clock_1_DIV_INT_SHIFT) & Clock_1_DIV_INT_MASK) |
 147:.\Generated_Source\PSoC4/Clock_1.c ****         ((uint32)((uint32)clkFractional << Clock_1_DIV_FRAC_SHIFT) & Clock_1_DIV_FRAC_MASK);
  91              		.loc 1 147 0
  92 000a 0904     		lsl	r1, r1, #16
  93              	.LVL3:
  94 000c F823     		mov	r3, #248
  95              	.LVL4:
  96 000e 5B03     		lsl	r3, r3, #13
  97 0010 1940     		and	r1, r3
 145:.\Generated_Source\PSoC4/Clock_1.c ****         ((uint32)((uint32)clkDivider <<  Clock_1_DIV_INT_SHIFT) & Clock_1_DIV_INT_MASK) |
  98              		.loc 1 145 0
  99 0012 0843     		orr	r0, r1
 100              	.LVL5:
 148:.\Generated_Source\PSoC4/Clock_1.c ****     
 149:.\Generated_Source\PSoC4/Clock_1.c **** #else
 150:.\Generated_Source\PSoC4/Clock_1.c ****     /* get all but integer divider bits */
 151:.\Generated_Source\PSoC4/Clock_1.c ****     maskVal = Clock_1_DIV_REG & (uint32)(~(uint32)Clock_1__DIVIDER_MASK);
 152:.\Generated_Source\PSoC4/Clock_1.c ****     /* combine mask and new divider val into 32-bit value */
 153:.\Generated_Source\PSoC4/Clock_1.c ****     regVal = clkDivider | maskVal;
 154:.\Generated_Source\PSoC4/Clock_1.c ****     
 155:.\Generated_Source\PSoC4/Clock_1.c **** #endif /* Clock_1__FRAC_MASK || CYREG_PERI_DIV_CMD */
 156:.\Generated_Source\PSoC4/Clock_1.c **** 
 157:.\Generated_Source\PSoC4/Clock_1.c ****     Clock_1_DIV_REG = regVal;
 101              		.loc 1 157 0
 102 0014 1060     		str	r0, [r2]
 158:.\Generated_Source\PSoC4/Clock_1.c **** }
 103              		.loc 1 158 0
 104              		@ sp needed
 105 0016 7047     		bx	lr
 106              	.L9:
 107              		.align	2
 108              	.L8:
 109 0018 00010240 		.word	1073873152
 110              		.cfi_endproc
 111              	.LFE2:
 112              		.size	Clock_1_SetFractionalDividerRegister, .-Clock_1_SetFractionalDividerRegister
 113              		.section	.text.Clock_1_GetDividerRegister,"ax",%progbits
 114              		.align	2
 115              		.global	Clock_1_GetDividerRegister
 116              		.code	16
 117              		.thumb_func
 118              		.type	Clock_1_GetDividerRegister, %function
 119              	Clock_1_GetDividerRegister:
 120              	.LFB3:
 159:.\Generated_Source\PSoC4/Clock_1.c **** 
 160:.\Generated_Source\PSoC4/Clock_1.c **** 
 161:.\Generated_Source\PSoC4/Clock_1.c **** /*******************************************************************************
 162:.\Generated_Source\PSoC4/Clock_1.c **** * Function Name: Clock_1_GetDividerRegister
 163:.\Generated_Source\PSoC4/Clock_1.c **** ********************************************************************************
 164:.\Generated_Source\PSoC4/Clock_1.c **** *
ARM GAS  C:\Users\kylep\AppData\Local\Temp\ccbO9PON.s 			page 6


 165:.\Generated_Source\PSoC4/Clock_1.c **** * Summary:
 166:.\Generated_Source\PSoC4/Clock_1.c **** *  Gets the clock divider register value.
 167:.\Generated_Source\PSoC4/Clock_1.c **** *
 168:.\Generated_Source\PSoC4/Clock_1.c **** * Parameters:
 169:.\Generated_Source\PSoC4/Clock_1.c **** *  None
 170:.\Generated_Source\PSoC4/Clock_1.c **** *
 171:.\Generated_Source\PSoC4/Clock_1.c **** * Returns:
 172:.\Generated_Source\PSoC4/Clock_1.c **** *  Divide value of the clock minus 1. For example, if the clock is set to
 173:.\Generated_Source\PSoC4/Clock_1.c **** *  divide by 2, the return value will be 1.
 174:.\Generated_Source\PSoC4/Clock_1.c **** *
 175:.\Generated_Source\PSoC4/Clock_1.c **** *******************************************************************************/
 176:.\Generated_Source\PSoC4/Clock_1.c **** uint16 Clock_1_GetDividerRegister(void)
 177:.\Generated_Source\PSoC4/Clock_1.c **** {
 121              		.loc 1 177 0
 122              		.cfi_startproc
 178:.\Generated_Source\PSoC4/Clock_1.c ****     return (uint16)((Clock_1_DIV_REG & Clock_1_DIV_INT_MASK)
 123              		.loc 1 178 0
 124 0000 014B     		ldr	r3, .L11
 125 0002 1868     		ldr	r0, [r3]
 126 0004 80B2     		uxth	r0, r0
 179:.\Generated_Source\PSoC4/Clock_1.c ****         >> Clock_1_DIV_INT_SHIFT);
 180:.\Generated_Source\PSoC4/Clock_1.c **** }
 127              		.loc 1 180 0
 128              		@ sp needed
 129 0006 7047     		bx	lr
 130              	.L12:
 131              		.align	2
 132              	.L11:
 133 0008 00010240 		.word	1073873152
 134              		.cfi_endproc
 135              	.LFE3:
 136              		.size	Clock_1_GetDividerRegister, .-Clock_1_GetDividerRegister
 137              		.section	.text.Clock_1_GetFractionalDividerRegister,"ax",%progbits
 138              		.align	2
 139              		.global	Clock_1_GetFractionalDividerRegister
 140              		.code	16
 141              		.thumb_func
 142              		.type	Clock_1_GetFractionalDividerRegister, %function
 143              	Clock_1_GetFractionalDividerRegister:
 144              	.LFB4:
 181:.\Generated_Source\PSoC4/Clock_1.c **** 
 182:.\Generated_Source\PSoC4/Clock_1.c **** 
 183:.\Generated_Source\PSoC4/Clock_1.c **** /*******************************************************************************
 184:.\Generated_Source\PSoC4/Clock_1.c **** * Function Name: Clock_1_GetFractionalDividerRegister
 185:.\Generated_Source\PSoC4/Clock_1.c **** ********************************************************************************
 186:.\Generated_Source\PSoC4/Clock_1.c **** *
 187:.\Generated_Source\PSoC4/Clock_1.c **** * Summary:
 188:.\Generated_Source\PSoC4/Clock_1.c **** *  Gets the clock fractional divider register value.
 189:.\Generated_Source\PSoC4/Clock_1.c **** *
 190:.\Generated_Source\PSoC4/Clock_1.c **** * Parameters:
 191:.\Generated_Source\PSoC4/Clock_1.c **** *  None
 192:.\Generated_Source\PSoC4/Clock_1.c **** *
 193:.\Generated_Source\PSoC4/Clock_1.c **** * Returns:
 194:.\Generated_Source\PSoC4/Clock_1.c **** *  Fractional Divide value of the clock
 195:.\Generated_Source\PSoC4/Clock_1.c **** *  0 if the fractional divider is not in use.
 196:.\Generated_Source\PSoC4/Clock_1.c **** *
 197:.\Generated_Source\PSoC4/Clock_1.c **** *******************************************************************************/
ARM GAS  C:\Users\kylep\AppData\Local\Temp\ccbO9PON.s 			page 7


 198:.\Generated_Source\PSoC4/Clock_1.c **** uint8 Clock_1_GetFractionalDividerRegister(void)
 199:.\Generated_Source\PSoC4/Clock_1.c **** {
 145              		.loc 1 199 0
 146              		.cfi_startproc
 200:.\Generated_Source\PSoC4/Clock_1.c **** #if defined (Clock_1__FRAC_MASK)
 201:.\Generated_Source\PSoC4/Clock_1.c ****     /* return fractional divider bits */
 202:.\Generated_Source\PSoC4/Clock_1.c ****     return (uint8)((Clock_1_DIV_REG & Clock_1_DIV_FRAC_MASK)
 147              		.loc 1 202 0
 148 0000 024B     		ldr	r3, .L14
 149 0002 1868     		ldr	r0, [r3]
 150 0004 C002     		lsl	r0, r0, #11
 151 0006 C00E     		lsr	r0, r0, #27
 203:.\Generated_Source\PSoC4/Clock_1.c ****         >> Clock_1_DIV_FRAC_SHIFT);
 204:.\Generated_Source\PSoC4/Clock_1.c **** #else
 205:.\Generated_Source\PSoC4/Clock_1.c ****     return 0u;
 206:.\Generated_Source\PSoC4/Clock_1.c **** #endif /* Clock_1__FRAC_MASK */
 207:.\Generated_Source\PSoC4/Clock_1.c **** }
 152              		.loc 1 207 0
 153              		@ sp needed
 154 0008 7047     		bx	lr
 155              	.L15:
 156 000a C046     		.align	2
 157              	.L14:
 158 000c 00010240 		.word	1073873152
 159              		.cfi_endproc
 160              	.LFE4:
 161              		.size	Clock_1_GetFractionalDividerRegister, .-Clock_1_GetFractionalDividerRegister
 162              		.text
 163              	.Letext0:
 164              		.file 2 "Generated_Source\\PSoC4/cytypes.h"
 165              		.section	.debug_info,"",%progbits
 166              	.Ldebug_info0:
 167 0000 4E010000 		.4byte	0x14e
 168 0004 0400     		.2byte	0x4
 169 0006 00000000 		.4byte	.Ldebug_abbrev0
 170 000a 04       		.byte	0x4
 171 000b 01       		.uleb128 0x1
 172 000c 73010000 		.4byte	.LASF24
 173 0010 01       		.byte	0x1
 174 0011 62000000 		.4byte	.LASF25
 175 0015 03010000 		.4byte	.LASF26
 176 0019 00000000 		.4byte	.Ldebug_ranges0+0
 177 001d 00000000 		.4byte	0
 178 0021 00000000 		.4byte	.Ldebug_line0
 179 0025 02       		.uleb128 0x2
 180 0026 01       		.byte	0x1
 181 0027 06       		.byte	0x6
 182 0028 3F020000 		.4byte	.LASF0
 183 002c 02       		.uleb128 0x2
 184 002d 01       		.byte	0x1
 185 002e 08       		.byte	0x8
 186 002f 21000000 		.4byte	.LASF1
 187 0033 02       		.uleb128 0x2
 188 0034 02       		.byte	0x2
 189 0035 05       		.byte	0x5
 190 0036 01020000 		.4byte	.LASF2
 191 003a 02       		.uleb128 0x2
ARM GAS  C:\Users\kylep\AppData\Local\Temp\ccbO9PON.s 			page 8


 192 003b 02       		.byte	0x2
 193 003c 07       		.byte	0x7
 194 003d 4F000000 		.4byte	.LASF3
 195 0041 02       		.uleb128 0x2
 196 0042 04       		.byte	0x4
 197 0043 05       		.byte	0x5
 198 0044 36020000 		.4byte	.LASF4
 199 0048 02       		.uleb128 0x2
 200 0049 04       		.byte	0x4
 201 004a 07       		.byte	0x7
 202 004b 3D000000 		.4byte	.LASF5
 203 004f 02       		.uleb128 0x2
 204 0050 08       		.byte	0x8
 205 0051 05       		.byte	0x5
 206 0052 60010000 		.4byte	.LASF6
 207 0056 02       		.uleb128 0x2
 208 0057 08       		.byte	0x8
 209 0058 07       		.byte	0x7
 210 0059 C7000000 		.4byte	.LASF7
 211 005d 03       		.uleb128 0x3
 212 005e 04       		.byte	0x4
 213 005f 05       		.byte	0x5
 214 0060 696E7400 		.ascii	"int\000"
 215 0064 02       		.uleb128 0x2
 216 0065 04       		.byte	0x4
 217 0066 07       		.byte	0x7
 218 0067 BA000000 		.4byte	.LASF8
 219 006b 04       		.uleb128 0x4
 220 006c 0B020000 		.4byte	.LASF9
 221 0070 02       		.byte	0x2
 222 0071 3801     		.2byte	0x138
 223 0073 2C000000 		.4byte	0x2c
 224 0077 04       		.uleb128 0x4
 225 0078 AC000000 		.4byte	.LASF10
 226 007c 02       		.byte	0x2
 227 007d 3901     		.2byte	0x139
 228 007f 3A000000 		.4byte	0x3a
 229 0083 04       		.uleb128 0x4
 230 0084 B3000000 		.4byte	.LASF11
 231 0088 02       		.byte	0x2
 232 0089 3A01     		.2byte	0x13a
 233 008b 48000000 		.4byte	0x48
 234 008f 02       		.uleb128 0x2
 235 0090 04       		.byte	0x4
 236 0091 04       		.byte	0x4
 237 0092 0E000000 		.4byte	.LASF12
 238 0096 02       		.uleb128 0x2
 239 0097 08       		.byte	0x8
 240 0098 04       		.byte	0x4
 241 0099 90000000 		.4byte	.LASF13
 242 009d 02       		.uleb128 0x2
 243 009e 01       		.byte	0x1
 244 009f 08       		.byte	0x8
 245 00a0 6E010000 		.4byte	.LASF14
 246 00a4 04       		.uleb128 0x4
 247 00a5 00000000 		.4byte	.LASF15
 248 00a9 02       		.byte	0x2
ARM GAS  C:\Users\kylep\AppData\Local\Temp\ccbO9PON.s 			page 9


 249 00aa E401     		.2byte	0x1e4
 250 00ac B0000000 		.4byte	0xb0
 251 00b0 05       		.uleb128 0x5
 252 00b1 83000000 		.4byte	0x83
 253 00b5 06       		.uleb128 0x6
 254 00b6 2F000000 		.4byte	.LASF16
 255 00ba 01       		.byte	0x1
 256 00bb 46       		.byte	0x46
 257 00bc 00000000 		.4byte	.LFB0
 258 00c0 14000000 		.4byte	.LFE0-.LFB0
 259 00c4 01       		.uleb128 0x1
 260 00c5 9C       		.byte	0x9c
 261 00c6 06       		.uleb128 0x6
 262 00c7 14000000 		.4byte	.LASF17
 263 00cb 01       		.byte	0x1
 264 00cc 5F       		.byte	0x5f
 265 00cd 00000000 		.4byte	.LFB1
 266 00d1 10000000 		.4byte	.LFE1-.LFB1
 267 00d5 01       		.uleb128 0x1
 268 00d6 9C       		.byte	0x9c
 269 00d7 07       		.uleb128 0x7
 270 00d8 11020000 		.4byte	.LASF27
 271 00dc 01       		.byte	0x1
 272 00dd 86       		.byte	0x86
 273 00de 00000000 		.4byte	.LFB2
 274 00e2 1C000000 		.4byte	.LFE2-.LFB2
 275 00e6 01       		.uleb128 0x1
 276 00e7 9C       		.byte	0x9c
 277 00e8 27010000 		.4byte	0x127
 278 00ec 08       		.uleb128 0x8
 279 00ed 85000000 		.4byte	.LASF18
 280 00f1 01       		.byte	0x1
 281 00f2 86       		.byte	0x86
 282 00f3 77000000 		.4byte	0x77
 283 00f7 00000000 		.4byte	.LLST0
 284 00fb 08       		.uleb128 0x8
 285 00fc 9E000000 		.4byte	.LASF19
 286 0100 01       		.byte	0x1
 287 0101 86       		.byte	0x86
 288 0102 6B000000 		.4byte	0x6b
 289 0106 21000000 		.4byte	.LLST1
 290 010a 09       		.uleb128 0x9
 291 010b 06000000 		.4byte	.LASF20
 292 010f 01       		.byte	0x1
 293 0110 88       		.byte	0x88
 294 0111 83000000 		.4byte	0x83
 295 0115 42000000 		.4byte	.LLST2
 296 0119 0A       		.uleb128 0xa
 297 011a 97000000 		.4byte	.LASF21
 298 011e 01       		.byte	0x1
 299 011f 89       		.byte	0x89
 300 0120 83000000 		.4byte	0x83
 301 0124 01       		.uleb128 0x1
 302 0125 50       		.byte	0x50
 303 0126 00       		.byte	0
 304 0127 0B       		.uleb128 0xb
 305 0128 4B020000 		.4byte	.LASF22
ARM GAS  C:\Users\kylep\AppData\Local\Temp\ccbO9PON.s 			page 10


 306 012c 01       		.byte	0x1
 307 012d B0       		.byte	0xb0
 308 012e 77000000 		.4byte	0x77
 309 0132 00000000 		.4byte	.LFB3
 310 0136 0C000000 		.4byte	.LFE3-.LFB3
 311 013a 01       		.uleb128 0x1
 312 013b 9C       		.byte	0x9c
 313 013c 0B       		.uleb128 0xb
 314 013d DE000000 		.4byte	.LASF23
 315 0141 01       		.byte	0x1
 316 0142 C6       		.byte	0xc6
 317 0143 6B000000 		.4byte	0x6b
 318 0147 00000000 		.4byte	.LFB4
 319 014b 10000000 		.4byte	.LFE4-.LFB4
 320 014f 01       		.uleb128 0x1
 321 0150 9C       		.byte	0x9c
 322 0151 00       		.byte	0
 323              		.section	.debug_abbrev,"",%progbits
 324              	.Ldebug_abbrev0:
 325 0000 01       		.uleb128 0x1
 326 0001 11       		.uleb128 0x11
 327 0002 01       		.byte	0x1
 328 0003 25       		.uleb128 0x25
 329 0004 0E       		.uleb128 0xe
 330 0005 13       		.uleb128 0x13
 331 0006 0B       		.uleb128 0xb
 332 0007 03       		.uleb128 0x3
 333 0008 0E       		.uleb128 0xe
 334 0009 1B       		.uleb128 0x1b
 335 000a 0E       		.uleb128 0xe
 336 000b 55       		.uleb128 0x55
 337 000c 17       		.uleb128 0x17
 338 000d 11       		.uleb128 0x11
 339 000e 01       		.uleb128 0x1
 340 000f 10       		.uleb128 0x10
 341 0010 17       		.uleb128 0x17
 342 0011 00       		.byte	0
 343 0012 00       		.byte	0
 344 0013 02       		.uleb128 0x2
 345 0014 24       		.uleb128 0x24
 346 0015 00       		.byte	0
 347 0016 0B       		.uleb128 0xb
 348 0017 0B       		.uleb128 0xb
 349 0018 3E       		.uleb128 0x3e
 350 0019 0B       		.uleb128 0xb
 351 001a 03       		.uleb128 0x3
 352 001b 0E       		.uleb128 0xe
 353 001c 00       		.byte	0
 354 001d 00       		.byte	0
 355 001e 03       		.uleb128 0x3
 356 001f 24       		.uleb128 0x24
 357 0020 00       		.byte	0
 358 0021 0B       		.uleb128 0xb
 359 0022 0B       		.uleb128 0xb
 360 0023 3E       		.uleb128 0x3e
 361 0024 0B       		.uleb128 0xb
 362 0025 03       		.uleb128 0x3
ARM GAS  C:\Users\kylep\AppData\Local\Temp\ccbO9PON.s 			page 11


 363 0026 08       		.uleb128 0x8
 364 0027 00       		.byte	0
 365 0028 00       		.byte	0
 366 0029 04       		.uleb128 0x4
 367 002a 16       		.uleb128 0x16
 368 002b 00       		.byte	0
 369 002c 03       		.uleb128 0x3
 370 002d 0E       		.uleb128 0xe
 371 002e 3A       		.uleb128 0x3a
 372 002f 0B       		.uleb128 0xb
 373 0030 3B       		.uleb128 0x3b
 374 0031 05       		.uleb128 0x5
 375 0032 49       		.uleb128 0x49
 376 0033 13       		.uleb128 0x13
 377 0034 00       		.byte	0
 378 0035 00       		.byte	0
 379 0036 05       		.uleb128 0x5
 380 0037 35       		.uleb128 0x35
 381 0038 00       		.byte	0
 382 0039 49       		.uleb128 0x49
 383 003a 13       		.uleb128 0x13
 384 003b 00       		.byte	0
 385 003c 00       		.byte	0
 386 003d 06       		.uleb128 0x6
 387 003e 2E       		.uleb128 0x2e
 388 003f 00       		.byte	0
 389 0040 3F       		.uleb128 0x3f
 390 0041 19       		.uleb128 0x19
 391 0042 03       		.uleb128 0x3
 392 0043 0E       		.uleb128 0xe
 393 0044 3A       		.uleb128 0x3a
 394 0045 0B       		.uleb128 0xb
 395 0046 3B       		.uleb128 0x3b
 396 0047 0B       		.uleb128 0xb
 397 0048 27       		.uleb128 0x27
 398 0049 19       		.uleb128 0x19
 399 004a 11       		.uleb128 0x11
 400 004b 01       		.uleb128 0x1
 401 004c 12       		.uleb128 0x12
 402 004d 06       		.uleb128 0x6
 403 004e 40       		.uleb128 0x40
 404 004f 18       		.uleb128 0x18
 405 0050 9742     		.uleb128 0x2117
 406 0052 19       		.uleb128 0x19
 407 0053 00       		.byte	0
 408 0054 00       		.byte	0
 409 0055 07       		.uleb128 0x7
 410 0056 2E       		.uleb128 0x2e
 411 0057 01       		.byte	0x1
 412 0058 3F       		.uleb128 0x3f
 413 0059 19       		.uleb128 0x19
 414 005a 03       		.uleb128 0x3
 415 005b 0E       		.uleb128 0xe
 416 005c 3A       		.uleb128 0x3a
 417 005d 0B       		.uleb128 0xb
 418 005e 3B       		.uleb128 0x3b
 419 005f 0B       		.uleb128 0xb
ARM GAS  C:\Users\kylep\AppData\Local\Temp\ccbO9PON.s 			page 12


 420 0060 27       		.uleb128 0x27
 421 0061 19       		.uleb128 0x19
 422 0062 11       		.uleb128 0x11
 423 0063 01       		.uleb128 0x1
 424 0064 12       		.uleb128 0x12
 425 0065 06       		.uleb128 0x6
 426 0066 40       		.uleb128 0x40
 427 0067 18       		.uleb128 0x18
 428 0068 9742     		.uleb128 0x2117
 429 006a 19       		.uleb128 0x19
 430 006b 01       		.uleb128 0x1
 431 006c 13       		.uleb128 0x13
 432 006d 00       		.byte	0
 433 006e 00       		.byte	0
 434 006f 08       		.uleb128 0x8
 435 0070 05       		.uleb128 0x5
 436 0071 00       		.byte	0
 437 0072 03       		.uleb128 0x3
 438 0073 0E       		.uleb128 0xe
 439 0074 3A       		.uleb128 0x3a
 440 0075 0B       		.uleb128 0xb
 441 0076 3B       		.uleb128 0x3b
 442 0077 0B       		.uleb128 0xb
 443 0078 49       		.uleb128 0x49
 444 0079 13       		.uleb128 0x13
 445 007a 02       		.uleb128 0x2
 446 007b 17       		.uleb128 0x17
 447 007c 00       		.byte	0
 448 007d 00       		.byte	0
 449 007e 09       		.uleb128 0x9
 450 007f 34       		.uleb128 0x34
 451 0080 00       		.byte	0
 452 0081 03       		.uleb128 0x3
 453 0082 0E       		.uleb128 0xe
 454 0083 3A       		.uleb128 0x3a
 455 0084 0B       		.uleb128 0xb
 456 0085 3B       		.uleb128 0x3b
 457 0086 0B       		.uleb128 0xb
 458 0087 49       		.uleb128 0x49
 459 0088 13       		.uleb128 0x13
 460 0089 02       		.uleb128 0x2
 461 008a 17       		.uleb128 0x17
 462 008b 00       		.byte	0
 463 008c 00       		.byte	0
 464 008d 0A       		.uleb128 0xa
 465 008e 34       		.uleb128 0x34
 466 008f 00       		.byte	0
 467 0090 03       		.uleb128 0x3
 468 0091 0E       		.uleb128 0xe
 469 0092 3A       		.uleb128 0x3a
 470 0093 0B       		.uleb128 0xb
 471 0094 3B       		.uleb128 0x3b
 472 0095 0B       		.uleb128 0xb
 473 0096 49       		.uleb128 0x49
 474 0097 13       		.uleb128 0x13
 475 0098 02       		.uleb128 0x2
 476 0099 18       		.uleb128 0x18
ARM GAS  C:\Users\kylep\AppData\Local\Temp\ccbO9PON.s 			page 13


 477 009a 00       		.byte	0
 478 009b 00       		.byte	0
 479 009c 0B       		.uleb128 0xb
 480 009d 2E       		.uleb128 0x2e
 481 009e 00       		.byte	0
 482 009f 3F       		.uleb128 0x3f
 483 00a0 19       		.uleb128 0x19
 484 00a1 03       		.uleb128 0x3
 485 00a2 0E       		.uleb128 0xe
 486 00a3 3A       		.uleb128 0x3a
 487 00a4 0B       		.uleb128 0xb
 488 00a5 3B       		.uleb128 0x3b
 489 00a6 0B       		.uleb128 0xb
 490 00a7 27       		.uleb128 0x27
 491 00a8 19       		.uleb128 0x19
 492 00a9 49       		.uleb128 0x49
 493 00aa 13       		.uleb128 0x13
 494 00ab 11       		.uleb128 0x11
 495 00ac 01       		.uleb128 0x1
 496 00ad 12       		.uleb128 0x12
 497 00ae 06       		.uleb128 0x6
 498 00af 40       		.uleb128 0x40
 499 00b0 18       		.uleb128 0x18
 500 00b1 9742     		.uleb128 0x2117
 501 00b3 19       		.uleb128 0x19
 502 00b4 00       		.byte	0
 503 00b5 00       		.byte	0
 504 00b6 00       		.byte	0
 505              		.section	.debug_loc,"",%progbits
 506              	.Ldebug_loc0:
 507              	.LLST0:
 508 0000 00000000 		.4byte	.LVL0
 509 0004 0A000000 		.4byte	.LVL2
 510 0008 0100     		.2byte	0x1
 511 000a 50       		.byte	0x50
 512 000b 0A000000 		.4byte	.LVL2
 513 000f 1C000000 		.4byte	.LFE2
 514 0013 0400     		.2byte	0x4
 515 0015 F3       		.byte	0xf3
 516 0016 01       		.uleb128 0x1
 517 0017 50       		.byte	0x50
 518 0018 9F       		.byte	0x9f
 519 0019 00000000 		.4byte	0
 520 001d 00000000 		.4byte	0
 521              	.LLST1:
 522 0021 00000000 		.4byte	.LVL0
 523 0025 0C000000 		.4byte	.LVL3
 524 0029 0100     		.2byte	0x1
 525 002b 51       		.byte	0x51
 526 002c 0C000000 		.4byte	.LVL3
 527 0030 1C000000 		.4byte	.LFE2
 528 0034 0400     		.2byte	0x4
 529 0036 F3       		.byte	0xf3
 530 0037 01       		.uleb128 0x1
 531 0038 51       		.byte	0x51
 532 0039 9F       		.byte	0x9f
 533 003a 00000000 		.4byte	0
ARM GAS  C:\Users\kylep\AppData\Local\Temp\ccbO9PON.s 			page 14


 534 003e 00000000 		.4byte	0
 535              	.LLST2:
 536 0042 08000000 		.4byte	.LVL1
 537 0046 0E000000 		.4byte	.LVL4
 538 004a 0100     		.2byte	0x1
 539 004c 53       		.byte	0x53
 540 004d 00000000 		.4byte	0
 541 0051 00000000 		.4byte	0
 542              		.section	.debug_aranges,"",%progbits
 543 0000 3C000000 		.4byte	0x3c
 544 0004 0200     		.2byte	0x2
 545 0006 00000000 		.4byte	.Ldebug_info0
 546 000a 04       		.byte	0x4
 547 000b 00       		.byte	0
 548 000c 0000     		.2byte	0
 549 000e 0000     		.2byte	0
 550 0010 00000000 		.4byte	.LFB0
 551 0014 14000000 		.4byte	.LFE0-.LFB0
 552 0018 00000000 		.4byte	.LFB1
 553 001c 10000000 		.4byte	.LFE1-.LFB1
 554 0020 00000000 		.4byte	.LFB2
 555 0024 1C000000 		.4byte	.LFE2-.LFB2
 556 0028 00000000 		.4byte	.LFB3
 557 002c 0C000000 		.4byte	.LFE3-.LFB3
 558 0030 00000000 		.4byte	.LFB4
 559 0034 10000000 		.4byte	.LFE4-.LFB4
 560 0038 00000000 		.4byte	0
 561 003c 00000000 		.4byte	0
 562              		.section	.debug_ranges,"",%progbits
 563              	.Ldebug_ranges0:
 564 0000 00000000 		.4byte	.LFB0
 565 0004 14000000 		.4byte	.LFE0
 566 0008 00000000 		.4byte	.LFB1
 567 000c 10000000 		.4byte	.LFE1
 568 0010 00000000 		.4byte	.LFB2
 569 0014 1C000000 		.4byte	.LFE2
 570 0018 00000000 		.4byte	.LFB3
 571 001c 0C000000 		.4byte	.LFE3
 572 0020 00000000 		.4byte	.LFB4
 573 0024 10000000 		.4byte	.LFE4
 574 0028 00000000 		.4byte	0
 575 002c 00000000 		.4byte	0
 576              		.section	.debug_line,"",%progbits
 577              	.Ldebug_line0:
 578 0000 C5000000 		.section	.debug_str,"MS",%progbits,1
 578      02005D00 
 578      00000201 
 578      FB0E0D00 
 578      01010101 
 579              	.LASF15:
 580 0000 72656733 		.ascii	"reg32\000"
 580      3200
 581              	.LASF20:
 582 0006 6D61736B 		.ascii	"maskVal\000"
 582      56616C00 
 583              	.LASF12:
 584 000e 666C6F61 		.ascii	"float\000"
ARM GAS  C:\Users\kylep\AppData\Local\Temp\ccbO9PON.s 			page 15


 584      7400
 585              	.LASF17:
 586 0014 436C6F63 		.ascii	"Clock_1_Stop\000"
 586      6B5F315F 
 586      53746F70 
 586      00
 587              	.LASF1:
 588 0021 756E7369 		.ascii	"unsigned char\000"
 588      676E6564 
 588      20636861 
 588      7200
 589              	.LASF16:
 590 002f 436C6F63 		.ascii	"Clock_1_Start\000"
 590      6B5F315F 
 590      53746172 
 590      7400
 591              	.LASF5:
 592 003d 6C6F6E67 		.ascii	"long unsigned int\000"
 592      20756E73 
 592      69676E65 
 592      6420696E 
 592      7400
 593              	.LASF3:
 594 004f 73686F72 		.ascii	"short unsigned int\000"
 594      7420756E 
 594      7369676E 
 594      65642069 
 594      6E7400
 595              	.LASF25:
 596 0062 2E5C4765 		.ascii	".\\Generated_Source\\PSoC4\\Clock_1.c\000"
 596      6E657261 
 596      7465645F 
 596      536F7572 
 596      63655C50 
 597              	.LASF18:
 598 0085 636C6B44 		.ascii	"clkDivider\000"
 598      69766964 
 598      657200
 599              	.LASF13:
 600 0090 646F7562 		.ascii	"double\000"
 600      6C6500
 601              	.LASF21:
 602 0097 72656756 		.ascii	"regVal\000"
 602      616C00
 603              	.LASF19:
 604 009e 636C6B46 		.ascii	"clkFractional\000"
 604      72616374 
 604      696F6E61 
 604      6C00
 605              	.LASF10:
 606 00ac 75696E74 		.ascii	"uint16\000"
 606      313600
 607              	.LASF11:
 608 00b3 75696E74 		.ascii	"uint32\000"
 608      333200
 609              	.LASF8:
 610 00ba 756E7369 		.ascii	"unsigned int\000"
ARM GAS  C:\Users\kylep\AppData\Local\Temp\ccbO9PON.s 			page 16


 610      676E6564 
 610      20696E74 
 610      00
 611              	.LASF7:
 612 00c7 6C6F6E67 		.ascii	"long long unsigned int\000"
 612      206C6F6E 
 612      6720756E 
 612      7369676E 
 612      65642069 
 613              	.LASF23:
 614 00de 436C6F63 		.ascii	"Clock_1_GetFractionalDividerRegister\000"
 614      6B5F315F 
 614      47657446 
 614      72616374 
 614      696F6E61 
 615              	.LASF26:
 616 0103 433A5C55 		.ascii	"C:\\Users\\kylep\\Box Sync\\Feniex Firmware Files\\"
 616      73657273 
 616      5C6B796C 
 616      65705C42 
 616      6F782053 
 617 0131 414C4220 		.ascii	"ALB Cube\\81-00024-01 AI Cube\\81-00024-01.cydsn\000"
 617      43756265 
 617      5C38312D 
 617      30303032 
 617      342D3031 
 618              	.LASF6:
 619 0160 6C6F6E67 		.ascii	"long long int\000"
 619      206C6F6E 
 619      6720696E 
 619      7400
 620              	.LASF14:
 621 016e 63686172 		.ascii	"char\000"
 621      00
 622              	.LASF24:
 623 0173 474E5520 		.ascii	"GNU C 4.9.3 20150303 (release) [ARM/embedded-4_9-br"
 623      4320342E 
 623      392E3320 
 623      32303135 
 623      30333033 
 624 01a6 616E6368 		.ascii	"anch revision 221220] -mcpu=cortex-m0 -mthumb -g -O"
 624      20726576 
 624      6973696F 
 624      6E203232 
 624      31323230 
 625 01d9 67202D66 		.ascii	"g -ffunction-sections -ffat-lto-objects\000"
 625      66756E63 
 625      74696F6E 
 625      2D736563 
 625      74696F6E 
 626              	.LASF2:
 627 0201 73686F72 		.ascii	"short int\000"
 627      7420696E 
 627      7400
 628              	.LASF9:
 629 020b 75696E74 		.ascii	"uint8\000"
 629      3800
ARM GAS  C:\Users\kylep\AppData\Local\Temp\ccbO9PON.s 			page 17


 630              	.LASF27:
 631 0211 436C6F63 		.ascii	"Clock_1_SetFractionalDividerRegister\000"
 631      6B5F315F 
 631      53657446 
 631      72616374 
 631      696F6E61 
 632              	.LASF4:
 633 0236 6C6F6E67 		.ascii	"long int\000"
 633      20696E74 
 633      00
 634              	.LASF0:
 635 023f 7369676E 		.ascii	"signed char\000"
 635      65642063 
 635      68617200 
 636              	.LASF22:
 637 024b 436C6F63 		.ascii	"Clock_1_GetDividerRegister\000"
 637      6B5F315F 
 637      47657444 
 637      69766964 
 637      65725265 
 638              		.ident	"GCC: (GNU Tools for ARM Embedded Processors) 4.9.3 20150303 (release) [ARM/embedded-4_9-br
