ARM GAS  C:\Users\kylep\AppData\Local\Temp\ccffW1sk.s 			page 1


   1              		.cpu cortex-m0
   2              		.fpu softvfp
   3              		.eabi_attribute 20, 1
   4              		.eabi_attribute 21, 1
   5              		.eabi_attribute 23, 3
   6              		.eabi_attribute 24, 1
   7              		.eabi_attribute 25, 1
   8              		.eabi_attribute 26, 1
   9              		.eabi_attribute 30, 1
  10              		.eabi_attribute 34, 0
  11              		.eabi_attribute 18, 4
  12              		.code	16
  13              		.file	"EmEEPROM.c"
  14              		.text
  15              	.Ltext0:
  16              		.cfi_sections	.debug_frame
  17              		.section	.text.EmEEPROM_Start,"ax",%progbits
  18              		.align	2
  19              		.global	EmEEPROM_Start
  20              		.code	16
  21              		.thumb_func
  22              		.type	EmEEPROM_Start, %function
  23              	EmEEPROM_Start:
  24              	.LFB0:
  25              		.file 1 ".\\Generated_Source\\PSoC4\\EmEEPROM.c"
   1:.\Generated_Source\PSoC4/EmEEPROM.c **** /*******************************************************************************
   2:.\Generated_Source\PSoC4/EmEEPROM.c **** * File Name: EmEEPROM.c
   3:.\Generated_Source\PSoC4/EmEEPROM.c **** * Version 1.10
   4:.\Generated_Source\PSoC4/EmEEPROM.c **** *
   5:.\Generated_Source\PSoC4/EmEEPROM.c **** * Description:
   6:.\Generated_Source\PSoC4/EmEEPROM.c **** *  This file provides the source code to API for the Emulated EEPROM Component.
   7:.\Generated_Source\PSoC4/EmEEPROM.c **** *
   8:.\Generated_Source\PSoC4/EmEEPROM.c **** ********************************************************************************
   9:.\Generated_Source\PSoC4/EmEEPROM.c **** * Copyright 2013, Cypress Semiconductor Corporation.  All rights reserved.
  10:.\Generated_Source\PSoC4/EmEEPROM.c **** * You may use this file only in accordance with the license, terms, conditions,
  11:.\Generated_Source\PSoC4/EmEEPROM.c **** * disclaimers, and limitations in the end user license agreement accompanying
  12:.\Generated_Source\PSoC4/EmEEPROM.c **** * the software package with which this file was provided.
  13:.\Generated_Source\PSoC4/EmEEPROM.c **** *******************************************************************************/
  14:.\Generated_Source\PSoC4/EmEEPROM.c **** 
  15:.\Generated_Source\PSoC4/EmEEPROM.c **** #include "EmEEPROM.h"
  16:.\Generated_Source\PSoC4/EmEEPROM.c **** 
  17:.\Generated_Source\PSoC4/EmEEPROM.c **** 
  18:.\Generated_Source\PSoC4/EmEEPROM.c **** /*******************************************************************************
  19:.\Generated_Source\PSoC4/EmEEPROM.c **** * Function Name: EmEEPROM_Start
  20:.\Generated_Source\PSoC4/EmEEPROM.c **** ********************************************************************************
  21:.\Generated_Source\PSoC4/EmEEPROM.c **** *
  22:.\Generated_Source\PSoC4/EmEEPROM.c **** * Summary:
  23:.\Generated_Source\PSoC4/EmEEPROM.c **** *  Empty function. Included for consistency with other
  24:.\Generated_Source\PSoC4/EmEEPROM.c **** *  components.
  25:.\Generated_Source\PSoC4/EmEEPROM.c **** *
  26:.\Generated_Source\PSoC4/EmEEPROM.c **** * Parameters:
  27:.\Generated_Source\PSoC4/EmEEPROM.c **** *  None
  28:.\Generated_Source\PSoC4/EmEEPROM.c **** *
  29:.\Generated_Source\PSoC4/EmEEPROM.c **** * Return:
  30:.\Generated_Source\PSoC4/EmEEPROM.c **** *  None
  31:.\Generated_Source\PSoC4/EmEEPROM.c **** *
  32:.\Generated_Source\PSoC4/EmEEPROM.c **** *******************************************************************************/
ARM GAS  C:\Users\kylep\AppData\Local\Temp\ccffW1sk.s 			page 2


  33:.\Generated_Source\PSoC4/EmEEPROM.c **** void EmEEPROM_Start(void) 
  34:.\Generated_Source\PSoC4/EmEEPROM.c **** {
  26              		.loc 1 34 0
  27              		.cfi_startproc
  35:.\Generated_Source\PSoC4/EmEEPROM.c **** 
  36:.\Generated_Source\PSoC4/EmEEPROM.c **** }
  28              		.loc 1 36 0
  29              		@ sp needed
  30 0000 7047     		bx	lr
  31              		.cfi_endproc
  32              	.LFE0:
  33              		.size	EmEEPROM_Start, .-EmEEPROM_Start
  34 0002 C046     		.section	.text.EmEEPROM_Stop,"ax",%progbits
  35              		.align	2
  36              		.global	EmEEPROM_Stop
  37              		.code	16
  38              		.thumb_func
  39              		.type	EmEEPROM_Stop, %function
  40              	EmEEPROM_Stop:
  41              	.LFB1:
  37:.\Generated_Source\PSoC4/EmEEPROM.c **** 
  38:.\Generated_Source\PSoC4/EmEEPROM.c **** 
  39:.\Generated_Source\PSoC4/EmEEPROM.c **** /*******************************************************************************
  40:.\Generated_Source\PSoC4/EmEEPROM.c **** * Function Name: EmEEPROM_Stop
  41:.\Generated_Source\PSoC4/EmEEPROM.c **** ********************************************************************************
  42:.\Generated_Source\PSoC4/EmEEPROM.c **** *
  43:.\Generated_Source\PSoC4/EmEEPROM.c **** * Summary:
  44:.\Generated_Source\PSoC4/EmEEPROM.c **** *  Empty function. Included for consistency with other
  45:.\Generated_Source\PSoC4/EmEEPROM.c **** *  components.
  46:.\Generated_Source\PSoC4/EmEEPROM.c **** *
  47:.\Generated_Source\PSoC4/EmEEPROM.c **** * Parameters:
  48:.\Generated_Source\PSoC4/EmEEPROM.c **** *  None
  49:.\Generated_Source\PSoC4/EmEEPROM.c **** *
  50:.\Generated_Source\PSoC4/EmEEPROM.c **** * Return:
  51:.\Generated_Source\PSoC4/EmEEPROM.c **** *  None
  52:.\Generated_Source\PSoC4/EmEEPROM.c **** *
  53:.\Generated_Source\PSoC4/EmEEPROM.c **** *******************************************************************************/
  54:.\Generated_Source\PSoC4/EmEEPROM.c **** void EmEEPROM_Stop(void) 
  55:.\Generated_Source\PSoC4/EmEEPROM.c **** {
  42              		.loc 1 55 0
  43              		.cfi_startproc
  56:.\Generated_Source\PSoC4/EmEEPROM.c **** 
  57:.\Generated_Source\PSoC4/EmEEPROM.c **** }
  44              		.loc 1 57 0
  45              		@ sp needed
  46 0000 7047     		bx	lr
  47              		.cfi_endproc
  48              	.LFE1:
  49              		.size	EmEEPROM_Stop, .-EmEEPROM_Stop
  50 0002 C046     		.section	.text.EmEEPROM_Write,"ax",%progbits
  51              		.align	2
  52              		.global	EmEEPROM_Write
  53              		.code	16
  54              		.thumb_func
  55              		.type	EmEEPROM_Write, %function
  56              	EmEEPROM_Write:
  57              	.LFB2:
ARM GAS  C:\Users\kylep\AppData\Local\Temp\ccffW1sk.s 			page 3


  58:.\Generated_Source\PSoC4/EmEEPROM.c **** 
  59:.\Generated_Source\PSoC4/EmEEPROM.c **** 
  60:.\Generated_Source\PSoC4/EmEEPROM.c **** /*******************************************************************************
  61:.\Generated_Source\PSoC4/EmEEPROM.c **** * Function Name: EmEEPROM_Write
  62:.\Generated_Source\PSoC4/EmEEPROM.c **** ********************************************************************************
  63:.\Generated_Source\PSoC4/EmEEPROM.c **** *
  64:.\Generated_Source\PSoC4/EmEEPROM.c **** * Summary:
  65:.\Generated_Source\PSoC4/EmEEPROM.c **** *  Writes the specified number of bytes from the source buffer in SRAM to the
  66:.\Generated_Source\PSoC4/EmEEPROM.c **** *  emulated EEPROM array in flash, without modifying other data in flash.
  67:.\Generated_Source\PSoC4/EmEEPROM.c **** *
  68:.\Generated_Source\PSoC4/EmEEPROM.c **** * Parameters:
  69:.\Generated_Source\PSoC4/EmEEPROM.c **** *  srcBuf:    Pointer to the SRAM buffer holding the data to write.
  70:.\Generated_Source\PSoC4/EmEEPROM.c **** *  eepromPtr: Pointer to the array or variable in flash representing
  71:.\Generated_Source\PSoC4/EmEEPROM.c **** *             the emulated EEPROM.
  72:.\Generated_Source\PSoC4/EmEEPROM.c **** *  byteCount: Number of bytes to write from srcBuf to eepromPtr.
  73:.\Generated_Source\PSoC4/EmEEPROM.c **** *
  74:.\Generated_Source\PSoC4/EmEEPROM.c **** * Return:
  75:.\Generated_Source\PSoC4/EmEEPROM.c **** *    CYRET_SUCCESS     Successful write.
  76:.\Generated_Source\PSoC4/EmEEPROM.c **** *    CYRET_BAD_PARAM   eepromPtr is out of range of flash memory.
  77:.\Generated_Source\PSoC4/EmEEPROM.c **** *    CYRET_UNKNOWN     Other error in writing flash.
  78:.\Generated_Source\PSoC4/EmEEPROM.c **** *
  79:.\Generated_Source\PSoC4/EmEEPROM.c **** *******************************************************************************/
  80:.\Generated_Source\PSoC4/EmEEPROM.c **** #if (CY_PSOC3)
  81:.\Generated_Source\PSoC4/EmEEPROM.c ****     cystatus EmEEPROM_Write(const uint8 srcBuf[], const uint8 eepromPtr[], uint16 byteCount)
  82:.\Generated_Source\PSoC4/EmEEPROM.c ****                                                                             
  83:.\Generated_Source\PSoC4/EmEEPROM.c **** #else
  84:.\Generated_Source\PSoC4/EmEEPROM.c ****     cystatus EmEEPROM_Write(const uint8 srcBuf[], const uint8 eepromPtr[], uint32 byteCount)
  85:.\Generated_Source\PSoC4/EmEEPROM.c **** #endif /* (!CY_PSOC3) */
  86:.\Generated_Source\PSoC4/EmEEPROM.c **** {
  58              		.loc 1 86 0
  59              		.cfi_startproc
  60              	.LVL0:
  61 0000 F0B5     		push	{r4, r5, r6, r7, lr}
  62              		.cfi_def_cfa_offset 20
  63              		.cfi_offset 4, -20
  64              		.cfi_offset 5, -16
  65              		.cfi_offset 6, -12
  66              		.cfi_offset 7, -8
  67              		.cfi_offset 14, -4
  68 0002 4F46     		mov	r7, r9
  69 0004 4646     		mov	r6, r8
  70 0006 C0B4     		push	{r6, r7}
  71              		.cfi_def_cfa_offset 28
  72              		.cfi_offset 8, -28
  73              		.cfi_offset 9, -24
  74 0008 A1B0     		sub	sp, sp, #132
  75              		.cfi_def_cfa_offset 160
  87:.\Generated_Source\PSoC4/EmEEPROM.c ****     uint8 writeBuffer[CY_FLASH_SIZEOF_ROW];
  88:.\Generated_Source\PSoC4/EmEEPROM.c ****     uint32 arrayId;
  89:.\Generated_Source\PSoC4/EmEEPROM.c ****     uint32 rowId;
  90:.\Generated_Source\PSoC4/EmEEPROM.c ****     uint32 dstIndex;
  91:.\Generated_Source\PSoC4/EmEEPROM.c ****     uint32 srcIndex;
  92:.\Generated_Source\PSoC4/EmEEPROM.c ****     cystatus rc;
  93:.\Generated_Source\PSoC4/EmEEPROM.c ****     uint32 eeOffset;
  94:.\Generated_Source\PSoC4/EmEEPROM.c ****     uint32 byteOffset;
  95:.\Generated_Source\PSoC4/EmEEPROM.c ****     
  96:.\Generated_Source\PSoC4/EmEEPROM.c ****     #if (!CY_PSOC4)
ARM GAS  C:\Users\kylep\AppData\Local\Temp\ccffW1sk.s 			page 4


  97:.\Generated_Source\PSoC4/EmEEPROM.c ****         #if (CYDEV_ECC_ENABLE == 0)
  98:.\Generated_Source\PSoC4/EmEEPROM.c ****             uint8 rowBuffer[CY_FLASH_SIZEOF_ROW + CY_FLASH_SIZEOF_ECC_ROW];
  99:.\Generated_Source\PSoC4/EmEEPROM.c ****         #endif /* CYDEV_ECC_ENABLE == 0) */
 100:.\Generated_Source\PSoC4/EmEEPROM.c ****     #endif /* (!CY_PSOC4) */
 101:.\Generated_Source\PSoC4/EmEEPROM.c **** 
 102:.\Generated_Source\PSoC4/EmEEPROM.c ****     eeOffset = (uint32)eepromPtr;
  76              		.loc 1 102 0
  77 000a 0E1C     		mov	r6, r1
  78              	.LVL1:
 103:.\Generated_Source\PSoC4/EmEEPROM.c ****     #if (CY_PSOC3)
 104:.\Generated_Source\PSoC4/EmEEPROM.c ****         eeOffset &= EmEEPROM_CODE_ADDR_MASK;
 105:.\Generated_Source\PSoC4/EmEEPROM.c ****     #endif /* (CY_PSOC3) */
 106:.\Generated_Source\PSoC4/EmEEPROM.c **** 
 107:.\Generated_Source\PSoC4/EmEEPROM.c ****     /* Make sure, that eepromPtr[] points to ROM */
 108:.\Generated_Source\PSoC4/EmEEPROM.c ****     #if (CY_PSOC3)
 109:.\Generated_Source\PSoC4/EmEEPROM.c ****         if (((uint32)eepromPtr >= EmEEPROM_CODE_ADDR_OFFSET) &&
 110:.\Generated_Source\PSoC4/EmEEPROM.c ****             (((uint32)eepromPtr + byteCount) <= EmEEPROM_CODE_ADDR_END))
 111:.\Generated_Source\PSoC4/EmEEPROM.c ****     #else
 112:.\Generated_Source\PSoC4/EmEEPROM.c ****         if (((uint32)eepromPtr + byteCount) < EmEEPROM_FLASH_END_ADDR)
  79              		.loc 1 112 0
  80 000c 8C18     		add	r4, r1, r2
  81 000e 1C4B     		ldr	r3, .L14
  82 0010 9C42     		cmp	r4, r3
  83 0012 2AD8     		bhi	.L11
  84 0014 171C     		mov	r7, r2
  85 0016 8046     		mov	r8, r0
 113:.\Generated_Source\PSoC4/EmEEPROM.c ****     #endif /* (CY_PSOC3) */
 114:.\Generated_Source\PSoC4/EmEEPROM.c ****     {
 115:.\Generated_Source\PSoC4/EmEEPROM.c ****         #if (!CY_PSOC4)
 116:.\Generated_Source\PSoC4/EmEEPROM.c ****             (void)CySetTemp();
 117:.\Generated_Source\PSoC4/EmEEPROM.c **** 
 118:.\Generated_Source\PSoC4/EmEEPROM.c ****             #if(CYDEV_ECC_ENABLE == 0)
 119:.\Generated_Source\PSoC4/EmEEPROM.c ****                 (void)CySetFlashEEBuffer(rowBuffer);
 120:.\Generated_Source\PSoC4/EmEEPROM.c ****             #endif
 121:.\Generated_Source\PSoC4/EmEEPROM.c ****         #endif /* (!CY_PSOC4) */
 122:.\Generated_Source\PSoC4/EmEEPROM.c **** 
 123:.\Generated_Source\PSoC4/EmEEPROM.c ****         arrayId = eeOffset / CY_FLASH_SIZEOF_ARRAY;
  86              		.loc 1 123 0
  87 0018 CC0B     		lsr	r4, r1, #15
  88              	.LVL2:
 124:.\Generated_Source\PSoC4/EmEEPROM.c ****         rowId = (eeOffset / CY_FLASH_SIZEOF_ROW) % EmEEPROM_ROWS_IN_ARRAY;
  89              		.loc 1 124 0
  90 001a 4904     		lsl	r1, r1, #17
  91              	.LVL3:
  92 001c 0B0E     		lsr	r3, r1, #24
  93 001e 9946     		mov	r9, r3
  94              	.LVL4:
 125:.\Generated_Source\PSoC4/EmEEPROM.c ****         byteOffset = (CY_FLASH_SIZEOF_ARRAY * arrayId) + (CY_FLASH_SIZEOF_ROW * rowId);
  95              		.loc 1 125 0
  96 0020 2402     		lsl	r4, r4, #8
  97              	.LVL5:
  98 0022 4C44     		add	r4, r4, r9
  99 0024 E401     		lsl	r4, r4, #7
 100              	.LVL6:
 126:.\Generated_Source\PSoC4/EmEEPROM.c ****         srcIndex = 0u;
 127:.\Generated_Source\PSoC4/EmEEPROM.c **** 
 128:.\Generated_Source\PSoC4/EmEEPROM.c ****         rc = CYRET_SUCCESS;
ARM GAS  C:\Users\kylep\AppData\Local\Temp\ccffW1sk.s 			page 5


 101              		.loc 1 128 0
 102 0026 0020     		mov	r0, #0
 103              	.LVL7:
 126:.\Generated_Source\PSoC4/EmEEPROM.c ****         srcIndex = 0u;
 104              		.loc 1 126 0
 105 0028 0025     		mov	r5, #0
 129:.\Generated_Source\PSoC4/EmEEPROM.c **** 
 130:.\Generated_Source\PSoC4/EmEEPROM.c ****         while ((srcIndex < byteCount) && (CYRET_SUCCESS == rc))
 106              		.loc 1 130 0
 107 002a 19E0     		b	.L5
 108              	.LVL8:
 109              	.L8:
 131:.\Generated_Source\PSoC4/EmEEPROM.c ****         {
 132:.\Generated_Source\PSoC4/EmEEPROM.c ****             /* Copy data to the write buffer either from the source buffer or from the flash */
 133:.\Generated_Source\PSoC4/EmEEPROM.c ****             for (dstIndex = 0u; dstIndex < CY_FLASH_SIZEOF_ROW; dstIndex++)
 134:.\Generated_Source\PSoC4/EmEEPROM.c ****             {
 135:.\Generated_Source\PSoC4/EmEEPROM.c ****                 if ((byteOffset >= eeOffset) && (srcIndex < byteCount))
 110              		.loc 1 135 0
 111 002c B442     		cmp	r4, r6
 112 002e 07D3     		bcc	.L6
 113              		.loc 1 135 0 is_stmt 0 discriminator 1
 114 0030 BD42     		cmp	r5, r7
 115 0032 05D2     		bcs	.L6
 136:.\Generated_Source\PSoC4/EmEEPROM.c ****                 {
 137:.\Generated_Source\PSoC4/EmEEPROM.c ****                     writeBuffer[dstIndex] = srcBuf[srcIndex];
 116              		.loc 1 137 0 is_stmt 1
 117 0034 4246     		mov	r2, r8
 118 0036 525D     		ldrb	r2, [r2, r5]
 119 0038 6946     		mov	r1, sp
 120 003a CA54     		strb	r2, [r1, r3]
 138:.\Generated_Source\PSoC4/EmEEPROM.c ****                     srcIndex++;
 121              		.loc 1 138 0
 122 003c 0135     		add	r5, r5, #1
 123              	.LVL9:
 124 003e 02E0     		b	.L7
 125              	.L6:
 139:.\Generated_Source\PSoC4/EmEEPROM.c ****                 }
 140:.\Generated_Source\PSoC4/EmEEPROM.c ****                 else
 141:.\Generated_Source\PSoC4/EmEEPROM.c ****                 {
 142:.\Generated_Source\PSoC4/EmEEPROM.c ****                     writeBuffer[dstIndex] = CY_GET_XTND_REG8(CYDEV_FLASH_BASE + byteOffset);
 126              		.loc 1 142 0
 127 0040 2278     		ldrb	r2, [r4]
 128 0042 6946     		mov	r1, sp
 129 0044 CA54     		strb	r2, [r1, r3]
 130              	.L7:
 143:.\Generated_Source\PSoC4/EmEEPROM.c ****                 }
 144:.\Generated_Source\PSoC4/EmEEPROM.c ****                 byteOffset++;
 131              		.loc 1 144 0 discriminator 2
 132 0046 0134     		add	r4, r4, #1
 133              	.LVL10:
 133:.\Generated_Source\PSoC4/EmEEPROM.c ****             {
 134              		.loc 1 133 0 discriminator 2
 135 0048 0133     		add	r3, r3, #1
 136              	.LVL11:
 137 004a 00E0     		b	.L9
 138              	.LVL12:
 139              	.L12:
ARM GAS  C:\Users\kylep\AppData\Local\Temp\ccffW1sk.s 			page 6


 140 004c 0023     		mov	r3, #0
 141              	.L9:
 142              	.LVL13:
 133:.\Generated_Source\PSoC4/EmEEPROM.c ****             {
 143              		.loc 1 133 0 is_stmt 0 discriminator 1
 144 004e 7F2B     		cmp	r3, #127
 145 0050 ECD9     		bls	.L8
 145:.\Generated_Source\PSoC4/EmEEPROM.c ****             }
 146:.\Generated_Source\PSoC4/EmEEPROM.c **** 
 147:.\Generated_Source\PSoC4/EmEEPROM.c ****             /* Write flash row */
 148:.\Generated_Source\PSoC4/EmEEPROM.c ****             #if (CY_PSOC4)
 149:.\Generated_Source\PSoC4/EmEEPROM.c ****                 rc = CySysFlashWriteRow(rowId, writeBuffer);
 146              		.loc 1 149 0 is_stmt 1
 147 0052 4846     		mov	r0, r9
 148              	.LVL14:
 149 0054 6946     		mov	r1, sp
 150 0056 FFF7FEFF 		bl	CySysFlashWriteRow
 151              	.LVL15:
 150:.\Generated_Source\PSoC4/EmEEPROM.c ****             #else
 151:.\Generated_Source\PSoC4/EmEEPROM.c ****                 rc = CyWriteRowData((uint8)arrayId, (uint16)rowId, writeBuffer);
 152:.\Generated_Source\PSoC4/EmEEPROM.c ****             #endif /* (CY_PSOC4) */
 153:.\Generated_Source\PSoC4/EmEEPROM.c **** 
 154:.\Generated_Source\PSoC4/EmEEPROM.c ****             /* Go to the next row */
 155:.\Generated_Source\PSoC4/EmEEPROM.c ****             rowId++;
 152              		.loc 1 155 0
 153 005a 0123     		mov	r3, #1
 154 005c 9C46     		mov	ip, r3
 155 005e E144     		add	r9, r9, ip
 156              	.LVL16:
 157              	.L5:
 130:.\Generated_Source\PSoC4/EmEEPROM.c ****         {
 158              		.loc 1 130 0
 159 0060 BD42     		cmp	r5, r7
 160 0062 03D2     		bcs	.L4
 130:.\Generated_Source\PSoC4/EmEEPROM.c ****         {
 161              		.loc 1 130 0 is_stmt 0 discriminator 1
 162 0064 0028     		cmp	r0, #0
 163 0066 F1D0     		beq	.L12
 164 0068 00E0     		b	.L4
 165              	.LVL17:
 166              	.L11:
 156:.\Generated_Source\PSoC4/EmEEPROM.c ****             #if (CY_FLASH_NUMBER_ARRAYS > 1)
 157:.\Generated_Source\PSoC4/EmEEPROM.c ****                 if (rowId >= EmEEPROM_ROWS_IN_ARRAY)
 158:.\Generated_Source\PSoC4/EmEEPROM.c ****                 {
 159:.\Generated_Source\PSoC4/EmEEPROM.c ****                     arrayId++;
 160:.\Generated_Source\PSoC4/EmEEPROM.c ****                     rowId = 0u;
 161:.\Generated_Source\PSoC4/EmEEPROM.c ****                 }
 162:.\Generated_Source\PSoC4/EmEEPROM.c ****             #endif /* (CY_FLASH_NUMBER_ARRAYS > 1) */
 163:.\Generated_Source\PSoC4/EmEEPROM.c ****         }
 164:.\Generated_Source\PSoC4/EmEEPROM.c **** 
 165:.\Generated_Source\PSoC4/EmEEPROM.c ****         /* Flush both Cache and PHUB prefetch buffer */
 166:.\Generated_Source\PSoC4/EmEEPROM.c ****         #if (CY_PSOC5)
 167:.\Generated_Source\PSoC4/EmEEPROM.c ****             CyFlushCache();
 168:.\Generated_Source\PSoC4/EmEEPROM.c ****         #elif (CY_PSOC3)
 169:.\Generated_Source\PSoC4/EmEEPROM.c ****             CY_FLASH_CONTROL_REG |= 6u;
 170:.\Generated_Source\PSoC4/EmEEPROM.c ****         #endif /* (CY_PSOC5) */
 171:.\Generated_Source\PSoC4/EmEEPROM.c ****     }
ARM GAS  C:\Users\kylep\AppData\Local\Temp\ccffW1sk.s 			page 7


 172:.\Generated_Source\PSoC4/EmEEPROM.c ****     else
 173:.\Generated_Source\PSoC4/EmEEPROM.c ****     {
 174:.\Generated_Source\PSoC4/EmEEPROM.c ****         rc = CYRET_BAD_PARAM;
 167              		.loc 1 174 0 is_stmt 1
 168 006a 0120     		mov	r0, #1
 169              	.LVL18:
 170              	.L4:
 175:.\Generated_Source\PSoC4/EmEEPROM.c ****     }
 176:.\Generated_Source\PSoC4/EmEEPROM.c **** 
 177:.\Generated_Source\PSoC4/EmEEPROM.c ****     /* Mask return codes from flash, if they are not supported */
 178:.\Generated_Source\PSoC4/EmEEPROM.c ****     if ((CYRET_SUCCESS != rc) && (CYRET_BAD_PARAM != rc))
 171              		.loc 1 178 0
 172 006c 0128     		cmp	r0, #1
 173 006e 01D9     		bls	.L10
 179:.\Generated_Source\PSoC4/EmEEPROM.c ****     {
 180:.\Generated_Source\PSoC4/EmEEPROM.c ****         rc = CYRET_UNKNOWN;
 174              		.loc 1 180 0
 175 0070 0120     		mov	r0, #1
 176              	.LVL19:
 177 0072 4042     		neg	r0, r0
 178              	.L10:
 179              	.LVL20:
 181:.\Generated_Source\PSoC4/EmEEPROM.c ****     }
 182:.\Generated_Source\PSoC4/EmEEPROM.c ****     
 183:.\Generated_Source\PSoC4/EmEEPROM.c ****     return (rc);
 184:.\Generated_Source\PSoC4/EmEEPROM.c **** }
 180              		.loc 1 184 0
 181 0074 21B0     		add	sp, sp, #132
 182              		@ sp needed
 183              	.LVL21:
 184 0076 0CBC     		pop	{r2, r3}
 185 0078 9046     		mov	r8, r2
 186 007a 9946     		mov	r9, r3
 187 007c F0BD     		pop	{r4, r5, r6, r7, pc}
 188              	.L15:
 189 007e C046     		.align	2
 190              	.L14:
 191 0080 FF7F0000 		.word	32767
 192              		.cfi_endproc
 193              	.LFE2:
 194              		.size	EmEEPROM_Write, .-EmEEPROM_Write
 195              		.text
 196              	.Letext0:
 197              		.file 2 ".\\Generated_Source\\PSoC4\\cytypes.h"
 198              		.file 3 ".\\Generated_Source\\PSoC4\\CyFlash.h"
 199              		.section	.debug_info,"",%progbits
 200              	.Ldebug_info0:
 201 0000 E0010000 		.4byte	0x1e0
 202 0004 0400     		.2byte	0x4
 203 0006 00000000 		.4byte	.Ldebug_abbrev0
 204 000a 04       		.byte	0x4
 205 000b 01       		.uleb128 0x1
 206 000c 90010000 		.4byte	.LASF29
 207 0010 01       		.byte	0x1
 208 0011 6C010000 		.4byte	.LASF30
 209 0015 00000000 		.4byte	.LASF31
 210 0019 00000000 		.4byte	.Ldebug_ranges0+0
ARM GAS  C:\Users\kylep\AppData\Local\Temp\ccffW1sk.s 			page 8


 211 001d 00000000 		.4byte	0
 212 0021 00000000 		.4byte	.Ldebug_line0
 213 0025 02       		.uleb128 0x2
 214 0026 01       		.byte	0x1
 215 0027 06       		.byte	0x6
 216 0028 49020000 		.4byte	.LASF0
 217 002c 02       		.uleb128 0x2
 218 002d 01       		.byte	0x1
 219 002e 08       		.byte	0x8
 220 002f AC000000 		.4byte	.LASF1
 221 0033 02       		.uleb128 0x2
 222 0034 02       		.byte	0x2
 223 0035 05       		.byte	0x5
 224 0036 28020000 		.4byte	.LASF2
 225 003a 02       		.uleb128 0x2
 226 003b 02       		.byte	0x2
 227 003c 07       		.byte	0x7
 228 003d 70000000 		.4byte	.LASF3
 229 0041 02       		.uleb128 0x2
 230 0042 04       		.byte	0x4
 231 0043 05       		.byte	0x5
 232 0044 32020000 		.4byte	.LASF4
 233 0048 02       		.uleb128 0x2
 234 0049 04       		.byte	0x4
 235 004a 07       		.byte	0x7
 236 004b BF000000 		.4byte	.LASF5
 237 004f 02       		.uleb128 0x2
 238 0050 08       		.byte	0x8
 239 0051 05       		.byte	0x5
 240 0052 5E010000 		.4byte	.LASF6
 241 0056 02       		.uleb128 0x2
 242 0057 08       		.byte	0x8
 243 0058 07       		.byte	0x7
 244 0059 38010000 		.4byte	.LASF7
 245 005d 03       		.uleb128 0x3
 246 005e 04       		.byte	0x4
 247 005f 05       		.byte	0x5
 248 0060 696E7400 		.ascii	"int\000"
 249 0064 02       		.uleb128 0x2
 250 0065 04       		.byte	0x4
 251 0066 07       		.byte	0x7
 252 0067 2B010000 		.4byte	.LASF8
 253 006b 04       		.uleb128 0x4
 254 006c D1000000 		.4byte	.LASF9
 255 0070 02       		.byte	0x2
 256 0071 3801     		.2byte	0x138
 257 0073 2C000000 		.4byte	0x2c
 258 0077 04       		.uleb128 0x4
 259 0078 15010000 		.4byte	.LASF10
 260 007c 02       		.byte	0x2
 261 007d 3A01     		.2byte	0x13a
 262 007f 48000000 		.4byte	0x48
 263 0083 02       		.uleb128 0x2
 264 0084 04       		.byte	0x4
 265 0085 04       		.byte	0x4
 266 0086 97000000 		.4byte	.LASF11
 267 008a 02       		.uleb128 0x2
ARM GAS  C:\Users\kylep\AppData\Local\Temp\ccffW1sk.s 			page 9


 268 008b 08       		.byte	0x8
 269 008c 04       		.byte	0x4
 270 008d F2000000 		.4byte	.LASF12
 271 0091 02       		.uleb128 0x2
 272 0092 01       		.byte	0x1
 273 0093 08       		.byte	0x8
 274 0094 3B020000 		.4byte	.LASF13
 275 0098 04       		.uleb128 0x4
 276 0099 0C010000 		.4byte	.LASF14
 277 009d 02       		.byte	0x2
 278 009e DA01     		.2byte	0x1da
 279 00a0 48000000 		.4byte	0x48
 280 00a4 04       		.uleb128 0x4
 281 00a5 BA000000 		.4byte	.LASF15
 282 00a9 02       		.byte	0x2
 283 00aa E201     		.2byte	0x1e2
 284 00ac B0000000 		.4byte	0xb0
 285 00b0 05       		.uleb128 0x5
 286 00b1 6B000000 		.4byte	0x6b
 287 00b5 02       		.uleb128 0x2
 288 00b6 04       		.byte	0x4
 289 00b7 07       		.byte	0x7
 290 00b8 55010000 		.4byte	.LASF16
 291 00bc 06       		.uleb128 0x6
 292 00bd 9D000000 		.4byte	.LASF17
 293 00c1 01       		.byte	0x1
 294 00c2 21       		.byte	0x21
 295 00c3 00000000 		.4byte	.LFB0
 296 00c7 02000000 		.4byte	.LFE0-.LFB0
 297 00cb 01       		.uleb128 0x1
 298 00cc 9C       		.byte	0x9c
 299 00cd 06       		.uleb128 0x6
 300 00ce 55020000 		.4byte	.LASF18
 301 00d2 01       		.byte	0x1
 302 00d3 36       		.byte	0x36
 303 00d4 00000000 		.4byte	.LFB1
 304 00d8 02000000 		.4byte	.LFE1-.LFB1
 305 00dc 01       		.uleb128 0x1
 306 00dd 9C       		.byte	0x9c
 307 00de 07       		.uleb128 0x7
 308 00df 1C010000 		.4byte	.LASF32
 309 00e3 01       		.byte	0x1
 310 00e4 54       		.byte	0x54
 311 00e5 98000000 		.4byte	0x98
 312 00e9 00000000 		.4byte	.LFB2
 313 00ed 84000000 		.4byte	.LFE2-.LFB2
 314 00f1 01       		.uleb128 0x1
 315 00f2 9C       		.byte	0x9c
 316 00f3 B2010000 		.4byte	0x1b2
 317 00f7 08       		.uleb128 0x8
 318 00f8 69000000 		.4byte	.LASF19
 319 00fc 01       		.byte	0x1
 320 00fd 54       		.byte	0x54
 321 00fe B2010000 		.4byte	0x1b2
 322 0102 00000000 		.4byte	.LLST0
 323 0106 08       		.uleb128 0x8
 324 0107 1E020000 		.4byte	.LASF20
ARM GAS  C:\Users\kylep\AppData\Local\Temp\ccffW1sk.s 			page 10


 325 010b 01       		.byte	0x1
 326 010c 54       		.byte	0x54
 327 010d B2010000 		.4byte	0x1b2
 328 0111 37000000 		.4byte	.LLST1
 329 0115 08       		.uleb128 0x8
 330 0116 DF000000 		.4byte	.LASF21
 331 011a 01       		.byte	0x1
 332 011b 54       		.byte	0x54
 333 011c 77000000 		.4byte	0x77
 334 0120 79000000 		.4byte	.LLST2
 335 0124 09       		.uleb128 0x9
 336 0125 5D000000 		.4byte	.LASF22
 337 0129 01       		.byte	0x1
 338 012a 57       		.byte	0x57
 339 012b BD010000 		.4byte	0x1bd
 340 012f 03       		.uleb128 0x3
 341 0130 91       		.byte	0x91
 342 0131 E07E     		.sleb128 -160
 343 0133 0A       		.uleb128 0xa
 344 0134 D7000000 		.4byte	.LASF23
 345 0138 01       		.byte	0x1
 346 0139 58       		.byte	0x58
 347 013a 77000000 		.4byte	0x77
 348 013e B0000000 		.4byte	.LLST3
 349 0142 0A       		.uleb128 0xa
 350 0143 4F010000 		.4byte	.LASF24
 351 0147 01       		.byte	0x1
 352 0148 59       		.byte	0x59
 353 0149 77000000 		.4byte	0x77
 354 014d D2000000 		.4byte	.LLST4
 355 0151 0A       		.uleb128 0xa
 356 0152 E9000000 		.4byte	.LASF25
 357 0156 01       		.byte	0x1
 358 0157 5A       		.byte	0x5a
 359 0158 77000000 		.4byte	0x77
 360 015c F0000000 		.4byte	.LLST5
 361 0160 0A       		.uleb128 0xa
 362 0161 83000000 		.4byte	.LASF26
 363 0165 01       		.byte	0x1
 364 0166 5B       		.byte	0x5b
 365 0167 77000000 		.4byte	0x77
 366 016b 0E010000 		.4byte	.LLST6
 367 016f 0B       		.uleb128 0xb
 368 0170 726300   		.ascii	"rc\000"
 369 0173 01       		.byte	0x1
 370 0174 5C       		.byte	0x5c
 371 0175 98000000 		.4byte	0x98
 372 0179 2D010000 		.4byte	.LLST7
 373 017d 0A       		.uleb128 0xa
 374 017e 40020000 		.4byte	.LASF27
 375 0182 01       		.byte	0x1
 376 0183 5D       		.byte	0x5d
 377 0184 77000000 		.4byte	0x77
 378 0188 6D010000 		.4byte	.LLST8
 379 018c 0A       		.uleb128 0xa
 380 018d 8C000000 		.4byte	.LASF28
 381 0191 01       		.byte	0x1
ARM GAS  C:\Users\kylep\AppData\Local\Temp\ccffW1sk.s 			page 11


 382 0192 5E       		.byte	0x5e
 383 0193 77000000 		.4byte	0x77
 384 0197 AF010000 		.4byte	.LLST9
 385 019b 0C       		.uleb128 0xc
 386 019c 5A000000 		.4byte	.LVL15
 387 01a0 CD010000 		.4byte	0x1cd
 388 01a4 0D       		.uleb128 0xd
 389 01a5 01       		.uleb128 0x1
 390 01a6 51       		.byte	0x51
 391 01a7 02       		.uleb128 0x2
 392 01a8 7D       		.byte	0x7d
 393 01a9 00       		.sleb128 0
 394 01aa 0D       		.uleb128 0xd
 395 01ab 01       		.uleb128 0x1
 396 01ac 50       		.byte	0x50
 397 01ad 02       		.uleb128 0x2
 398 01ae 79       		.byte	0x79
 399 01af 00       		.sleb128 0
 400 01b0 00       		.byte	0
 401 01b1 00       		.byte	0
 402 01b2 0E       		.uleb128 0xe
 403 01b3 04       		.byte	0x4
 404 01b4 B8010000 		.4byte	0x1b8
 405 01b8 0F       		.uleb128 0xf
 406 01b9 6B000000 		.4byte	0x6b
 407 01bd 10       		.uleb128 0x10
 408 01be 6B000000 		.4byte	0x6b
 409 01c2 CD010000 		.4byte	0x1cd
 410 01c6 11       		.uleb128 0x11
 411 01c7 B5000000 		.4byte	0xb5
 412 01cb 7F       		.byte	0x7f
 413 01cc 00       		.byte	0
 414 01cd 12       		.uleb128 0x12
 415 01ce F9000000 		.4byte	.LASF33
 416 01d2 03       		.byte	0x3
 417 01d3 1C       		.byte	0x1c
 418 01d4 77000000 		.4byte	0x77
 419 01d8 13       		.uleb128 0x13
 420 01d9 77000000 		.4byte	0x77
 421 01dd 13       		.uleb128 0x13
 422 01de B2010000 		.4byte	0x1b2
 423 01e2 00       		.byte	0
 424 01e3 00       		.byte	0
 425              		.section	.debug_abbrev,"",%progbits
 426              	.Ldebug_abbrev0:
 427 0000 01       		.uleb128 0x1
 428 0001 11       		.uleb128 0x11
 429 0002 01       		.byte	0x1
 430 0003 25       		.uleb128 0x25
 431 0004 0E       		.uleb128 0xe
 432 0005 13       		.uleb128 0x13
 433 0006 0B       		.uleb128 0xb
 434 0007 03       		.uleb128 0x3
 435 0008 0E       		.uleb128 0xe
 436 0009 1B       		.uleb128 0x1b
 437 000a 0E       		.uleb128 0xe
 438 000b 55       		.uleb128 0x55
ARM GAS  C:\Users\kylep\AppData\Local\Temp\ccffW1sk.s 			page 12


 439 000c 17       		.uleb128 0x17
 440 000d 11       		.uleb128 0x11
 441 000e 01       		.uleb128 0x1
 442 000f 10       		.uleb128 0x10
 443 0010 17       		.uleb128 0x17
 444 0011 00       		.byte	0
 445 0012 00       		.byte	0
 446 0013 02       		.uleb128 0x2
 447 0014 24       		.uleb128 0x24
 448 0015 00       		.byte	0
 449 0016 0B       		.uleb128 0xb
 450 0017 0B       		.uleb128 0xb
 451 0018 3E       		.uleb128 0x3e
 452 0019 0B       		.uleb128 0xb
 453 001a 03       		.uleb128 0x3
 454 001b 0E       		.uleb128 0xe
 455 001c 00       		.byte	0
 456 001d 00       		.byte	0
 457 001e 03       		.uleb128 0x3
 458 001f 24       		.uleb128 0x24
 459 0020 00       		.byte	0
 460 0021 0B       		.uleb128 0xb
 461 0022 0B       		.uleb128 0xb
 462 0023 3E       		.uleb128 0x3e
 463 0024 0B       		.uleb128 0xb
 464 0025 03       		.uleb128 0x3
 465 0026 08       		.uleb128 0x8
 466 0027 00       		.byte	0
 467 0028 00       		.byte	0
 468 0029 04       		.uleb128 0x4
 469 002a 16       		.uleb128 0x16
 470 002b 00       		.byte	0
 471 002c 03       		.uleb128 0x3
 472 002d 0E       		.uleb128 0xe
 473 002e 3A       		.uleb128 0x3a
 474 002f 0B       		.uleb128 0xb
 475 0030 3B       		.uleb128 0x3b
 476 0031 05       		.uleb128 0x5
 477 0032 49       		.uleb128 0x49
 478 0033 13       		.uleb128 0x13
 479 0034 00       		.byte	0
 480 0035 00       		.byte	0
 481 0036 05       		.uleb128 0x5
 482 0037 35       		.uleb128 0x35
 483 0038 00       		.byte	0
 484 0039 49       		.uleb128 0x49
 485 003a 13       		.uleb128 0x13
 486 003b 00       		.byte	0
 487 003c 00       		.byte	0
 488 003d 06       		.uleb128 0x6
 489 003e 2E       		.uleb128 0x2e
 490 003f 00       		.byte	0
 491 0040 3F       		.uleb128 0x3f
 492 0041 19       		.uleb128 0x19
 493 0042 03       		.uleb128 0x3
 494 0043 0E       		.uleb128 0xe
 495 0044 3A       		.uleb128 0x3a
ARM GAS  C:\Users\kylep\AppData\Local\Temp\ccffW1sk.s 			page 13


 496 0045 0B       		.uleb128 0xb
 497 0046 3B       		.uleb128 0x3b
 498 0047 0B       		.uleb128 0xb
 499 0048 27       		.uleb128 0x27
 500 0049 19       		.uleb128 0x19
 501 004a 11       		.uleb128 0x11
 502 004b 01       		.uleb128 0x1
 503 004c 12       		.uleb128 0x12
 504 004d 06       		.uleb128 0x6
 505 004e 40       		.uleb128 0x40
 506 004f 18       		.uleb128 0x18
 507 0050 9742     		.uleb128 0x2117
 508 0052 19       		.uleb128 0x19
 509 0053 00       		.byte	0
 510 0054 00       		.byte	0
 511 0055 07       		.uleb128 0x7
 512 0056 2E       		.uleb128 0x2e
 513 0057 01       		.byte	0x1
 514 0058 3F       		.uleb128 0x3f
 515 0059 19       		.uleb128 0x19
 516 005a 03       		.uleb128 0x3
 517 005b 0E       		.uleb128 0xe
 518 005c 3A       		.uleb128 0x3a
 519 005d 0B       		.uleb128 0xb
 520 005e 3B       		.uleb128 0x3b
 521 005f 0B       		.uleb128 0xb
 522 0060 27       		.uleb128 0x27
 523 0061 19       		.uleb128 0x19
 524 0062 49       		.uleb128 0x49
 525 0063 13       		.uleb128 0x13
 526 0064 11       		.uleb128 0x11
 527 0065 01       		.uleb128 0x1
 528 0066 12       		.uleb128 0x12
 529 0067 06       		.uleb128 0x6
 530 0068 40       		.uleb128 0x40
 531 0069 18       		.uleb128 0x18
 532 006a 9742     		.uleb128 0x2117
 533 006c 19       		.uleb128 0x19
 534 006d 01       		.uleb128 0x1
 535 006e 13       		.uleb128 0x13
 536 006f 00       		.byte	0
 537 0070 00       		.byte	0
 538 0071 08       		.uleb128 0x8
 539 0072 05       		.uleb128 0x5
 540 0073 00       		.byte	0
 541 0074 03       		.uleb128 0x3
 542 0075 0E       		.uleb128 0xe
 543 0076 3A       		.uleb128 0x3a
 544 0077 0B       		.uleb128 0xb
 545 0078 3B       		.uleb128 0x3b
 546 0079 0B       		.uleb128 0xb
 547 007a 49       		.uleb128 0x49
 548 007b 13       		.uleb128 0x13
 549 007c 02       		.uleb128 0x2
 550 007d 17       		.uleb128 0x17
 551 007e 00       		.byte	0
 552 007f 00       		.byte	0
ARM GAS  C:\Users\kylep\AppData\Local\Temp\ccffW1sk.s 			page 14


 553 0080 09       		.uleb128 0x9
 554 0081 34       		.uleb128 0x34
 555 0082 00       		.byte	0
 556 0083 03       		.uleb128 0x3
 557 0084 0E       		.uleb128 0xe
 558 0085 3A       		.uleb128 0x3a
 559 0086 0B       		.uleb128 0xb
 560 0087 3B       		.uleb128 0x3b
 561 0088 0B       		.uleb128 0xb
 562 0089 49       		.uleb128 0x49
 563 008a 13       		.uleb128 0x13
 564 008b 02       		.uleb128 0x2
 565 008c 18       		.uleb128 0x18
 566 008d 00       		.byte	0
 567 008e 00       		.byte	0
 568 008f 0A       		.uleb128 0xa
 569 0090 34       		.uleb128 0x34
 570 0091 00       		.byte	0
 571 0092 03       		.uleb128 0x3
 572 0093 0E       		.uleb128 0xe
 573 0094 3A       		.uleb128 0x3a
 574 0095 0B       		.uleb128 0xb
 575 0096 3B       		.uleb128 0x3b
 576 0097 0B       		.uleb128 0xb
 577 0098 49       		.uleb128 0x49
 578 0099 13       		.uleb128 0x13
 579 009a 02       		.uleb128 0x2
 580 009b 17       		.uleb128 0x17
 581 009c 00       		.byte	0
 582 009d 00       		.byte	0
 583 009e 0B       		.uleb128 0xb
 584 009f 34       		.uleb128 0x34
 585 00a0 00       		.byte	0
 586 00a1 03       		.uleb128 0x3
 587 00a2 08       		.uleb128 0x8
 588 00a3 3A       		.uleb128 0x3a
 589 00a4 0B       		.uleb128 0xb
 590 00a5 3B       		.uleb128 0x3b
 591 00a6 0B       		.uleb128 0xb
 592 00a7 49       		.uleb128 0x49
 593 00a8 13       		.uleb128 0x13
 594 00a9 02       		.uleb128 0x2
 595 00aa 17       		.uleb128 0x17
 596 00ab 00       		.byte	0
 597 00ac 00       		.byte	0
 598 00ad 0C       		.uleb128 0xc
 599 00ae 898201   		.uleb128 0x4109
 600 00b1 01       		.byte	0x1
 601 00b2 11       		.uleb128 0x11
 602 00b3 01       		.uleb128 0x1
 603 00b4 31       		.uleb128 0x31
 604 00b5 13       		.uleb128 0x13
 605 00b6 00       		.byte	0
 606 00b7 00       		.byte	0
 607 00b8 0D       		.uleb128 0xd
 608 00b9 8A8201   		.uleb128 0x410a
 609 00bc 00       		.byte	0
ARM GAS  C:\Users\kylep\AppData\Local\Temp\ccffW1sk.s 			page 15


 610 00bd 02       		.uleb128 0x2
 611 00be 18       		.uleb128 0x18
 612 00bf 9142     		.uleb128 0x2111
 613 00c1 18       		.uleb128 0x18
 614 00c2 00       		.byte	0
 615 00c3 00       		.byte	0
 616 00c4 0E       		.uleb128 0xe
 617 00c5 0F       		.uleb128 0xf
 618 00c6 00       		.byte	0
 619 00c7 0B       		.uleb128 0xb
 620 00c8 0B       		.uleb128 0xb
 621 00c9 49       		.uleb128 0x49
 622 00ca 13       		.uleb128 0x13
 623 00cb 00       		.byte	0
 624 00cc 00       		.byte	0
 625 00cd 0F       		.uleb128 0xf
 626 00ce 26       		.uleb128 0x26
 627 00cf 00       		.byte	0
 628 00d0 49       		.uleb128 0x49
 629 00d1 13       		.uleb128 0x13
 630 00d2 00       		.byte	0
 631 00d3 00       		.byte	0
 632 00d4 10       		.uleb128 0x10
 633 00d5 01       		.uleb128 0x1
 634 00d6 01       		.byte	0x1
 635 00d7 49       		.uleb128 0x49
 636 00d8 13       		.uleb128 0x13
 637 00d9 01       		.uleb128 0x1
 638 00da 13       		.uleb128 0x13
 639 00db 00       		.byte	0
 640 00dc 00       		.byte	0
 641 00dd 11       		.uleb128 0x11
 642 00de 21       		.uleb128 0x21
 643 00df 00       		.byte	0
 644 00e0 49       		.uleb128 0x49
 645 00e1 13       		.uleb128 0x13
 646 00e2 2F       		.uleb128 0x2f
 647 00e3 0B       		.uleb128 0xb
 648 00e4 00       		.byte	0
 649 00e5 00       		.byte	0
 650 00e6 12       		.uleb128 0x12
 651 00e7 2E       		.uleb128 0x2e
 652 00e8 01       		.byte	0x1
 653 00e9 3F       		.uleb128 0x3f
 654 00ea 19       		.uleb128 0x19
 655 00eb 03       		.uleb128 0x3
 656 00ec 0E       		.uleb128 0xe
 657 00ed 3A       		.uleb128 0x3a
 658 00ee 0B       		.uleb128 0xb
 659 00ef 3B       		.uleb128 0x3b
 660 00f0 0B       		.uleb128 0xb
 661 00f1 27       		.uleb128 0x27
 662 00f2 19       		.uleb128 0x19
 663 00f3 49       		.uleb128 0x49
 664 00f4 13       		.uleb128 0x13
 665 00f5 3C       		.uleb128 0x3c
 666 00f6 19       		.uleb128 0x19
ARM GAS  C:\Users\kylep\AppData\Local\Temp\ccffW1sk.s 			page 16


 667 00f7 00       		.byte	0
 668 00f8 00       		.byte	0
 669 00f9 13       		.uleb128 0x13
 670 00fa 05       		.uleb128 0x5
 671 00fb 00       		.byte	0
 672 00fc 49       		.uleb128 0x49
 673 00fd 13       		.uleb128 0x13
 674 00fe 00       		.byte	0
 675 00ff 00       		.byte	0
 676 0100 00       		.byte	0
 677              		.section	.debug_loc,"",%progbits
 678              	.Ldebug_loc0:
 679              	.LLST0:
 680 0000 00000000 		.4byte	.LVL0
 681 0004 28000000 		.4byte	.LVL7
 682 0008 0100     		.2byte	0x1
 683 000a 50       		.byte	0x50
 684 000b 28000000 		.4byte	.LVL7
 685 000f 6A000000 		.4byte	.LVL17
 686 0013 0100     		.2byte	0x1
 687 0015 58       		.byte	0x58
 688 0016 6A000000 		.4byte	.LVL17
 689 001a 6C000000 		.4byte	.LVL18
 690 001e 0100     		.2byte	0x1
 691 0020 50       		.byte	0x50
 692 0021 6C000000 		.4byte	.LVL18
 693 0025 84000000 		.4byte	.LFE2
 694 0029 0400     		.2byte	0x4
 695 002b F3       		.byte	0xf3
 696 002c 01       		.uleb128 0x1
 697 002d 50       		.byte	0x50
 698 002e 9F       		.byte	0x9f
 699 002f 00000000 		.4byte	0
 700 0033 00000000 		.4byte	0
 701              	.LLST1:
 702 0037 00000000 		.4byte	.LVL0
 703 003b 1C000000 		.4byte	.LVL3
 704 003f 0100     		.2byte	0x1
 705 0041 51       		.byte	0x51
 706 0042 1C000000 		.4byte	.LVL3
 707 0046 6A000000 		.4byte	.LVL17
 708 004a 0100     		.2byte	0x1
 709 004c 56       		.byte	0x56
 710 004d 6A000000 		.4byte	.LVL17
 711 0051 6C000000 		.4byte	.LVL18
 712 0055 0100     		.2byte	0x1
 713 0057 51       		.byte	0x51
 714 0058 6C000000 		.4byte	.LVL18
 715 005c 76000000 		.4byte	.LVL21
 716 0060 0100     		.2byte	0x1
 717 0062 56       		.byte	0x56
 718 0063 76000000 		.4byte	.LVL21
 719 0067 84000000 		.4byte	.LFE2
 720 006b 0400     		.2byte	0x4
 721 006d F3       		.byte	0xf3
 722 006e 01       		.uleb128 0x1
 723 006f 51       		.byte	0x51
ARM GAS  C:\Users\kylep\AppData\Local\Temp\ccffW1sk.s 			page 17


 724 0070 9F       		.byte	0x9f
 725 0071 00000000 		.4byte	0
 726 0075 00000000 		.4byte	0
 727              	.LLST2:
 728 0079 00000000 		.4byte	.LVL0
 729 007d 2C000000 		.4byte	.LVL8
 730 0081 0100     		.2byte	0x1
 731 0083 52       		.byte	0x52
 732 0084 2C000000 		.4byte	.LVL8
 733 0088 6A000000 		.4byte	.LVL17
 734 008c 0100     		.2byte	0x1
 735 008e 57       		.byte	0x57
 736 008f 6A000000 		.4byte	.LVL17
 737 0093 6C000000 		.4byte	.LVL18
 738 0097 0100     		.2byte	0x1
 739 0099 52       		.byte	0x52
 740 009a 6C000000 		.4byte	.LVL18
 741 009e 84000000 		.4byte	.LFE2
 742 00a2 0400     		.2byte	0x4
 743 00a4 F3       		.byte	0xf3
 744 00a5 01       		.uleb128 0x1
 745 00a6 52       		.byte	0x52
 746 00a7 9F       		.byte	0x9f
 747 00a8 00000000 		.4byte	0
 748 00ac 00000000 		.4byte	0
 749              	.LLST3:
 750 00b0 1A000000 		.4byte	.LVL2
 751 00b4 22000000 		.4byte	.LVL5
 752 00b8 0100     		.2byte	0x1
 753 00ba 54       		.byte	0x54
 754 00bb 22000000 		.4byte	.LVL5
 755 00bf 6A000000 		.4byte	.LVL17
 756 00c3 0500     		.2byte	0x5
 757 00c5 76       		.byte	0x76
 758 00c6 00       		.sleb128 0
 759 00c7 3F       		.byte	0x3f
 760 00c8 25       		.byte	0x25
 761 00c9 9F       		.byte	0x9f
 762 00ca 00000000 		.4byte	0
 763 00ce 00000000 		.4byte	0
 764              	.LLST4:
 765 00d2 20000000 		.4byte	.LVL4
 766 00d6 2C000000 		.4byte	.LVL8
 767 00da 0100     		.2byte	0x1
 768 00dc 53       		.byte	0x53
 769 00dd 2C000000 		.4byte	.LVL8
 770 00e1 6A000000 		.4byte	.LVL17
 771 00e5 0100     		.2byte	0x1
 772 00e7 59       		.byte	0x59
 773 00e8 00000000 		.4byte	0
 774 00ec 00000000 		.4byte	0
 775              	.LLST5:
 776 00f0 2C000000 		.4byte	.LVL8
 777 00f4 4C000000 		.4byte	.LVL12
 778 00f8 0100     		.2byte	0x1
 779 00fa 53       		.byte	0x53
 780 00fb 4E000000 		.4byte	.LVL13
ARM GAS  C:\Users\kylep\AppData\Local\Temp\ccffW1sk.s 			page 18


 781 00ff 59000000 		.4byte	.LVL15-1
 782 0103 0100     		.2byte	0x1
 783 0105 53       		.byte	0x53
 784 0106 00000000 		.4byte	0
 785 010a 00000000 		.4byte	0
 786              	.LLST6:
 787 010e 26000000 		.4byte	.LVL6
 788 0112 2C000000 		.4byte	.LVL8
 789 0116 0200     		.2byte	0x2
 790 0118 30       		.byte	0x30
 791 0119 9F       		.byte	0x9f
 792 011a 2C000000 		.4byte	.LVL8
 793 011e 6A000000 		.4byte	.LVL17
 794 0122 0100     		.2byte	0x1
 795 0124 55       		.byte	0x55
 796 0125 00000000 		.4byte	0
 797 0129 00000000 		.4byte	0
 798              	.LLST7:
 799 012d 26000000 		.4byte	.LVL6
 800 0131 2C000000 		.4byte	.LVL8
 801 0135 0200     		.2byte	0x2
 802 0137 30       		.byte	0x30
 803 0138 9F       		.byte	0x9f
 804 0139 2C000000 		.4byte	.LVL8
 805 013d 54000000 		.4byte	.LVL14
 806 0141 0100     		.2byte	0x1
 807 0143 50       		.byte	0x50
 808 0144 5A000000 		.4byte	.LVL15
 809 0148 6A000000 		.4byte	.LVL17
 810 014c 0100     		.2byte	0x1
 811 014e 50       		.byte	0x50
 812 014f 6C000000 		.4byte	.LVL18
 813 0153 72000000 		.4byte	.LVL19
 814 0157 0100     		.2byte	0x1
 815 0159 50       		.byte	0x50
 816 015a 74000000 		.4byte	.LVL20
 817 015e 84000000 		.4byte	.LFE2
 818 0162 0100     		.2byte	0x1
 819 0164 50       		.byte	0x50
 820 0165 00000000 		.4byte	0
 821 0169 00000000 		.4byte	0
 822              	.LLST8:
 823 016d 0C000000 		.4byte	.LVL1
 824 0171 1C000000 		.4byte	.LVL3
 825 0175 0100     		.2byte	0x1
 826 0177 51       		.byte	0x51
 827 0178 1C000000 		.4byte	.LVL3
 828 017c 6A000000 		.4byte	.LVL17
 829 0180 0100     		.2byte	0x1
 830 0182 56       		.byte	0x56
 831 0183 6A000000 		.4byte	.LVL17
 832 0187 6C000000 		.4byte	.LVL18
 833 018b 0100     		.2byte	0x1
 834 018d 51       		.byte	0x51
 835 018e 6C000000 		.4byte	.LVL18
 836 0192 76000000 		.4byte	.LVL21
 837 0196 0100     		.2byte	0x1
ARM GAS  C:\Users\kylep\AppData\Local\Temp\ccffW1sk.s 			page 19


 838 0198 56       		.byte	0x56
 839 0199 76000000 		.4byte	.LVL21
 840 019d 84000000 		.4byte	.LFE2
 841 01a1 0400     		.2byte	0x4
 842 01a3 F3       		.byte	0xf3
 843 01a4 01       		.uleb128 0x1
 844 01a5 51       		.byte	0x51
 845 01a6 9F       		.byte	0x9f
 846 01a7 00000000 		.4byte	0
 847 01ab 00000000 		.4byte	0
 848              	.LLST9:
 849 01af 26000000 		.4byte	.LVL6
 850 01b3 6A000000 		.4byte	.LVL17
 851 01b7 0100     		.2byte	0x1
 852 01b9 54       		.byte	0x54
 853 01ba 00000000 		.4byte	0
 854 01be 00000000 		.4byte	0
 855              		.section	.debug_aranges,"",%progbits
 856 0000 2C000000 		.4byte	0x2c
 857 0004 0200     		.2byte	0x2
 858 0006 00000000 		.4byte	.Ldebug_info0
 859 000a 04       		.byte	0x4
 860 000b 00       		.byte	0
 861 000c 0000     		.2byte	0
 862 000e 0000     		.2byte	0
 863 0010 00000000 		.4byte	.LFB0
 864 0014 02000000 		.4byte	.LFE0-.LFB0
 865 0018 00000000 		.4byte	.LFB1
 866 001c 02000000 		.4byte	.LFE1-.LFB1
 867 0020 00000000 		.4byte	.LFB2
 868 0024 84000000 		.4byte	.LFE2-.LFB2
 869 0028 00000000 		.4byte	0
 870 002c 00000000 		.4byte	0
 871              		.section	.debug_ranges,"",%progbits
 872              	.Ldebug_ranges0:
 873 0000 00000000 		.4byte	.LFB0
 874 0004 02000000 		.4byte	.LFE0
 875 0008 00000000 		.4byte	.LFB1
 876 000c 02000000 		.4byte	.LFE1
 877 0010 00000000 		.4byte	.LFB2
 878 0014 84000000 		.4byte	.LFE2
 879 0018 00000000 		.4byte	0
 880 001c 00000000 		.4byte	0
 881              		.section	.debug_line,"",%progbits
 882              	.Ldebug_line0:
 883 0000 CA000000 		.section	.debug_str,"MS",%progbits,1
 883      02005400 
 883      00000201 
 883      FB0E0D00 
 883      01010101 
 884              	.LASF31:
 885 0000 433A5C55 		.ascii	"C:\\Users\\kylep\\Box Sync\\Feniex Firmware Files\\"
 885      73657273 
 885      5C6B796C 
 885      65705C42 
 885      6F782053 
 886 002e 414C4220 		.ascii	"ALB Cube\\81-00024-01 AI Cube\\81-00024-01.cydsn\000"
ARM GAS  C:\Users\kylep\AppData\Local\Temp\ccffW1sk.s 			page 20


 886      43756265 
 886      5C38312D 
 886      30303032 
 886      342D3031 
 887              	.LASF22:
 888 005d 77726974 		.ascii	"writeBuffer\000"
 888      65427566 
 888      66657200 
 889              	.LASF19:
 890 0069 73726342 		.ascii	"srcBuf\000"
 890      756600
 891              	.LASF3:
 892 0070 73686F72 		.ascii	"short unsigned int\000"
 892      7420756E 
 892      7369676E 
 892      65642069 
 892      6E7400
 893              	.LASF26:
 894 0083 73726349 		.ascii	"srcIndex\000"
 894      6E646578 
 894      00
 895              	.LASF28:
 896 008c 62797465 		.ascii	"byteOffset\000"
 896      4F666673 
 896      657400
 897              	.LASF11:
 898 0097 666C6F61 		.ascii	"float\000"
 898      7400
 899              	.LASF17:
 900 009d 456D4545 		.ascii	"EmEEPROM_Start\000"
 900      50524F4D 
 900      5F537461 
 900      727400
 901              	.LASF1:
 902 00ac 756E7369 		.ascii	"unsigned char\000"
 902      676E6564 
 902      20636861 
 902      7200
 903              	.LASF15:
 904 00ba 72656738 		.ascii	"reg8\000"
 904      00
 905              	.LASF5:
 906 00bf 6C6F6E67 		.ascii	"long unsigned int\000"
 906      20756E73 
 906      69676E65 
 906      6420696E 
 906      7400
 907              	.LASF9:
 908 00d1 75696E74 		.ascii	"uint8\000"
 908      3800
 909              	.LASF23:
 910 00d7 61727261 		.ascii	"arrayId\000"
 910      79496400 
 911              	.LASF21:
 912 00df 62797465 		.ascii	"byteCount\000"
 912      436F756E 
 912      7400
ARM GAS  C:\Users\kylep\AppData\Local\Temp\ccffW1sk.s 			page 21


 913              	.LASF25:
 914 00e9 64737449 		.ascii	"dstIndex\000"
 914      6E646578 
 914      00
 915              	.LASF12:
 916 00f2 646F7562 		.ascii	"double\000"
 916      6C6500
 917              	.LASF33:
 918 00f9 43795379 		.ascii	"CySysFlashWriteRow\000"
 918      73466C61 
 918      73685772 
 918      69746552 
 918      6F7700
 919              	.LASF14:
 920 010c 63797374 		.ascii	"cystatus\000"
 920      61747573 
 920      00
 921              	.LASF10:
 922 0115 75696E74 		.ascii	"uint32\000"
 922      333200
 923              	.LASF32:
 924 011c 456D4545 		.ascii	"EmEEPROM_Write\000"
 924      50524F4D 
 924      5F577269 
 924      746500
 925              	.LASF8:
 926 012b 756E7369 		.ascii	"unsigned int\000"
 926      676E6564 
 926      20696E74 
 926      00
 927              	.LASF7:
 928 0138 6C6F6E67 		.ascii	"long long unsigned int\000"
 928      206C6F6E 
 928      6720756E 
 928      7369676E 
 928      65642069 
 929              	.LASF24:
 930 014f 726F7749 		.ascii	"rowId\000"
 930      6400
 931              	.LASF16:
 932 0155 73697A65 		.ascii	"sizetype\000"
 932      74797065 
 932      00
 933              	.LASF6:
 934 015e 6C6F6E67 		.ascii	"long long int\000"
 934      206C6F6E 
 934      6720696E 
 934      7400
 935              	.LASF30:
 936 016c 2E5C4765 		.ascii	".\\Generated_Source\\PSoC4\\EmEEPROM.c\000"
 936      6E657261 
 936      7465645F 
 936      536F7572 
 936      63655C50 
 937              	.LASF29:
 938 0190 474E5520 		.ascii	"GNU C 4.9.3 20150303 (release) [ARM/embedded-4_9-br"
 938      4320342E 
ARM GAS  C:\Users\kylep\AppData\Local\Temp\ccffW1sk.s 			page 22


 938      392E3320 
 938      32303135 
 938      30333033 
 939 01c3 616E6368 		.ascii	"anch revision 221220] -mcpu=cortex-m0 -mthumb -g -O"
 939      20726576 
 939      6973696F 
 939      6E203232 
 939      31323230 
 940 01f6 67202D66 		.ascii	"g -ffunction-sections -ffat-lto-objects\000"
 940      66756E63 
 940      74696F6E 
 940      2D736563 
 940      74696F6E 
 941              	.LASF20:
 942 021e 65657072 		.ascii	"eepromPtr\000"
 942      6F6D5074 
 942      7200
 943              	.LASF2:
 944 0228 73686F72 		.ascii	"short int\000"
 944      7420696E 
 944      7400
 945              	.LASF4:
 946 0232 6C6F6E67 		.ascii	"long int\000"
 946      20696E74 
 946      00
 947              	.LASF13:
 948 023b 63686172 		.ascii	"char\000"
 948      00
 949              	.LASF27:
 950 0240 65654F66 		.ascii	"eeOffset\000"
 950      66736574 
 950      00
 951              	.LASF0:
 952 0249 7369676E 		.ascii	"signed char\000"
 952      65642063 
 952      68617200 
 953              	.LASF18:
 954 0255 456D4545 		.ascii	"EmEEPROM_Stop\000"
 954      50524F4D 
 954      5F53746F 
 954      7000
 955              		.ident	"GCC: (GNU Tools for ARM Embedded Processors) 4.9.3 20150303 (release) [ARM/embedded-4_9-br
