ARM GAS  C:\Users\kylep\AppData\Local\Temp\ccJp8Ryd.s 			page 1


   1              		.cpu cortex-m0
   2              		.fpu softvfp
   3              		.eabi_attribute 20, 1
   4              		.eabi_attribute 21, 1
   5              		.eabi_attribute 23, 3
   6              		.eabi_attribute 24, 1
   7              		.eabi_attribute 25, 1
   8              		.eabi_attribute 26, 1
   9              		.eabi_attribute 30, 1
  10              		.eabi_attribute 34, 0
  11              		.eabi_attribute 18, 4
  12              		.code	16
  13              		.file	"IO_Control.c"
  14              		.text
  15              	.Ltext0:
  16              		.cfi_sections	.debug_frame
  17              		.section	.text.getDriverID,"ax",%progbits
  18              		.align	2
  19              		.global	getDriverID
  20              		.code	16
  21              		.thumb_func
  22              		.type	getDriverID, %function
  23              	getDriverID:
  24              	.LFB34:
  25              		.file 1 ".\\IO_Control.c"
   1:.\IO_Control.c **** /* ========================================
   2:.\IO_Control.c ****  *
   3:.\IO_Control.c ****  * Copyright YOUR COMPANY, THE YEAR
   4:.\IO_Control.c ****  * All Rights Reserved
   5:.\IO_Control.c ****  * UNPUBLISHED, LICENSED SOFTWARE.
   6:.\IO_Control.c ****  *
   7:.\IO_Control.c ****  * CONFIDENTIAL AND PROPRIETARY INFORMATION
   8:.\IO_Control.c ****  * WHICH IS THE PROPERTY OF your company.
   9:.\IO_Control.c ****  *
  10:.\IO_Control.c ****  * ========================================
  11:.\IO_Control.c **** */
  12:.\IO_Control.c **** /**********CHANGE LOG**********/
  13:.\IO_Control.c **** 
  14:.\IO_Control.c **** 
  15:.\IO_Control.c **** /**********PREPROCESSOR DIRECTIVES**********/
  16:.\IO_Control.c **** #include "CommonVariables.h"
  17:.\IO_Control.c **** #include "IO_Control.h"
  18:.\IO_Control.c **** 
  19:.\IO_Control.c **** #define MAX_TEMPERATURE_LIMIT           125 //Should equate to ~130 degrees C
  20:.\IO_Control.c **** #define SAFE_TEMPERATURE_LIMIT          85  //Should equate to ~120 degrees C
  21:.\IO_Control.c **** 
  22:.\IO_Control.c **** #define MAX_ADC_CONVERSION_WAIT_LIMIT   5
  23:.\IO_Control.c **** #define BRIGHTNESS_LEVEL_DIFFERENCE     1//5
  24:.\IO_Control.c **** 
  25:.\IO_Control.c **** #define WAIT_TIME_LIMIT_IN_SECONDS      3000      
  26:.\IO_Control.c **** 
  27:.\IO_Control.c **** enum TemperatureState
  28:.\IO_Control.c **** {
  29:.\IO_Control.c ****     TURBO_READY,
  30:.\IO_Control.c ****     TURBO_ENABLED,
  31:.\IO_Control.c ****     COOL_DOWN,
  32:.\IO_Control.c ****     WAIT_AT_SAFE_TEMPERATURE,
ARM GAS  C:\Users\kylep\AppData\Local\Temp\ccJp8Ryd.s 			page 2


  33:.\IO_Control.c **** };
  34:.\IO_Control.c ****     
  35:.\IO_Control.c **** /**********DEFINED CONSTANTS**********/
  36:.\IO_Control.c **** 
  37:.\IO_Control.c **** 
  38:.\IO_Control.c **** /**********DATA STRUCTURES**********/
  39:.\IO_Control.c ****     
  40:.\IO_Control.c **** 
  41:.\IO_Control.c **** /**********GLOBAL VARIABLES**********/
  42:.\IO_Control.c **** static uint8 ID_Number = 0;
  43:.\IO_Control.c **** static uint8 bLastDriverInChain = TRUE;
  44:.\IO_Control.c **** 
  45:.\IO_Control.c **** static uint8 currentBrightnessLevel = 0;
  46:.\IO_Control.c **** static enum TemperatureState currentState = TURBO_ENABLED;
  47:.\IO_Control.c **** 
  48:.\IO_Control.c **** /**********LOCAL FUNCTION PROTOTYPES**********/
  49:.\IO_Control.c **** 
  50:.\IO_Control.c **** 
  51:.\IO_Control.c **** /**********DEFINED GLOBAL FUNCTIONS**********/
  52:.\IO_Control.c **** /*******************************************************************************
  53:.\IO_Control.c **** * Function Name: getDriverID
  54:.\IO_Control.c **** ********************************************************************************
  55:.\IO_Control.c **** *
  56:.\IO_Control.c **** * Summary:
  57:.\IO_Control.c **** *  Returns the ID number of this driver.
  58:.\IO_Control.c **** *
  59:.\IO_Control.c **** * Parameters:
  60:.\IO_Control.c **** *  None.
  61:.\IO_Control.c **** *
  62:.\IO_Control.c **** * Return:
  63:.\IO_Control.c **** *  None.
  64:.\IO_Control.c **** *
  65:.\IO_Control.c **** *******************************************************************************/
  66:.\IO_Control.c **** uint8 getDriverID(void)
  67:.\IO_Control.c **** {
  26              		.loc 1 67 0
  27              		.cfi_startproc
  68:.\IO_Control.c ****     return ID_Number;
  28              		.loc 1 68 0
  29 0000 014B     		ldr	r3, .L2
  30 0002 1878     		ldrb	r0, [r3]
  69:.\IO_Control.c **** }
  31              		.loc 1 69 0
  32              		@ sp needed
  33 0004 7047     		bx	lr
  34              	.L3:
  35 0006 C046     		.align	2
  36              	.L2:
  37 0008 00000000 		.word	.LANCHOR0
  38              		.cfi_endproc
  39              	.LFE34:
  40              		.size	getDriverID, .-getDriverID
  41              		.section	.text.setIdentityByInput,"ax",%progbits
  42              		.align	2
  43              		.global	setIdentityByInput
  44              		.code	16
  45              		.thumb_func
ARM GAS  C:\Users\kylep\AppData\Local\Temp\ccJp8Ryd.s 			page 3


  46              		.type	setIdentityByInput, %function
  47              	setIdentityByInput:
  48              	.LFB35:
  70:.\IO_Control.c **** 
  71:.\IO_Control.c **** /*******************************************************************************
  72:.\IO_Control.c **** * Function Name: setIdentityByInput
  73:.\IO_Control.c **** ********************************************************************************
  74:.\IO_Control.c **** *
  75:.\IO_Control.c **** * Summary:
  76:.\IO_Control.c **** *  Sets the ID number for this driver based on board input.
  77:.\IO_Control.c **** *
  78:.\IO_Control.c **** * Parameters:
  79:.\IO_Control.c **** *  None.
  80:.\IO_Control.c **** *
  81:.\IO_Control.c **** * Return:
  82:.\IO_Control.c **** *  None.
  83:.\IO_Control.c **** *
  84:.\IO_Control.c **** *******************************************************************************/
  85:.\IO_Control.c **** void setIdentityByInput(void)
  86:.\IO_Control.c **** {
  49              		.loc 1 86 0
  50              		.cfi_startproc
  87:.\IO_Control.c ****     //Read ID
  88:.\IO_Control.c **** 
  89:.\IO_Control.c **** }
  51              		.loc 1 89 0
  52              		@ sp needed
  53 0000 7047     		bx	lr
  54              		.cfi_endproc
  55              	.LFE35:
  56              		.size	setIdentityByInput, .-setIdentityByInput
  57 0002 C046     		.section	.text.setIdentityByComm,"ax",%progbits
  58              		.align	2
  59              		.global	setIdentityByComm
  60              		.code	16
  61              		.thumb_func
  62              		.type	setIdentityByComm, %function
  63              	setIdentityByComm:
  64              	.LFB36:
  90:.\IO_Control.c **** 
  91:.\IO_Control.c **** /*******************************************************************************
  92:.\IO_Control.c **** * Function Name: setIdentityByComm
  93:.\IO_Control.c **** ********************************************************************************
  94:.\IO_Control.c **** *
  95:.\IO_Control.c **** * Summary:
  96:.\IO_Control.c **** *  Sets the ID number for this driver based on UART communication. The number
  97:.\IO_Control.c **** *  assigned is the driver position away from the controller.
  98:.\IO_Control.c **** *
  99:.\IO_Control.c **** * Parameters:
 100:.\IO_Control.c **** *  positionNumber: The ID number based on position in the chain.
 101:.\IO_Control.c **** *
 102:.\IO_Control.c **** * Return:
 103:.\IO_Control.c **** *  SUCCESS for valid input, FAILURE otherwise
 104:.\IO_Control.c **** *
 105:.\IO_Control.c **** *******************************************************************************/
 106:.\IO_Control.c **** uint8 setIdentityByComm(uint8 positionNumber)
 107:.\IO_Control.c **** {
ARM GAS  C:\Users\kylep\AppData\Local\Temp\ccJp8Ryd.s 			page 4


  65              		.loc 1 107 0
  66              		.cfi_startproc
  67              	.LVL0:
 108:.\IO_Control.c ****     if(positionNumber < 1 || positionNumber > MAX_DRVER_COUNT)
  68              		.loc 1 108 0
  69 0000 431E     		sub	r3, r0, #1
  70 0002 072B     		cmp	r3, #7
  71 0004 03D8     		bhi	.L7
 109:.\IO_Control.c ****         return FAILURE;
 110:.\IO_Control.c ****     
 111:.\IO_Control.c ****     ID_Number = positionNumber;
  72              		.loc 1 111 0
  73 0006 034B     		ldr	r3, .L8
  74 0008 1870     		strb	r0, [r3]
 112:.\IO_Control.c ****     
 113:.\IO_Control.c ****     return SUCCESS;
  75              		.loc 1 113 0
  76 000a 0020     		mov	r0, #0
  77              	.LVL1:
  78 000c 00E0     		b	.L6
  79              	.LVL2:
  80              	.L7:
 109:.\IO_Control.c ****         return FAILURE;
  81              		.loc 1 109 0
  82 000e 0120     		mov	r0, #1
  83              	.LVL3:
  84              	.L6:
 114:.\IO_Control.c **** }
  85              		.loc 1 114 0
  86              		@ sp needed
  87 0010 7047     		bx	lr
  88              	.L9:
  89 0012 C046     		.align	2
  90              	.L8:
  91 0014 00000000 		.word	.LANCHOR0
  92              		.cfi_endproc
  93              	.LFE36:
  94              		.size	setIdentityByComm, .-setIdentityByComm
  95              		.section	.text.isLastDriverInChain,"ax",%progbits
  96              		.align	2
  97              		.global	isLastDriverInChain
  98              		.code	16
  99              		.thumb_func
 100              		.type	isLastDriverInChain, %function
 101              	isLastDriverInChain:
 102              	.LFB37:
 115:.\IO_Control.c **** 
 116:.\IO_Control.c **** /*******************************************************************************
 117:.\IO_Control.c **** * Function Name: isLastDriverInChain
 118:.\IO_Control.c **** ********************************************************************************
 119:.\IO_Control.c **** *
 120:.\IO_Control.c **** * Summary:
 121:.\IO_Control.c **** *  Determines if this driver is at the end of the chain.
 122:.\IO_Control.c **** *
 123:.\IO_Control.c **** * Parameters:
 124:.\IO_Control.c **** *  None.
 125:.\IO_Control.c **** *
ARM GAS  C:\Users\kylep\AppData\Local\Temp\ccJp8Ryd.s 			page 5


 126:.\IO_Control.c **** * Return:
 127:.\IO_Control.c **** *  TRUE if last driver in the chain, FALSE if otherwise
 128:.\IO_Control.c **** *
 129:.\IO_Control.c **** *******************************************************************************/
 130:.\IO_Control.c **** uint8 isLastDriverInChain(void)
 131:.\IO_Control.c **** {
 103              		.loc 1 131 0
 104              		.cfi_startproc
 132:.\IO_Control.c ****     return bLastDriverInChain;
 105              		.loc 1 132 0
 106 0000 014B     		ldr	r3, .L11
 107 0002 1878     		ldrb	r0, [r3]
 133:.\IO_Control.c **** }
 108              		.loc 1 133 0
 109              		@ sp needed
 110 0004 7047     		bx	lr
 111              	.L12:
 112 0006 C046     		.align	2
 113              	.L11:
 114 0008 00000000 		.word	.LANCHOR1
 115              		.cfi_endproc
 116              	.LFE37:
 117              		.size	isLastDriverInChain, .-isLastDriverInChain
 118              		.section	.text.setAsNotLastDriverInChain,"ax",%progbits
 119              		.align	2
 120              		.global	setAsNotLastDriverInChain
 121              		.code	16
 122              		.thumb_func
 123              		.type	setAsNotLastDriverInChain, %function
 124              	setAsNotLastDriverInChain:
 125              	.LFB38:
 134:.\IO_Control.c **** 
 135:.\IO_Control.c **** /*******************************************************************************
 136:.\IO_Control.c **** * Function Name: setAsNotLastDriverInChain
 137:.\IO_Control.c **** ********************************************************************************
 138:.\IO_Control.c **** *
 139:.\IO_Control.c **** * Summary:
 140:.\IO_Control.c **** *  At the start of the program, this driver is assumed to the be the last driver
 141:.\IO_Control.c **** *  in the chain. If an ACK packet is received at startup, this function is called
 142:.\IO_Control.c **** *  to update the status for not being in the last driver.
 143:.\IO_Control.c **** *
 144:.\IO_Control.c **** * Parameters:
 145:.\IO_Control.c **** *  None.
 146:.\IO_Control.c **** *
 147:.\IO_Control.c **** * Return:
 148:.\IO_Control.c **** *  None.
 149:.\IO_Control.c **** *
 150:.\IO_Control.c **** *******************************************************************************/
 151:.\IO_Control.c **** void setAsNotLastDriverInChain(void)
 152:.\IO_Control.c **** {
 126              		.loc 1 152 0
 127              		.cfi_startproc
 153:.\IO_Control.c ****     bLastDriverInChain = FALSE;
 128              		.loc 1 153 0
 129 0000 0022     		mov	r2, #0
 130 0002 014B     		ldr	r3, .L14
 131 0004 1A70     		strb	r2, [r3]
ARM GAS  C:\Users\kylep\AppData\Local\Temp\ccJp8Ryd.s 			page 6


 154:.\IO_Control.c **** }
 132              		.loc 1 154 0
 133              		@ sp needed
 134 0006 7047     		bx	lr
 135              	.L15:
 136              		.align	2
 137              	.L14:
 138 0008 00000000 		.word	.LANCHOR1
 139              		.cfi_endproc
 140              	.LFE38:
 141              		.size	setAsNotLastDriverInChain, .-setAsNotLastDriverInChain
 142              		.section	.text.updateBrightnessLevel,"ax",%progbits
 143              		.align	2
 144              		.global	updateBrightnessLevel
 145              		.code	16
 146              		.thumb_func
 147              		.type	updateBrightnessLevel, %function
 148              	updateBrightnessLevel:
 149              	.LFB39:
 155:.\IO_Control.c **** 
 156:.\IO_Control.c **** /*******************************************************************************
 157:.\IO_Control.c **** * Function Name: updateBrightnessLevel
 158:.\IO_Control.c **** ********************************************************************************
 159:.\IO_Control.c **** *
 160:.\IO_Control.c **** * Summary:
 161:.\IO_Control.c **** *  Attempts to update the brightness of the LED. The brightness would not update
 162:.\IO_Control.c **** *  if the temperature exceeded its limit.
 163:.\IO_Control.c **** *
 164:.\IO_Control.c **** * Parameters:
 165:.\IO_Control.c **** *  brightnessLevel: The desired brightness level for the LED.
 166:.\IO_Control.c **** *
 167:.\IO_Control.c **** * Return:
 168:.\IO_Control.c **** *  The resulting brightness level of the LED
 169:.\IO_Control.c **** *
 170:.\IO_Control.c **** *******************************************************************************/
 171:.\IO_Control.c **** uint8 updateBrightnessLevel(uint8 brightnessLevel)
 172:.\IO_Control.c **** {
 150              		.loc 1 172 0
 151              		.cfi_startproc
 152              	.LVL4:
 153 0000 10B5     		push	{r4, lr}
 154              		.cfi_def_cfa_offset 8
 155              		.cfi_offset 4, -8
 156              		.cfi_offset 14, -4
 173:.\IO_Control.c ****     //if(currentState != TURBO_ENABLED)
 174:.\IO_Control.c ****     //    return currentBrightnessLevel;
 175:.\IO_Control.c ****     
 176:.\IO_Control.c ****     currentBrightnessLevel = brightnessLevel;
 157              		.loc 1 176 0
 158 0002 034C     		ldr	r4, .L17
 159 0004 6070     		strb	r0, [r4, #1]
 177:.\IO_Control.c ****     PrISM_WritePulse0(currentBrightnessLevel);
 160              		.loc 1 177 0
 161 0006 FFF7FEFF 		bl	PrISM_WritePulse0
 162              	.LVL5:
 178:.\IO_Control.c ****     
 179:.\IO_Control.c ****     return currentBrightnessLevel;
ARM GAS  C:\Users\kylep\AppData\Local\Temp\ccJp8Ryd.s 			page 7


 163              		.loc 1 179 0
 164 000a 6078     		ldrb	r0, [r4, #1]
 180:.\IO_Control.c **** }
 165              		.loc 1 180 0
 166              		@ sp needed
 167 000c 10BD     		pop	{r4, pc}
 168              	.L18:
 169 000e C046     		.align	2
 170              	.L17:
 171 0010 00000000 		.word	.LANCHOR0
 172              		.cfi_endproc
 173              	.LFE39:
 174              		.size	updateBrightnessLevel, .-updateBrightnessLevel
 175              		.section	.text.getTemperatureSample,"ax",%progbits
 176              		.align	2
 177              		.global	getTemperatureSample
 178              		.code	16
 179              		.thumb_func
 180              		.type	getTemperatureSample, %function
 181              	getTemperatureSample:
 182              	.LFB40:
 181:.\IO_Control.c **** 
 182:.\IO_Control.c **** /*******************************************************************************
 183:.\IO_Control.c **** * Function Name: getTemperatureSample
 184:.\IO_Control.c **** ********************************************************************************
 185:.\IO_Control.c **** *
 186:.\IO_Control.c **** * Summary:
 187:.\IO_Control.c **** *  Obtains the next temperature sample from ADC. If the temperature exceeded its limit,
 188:.\IO_Control.c **** *  this function will reduce the LED brightness to try to reduce the temperature.
 189:.\IO_Control.c **** *
 190:.\IO_Control.c **** * Parameters:
 191:.\IO_Control.c **** *  None.
 192:.\IO_Control.c **** *
 193:.\IO_Control.c **** * Return:
 194:.\IO_Control.c **** *  The next temperature sample from ADC
 195:.\IO_Control.c **** *
 196:.\IO_Control.c **** *******************************************************************************/
 197:.\IO_Control.c **** uint8 getTemperatureSample(void)
 198:.\IO_Control.c **** {  
 183              		.loc 1 198 0
 184              		.cfi_startproc
 185 0000 10B5     		push	{r4, lr}
 186              		.cfi_def_cfa_offset 8
 187              		.cfi_offset 4, -8
 188              		.cfi_offset 14, -4
 189              	.LVL6:
 199:.\IO_Control.c ****     static uint8 bTurboEnabled = FALSE;
 200:.\IO_Control.c ****     static uint8 bPreviousTurboEnabled = FALSE;
 201:.\IO_Control.c ****     static uint16 waitTimeCount = 0;
 202:.\IO_Control.c ****     static uint8 actualBrightnessLevel = 0;
 203:.\IO_Control.c ****     
 204:.\IO_Control.c ****     uint8 ADC_WaitCount = 0;
 190              		.loc 1 204 0
 191 0002 0024     		mov	r4, #0
 205:.\IO_Control.c ****     uint16 temperatureSample = 0;
 206:.\IO_Control.c ****     
 207:.\IO_Control.c ****     while(!ADC_SAR_Seq_IsEndConversion(ADC_SAR_Seq_RETURN_STATUS) 
ARM GAS  C:\Users\kylep\AppData\Local\Temp\ccJp8Ryd.s 			page 8


 192              		.loc 1 207 0
 193 0004 04E0     		b	.L20
 194              	.LVL7:
 195              	.L22:
 208:.\IO_Control.c ****         && (ADC_WaitCount < MAX_ADC_CONVERSION_WAIT_LIMIT))
 209:.\IO_Control.c ****     {
 210:.\IO_Control.c ****         ADC_WaitCount++;
 196              		.loc 1 210 0
 197 0006 0134     		add	r4, r4, #1
 198              	.LVL8:
 199 0008 E4B2     		uxtb	r4, r4
 200              	.LVL9:
 211:.\IO_Control.c ****         CyDelayUs(8);
 201              		.loc 1 211 0
 202 000a 0820     		mov	r0, #8
 203 000c FFF7FEFF 		bl	CyDelayUs
 204              	.LVL10:
 205              	.L20:
 207:.\IO_Control.c ****         && (ADC_WaitCount < MAX_ADC_CONVERSION_WAIT_LIMIT))
 206              		.loc 1 207 0
 207 0010 0120     		mov	r0, #1
 208 0012 FFF7FEFF 		bl	ADC_SAR_Seq_IsEndConversion
 209              	.LVL11:
 210 0016 0028     		cmp	r0, #0
 211 0018 01D1     		bne	.L21
 208:.\IO_Control.c ****         && (ADC_WaitCount < MAX_ADC_CONVERSION_WAIT_LIMIT))
 212              		.loc 1 208 0
 213 001a 042C     		cmp	r4, #4
 214 001c F3D9     		bls	.L22
 215              	.L21:
 212:.\IO_Control.c ****     }
 213:.\IO_Control.c ****     
 214:.\IO_Control.c ****     if(ADC_WaitCount < MAX_ADC_CONVERSION_WAIT_LIMIT)
 216              		.loc 1 214 0
 217 001e 042C     		cmp	r4, #4
 218 0020 04D8     		bhi	.L24
 215:.\IO_Control.c ****     {
 216:.\IO_Control.c ****         temperatureSample = ADC_SAR_Seq_GetResult16(0);
 219              		.loc 1 216 0
 220 0022 0020     		mov	r0, #0
 221 0024 FFF7FEFF 		bl	ADC_SAR_Seq_GetResult16
 222              	.LVL12:
 223 0028 80B2     		uxth	r0, r0
 224              	.LVL13:
 225 002a 00E0     		b	.L23
 226              	.LVL14:
 227              	.L24:
 205:.\IO_Control.c ****     
 228              		.loc 1 205 0
 229 002c 0020     		mov	r0, #0
 230              	.LVL15:
 231              	.L23:
 217:.\IO_Control.c ****         /*
 218:.\IO_Control.c ****         switch(currentState)
 219:.\IO_Control.c ****         {
 220:.\IO_Control.c ****             case TURBO_READY: //Change state at turbo enable or max temperature reached
 221:.\IO_Control.c ****                 if(!bPreviousTurboEnabled && bTurboEnabled)
ARM GAS  C:\Users\kylep\AppData\Local\Temp\ccJp8Ryd.s 			page 9


 222:.\IO_Control.c ****                     currentState = TURBO_ENABLED;               
 223:.\IO_Control.c ****                 bPreviousTurboEnabled = bTurboEnabled;
 224:.\IO_Control.c ****                 
 225:.\IO_Control.c ****                 if(temperatureSample > MAX_TEMPERATURE_LIMIT)
 226:.\IO_Control.c ****                     currentState = COOL_DOWN;
 227:.\IO_Control.c ****                 else
 228:.\IO_Control.c ****                     currentState = TURBO_READY;
 229:.\IO_Control.c ****                 break;
 230:.\IO_Control.c ****             case TURBO_ENABLED: //Change state at max temperature
 231:.\IO_Control.c ****                 if(actualBrightnessLevel < (currentBrightnessLevel - BRIGHTNESS_LEVEL_DIFFERENCE))
 232:.\IO_Control.c ****                     actualBrightnessLevel += BRIGHTNESS_LEVEL_DIFFERENCE;
 233:.\IO_Control.c ****                 else
 234:.\IO_Control.c ****                     actualBrightnessLevel = currentBrightnessLevel;
 235:.\IO_Control.c ****                 
 236:.\IO_Control.c ****                 PrISM_WritePulse0(actualBrightnessLevel);
 237:.\IO_Control.c ****                 
 238:.\IO_Control.c ****                 if(temperatureSample > MAX_TEMPERATURE_LIMIT)
 239:.\IO_Control.c ****                 {
 240:.\IO_Control.c ****                     waitTimeCount = 0;
 241:.\IO_Control.c ****                     currentState = COOL_DOWN;
 242:.\IO_Control.c ****                 }
 243:.\IO_Control.c ****                 else
 244:.\IO_Control.c ****                     currentState = TURBO_ENABLED;
 245:.\IO_Control.c ****                 break;
 246:.\IO_Control.c ****             case COOL_DOWN: //Change state at safe temperature
 247:.\IO_Control.c ****                 if(waitTimeCount < 1000)
 248:.\IO_Control.c ****                 {
 249:.\IO_Control.c ****                     waitTimeCount++;
 250:.\IO_Control.c ****                     currentState = COOL_DOWN;
 251:.\IO_Control.c ****                 }
 252:.\IO_Control.c ****                 else
 253:.\IO_Control.c ****                 {
 254:.\IO_Control.c ****                     waitTimeCount = 0;
 255:.\IO_Control.c ****                     if(actualBrightnessLevel > BRIGHTNESS_LEVEL_DIFFERENCE)
 256:.\IO_Control.c ****                         actualBrightnessLevel -= BRIGHTNESS_LEVEL_DIFFERENCE;
 257:.\IO_Control.c ****                     else
 258:.\IO_Control.c ****                         actualBrightnessLevel = 0;
 259:.\IO_Control.c ****                     
 260:.\IO_Control.c ****                     PrISM_WritePulse0(actualBrightnessLevel);
 261:.\IO_Control.c ****                     
 262:.\IO_Control.c ****                     if(temperatureSample > SAFE_TEMPERATURE_LIMIT)
 263:.\IO_Control.c ****                         currentState = COOL_DOWN;
 264:.\IO_Control.c ****                     else
 265:.\IO_Control.c ****                         currentState = WAIT_AT_SAFE_TEMPERATURE;
 266:.\IO_Control.c ****                 }
 267:.\IO_Control.c ****                 break;
 268:.\IO_Control.c ****             case WAIT_AT_SAFE_TEMPERATURE:
 269:.\IO_Control.c ****                 if(temperatureSample > SAFE_TEMPERATURE_LIMIT)
 270:.\IO_Control.c ****                 {
 271:.\IO_Control.c ****                     waitTimeCount = 0;
 272:.\IO_Control.c ****                     currentState = COOL_DOWN;
 273:.\IO_Control.c ****                 }
 274:.\IO_Control.c ****                 else
 275:.\IO_Control.c ****                 {
 276:.\IO_Control.c ****                     if(waitTimeCount < WAIT_TIME_LIMIT_IN_SECONDS)
 277:.\IO_Control.c ****                     {
 278:.\IO_Control.c ****                         waitTimeCount++;
ARM GAS  C:\Users\kylep\AppData\Local\Temp\ccJp8Ryd.s 			page 10


 279:.\IO_Control.c ****                         currentState = WAIT_AT_SAFE_TEMPERATURE;
 280:.\IO_Control.c ****                     }
 281:.\IO_Control.c ****                     else
 282:.\IO_Control.c ****                         currentState = TURBO_READY;
 283:.\IO_Control.c ****                 }
 284:.\IO_Control.c ****                 break;
 285:.\IO_Control.c ****         };*/
 286:.\IO_Control.c ****     }
 287:.\IO_Control.c ****     
 288:.\IO_Control.c ****     return (uint8)temperatureSample;
 232              		.loc 1 288 0
 233 002e C0B2     		uxtb	r0, r0
 234              	.LVL16:
 289:.\IO_Control.c **** }
 235              		.loc 1 289 0
 236              		@ sp needed
 237              	.LVL17:
 238 0030 10BD     		pop	{r4, pc}
 239              		.cfi_endproc
 240              	.LFE40:
 241              		.size	getTemperatureSample, .-getTemperatureSample
 242 0032 C046     		.data
 243              		.set	.LANCHOR1,. + 0
 244              		.type	bLastDriverInChain, %object
 245              		.size	bLastDriverInChain, 1
 246              	bLastDriverInChain:
 247 0000 01       		.byte	1
 248              		.bss
 249              		.set	.LANCHOR0,. + 0
 250              		.type	ID_Number, %object
 251              		.size	ID_Number, 1
 252              	ID_Number:
 253 0000 00       		.space	1
 254              		.type	currentBrightnessLevel, %object
 255              		.size	currentBrightnessLevel, 1
 256              	currentBrightnessLevel:
 257 0001 00       		.space	1
 258              		.text
 259              	.Letext0:
 260              		.file 2 "Generated_Source\\PSoC4/cytypes.h"
 261              		.file 3 "Generated_Source\\PSoC4/PrISM.h"
 262              		.file 4 "Generated_Source\\PSoC4/CyLib.h"
 263              		.file 5 "Generated_Source\\PSoC4/ADC_SAR_Seq.h"
 264              		.section	.debug_info,"",%progbits
 265              	.Ldebug_info0:
 266 0000 A4020000 		.4byte	0x2a4
 267 0004 0400     		.2byte	0x4
 268 0006 00000000 		.4byte	.Ldebug_abbrev0
 269 000a 04       		.byte	0x4
 270 000b 01       		.uleb128 0x1
 271 000c 4D020000 		.4byte	.LASF43
 272 0010 01       		.byte	0x1
 273 0011 3F010000 		.4byte	.LASF44
 274 0015 86000000 		.4byte	.LASF45
 275 0019 00000000 		.4byte	.Ldebug_ranges0+0
 276 001d 00000000 		.4byte	0
 277 0021 00000000 		.4byte	.Ldebug_line0
ARM GAS  C:\Users\kylep\AppData\Local\Temp\ccJp8Ryd.s 			page 11


 278 0025 02       		.uleb128 0x2
 279 0026 01       		.byte	0x1
 280 0027 06       		.byte	0x6
 281 0028 59030000 		.4byte	.LASF0
 282 002c 02       		.uleb128 0x2
 283 002d 01       		.byte	0x1
 284 002e 08       		.byte	0x8
 285 002f 1E010000 		.4byte	.LASF1
 286 0033 02       		.uleb128 0x2
 287 0034 02       		.byte	0x2
 288 0035 05       		.byte	0x5
 289 0036 EB020000 		.4byte	.LASF2
 290 003a 02       		.uleb128 0x2
 291 003b 02       		.byte	0x2
 292 003c 07       		.byte	0x7
 293 003d 29000000 		.4byte	.LASF3
 294 0041 02       		.uleb128 0x2
 295 0042 04       		.byte	0x4
 296 0043 05       		.byte	0x5
 297 0044 22030000 		.4byte	.LASF4
 298 0048 02       		.uleb128 0x2
 299 0049 04       		.byte	0x4
 300 004a 07       		.byte	0x7
 301 004b 9D010000 		.4byte	.LASF5
 302 004f 02       		.uleb128 0x2
 303 0050 08       		.byte	0x8
 304 0051 05       		.byte	0x5
 305 0052 21020000 		.4byte	.LASF6
 306 0056 02       		.uleb128 0x2
 307 0057 08       		.byte	0x8
 308 0058 07       		.byte	0x7
 309 0059 CA010000 		.4byte	.LASF7
 310 005d 03       		.uleb128 0x3
 311 005e 04       		.byte	0x4
 312 005f 05       		.byte	0x5
 313 0060 696E7400 		.ascii	"int\000"
 314 0064 02       		.uleb128 0x2
 315 0065 04       		.byte	0x4
 316 0066 07       		.byte	0x7
 317 0067 AF010000 		.4byte	.LASF8
 318 006b 04       		.uleb128 0x4
 319 006c 0A010000 		.4byte	.LASF9
 320 0070 02       		.byte	0x2
 321 0071 3801     		.2byte	0x138
 322 0073 2C000000 		.4byte	0x2c
 323 0077 04       		.uleb128 0x4
 324 0078 7C010000 		.4byte	.LASF10
 325 007c 02       		.byte	0x2
 326 007d 3901     		.2byte	0x139
 327 007f 3A000000 		.4byte	0x3a
 328 0083 04       		.uleb128 0x4
 329 0084 83010000 		.4byte	.LASF11
 330 0088 02       		.byte	0x2
 331 0089 3A01     		.2byte	0x13a
 332 008b 48000000 		.4byte	0x48
 333 008f 04       		.uleb128 0x4
 334 0090 FA000000 		.4byte	.LASF12
ARM GAS  C:\Users\kylep\AppData\Local\Temp\ccJp8Ryd.s 			page 12


 335 0094 02       		.byte	0x2
 336 0095 3C01     		.2byte	0x13c
 337 0097 33000000 		.4byte	0x33
 338 009b 02       		.uleb128 0x2
 339 009c 04       		.byte	0x4
 340 009d 04       		.byte	0x4
 341 009e 52000000 		.4byte	.LASF13
 342 00a2 02       		.uleb128 0x2
 343 00a3 08       		.byte	0x8
 344 00a4 04       		.byte	0x4
 345 00a5 38010000 		.4byte	.LASF14
 346 00a9 02       		.uleb128 0x2
 347 00aa 01       		.byte	0x1
 348 00ab 08       		.byte	0x8
 349 00ac 39020000 		.4byte	.LASF15
 350 00b0 02       		.uleb128 0x2
 351 00b1 04       		.byte	0x4
 352 00b2 07       		.byte	0x7
 353 00b3 0C020000 		.4byte	.LASF16
 354 00b7 05       		.uleb128 0x5
 355 00b8 65030000 		.4byte	.LASF46
 356 00bc 01       		.byte	0x1
 357 00bd 01       		.byte	0x1
 358 00be 1B       		.byte	0x1b
 359 00bf DC000000 		.4byte	0xdc
 360 00c3 06       		.uleb128 0x6
 361 00c4 15020000 		.4byte	.LASF17
 362 00c8 00       		.sleb128 0
 363 00c9 06       		.uleb128 0x6
 364 00ca 10010000 		.4byte	.LASF18
 365 00ce 01       		.sleb128 1
 366 00cf 06       		.uleb128 0x6
 367 00d0 00010000 		.4byte	.LASF19
 368 00d4 02       		.sleb128 2
 369 00d5 06       		.uleb128 0x6
 370 00d6 8C030000 		.4byte	.LASF20
 371 00da 03       		.sleb128 3
 372 00db 00       		.byte	0
 373 00dc 07       		.uleb128 0x7
 374 00dd 2C010000 		.4byte	.LASF21
 375 00e1 01       		.byte	0x1
 376 00e2 42       		.byte	0x42
 377 00e3 6B000000 		.4byte	0x6b
 378 00e7 00000000 		.4byte	.LFB34
 379 00eb 0C000000 		.4byte	.LFE34-.LFB34
 380 00ef 01       		.uleb128 0x1
 381 00f0 9C       		.byte	0x9c
 382 00f1 08       		.uleb128 0x8
 383 00f2 E1010000 		.4byte	.LASF23
 384 00f6 01       		.byte	0x1
 385 00f7 55       		.byte	0x55
 386 00f8 00000000 		.4byte	.LFB35
 387 00fc 02000000 		.4byte	.LFE35-.LFB35
 388 0100 01       		.uleb128 0x1
 389 0101 9C       		.byte	0x9c
 390 0102 09       		.uleb128 0x9
 391 0103 0D000000 		.4byte	.LASF25
ARM GAS  C:\Users\kylep\AppData\Local\Temp\ccJp8Ryd.s 			page 13


 392 0107 01       		.byte	0x1
 393 0108 6A       		.byte	0x6a
 394 0109 6B000000 		.4byte	0x6b
 395 010d 00000000 		.4byte	.LFB36
 396 0111 18000000 		.4byte	.LFE36-.LFB36
 397 0115 01       		.uleb128 0x1
 398 0116 9C       		.byte	0x9c
 399 0117 2B010000 		.4byte	0x12b
 400 011b 0A       		.uleb128 0xa
 401 011c 3E020000 		.4byte	.LASF27
 402 0120 01       		.byte	0x1
 403 0121 6A       		.byte	0x6a
 404 0122 6B000000 		.4byte	0x6b
 405 0126 00000000 		.4byte	.LLST0
 406 012a 00       		.byte	0
 407 012b 07       		.uleb128 0x7
 408 012c 2B030000 		.4byte	.LASF22
 409 0130 01       		.byte	0x1
 410 0131 82       		.byte	0x82
 411 0132 6B000000 		.4byte	0x6b
 412 0136 00000000 		.4byte	.LFB37
 413 013a 0C000000 		.4byte	.LFE37-.LFB37
 414 013e 01       		.uleb128 0x1
 415 013f 9C       		.byte	0x9c
 416 0140 08       		.uleb128 0x8
 417 0141 3F030000 		.4byte	.LASF24
 418 0145 01       		.byte	0x1
 419 0146 97       		.byte	0x97
 420 0147 00000000 		.4byte	.LFB38
 421 014b 0C000000 		.4byte	.LFE38-.LFB38
 422 014f 01       		.uleb128 0x1
 423 0150 9C       		.byte	0x9c
 424 0151 09       		.uleb128 0x9
 425 0152 3C000000 		.4byte	.LASF26
 426 0156 01       		.byte	0x1
 427 0157 AB       		.byte	0xab
 428 0158 6B000000 		.4byte	0x6b
 429 015c 00000000 		.4byte	.LFB39
 430 0160 14000000 		.4byte	.LFE39-.LFB39
 431 0164 01       		.uleb128 0x1
 432 0165 9C       		.byte	0x9c
 433 0166 83010000 		.4byte	0x183
 434 016a 0A       		.uleb128 0xa
 435 016b DB020000 		.4byte	.LASF28
 436 016f 01       		.byte	0x1
 437 0170 AB       		.byte	0xab
 438 0171 6B000000 		.4byte	0x6b
 439 0175 3B000000 		.4byte	.LLST1
 440 0179 0B       		.uleb128 0xb
 441 017a 0A000000 		.4byte	.LVL5
 442 017e 5F020000 		.4byte	0x25f
 443 0182 00       		.byte	0
 444 0183 09       		.uleb128 0x9
 445 0184 E5000000 		.4byte	.LASF29
 446 0188 01       		.byte	0x1
 447 0189 C5       		.byte	0xc5
 448 018a 6B000000 		.4byte	0x6b
ARM GAS  C:\Users\kylep\AppData\Local\Temp\ccJp8Ryd.s 			page 14


 449 018e 00000000 		.4byte	.LFB40
 450 0192 32000000 		.4byte	.LFE40-.LFB40
 451 0196 01       		.uleb128 0x1
 452 0197 9C       		.byte	0x9c
 453 0198 20020000 		.4byte	0x220
 454 019c 0C       		.uleb128 0xc
 455 019d 6E010000 		.4byte	.LASF30
 456 01a1 01       		.byte	0x1
 457 01a2 C7       		.byte	0xc7
 458 01a3 6B000000 		.4byte	0x6b
 459 01a7 00       		.byte	0
 460 01a8 0C       		.uleb128 0xc
 461 01a9 0C030000 		.4byte	.LASF31
 462 01ad 01       		.byte	0x1
 463 01ae C8       		.byte	0xc8
 464 01af 6B000000 		.4byte	0x6b
 465 01b3 00       		.byte	0
 466 01b4 0C       		.uleb128 0xc
 467 01b5 60010000 		.4byte	.LASF32
 468 01b9 01       		.byte	0x1
 469 01ba C9       		.byte	0xc9
 470 01bb 77000000 		.4byte	0x77
 471 01bf 00       		.byte	0
 472 01c0 0C       		.uleb128 0xc
 473 01c1 76030000 		.4byte	.LASF33
 474 01c5 01       		.byte	0x1
 475 01c6 CA       		.byte	0xca
 476 01c7 6B000000 		.4byte	0x6b
 477 01cb 00       		.byte	0
 478 01cc 0D       		.uleb128 0xd
 479 01cd BC010000 		.4byte	.LASF34
 480 01d1 01       		.byte	0x1
 481 01d2 CC       		.byte	0xcc
 482 01d3 6B000000 		.4byte	0x6b
 483 01d7 5C000000 		.4byte	.LLST2
 484 01db 0D       		.uleb128 0xd
 485 01dc 4E010000 		.4byte	.LASF35
 486 01e0 01       		.byte	0x1
 487 01e1 CD       		.byte	0xcd
 488 01e2 77000000 		.4byte	0x77
 489 01e6 86000000 		.4byte	.LLST3
 490 01ea 0E       		.uleb128 0xe
 491 01eb 10000000 		.4byte	.LVL10
 492 01ef 70020000 		.4byte	0x270
 493 01f3 FD010000 		.4byte	0x1fd
 494 01f7 0F       		.uleb128 0xf
 495 01f8 01       		.uleb128 0x1
 496 01f9 50       		.byte	0x50
 497 01fa 01       		.uleb128 0x1
 498 01fb 38       		.byte	0x38
 499 01fc 00       		.byte	0
 500 01fd 0E       		.uleb128 0xe
 501 01fe 16000000 		.4byte	.LVL11
 502 0202 81020000 		.4byte	0x281
 503 0206 10020000 		.4byte	0x210
 504 020a 0F       		.uleb128 0xf
 505 020b 01       		.uleb128 0x1
ARM GAS  C:\Users\kylep\AppData\Local\Temp\ccJp8Ryd.s 			page 15


 506 020c 50       		.byte	0x50
 507 020d 01       		.uleb128 0x1
 508 020e 31       		.byte	0x31
 509 020f 00       		.byte	0
 510 0210 10       		.uleb128 0x10
 511 0211 28000000 		.4byte	.LVL12
 512 0215 96020000 		.4byte	0x296
 513 0219 0F       		.uleb128 0xf
 514 021a 01       		.uleb128 0x1
 515 021b 50       		.byte	0x50
 516 021c 01       		.uleb128 0x1
 517 021d 30       		.byte	0x30
 518 021e 00       		.byte	0
 519 021f 00       		.byte	0
 520 0220 11       		.uleb128 0x11
 521 0221 1F000000 		.4byte	.LASF36
 522 0225 01       		.byte	0x1
 523 0226 2A       		.byte	0x2a
 524 0227 6B000000 		.4byte	0x6b
 525 022b 05       		.uleb128 0x5
 526 022c 03       		.byte	0x3
 527 022d 00000000 		.4byte	ID_Number
 528 0231 11       		.uleb128 0x11
 529 0232 8A010000 		.4byte	.LASF37
 530 0236 01       		.byte	0x1
 531 0237 2B       		.byte	0x2b
 532 0238 6B000000 		.4byte	0x6b
 533 023c 05       		.uleb128 0x5
 534 023d 03       		.byte	0x3
 535 023e 00000000 		.4byte	bLastDriverInChain
 536 0242 11       		.uleb128 0x11
 537 0243 F5020000 		.4byte	.LASF38
 538 0247 01       		.byte	0x1
 539 0248 2D       		.byte	0x2d
 540 0249 6B000000 		.4byte	0x6b
 541 024d 05       		.uleb128 0x5
 542 024e 03       		.byte	0x3
 543 024f 01000000 		.4byte	currentBrightnessLevel
 544 0253 0C       		.uleb128 0xc
 545 0254 00000000 		.4byte	.LASF39
 546 0258 01       		.byte	0x1
 547 0259 2E       		.byte	0x2e
 548 025a B7000000 		.4byte	0xb7
 549 025e 01       		.byte	0x1
 550 025f 12       		.uleb128 0x12
 551 0260 58000000 		.4byte	.LASF40
 552 0264 03       		.byte	0x3
 553 0265 51       		.byte	0x51
 554 0266 70020000 		.4byte	0x270
 555 026a 13       		.uleb128 0x13
 556 026b 6B000000 		.4byte	0x6b
 557 026f 00       		.byte	0
 558 0270 12       		.uleb128 0x12
 559 0271 2F020000 		.4byte	.LASF41
 560 0275 04       		.byte	0x4
 561 0276 5B       		.byte	0x5b
 562 0277 81020000 		.4byte	0x281
ARM GAS  C:\Users\kylep\AppData\Local\Temp\ccJp8Ryd.s 			page 16


 563 027b 13       		.uleb128 0x13
 564 027c 77000000 		.4byte	0x77
 565 0280 00       		.byte	0
 566 0281 14       		.uleb128 0x14
 567 0282 6A000000 		.4byte	.LASF47
 568 0286 05       		.byte	0x5
 569 0287 9E       		.byte	0x9e
 570 0288 83000000 		.4byte	0x83
 571 028c 96020000 		.4byte	0x296
 572 0290 13       		.uleb128 0x13
 573 0291 83000000 		.4byte	0x83
 574 0295 00       		.byte	0
 575 0296 15       		.uleb128 0x15
 576 0297 F4010000 		.4byte	.LASF42
 577 029b 05       		.byte	0x5
 578 029c 9F       		.byte	0x9f
 579 029d 8F000000 		.4byte	0x8f
 580 02a1 13       		.uleb128 0x13
 581 02a2 83000000 		.4byte	0x83
 582 02a6 00       		.byte	0
 583 02a7 00       		.byte	0
 584              		.section	.debug_abbrev,"",%progbits
 585              	.Ldebug_abbrev0:
 586 0000 01       		.uleb128 0x1
 587 0001 11       		.uleb128 0x11
 588 0002 01       		.byte	0x1
 589 0003 25       		.uleb128 0x25
 590 0004 0E       		.uleb128 0xe
 591 0005 13       		.uleb128 0x13
 592 0006 0B       		.uleb128 0xb
 593 0007 03       		.uleb128 0x3
 594 0008 0E       		.uleb128 0xe
 595 0009 1B       		.uleb128 0x1b
 596 000a 0E       		.uleb128 0xe
 597 000b 55       		.uleb128 0x55
 598 000c 17       		.uleb128 0x17
 599 000d 11       		.uleb128 0x11
 600 000e 01       		.uleb128 0x1
 601 000f 10       		.uleb128 0x10
 602 0010 17       		.uleb128 0x17
 603 0011 00       		.byte	0
 604 0012 00       		.byte	0
 605 0013 02       		.uleb128 0x2
 606 0014 24       		.uleb128 0x24
 607 0015 00       		.byte	0
 608 0016 0B       		.uleb128 0xb
 609 0017 0B       		.uleb128 0xb
 610 0018 3E       		.uleb128 0x3e
 611 0019 0B       		.uleb128 0xb
 612 001a 03       		.uleb128 0x3
 613 001b 0E       		.uleb128 0xe
 614 001c 00       		.byte	0
 615 001d 00       		.byte	0
 616 001e 03       		.uleb128 0x3
 617 001f 24       		.uleb128 0x24
 618 0020 00       		.byte	0
 619 0021 0B       		.uleb128 0xb
ARM GAS  C:\Users\kylep\AppData\Local\Temp\ccJp8Ryd.s 			page 17


 620 0022 0B       		.uleb128 0xb
 621 0023 3E       		.uleb128 0x3e
 622 0024 0B       		.uleb128 0xb
 623 0025 03       		.uleb128 0x3
 624 0026 08       		.uleb128 0x8
 625 0027 00       		.byte	0
 626 0028 00       		.byte	0
 627 0029 04       		.uleb128 0x4
 628 002a 16       		.uleb128 0x16
 629 002b 00       		.byte	0
 630 002c 03       		.uleb128 0x3
 631 002d 0E       		.uleb128 0xe
 632 002e 3A       		.uleb128 0x3a
 633 002f 0B       		.uleb128 0xb
 634 0030 3B       		.uleb128 0x3b
 635 0031 05       		.uleb128 0x5
 636 0032 49       		.uleb128 0x49
 637 0033 13       		.uleb128 0x13
 638 0034 00       		.byte	0
 639 0035 00       		.byte	0
 640 0036 05       		.uleb128 0x5
 641 0037 04       		.uleb128 0x4
 642 0038 01       		.byte	0x1
 643 0039 03       		.uleb128 0x3
 644 003a 0E       		.uleb128 0xe
 645 003b 0B       		.uleb128 0xb
 646 003c 0B       		.uleb128 0xb
 647 003d 3A       		.uleb128 0x3a
 648 003e 0B       		.uleb128 0xb
 649 003f 3B       		.uleb128 0x3b
 650 0040 0B       		.uleb128 0xb
 651 0041 01       		.uleb128 0x1
 652 0042 13       		.uleb128 0x13
 653 0043 00       		.byte	0
 654 0044 00       		.byte	0
 655 0045 06       		.uleb128 0x6
 656 0046 28       		.uleb128 0x28
 657 0047 00       		.byte	0
 658 0048 03       		.uleb128 0x3
 659 0049 0E       		.uleb128 0xe
 660 004a 1C       		.uleb128 0x1c
 661 004b 0D       		.uleb128 0xd
 662 004c 00       		.byte	0
 663 004d 00       		.byte	0
 664 004e 07       		.uleb128 0x7
 665 004f 2E       		.uleb128 0x2e
 666 0050 00       		.byte	0
 667 0051 3F       		.uleb128 0x3f
 668 0052 19       		.uleb128 0x19
 669 0053 03       		.uleb128 0x3
 670 0054 0E       		.uleb128 0xe
 671 0055 3A       		.uleb128 0x3a
 672 0056 0B       		.uleb128 0xb
 673 0057 3B       		.uleb128 0x3b
 674 0058 0B       		.uleb128 0xb
 675 0059 27       		.uleb128 0x27
 676 005a 19       		.uleb128 0x19
ARM GAS  C:\Users\kylep\AppData\Local\Temp\ccJp8Ryd.s 			page 18


 677 005b 49       		.uleb128 0x49
 678 005c 13       		.uleb128 0x13
 679 005d 11       		.uleb128 0x11
 680 005e 01       		.uleb128 0x1
 681 005f 12       		.uleb128 0x12
 682 0060 06       		.uleb128 0x6
 683 0061 40       		.uleb128 0x40
 684 0062 18       		.uleb128 0x18
 685 0063 9742     		.uleb128 0x2117
 686 0065 19       		.uleb128 0x19
 687 0066 00       		.byte	0
 688 0067 00       		.byte	0
 689 0068 08       		.uleb128 0x8
 690 0069 2E       		.uleb128 0x2e
 691 006a 00       		.byte	0
 692 006b 3F       		.uleb128 0x3f
 693 006c 19       		.uleb128 0x19
 694 006d 03       		.uleb128 0x3
 695 006e 0E       		.uleb128 0xe
 696 006f 3A       		.uleb128 0x3a
 697 0070 0B       		.uleb128 0xb
 698 0071 3B       		.uleb128 0x3b
 699 0072 0B       		.uleb128 0xb
 700 0073 27       		.uleb128 0x27
 701 0074 19       		.uleb128 0x19
 702 0075 11       		.uleb128 0x11
 703 0076 01       		.uleb128 0x1
 704 0077 12       		.uleb128 0x12
 705 0078 06       		.uleb128 0x6
 706 0079 40       		.uleb128 0x40
 707 007a 18       		.uleb128 0x18
 708 007b 9742     		.uleb128 0x2117
 709 007d 19       		.uleb128 0x19
 710 007e 00       		.byte	0
 711 007f 00       		.byte	0
 712 0080 09       		.uleb128 0x9
 713 0081 2E       		.uleb128 0x2e
 714 0082 01       		.byte	0x1
 715 0083 3F       		.uleb128 0x3f
 716 0084 19       		.uleb128 0x19
 717 0085 03       		.uleb128 0x3
 718 0086 0E       		.uleb128 0xe
 719 0087 3A       		.uleb128 0x3a
 720 0088 0B       		.uleb128 0xb
 721 0089 3B       		.uleb128 0x3b
 722 008a 0B       		.uleb128 0xb
 723 008b 27       		.uleb128 0x27
 724 008c 19       		.uleb128 0x19
 725 008d 49       		.uleb128 0x49
 726 008e 13       		.uleb128 0x13
 727 008f 11       		.uleb128 0x11
 728 0090 01       		.uleb128 0x1
 729 0091 12       		.uleb128 0x12
 730 0092 06       		.uleb128 0x6
 731 0093 40       		.uleb128 0x40
 732 0094 18       		.uleb128 0x18
 733 0095 9742     		.uleb128 0x2117
ARM GAS  C:\Users\kylep\AppData\Local\Temp\ccJp8Ryd.s 			page 19


 734 0097 19       		.uleb128 0x19
 735 0098 01       		.uleb128 0x1
 736 0099 13       		.uleb128 0x13
 737 009a 00       		.byte	0
 738 009b 00       		.byte	0
 739 009c 0A       		.uleb128 0xa
 740 009d 05       		.uleb128 0x5
 741 009e 00       		.byte	0
 742 009f 03       		.uleb128 0x3
 743 00a0 0E       		.uleb128 0xe
 744 00a1 3A       		.uleb128 0x3a
 745 00a2 0B       		.uleb128 0xb
 746 00a3 3B       		.uleb128 0x3b
 747 00a4 0B       		.uleb128 0xb
 748 00a5 49       		.uleb128 0x49
 749 00a6 13       		.uleb128 0x13
 750 00a7 02       		.uleb128 0x2
 751 00a8 17       		.uleb128 0x17
 752 00a9 00       		.byte	0
 753 00aa 00       		.byte	0
 754 00ab 0B       		.uleb128 0xb
 755 00ac 898201   		.uleb128 0x4109
 756 00af 00       		.byte	0
 757 00b0 11       		.uleb128 0x11
 758 00b1 01       		.uleb128 0x1
 759 00b2 31       		.uleb128 0x31
 760 00b3 13       		.uleb128 0x13
 761 00b4 00       		.byte	0
 762 00b5 00       		.byte	0
 763 00b6 0C       		.uleb128 0xc
 764 00b7 34       		.uleb128 0x34
 765 00b8 00       		.byte	0
 766 00b9 03       		.uleb128 0x3
 767 00ba 0E       		.uleb128 0xe
 768 00bb 3A       		.uleb128 0x3a
 769 00bc 0B       		.uleb128 0xb
 770 00bd 3B       		.uleb128 0x3b
 771 00be 0B       		.uleb128 0xb
 772 00bf 49       		.uleb128 0x49
 773 00c0 13       		.uleb128 0x13
 774 00c1 1C       		.uleb128 0x1c
 775 00c2 0B       		.uleb128 0xb
 776 00c3 00       		.byte	0
 777 00c4 00       		.byte	0
 778 00c5 0D       		.uleb128 0xd
 779 00c6 34       		.uleb128 0x34
 780 00c7 00       		.byte	0
 781 00c8 03       		.uleb128 0x3
 782 00c9 0E       		.uleb128 0xe
 783 00ca 3A       		.uleb128 0x3a
 784 00cb 0B       		.uleb128 0xb
 785 00cc 3B       		.uleb128 0x3b
 786 00cd 0B       		.uleb128 0xb
 787 00ce 49       		.uleb128 0x49
 788 00cf 13       		.uleb128 0x13
 789 00d0 02       		.uleb128 0x2
 790 00d1 17       		.uleb128 0x17
ARM GAS  C:\Users\kylep\AppData\Local\Temp\ccJp8Ryd.s 			page 20


 791 00d2 00       		.byte	0
 792 00d3 00       		.byte	0
 793 00d4 0E       		.uleb128 0xe
 794 00d5 898201   		.uleb128 0x4109
 795 00d8 01       		.byte	0x1
 796 00d9 11       		.uleb128 0x11
 797 00da 01       		.uleb128 0x1
 798 00db 31       		.uleb128 0x31
 799 00dc 13       		.uleb128 0x13
 800 00dd 01       		.uleb128 0x1
 801 00de 13       		.uleb128 0x13
 802 00df 00       		.byte	0
 803 00e0 00       		.byte	0
 804 00e1 0F       		.uleb128 0xf
 805 00e2 8A8201   		.uleb128 0x410a
 806 00e5 00       		.byte	0
 807 00e6 02       		.uleb128 0x2
 808 00e7 18       		.uleb128 0x18
 809 00e8 9142     		.uleb128 0x2111
 810 00ea 18       		.uleb128 0x18
 811 00eb 00       		.byte	0
 812 00ec 00       		.byte	0
 813 00ed 10       		.uleb128 0x10
 814 00ee 898201   		.uleb128 0x4109
 815 00f1 01       		.byte	0x1
 816 00f2 11       		.uleb128 0x11
 817 00f3 01       		.uleb128 0x1
 818 00f4 31       		.uleb128 0x31
 819 00f5 13       		.uleb128 0x13
 820 00f6 00       		.byte	0
 821 00f7 00       		.byte	0
 822 00f8 11       		.uleb128 0x11
 823 00f9 34       		.uleb128 0x34
 824 00fa 00       		.byte	0
 825 00fb 03       		.uleb128 0x3
 826 00fc 0E       		.uleb128 0xe
 827 00fd 3A       		.uleb128 0x3a
 828 00fe 0B       		.uleb128 0xb
 829 00ff 3B       		.uleb128 0x3b
 830 0100 0B       		.uleb128 0xb
 831 0101 49       		.uleb128 0x49
 832 0102 13       		.uleb128 0x13
 833 0103 02       		.uleb128 0x2
 834 0104 18       		.uleb128 0x18
 835 0105 00       		.byte	0
 836 0106 00       		.byte	0
 837 0107 12       		.uleb128 0x12
 838 0108 2E       		.uleb128 0x2e
 839 0109 01       		.byte	0x1
 840 010a 3F       		.uleb128 0x3f
 841 010b 19       		.uleb128 0x19
 842 010c 03       		.uleb128 0x3
 843 010d 0E       		.uleb128 0xe
 844 010e 3A       		.uleb128 0x3a
 845 010f 0B       		.uleb128 0xb
 846 0110 3B       		.uleb128 0x3b
 847 0111 0B       		.uleb128 0xb
ARM GAS  C:\Users\kylep\AppData\Local\Temp\ccJp8Ryd.s 			page 21


 848 0112 27       		.uleb128 0x27
 849 0113 19       		.uleb128 0x19
 850 0114 3C       		.uleb128 0x3c
 851 0115 19       		.uleb128 0x19
 852 0116 01       		.uleb128 0x1
 853 0117 13       		.uleb128 0x13
 854 0118 00       		.byte	0
 855 0119 00       		.byte	0
 856 011a 13       		.uleb128 0x13
 857 011b 05       		.uleb128 0x5
 858 011c 00       		.byte	0
 859 011d 49       		.uleb128 0x49
 860 011e 13       		.uleb128 0x13
 861 011f 00       		.byte	0
 862 0120 00       		.byte	0
 863 0121 14       		.uleb128 0x14
 864 0122 2E       		.uleb128 0x2e
 865 0123 01       		.byte	0x1
 866 0124 3F       		.uleb128 0x3f
 867 0125 19       		.uleb128 0x19
 868 0126 03       		.uleb128 0x3
 869 0127 0E       		.uleb128 0xe
 870 0128 3A       		.uleb128 0x3a
 871 0129 0B       		.uleb128 0xb
 872 012a 3B       		.uleb128 0x3b
 873 012b 0B       		.uleb128 0xb
 874 012c 27       		.uleb128 0x27
 875 012d 19       		.uleb128 0x19
 876 012e 49       		.uleb128 0x49
 877 012f 13       		.uleb128 0x13
 878 0130 3C       		.uleb128 0x3c
 879 0131 19       		.uleb128 0x19
 880 0132 01       		.uleb128 0x1
 881 0133 13       		.uleb128 0x13
 882 0134 00       		.byte	0
 883 0135 00       		.byte	0
 884 0136 15       		.uleb128 0x15
 885 0137 2E       		.uleb128 0x2e
 886 0138 01       		.byte	0x1
 887 0139 3F       		.uleb128 0x3f
 888 013a 19       		.uleb128 0x19
 889 013b 03       		.uleb128 0x3
 890 013c 0E       		.uleb128 0xe
 891 013d 3A       		.uleb128 0x3a
 892 013e 0B       		.uleb128 0xb
 893 013f 3B       		.uleb128 0x3b
 894 0140 0B       		.uleb128 0xb
 895 0141 27       		.uleb128 0x27
 896 0142 19       		.uleb128 0x19
 897 0143 49       		.uleb128 0x49
 898 0144 13       		.uleb128 0x13
 899 0145 3C       		.uleb128 0x3c
 900 0146 19       		.uleb128 0x19
 901 0147 00       		.byte	0
 902 0148 00       		.byte	0
 903 0149 00       		.byte	0
 904              		.section	.debug_loc,"",%progbits
ARM GAS  C:\Users\kylep\AppData\Local\Temp\ccJp8Ryd.s 			page 22


 905              	.Ldebug_loc0:
 906              	.LLST0:
 907 0000 00000000 		.4byte	.LVL0
 908 0004 0C000000 		.4byte	.LVL1
 909 0008 0100     		.2byte	0x1
 910 000a 50       		.byte	0x50
 911 000b 0C000000 		.4byte	.LVL1
 912 000f 0E000000 		.4byte	.LVL2
 913 0013 0500     		.2byte	0x5
 914 0015 03       		.byte	0x3
 915 0016 00000000 		.4byte	ID_Number
 916 001a 0E000000 		.4byte	.LVL2
 917 001e 10000000 		.4byte	.LVL3
 918 0022 0100     		.2byte	0x1
 919 0024 50       		.byte	0x50
 920 0025 10000000 		.4byte	.LVL3
 921 0029 18000000 		.4byte	.LFE36
 922 002d 0400     		.2byte	0x4
 923 002f F3       		.byte	0xf3
 924 0030 01       		.uleb128 0x1
 925 0031 50       		.byte	0x50
 926 0032 9F       		.byte	0x9f
 927 0033 00000000 		.4byte	0
 928 0037 00000000 		.4byte	0
 929              	.LLST1:
 930 003b 00000000 		.4byte	.LVL4
 931 003f 09000000 		.4byte	.LVL5-1
 932 0043 0100     		.2byte	0x1
 933 0045 50       		.byte	0x50
 934 0046 09000000 		.4byte	.LVL5-1
 935 004a 14000000 		.4byte	.LFE39
 936 004e 0400     		.2byte	0x4
 937 0050 F3       		.byte	0xf3
 938 0051 01       		.uleb128 0x1
 939 0052 50       		.byte	0x50
 940 0053 9F       		.byte	0x9f
 941 0054 00000000 		.4byte	0
 942 0058 00000000 		.4byte	0
 943              	.LLST2:
 944 005c 02000000 		.4byte	.LVL6
 945 0060 06000000 		.4byte	.LVL7
 946 0064 0200     		.2byte	0x2
 947 0066 30       		.byte	0x30
 948 0067 9F       		.byte	0x9f
 949 0068 06000000 		.4byte	.LVL7
 950 006c 08000000 		.4byte	.LVL8
 951 0070 0100     		.2byte	0x1
 952 0072 54       		.byte	0x54
 953 0073 0A000000 		.4byte	.LVL9
 954 0077 30000000 		.4byte	.LVL17
 955 007b 0100     		.2byte	0x1
 956 007d 54       		.byte	0x54
 957 007e 00000000 		.4byte	0
 958 0082 00000000 		.4byte	0
 959              	.LLST3:
 960 0086 02000000 		.4byte	.LVL6
 961 008a 2A000000 		.4byte	.LVL13
ARM GAS  C:\Users\kylep\AppData\Local\Temp\ccJp8Ryd.s 			page 23


 962 008e 0200     		.2byte	0x2
 963 0090 30       		.byte	0x30
 964 0091 9F       		.byte	0x9f
 965 0092 2A000000 		.4byte	.LVL13
 966 0096 2C000000 		.4byte	.LVL14
 967 009a 0100     		.2byte	0x1
 968 009c 50       		.byte	0x50
 969 009d 2C000000 		.4byte	.LVL14
 970 00a1 2E000000 		.4byte	.LVL15
 971 00a5 0200     		.2byte	0x2
 972 00a7 30       		.byte	0x30
 973 00a8 9F       		.byte	0x9f
 974 00a9 2E000000 		.4byte	.LVL15
 975 00ad 30000000 		.4byte	.LVL16
 976 00b1 0100     		.2byte	0x1
 977 00b3 50       		.byte	0x50
 978 00b4 00000000 		.4byte	0
 979 00b8 00000000 		.4byte	0
 980              		.section	.debug_aranges,"",%progbits
 981 0000 4C000000 		.4byte	0x4c
 982 0004 0200     		.2byte	0x2
 983 0006 00000000 		.4byte	.Ldebug_info0
 984 000a 04       		.byte	0x4
 985 000b 00       		.byte	0
 986 000c 0000     		.2byte	0
 987 000e 0000     		.2byte	0
 988 0010 00000000 		.4byte	.LFB34
 989 0014 0C000000 		.4byte	.LFE34-.LFB34
 990 0018 00000000 		.4byte	.LFB35
 991 001c 02000000 		.4byte	.LFE35-.LFB35
 992 0020 00000000 		.4byte	.LFB36
 993 0024 18000000 		.4byte	.LFE36-.LFB36
 994 0028 00000000 		.4byte	.LFB37
 995 002c 0C000000 		.4byte	.LFE37-.LFB37
 996 0030 00000000 		.4byte	.LFB38
 997 0034 0C000000 		.4byte	.LFE38-.LFB38
 998 0038 00000000 		.4byte	.LFB39
 999 003c 14000000 		.4byte	.LFE39-.LFB39
 1000 0040 00000000 		.4byte	.LFB40
 1001 0044 32000000 		.4byte	.LFE40-.LFB40
 1002 0048 00000000 		.4byte	0
 1003 004c 00000000 		.4byte	0
 1004              		.section	.debug_ranges,"",%progbits
 1005              	.Ldebug_ranges0:
 1006 0000 00000000 		.4byte	.LFB34
 1007 0004 0C000000 		.4byte	.LFE34
 1008 0008 00000000 		.4byte	.LFB35
 1009 000c 02000000 		.4byte	.LFE35
 1010 0010 00000000 		.4byte	.LFB36
 1011 0014 18000000 		.4byte	.LFE36
 1012 0018 00000000 		.4byte	.LFB37
 1013 001c 0C000000 		.4byte	.LFE37
 1014 0020 00000000 		.4byte	.LFB38
 1015 0024 0C000000 		.4byte	.LFE38
 1016 0028 00000000 		.4byte	.LFB39
 1017 002c 14000000 		.4byte	.LFE39
 1018 0030 00000000 		.4byte	.LFB40
ARM GAS  C:\Users\kylep\AppData\Local\Temp\ccJp8Ryd.s 			page 24


 1019 0034 32000000 		.4byte	.LFE40
 1020 0038 00000000 		.4byte	0
 1021 003c 00000000 		.4byte	0
 1022              		.section	.debug_line,"",%progbits
 1023              	.Ldebug_line0:
 1024 0000 06010000 		.section	.debug_str,"MS",%progbits,1
 1024      02007000 
 1024      00000201 
 1024      FB0E0D00 
 1024      01010101 
 1025              	.LASF39:
 1026 0000 63757272 		.ascii	"currentState\000"
 1026      656E7453 
 1026      74617465 
 1026      00
 1027              	.LASF25:
 1028 000d 73657449 		.ascii	"setIdentityByComm\000"
 1028      64656E74 
 1028      69747942 
 1028      79436F6D 
 1028      6D00
 1029              	.LASF36:
 1030 001f 49445F4E 		.ascii	"ID_Number\000"
 1030      756D6265 
 1030      7200
 1031              	.LASF3:
 1032 0029 73686F72 		.ascii	"short unsigned int\000"
 1032      7420756E 
 1032      7369676E 
 1032      65642069 
 1032      6E7400
 1033              	.LASF26:
 1034 003c 75706461 		.ascii	"updateBrightnessLevel\000"
 1034      74654272 
 1034      69676874 
 1034      6E657373 
 1034      4C657665 
 1035              	.LASF13:
 1036 0052 666C6F61 		.ascii	"float\000"
 1036      7400
 1037              	.LASF40:
 1038 0058 50724953 		.ascii	"PrISM_WritePulse0\000"
 1038      4D5F5772 
 1038      69746550 
 1038      756C7365 
 1038      3000
 1039              	.LASF47:
 1040 006a 4144435F 		.ascii	"ADC_SAR_Seq_IsEndConversion\000"
 1040      5341525F 
 1040      5365715F 
 1040      4973456E 
 1040      64436F6E 
 1041              	.LASF45:
 1042 0086 433A5C55 		.ascii	"C:\\Users\\kylep\\Box Sync\\Feniex Firmware Files\\"
 1042      73657273 
 1042      5C6B796C 
 1042      65705C42 
ARM GAS  C:\Users\kylep\AppData\Local\Temp\ccJp8Ryd.s 			page 25


 1042      6F782053 
 1043 00b4 414C425C 		.ascii	"ALB\\81-00022-01 ALB LED Driver\\81-00022-01.cydsn\000"
 1043      38312D30 
 1043      30303232 
 1043      2D303120 
 1043      414C4220 
 1044              	.LASF29:
 1045 00e5 67657454 		.ascii	"getTemperatureSample\000"
 1045      656D7065 
 1045      72617475 
 1045      72655361 
 1045      6D706C65 
 1046              	.LASF12:
 1047 00fa 696E7431 		.ascii	"int16\000"
 1047      3600
 1048              	.LASF19:
 1049 0100 434F4F4C 		.ascii	"COOL_DOWN\000"
 1049      5F444F57 
 1049      4E00
 1050              	.LASF9:
 1051 010a 75696E74 		.ascii	"uint8\000"
 1051      3800
 1052              	.LASF18:
 1053 0110 54555242 		.ascii	"TURBO_ENABLED\000"
 1053      4F5F454E 
 1053      41424C45 
 1053      4400
 1054              	.LASF1:
 1055 011e 756E7369 		.ascii	"unsigned char\000"
 1055      676E6564 
 1055      20636861 
 1055      7200
 1056              	.LASF21:
 1057 012c 67657444 		.ascii	"getDriverID\000"
 1057      72697665 
 1057      72494400 
 1058              	.LASF14:
 1059 0138 646F7562 		.ascii	"double\000"
 1059      6C6500
 1060              	.LASF44:
 1061 013f 2E5C494F 		.ascii	".\\IO_Control.c\000"
 1061      5F436F6E 
 1061      74726F6C 
 1061      2E6300
 1062              	.LASF35:
 1063 014e 74656D70 		.ascii	"temperatureSample\000"
 1063      65726174 
 1063      75726553 
 1063      616D706C 
 1063      6500
 1064              	.LASF32:
 1065 0160 77616974 		.ascii	"waitTimeCount\000"
 1065      54696D65 
 1065      436F756E 
 1065      7400
 1066              	.LASF30:
 1067 016e 62547572 		.ascii	"bTurboEnabled\000"
ARM GAS  C:\Users\kylep\AppData\Local\Temp\ccJp8Ryd.s 			page 26


 1067      626F456E 
 1067      61626C65 
 1067      6400
 1068              	.LASF10:
 1069 017c 75696E74 		.ascii	"uint16\000"
 1069      313600
 1070              	.LASF11:
 1071 0183 75696E74 		.ascii	"uint32\000"
 1071      333200
 1072              	.LASF37:
 1073 018a 624C6173 		.ascii	"bLastDriverInChain\000"
 1073      74447269 
 1073      76657249 
 1073      6E436861 
 1073      696E00
 1074              	.LASF5:
 1075 019d 6C6F6E67 		.ascii	"long unsigned int\000"
 1075      20756E73 
 1075      69676E65 
 1075      6420696E 
 1075      7400
 1076              	.LASF8:
 1077 01af 756E7369 		.ascii	"unsigned int\000"
 1077      676E6564 
 1077      20696E74 
 1077      00
 1078              	.LASF34:
 1079 01bc 4144435F 		.ascii	"ADC_WaitCount\000"
 1079      57616974 
 1079      436F756E 
 1079      7400
 1080              	.LASF7:
 1081 01ca 6C6F6E67 		.ascii	"long long unsigned int\000"
 1081      206C6F6E 
 1081      6720756E 
 1081      7369676E 
 1081      65642069 
 1082              	.LASF23:
 1083 01e1 73657449 		.ascii	"setIdentityByInput\000"
 1083      64656E74 
 1083      69747942 
 1083      79496E70 
 1083      757400
 1084              	.LASF42:
 1085 01f4 4144435F 		.ascii	"ADC_SAR_Seq_GetResult16\000"
 1085      5341525F 
 1085      5365715F 
 1085      47657452 
 1085      6573756C 
 1086              	.LASF16:
 1087 020c 73697A65 		.ascii	"sizetype\000"
 1087      74797065 
 1087      00
 1088              	.LASF17:
 1089 0215 54555242 		.ascii	"TURBO_READY\000"
 1089      4F5F5245 
 1089      41445900 
ARM GAS  C:\Users\kylep\AppData\Local\Temp\ccJp8Ryd.s 			page 27


 1090              	.LASF6:
 1091 0221 6C6F6E67 		.ascii	"long long int\000"
 1091      206C6F6E 
 1091      6720696E 
 1091      7400
 1092              	.LASF41:
 1093 022f 43794465 		.ascii	"CyDelayUs\000"
 1093      6C617955 
 1093      7300
 1094              	.LASF15:
 1095 0239 63686172 		.ascii	"char\000"
 1095      00
 1096              	.LASF27:
 1097 023e 706F7369 		.ascii	"positionNumber\000"
 1097      74696F6E 
 1097      4E756D62 
 1097      657200
 1098              	.LASF43:
 1099 024d 474E5520 		.ascii	"GNU C 4.9.3 20150303 (release) [ARM/embedded-4_9-br"
 1099      4320342E 
 1099      392E3320 
 1099      32303135 
 1099      30333033 
 1100 0280 616E6368 		.ascii	"anch revision 221220] -mcpu=cortex-m0 -mthumb -g -O"
 1100      20726576 
 1100      6973696F 
 1100      6E203232 
 1100      31323230 
 1101 02b3 67202D66 		.ascii	"g -ffunction-sections -ffat-lto-objects\000"
 1101      66756E63 
 1101      74696F6E 
 1101      2D736563 
 1101      74696F6E 
 1102              	.LASF28:
 1103 02db 62726967 		.ascii	"brightnessLevel\000"
 1103      68746E65 
 1103      73734C65 
 1103      76656C00 
 1104              	.LASF2:
 1105 02eb 73686F72 		.ascii	"short int\000"
 1105      7420696E 
 1105      7400
 1106              	.LASF38:
 1107 02f5 63757272 		.ascii	"currentBrightnessLevel\000"
 1107      656E7442 
 1107      72696768 
 1107      746E6573 
 1107      734C6576 
 1108              	.LASF31:
 1109 030c 62507265 		.ascii	"bPreviousTurboEnabled\000"
 1109      76696F75 
 1109      73547572 
 1109      626F456E 
 1109      61626C65 
 1110              	.LASF4:
 1111 0322 6C6F6E67 		.ascii	"long int\000"
 1111      20696E74 
ARM GAS  C:\Users\kylep\AppData\Local\Temp\ccJp8Ryd.s 			page 28


 1111      00
 1112              	.LASF22:
 1113 032b 69734C61 		.ascii	"isLastDriverInChain\000"
 1113      73744472 
 1113      69766572 
 1113      496E4368 
 1113      61696E00 
 1114              	.LASF24:
 1115 033f 73657441 		.ascii	"setAsNotLastDriverInChain\000"
 1115      734E6F74 
 1115      4C617374 
 1115      44726976 
 1115      6572496E 
 1116              	.LASF0:
 1117 0359 7369676E 		.ascii	"signed char\000"
 1117      65642063 
 1117      68617200 
 1118              	.LASF46:
 1119 0365 54656D70 		.ascii	"TemperatureState\000"
 1119      65726174 
 1119      75726553 
 1119      74617465 
 1119      00
 1120              	.LASF33:
 1121 0376 61637475 		.ascii	"actualBrightnessLevel\000"
 1121      616C4272 
 1121      69676874 
 1121      6E657373 
 1121      4C657665 
 1122              	.LASF20:
 1123 038c 57414954 		.ascii	"WAIT_AT_SAFE_TEMPERATURE\000"
 1123      5F41545F 
 1123      53414645 
 1123      5F54454D 
 1123      50455241 
 1124              		.ident	"GCC: (GNU Tools for ARM Embedded Processors) 4.9.3 20150303 (release) [ARM/embedded-4_9-br
