ARM GAS  C:\Users\kylep\AppData\Local\Temp\ccCOlCJb.s 			page 1


   1              		.syntax unified
   2              		.cpu cortex-m0
   3              		.fpu softvfp
   4              		.eabi_attribute 20, 1
   5              		.eabi_attribute 21, 1
   6              		.eabi_attribute 23, 3
   7              		.eabi_attribute 24, 1
   8              		.eabi_attribute 25, 1
   9              		.eabi_attribute 26, 1
  10              		.eabi_attribute 30, 1
  11              		.eabi_attribute 34, 0
  12              		.eabi_attribute 18, 4
  13              		.thumb
  14              		.syntax unified
  15              		.file	"EmEEPROM.c"
  16              		.text
  17              	.Ltext0:
  18              		.cfi_sections	.debug_frame
  19              		.section	.text.EmEEPROM_Start,"ax",%progbits
  20              		.align	2
  21              		.global	EmEEPROM_Start
  22              		.code	16
  23              		.thumb_func
  24              		.type	EmEEPROM_Start, %function
  25              	EmEEPROM_Start:
  26              	.LFB0:
  27              		.file 1 "Generated_Source\\PSoC4\\EmEEPROM.c"
   1:Generated_Source\PSoC4/EmEEPROM.c **** /*******************************************************************************
   2:Generated_Source\PSoC4/EmEEPROM.c **** * File Name: EmEEPROM.c
   3:Generated_Source\PSoC4/EmEEPROM.c **** * Version 1.20
   4:Generated_Source\PSoC4/EmEEPROM.c **** *
   5:Generated_Source\PSoC4/EmEEPROM.c **** * Description:
   6:Generated_Source\PSoC4/EmEEPROM.c **** *  This file provides the source code to API for the Emulated EEPROM Component.
   7:Generated_Source\PSoC4/EmEEPROM.c **** *
   8:Generated_Source\PSoC4/EmEEPROM.c **** ********************************************************************************
   9:Generated_Source\PSoC4/EmEEPROM.c **** * Copyright 2013-2016, Cypress Semiconductor Corporation.  All rights reserved.
  10:Generated_Source\PSoC4/EmEEPROM.c **** * You may use this file only in accordance with the license, terms, conditions,
  11:Generated_Source\PSoC4/EmEEPROM.c **** * disclaimers, and limitations in the end user license agreement accompanying
  12:Generated_Source\PSoC4/EmEEPROM.c **** * the software package with which this file was provided.
  13:Generated_Source\PSoC4/EmEEPROM.c **** *******************************************************************************/
  14:Generated_Source\PSoC4/EmEEPROM.c **** 
  15:Generated_Source\PSoC4/EmEEPROM.c **** #include "EmEEPROM.h"
  16:Generated_Source\PSoC4/EmEEPROM.c **** 
  17:Generated_Source\PSoC4/EmEEPROM.c **** 
  18:Generated_Source\PSoC4/EmEEPROM.c **** /*******************************************************************************
  19:Generated_Source\PSoC4/EmEEPROM.c **** * Function Name: EmEEPROM_Start
  20:Generated_Source\PSoC4/EmEEPROM.c **** ********************************************************************************
  21:Generated_Source\PSoC4/EmEEPROM.c **** *
  22:Generated_Source\PSoC4/EmEEPROM.c **** * Summary:
  23:Generated_Source\PSoC4/EmEEPROM.c **** *  Empty function. Included for consistency with other
  24:Generated_Source\PSoC4/EmEEPROM.c **** *  components.
  25:Generated_Source\PSoC4/EmEEPROM.c **** *
  26:Generated_Source\PSoC4/EmEEPROM.c **** * Parameters:
  27:Generated_Source\PSoC4/EmEEPROM.c **** *  None
  28:Generated_Source\PSoC4/EmEEPROM.c **** *
  29:Generated_Source\PSoC4/EmEEPROM.c **** * Return:
  30:Generated_Source\PSoC4/EmEEPROM.c **** *  None
ARM GAS  C:\Users\kylep\AppData\Local\Temp\ccCOlCJb.s 			page 2


  31:Generated_Source\PSoC4/EmEEPROM.c **** *
  32:Generated_Source\PSoC4/EmEEPROM.c **** *******************************************************************************/
  33:Generated_Source\PSoC4/EmEEPROM.c **** void EmEEPROM_Start(void) 
  34:Generated_Source\PSoC4/EmEEPROM.c **** {
  28              		.loc 1 34 0
  29              		.cfi_startproc
  30              		@ args = 0, pretend = 0, frame = 0
  31              		@ frame_needed = 0, uses_anonymous_args = 0
  32              		@ link register save eliminated.
  35:Generated_Source\PSoC4/EmEEPROM.c **** 
  36:Generated_Source\PSoC4/EmEEPROM.c **** }
  33              		.loc 1 36 0
  34              		@ sp needed
  35 0000 7047     		bx	lr
  36              		.cfi_endproc
  37              	.LFE0:
  38              		.size	EmEEPROM_Start, .-EmEEPROM_Start
  39 0002 C046     		.section	.text.EmEEPROM_Stop,"ax",%progbits
  40              		.align	2
  41              		.global	EmEEPROM_Stop
  42              		.code	16
  43              		.thumb_func
  44              		.type	EmEEPROM_Stop, %function
  45              	EmEEPROM_Stop:
  46              	.LFB1:
  37:Generated_Source\PSoC4/EmEEPROM.c **** 
  38:Generated_Source\PSoC4/EmEEPROM.c **** 
  39:Generated_Source\PSoC4/EmEEPROM.c **** /*******************************************************************************
  40:Generated_Source\PSoC4/EmEEPROM.c **** * Function Name: EmEEPROM_Stop
  41:Generated_Source\PSoC4/EmEEPROM.c **** ********************************************************************************
  42:Generated_Source\PSoC4/EmEEPROM.c **** *
  43:Generated_Source\PSoC4/EmEEPROM.c **** * Summary:
  44:Generated_Source\PSoC4/EmEEPROM.c **** *  Empty function. Included for consistency with other
  45:Generated_Source\PSoC4/EmEEPROM.c **** *  components.
  46:Generated_Source\PSoC4/EmEEPROM.c **** *
  47:Generated_Source\PSoC4/EmEEPROM.c **** * Parameters:
  48:Generated_Source\PSoC4/EmEEPROM.c **** *  None
  49:Generated_Source\PSoC4/EmEEPROM.c **** *
  50:Generated_Source\PSoC4/EmEEPROM.c **** * Return:
  51:Generated_Source\PSoC4/EmEEPROM.c **** *  None
  52:Generated_Source\PSoC4/EmEEPROM.c **** *
  53:Generated_Source\PSoC4/EmEEPROM.c **** *******************************************************************************/
  54:Generated_Source\PSoC4/EmEEPROM.c **** void EmEEPROM_Stop(void) 
  55:Generated_Source\PSoC4/EmEEPROM.c **** {
  47              		.loc 1 55 0
  48              		.cfi_startproc
  49              		@ args = 0, pretend = 0, frame = 0
  50              		@ frame_needed = 0, uses_anonymous_args = 0
  51              		@ link register save eliminated.
  56:Generated_Source\PSoC4/EmEEPROM.c **** 
  57:Generated_Source\PSoC4/EmEEPROM.c **** }
  52              		.loc 1 57 0
  53              		@ sp needed
  54 0000 7047     		bx	lr
  55              		.cfi_endproc
  56              	.LFE1:
  57              		.size	EmEEPROM_Stop, .-EmEEPROM_Stop
ARM GAS  C:\Users\kylep\AppData\Local\Temp\ccCOlCJb.s 			page 3


  58 0002 C046     		.section	.text.EmEEPROM_Write,"ax",%progbits
  59              		.align	2
  60              		.global	EmEEPROM_Write
  61              		.code	16
  62              		.thumb_func
  63              		.type	EmEEPROM_Write, %function
  64              	EmEEPROM_Write:
  65              	.LFB2:
  58:Generated_Source\PSoC4/EmEEPROM.c **** 
  59:Generated_Source\PSoC4/EmEEPROM.c **** 
  60:Generated_Source\PSoC4/EmEEPROM.c **** /*******************************************************************************
  61:Generated_Source\PSoC4/EmEEPROM.c **** * Function Name: EmEEPROM_Write
  62:Generated_Source\PSoC4/EmEEPROM.c **** ********************************************************************************
  63:Generated_Source\PSoC4/EmEEPROM.c **** *
  64:Generated_Source\PSoC4/EmEEPROM.c **** * Summary:
  65:Generated_Source\PSoC4/EmEEPROM.c **** *  Writes the specified number of bytes from the source buffer in SRAM to the
  66:Generated_Source\PSoC4/EmEEPROM.c **** *  emulated EEPROM array in flash, without modifying other data in flash.
  67:Generated_Source\PSoC4/EmEEPROM.c **** *
  68:Generated_Source\PSoC4/EmEEPROM.c **** * Parameters:
  69:Generated_Source\PSoC4/EmEEPROM.c **** *  srcBuf:    Pointer to the SRAM buffer holding the data to write.
  70:Generated_Source\PSoC4/EmEEPROM.c **** *  eepromPtr: Pointer to the array or variable in flash representing
  71:Generated_Source\PSoC4/EmEEPROM.c **** *             the emulated EEPROM.
  72:Generated_Source\PSoC4/EmEEPROM.c **** *  byteCount: Number of bytes to write from srcBuf to eepromPtr.
  73:Generated_Source\PSoC4/EmEEPROM.c **** *
  74:Generated_Source\PSoC4/EmEEPROM.c **** * Return:
  75:Generated_Source\PSoC4/EmEEPROM.c **** *    CYRET_SUCCESS     Successful write.
  76:Generated_Source\PSoC4/EmEEPROM.c **** *    CYRET_BAD_PARAM   eepromPtr is out of range of flash memory.
  77:Generated_Source\PSoC4/EmEEPROM.c **** *    CYRET_UNKNOWN     Other error in writing flash.
  78:Generated_Source\PSoC4/EmEEPROM.c **** *
  79:Generated_Source\PSoC4/EmEEPROM.c **** *******************************************************************************/
  80:Generated_Source\PSoC4/EmEEPROM.c **** #if (CY_PSOC3)
  81:Generated_Source\PSoC4/EmEEPROM.c ****     cystatus EmEEPROM_Write(const uint8 srcBuf[], const uint8 eepromPtr[], uint16 byteCount)
  82:Generated_Source\PSoC4/EmEEPROM.c ****                                                                             
  83:Generated_Source\PSoC4/EmEEPROM.c **** #else
  84:Generated_Source\PSoC4/EmEEPROM.c ****     cystatus EmEEPROM_Write(const uint8 srcBuf[], const uint8 eepromPtr[], uint32 byteCount)
  85:Generated_Source\PSoC4/EmEEPROM.c **** #endif /* (!CY_PSOC3) */
  86:Generated_Source\PSoC4/EmEEPROM.c **** {
  66              		.loc 1 86 0
  67              		.cfi_startproc
  68              		@ args = 0, pretend = 0, frame = 128
  69              		@ frame_needed = 0, uses_anonymous_args = 0
  70              	.LVL0:
  71 0000 F0B5     		push	{r4, r5, r6, r7, lr}
  72              		.cfi_def_cfa_offset 20
  73              		.cfi_offset 4, -20
  74              		.cfi_offset 5, -16
  75              		.cfi_offset 6, -12
  76              		.cfi_offset 7, -8
  77              		.cfi_offset 14, -4
  78 0002 4F46     		mov	r7, r9
  79 0004 4646     		mov	r6, r8
  80 0006 C0B4     		push	{r6, r7}
  81              		.cfi_def_cfa_offset 28
  82              		.cfi_offset 8, -28
  83              		.cfi_offset 9, -24
  84 0008 A1B0     		sub	sp, sp, #132
  85              		.cfi_def_cfa_offset 160
ARM GAS  C:\Users\kylep\AppData\Local\Temp\ccCOlCJb.s 			page 4


  86 000a 8046     		mov	r8, r0
  87 000c 1700     		movs	r7, r2
  87:Generated_Source\PSoC4/EmEEPROM.c ****     uint8 writeBuffer[CY_FLASH_SIZEOF_ROW];
  88:Generated_Source\PSoC4/EmEEPROM.c ****     uint32 arrayId;
  89:Generated_Source\PSoC4/EmEEPROM.c ****     uint32 rowId;
  90:Generated_Source\PSoC4/EmEEPROM.c ****     uint32 dstIndex;
  91:Generated_Source\PSoC4/EmEEPROM.c ****     uint32 srcIndex;
  92:Generated_Source\PSoC4/EmEEPROM.c ****     cystatus rc;
  93:Generated_Source\PSoC4/EmEEPROM.c ****     uint32 eeOffset;
  94:Generated_Source\PSoC4/EmEEPROM.c ****     uint32 byteOffset;
  95:Generated_Source\PSoC4/EmEEPROM.c ****     
  96:Generated_Source\PSoC4/EmEEPROM.c ****     #if (!CY_PSOC4)
  97:Generated_Source\PSoC4/EmEEPROM.c ****         #if (CYDEV_ECC_ENABLE == 0)
  98:Generated_Source\PSoC4/EmEEPROM.c ****             uint8 rowBuffer[CY_FLASH_SIZEOF_ROW + CY_FLASH_SIZEOF_ECC_ROW];
  99:Generated_Source\PSoC4/EmEEPROM.c ****         #endif /* CYDEV_ECC_ENABLE == 0) */
 100:Generated_Source\PSoC4/EmEEPROM.c ****     #endif /* (!CY_PSOC4) */
 101:Generated_Source\PSoC4/EmEEPROM.c **** 
 102:Generated_Source\PSoC4/EmEEPROM.c ****     eeOffset = (uint32)eepromPtr;
  88              		.loc 1 102 0
  89 000e 0E00     		movs	r6, r1
  90              	.LVL1:
 103:Generated_Source\PSoC4/EmEEPROM.c ****     #if (CY_PSOC3)
 104:Generated_Source\PSoC4/EmEEPROM.c ****         eeOffset &= EmEEPROM_CODE_ADDR_MASK;
 105:Generated_Source\PSoC4/EmEEPROM.c ****     #endif /* (CY_PSOC3) */
 106:Generated_Source\PSoC4/EmEEPROM.c **** 
 107:Generated_Source\PSoC4/EmEEPROM.c ****     /* Make sure, that eepromPtr[] points to ROM */
 108:Generated_Source\PSoC4/EmEEPROM.c ****     #if (CY_PSOC3)
 109:Generated_Source\PSoC4/EmEEPROM.c ****         if (((uint32)eepromPtr >= EmEEPROM_CODE_ADDR_OFFSET) &&
 110:Generated_Source\PSoC4/EmEEPROM.c ****             (((uint32)eepromPtr + byteCount) <= EmEEPROM_CODE_ADDR_END))
 111:Generated_Source\PSoC4/EmEEPROM.c ****     #else
 112:Generated_Source\PSoC4/EmEEPROM.c ****         if (((uint32)eepromPtr + byteCount) <= EmEEPROM_FLASH_END_ADDR)
  91              		.loc 1 112 0
  92 0010 8A18     		adds	r2, r1, r2
  93              	.LVL2:
  94 0012 8023     		movs	r3, #128
  95 0014 1B02     		lsls	r3, r3, #8
  96 0016 9A42     		cmp	r2, r3
  97 0018 29D8     		bhi	.L11
 113:Generated_Source\PSoC4/EmEEPROM.c ****     #endif /* (CY_PSOC3) */
 114:Generated_Source\PSoC4/EmEEPROM.c ****     {
 115:Generated_Source\PSoC4/EmEEPROM.c ****         #if (!CY_PSOC4)
 116:Generated_Source\PSoC4/EmEEPROM.c ****             (void)CySetTemp();
 117:Generated_Source\PSoC4/EmEEPROM.c **** 
 118:Generated_Source\PSoC4/EmEEPROM.c ****             #if(CYDEV_ECC_ENABLE == 0)
 119:Generated_Source\PSoC4/EmEEPROM.c ****                 (void)CySetFlashEEBuffer(rowBuffer);
 120:Generated_Source\PSoC4/EmEEPROM.c ****             #endif
 121:Generated_Source\PSoC4/EmEEPROM.c ****         #endif /* (!CY_PSOC4) */
 122:Generated_Source\PSoC4/EmEEPROM.c **** 
 123:Generated_Source\PSoC4/EmEEPROM.c ****         arrayId = eeOffset / CY_FLASH_SIZEOF_ARRAY;
  98              		.loc 1 123 0
  99 001a CC0B     		lsrs	r4, r1, #15
 100              	.LVL3:
 124:Generated_Source\PSoC4/EmEEPROM.c ****         rowId = (eeOffset / CY_FLASH_SIZEOF_ROW) % EmEEPROM_ROWS_IN_ARRAY;
 101              		.loc 1 124 0
 102 001c C909     		lsrs	r1, r1, #7
 103              	.LVL4:
 104 001e FF23     		movs	r3, #255
ARM GAS  C:\Users\kylep\AppData\Local\Temp\ccCOlCJb.s 			page 5


 105 0020 0B40     		ands	r3, r1
 106 0022 9946     		mov	r9, r3
 107              	.LVL5:
 125:Generated_Source\PSoC4/EmEEPROM.c ****         byteOffset = (CY_FLASH_SIZEOF_ARRAY * arrayId) + (CY_FLASH_SIZEOF_ROW * rowId);
 108              		.loc 1 125 0
 109 0024 2402     		lsls	r4, r4, #8
 110              	.LVL6:
 111 0026 4C44     		add	r4, r4, r9
 112 0028 E401     		lsls	r4, r4, #7
 113              	.LVL7:
 126:Generated_Source\PSoC4/EmEEPROM.c ****         srcIndex = 0u;
 127:Generated_Source\PSoC4/EmEEPROM.c **** 
 128:Generated_Source\PSoC4/EmEEPROM.c ****         rc = CYRET_SUCCESS;
 114              		.loc 1 128 0
 115 002a 0020     		movs	r0, #0
 116              	.LVL8:
 126:Generated_Source\PSoC4/EmEEPROM.c ****         srcIndex = 0u;
 117              		.loc 1 126 0
 118 002c 0025     		movs	r5, #0
 129:Generated_Source\PSoC4/EmEEPROM.c **** 
 130:Generated_Source\PSoC4/EmEEPROM.c ****         while ((srcIndex < byteCount) && (CYRET_SUCCESS == rc))
 119              		.loc 1 130 0
 120 002e 19E0     		b	.L5
 121              	.LVL9:
 122              	.L8:
 131:Generated_Source\PSoC4/EmEEPROM.c ****         {
 132:Generated_Source\PSoC4/EmEEPROM.c ****             /* Copy data to the write buffer either from the source buffer or from the flash */
 133:Generated_Source\PSoC4/EmEEPROM.c ****             for (dstIndex = 0u; dstIndex < CY_FLASH_SIZEOF_ROW; dstIndex++)
 134:Generated_Source\PSoC4/EmEEPROM.c ****             {
 135:Generated_Source\PSoC4/EmEEPROM.c ****                 if ((byteOffset >= eeOffset) && (srcIndex < byteCount))
 123              		.loc 1 135 0
 124 0030 B442     		cmp	r4, r6
 125 0032 07D3     		bcc	.L6
 126              		.loc 1 135 0 is_stmt 0 discriminator 1
 127 0034 BD42     		cmp	r5, r7
 128 0036 05D2     		bcs	.L6
 136:Generated_Source\PSoC4/EmEEPROM.c ****                 {
 137:Generated_Source\PSoC4/EmEEPROM.c ****                     writeBuffer[dstIndex] = srcBuf[srcIndex];
 129              		.loc 1 137 0 is_stmt 1
 130 0038 4246     		mov	r2, r8
 131 003a 525D     		ldrb	r2, [r2, r5]
 132 003c 6946     		mov	r1, sp
 133 003e CA54     		strb	r2, [r1, r3]
 138:Generated_Source\PSoC4/EmEEPROM.c ****                     srcIndex++;
 134              		.loc 1 138 0
 135 0040 0135     		adds	r5, r5, #1
 136              	.LVL10:
 137 0042 02E0     		b	.L7
 138              	.L6:
 139:Generated_Source\PSoC4/EmEEPROM.c ****                 }
 140:Generated_Source\PSoC4/EmEEPROM.c ****                 else
 141:Generated_Source\PSoC4/EmEEPROM.c ****                 {
 142:Generated_Source\PSoC4/EmEEPROM.c ****                     writeBuffer[dstIndex] = CY_GET_XTND_REG8(CYDEV_FLASH_BASE + byteOffset);
 139              		.loc 1 142 0
 140 0044 2278     		ldrb	r2, [r4]
 141 0046 6946     		mov	r1, sp
 142 0048 CA54     		strb	r2, [r1, r3]
ARM GAS  C:\Users\kylep\AppData\Local\Temp\ccCOlCJb.s 			page 6


 143              	.L7:
 143:Generated_Source\PSoC4/EmEEPROM.c ****                 }
 144:Generated_Source\PSoC4/EmEEPROM.c ****                 byteOffset++;
 144              		.loc 1 144 0 discriminator 2
 145 004a 0134     		adds	r4, r4, #1
 146              	.LVL11:
 133:Generated_Source\PSoC4/EmEEPROM.c ****             {
 147              		.loc 1 133 0 discriminator 2
 148 004c 0133     		adds	r3, r3, #1
 149              	.LVL12:
 150 004e 00E0     		b	.L9
 151              	.LVL13:
 152              	.L12:
 153 0050 0023     		movs	r3, #0
 154              	.L9:
 155              	.LVL14:
 133:Generated_Source\PSoC4/EmEEPROM.c ****             {
 156              		.loc 1 133 0 is_stmt 0 discriminator 1
 157 0052 7F2B     		cmp	r3, #127
 158 0054 ECD9     		bls	.L8
 145:Generated_Source\PSoC4/EmEEPROM.c ****             }
 146:Generated_Source\PSoC4/EmEEPROM.c **** 
 147:Generated_Source\PSoC4/EmEEPROM.c ****             /* Write flash row */
 148:Generated_Source\PSoC4/EmEEPROM.c ****             #if (CY_PSOC4)
 149:Generated_Source\PSoC4/EmEEPROM.c ****                 rc = CySysFlashWriteRow(rowId, writeBuffer);
 159              		.loc 1 149 0 is_stmt 1
 160 0056 6946     		mov	r1, sp
 161 0058 4846     		mov	r0, r9
 162              	.LVL15:
 163 005a FFF7FEFF 		bl	CySysFlashWriteRow
 164              	.LVL16:
 150:Generated_Source\PSoC4/EmEEPROM.c ****             #else
 151:Generated_Source\PSoC4/EmEEPROM.c ****                 rc = CyWriteRowData((uint8)arrayId, (uint16)rowId, writeBuffer);
 152:Generated_Source\PSoC4/EmEEPROM.c ****             #endif /* (CY_PSOC4) */
 153:Generated_Source\PSoC4/EmEEPROM.c **** 
 154:Generated_Source\PSoC4/EmEEPROM.c ****             /* Go to the next row */
 155:Generated_Source\PSoC4/EmEEPROM.c ****             rowId++;
 165              		.loc 1 155 0
 166 005e 0123     		movs	r3, #1
 167 0060 9C46     		mov	ip, r3
 168 0062 E144     		add	r9, r9, ip
 169              	.LVL17:
 170              	.L5:
 130:Generated_Source\PSoC4/EmEEPROM.c ****         {
 171              		.loc 1 130 0
 172 0064 BD42     		cmp	r5, r7
 173 0066 03D2     		bcs	.L4
 130:Generated_Source\PSoC4/EmEEPROM.c ****         {
 174              		.loc 1 130 0 is_stmt 0 discriminator 1
 175 0068 0028     		cmp	r0, #0
 176 006a F1D0     		beq	.L12
 177 006c 00E0     		b	.L4
 178              	.LVL18:
 179              	.L11:
 156:Generated_Source\PSoC4/EmEEPROM.c ****             #if (CY_FLASH_NUMBER_ARRAYS > 1)
 157:Generated_Source\PSoC4/EmEEPROM.c ****                 if (rowId >= EmEEPROM_ROWS_IN_ARRAY)
 158:Generated_Source\PSoC4/EmEEPROM.c ****                 {
ARM GAS  C:\Users\kylep\AppData\Local\Temp\ccCOlCJb.s 			page 7


 159:Generated_Source\PSoC4/EmEEPROM.c ****                     arrayId++;
 160:Generated_Source\PSoC4/EmEEPROM.c ****                     rowId = 0u;
 161:Generated_Source\PSoC4/EmEEPROM.c ****                 }
 162:Generated_Source\PSoC4/EmEEPROM.c ****             #endif /* (CY_FLASH_NUMBER_ARRAYS > 1) */
 163:Generated_Source\PSoC4/EmEEPROM.c ****         }
 164:Generated_Source\PSoC4/EmEEPROM.c **** 
 165:Generated_Source\PSoC4/EmEEPROM.c ****         /* Flush both Cache and PHUB prefetch buffer */
 166:Generated_Source\PSoC4/EmEEPROM.c ****         #if (CY_PSOC5)
 167:Generated_Source\PSoC4/EmEEPROM.c ****             CyFlushCache();
 168:Generated_Source\PSoC4/EmEEPROM.c ****         #elif (CY_PSOC3)
 169:Generated_Source\PSoC4/EmEEPROM.c ****             CY_FLASH_CONTROL_REG |= 6u;
 170:Generated_Source\PSoC4/EmEEPROM.c ****         #endif /* (CY_PSOC5) */
 171:Generated_Source\PSoC4/EmEEPROM.c ****     }
 172:Generated_Source\PSoC4/EmEEPROM.c ****     else
 173:Generated_Source\PSoC4/EmEEPROM.c ****     {
 174:Generated_Source\PSoC4/EmEEPROM.c ****         rc = CYRET_BAD_PARAM;
 180              		.loc 1 174 0 is_stmt 1
 181 006e 0120     		movs	r0, #1
 182              	.LVL19:
 183              	.L4:
 175:Generated_Source\PSoC4/EmEEPROM.c ****     }
 176:Generated_Source\PSoC4/EmEEPROM.c **** 
 177:Generated_Source\PSoC4/EmEEPROM.c ****     /* Mask return codes from flash, if they are not supported */
 178:Generated_Source\PSoC4/EmEEPROM.c ****     if ((CYRET_SUCCESS != rc) && (CYRET_BAD_PARAM != rc))
 184              		.loc 1 178 0
 185 0070 0128     		cmp	r0, #1
 186 0072 01D9     		bls	.L10
 179:Generated_Source\PSoC4/EmEEPROM.c ****     {
 180:Generated_Source\PSoC4/EmEEPROM.c ****         rc = CYRET_UNKNOWN;
 187              		.loc 1 180 0
 188 0074 0120     		movs	r0, #1
 189              	.LVL20:
 190 0076 4042     		rsbs	r0, r0, #0
 191              	.L10:
 192              	.LVL21:
 181:Generated_Source\PSoC4/EmEEPROM.c ****     }
 182:Generated_Source\PSoC4/EmEEPROM.c ****     
 183:Generated_Source\PSoC4/EmEEPROM.c ****     return (rc);
 184:Generated_Source\PSoC4/EmEEPROM.c **** }
 193              		.loc 1 184 0
 194 0078 21B0     		add	sp, sp, #132
 195              		@ sp needed
 196              	.LVL22:
 197              	.LVL23:
 198              	.LVL24:
 199 007a 0CBC     		pop	{r2, r3}
 200 007c 9046     		mov	r8, r2
 201 007e 9946     		mov	r9, r3
 202 0080 F0BD     		pop	{r4, r5, r6, r7, pc}
 203              		.cfi_endproc
 204              	.LFE2:
 205              		.size	EmEEPROM_Write, .-EmEEPROM_Write
 206 0082 C046     		.text
 207              	.Letext0:
 208              		.file 2 "Generated_Source\\PSoC4\\cytypes.h"
 209              		.file 3 "Generated_Source\\PSoC4\\CyFlash.h"
 210              		.section	.debug_info,"",%progbits
ARM GAS  C:\Users\kylep\AppData\Local\Temp\ccCOlCJb.s 			page 8


 211              	.Ldebug_info0:
 212 0000 DC010000 		.4byte	0x1dc
 213 0004 0400     		.2byte	0x4
 214 0006 00000000 		.4byte	.Ldebug_abbrev0
 215 000a 04       		.byte	0x4
 216 000b 01       		.uleb128 0x1
 217 000c FB000000 		.4byte	.LASF30
 218 0010 0C       		.byte	0xc
 219 0011 89010000 		.4byte	.LASF31
 220 0015 02020000 		.4byte	.LASF32
 221 0019 00000000 		.4byte	.Ldebug_ranges0+0
 222 001d 00000000 		.4byte	0
 223 0021 00000000 		.4byte	.Ldebug_line0
 224 0025 02       		.uleb128 0x2
 225 0026 01       		.byte	0x1
 226 0027 06       		.byte	0x6
 227 0028 F6010000 		.4byte	.LASF0
 228 002c 02       		.uleb128 0x2
 229 002d 01       		.byte	0x1
 230 002e 08       		.byte	0x8
 231 002f 58000000 		.4byte	.LASF1
 232 0033 02       		.uleb128 0x2
 233 0034 02       		.byte	0x2
 234 0035 05       		.byte	0x5
 235 0036 D7010000 		.4byte	.LASF2
 236 003a 02       		.uleb128 0x2
 237 003b 02       		.byte	0x2
 238 003c 07       		.byte	0x7
 239 003d 1C000000 		.4byte	.LASF3
 240 0041 02       		.uleb128 0x2
 241 0042 04       		.byte	0x4
 242 0043 05       		.byte	0x5
 243 0044 E1010000 		.4byte	.LASF4
 244 0048 02       		.uleb128 0x2
 245 0049 04       		.byte	0x4
 246 004a 07       		.byte	0x7
 247 004b 6B000000 		.4byte	.LASF5
 248 004f 02       		.uleb128 0x2
 249 0050 08       		.byte	0x8
 250 0051 05       		.byte	0x5
 251 0052 BA010000 		.4byte	.LASF6
 252 0056 02       		.uleb128 0x2
 253 0057 08       		.byte	0x8
 254 0058 07       		.byte	0x7
 255 0059 E4000000 		.4byte	.LASF7
 256 005d 03       		.uleb128 0x3
 257 005e 04       		.byte	0x4
 258 005f 05       		.byte	0x5
 259 0060 696E7400 		.ascii	"int\000"
 260 0064 02       		.uleb128 0x2
 261 0065 04       		.byte	0x4
 262 0066 07       		.byte	0x7
 263 0067 D7000000 		.4byte	.LASF8
 264 006b 04       		.uleb128 0x4
 265 006c 7D000000 		.4byte	.LASF9
 266 0070 02       		.byte	0x2
 267 0071 D201     		.2byte	0x1d2
ARM GAS  C:\Users\kylep\AppData\Local\Temp\ccCOlCJb.s 			page 9


 268 0073 2C000000 		.4byte	0x2c
 269 0077 04       		.uleb128 0x4
 270 0078 C1000000 		.4byte	.LASF10
 271 007c 02       		.byte	0x2
 272 007d D401     		.2byte	0x1d4
 273 007f 48000000 		.4byte	0x48
 274 0083 02       		.uleb128 0x2
 275 0084 04       		.byte	0x4
 276 0085 04       		.byte	0x4
 277 0086 43000000 		.4byte	.LASF11
 278 008a 02       		.uleb128 0x2
 279 008b 08       		.byte	0x8
 280 008c 04       		.byte	0x4
 281 008d 9E000000 		.4byte	.LASF12
 282 0091 02       		.uleb128 0x2
 283 0092 01       		.byte	0x1
 284 0093 08       		.byte	0x8
 285 0094 C8010000 		.4byte	.LASF13
 286 0098 04       		.uleb128 0x4
 287 0099 B8000000 		.4byte	.LASF14
 288 009d 02       		.byte	0x2
 289 009e 7402     		.2byte	0x274
 290 00a0 48000000 		.4byte	0x48
 291 00a4 04       		.uleb128 0x4
 292 00a5 66000000 		.4byte	.LASF15
 293 00a9 02       		.byte	0x2
 294 00aa 7C02     		.2byte	0x27c
 295 00ac B0000000 		.4byte	0xb0
 296 00b0 05       		.uleb128 0x5
 297 00b1 6B000000 		.4byte	0x6b
 298 00b5 02       		.uleb128 0x2
 299 00b6 08       		.byte	0x8
 300 00b7 04       		.byte	0x4
 301 00b8 EA010000 		.4byte	.LASF16
 302 00bc 02       		.uleb128 0x2
 303 00bd 04       		.byte	0x4
 304 00be 07       		.byte	0x7
 305 00bf B1010000 		.4byte	.LASF17
 306 00c3 06       		.uleb128 0x6
 307 00c4 49000000 		.4byte	.LASF18
 308 00c8 01       		.byte	0x1
 309 00c9 21       		.byte	0x21
 310 00ca 00000000 		.4byte	.LFB0
 311 00ce 02000000 		.4byte	.LFE0-.LFB0
 312 00d2 01       		.uleb128 0x1
 313 00d3 9C       		.byte	0x9c
 314 00d4 06       		.uleb128 0x6
 315 00d5 6D020000 		.4byte	.LASF19
 316 00d9 01       		.byte	0x1
 317 00da 36       		.byte	0x36
 318 00db 00000000 		.4byte	.LFB1
 319 00df 02000000 		.4byte	.LFE1-.LFB1
 320 00e3 01       		.uleb128 0x1
 321 00e4 9C       		.byte	0x9c
 322 00e5 07       		.uleb128 0x7
 323 00e6 C8000000 		.4byte	.LASF33
 324 00ea 01       		.byte	0x1
ARM GAS  C:\Users\kylep\AppData\Local\Temp\ccCOlCJb.s 			page 10


 325 00eb 54       		.byte	0x54
 326 00ec 98000000 		.4byte	0x98
 327 00f0 00000000 		.4byte	.LFB2
 328 00f4 82000000 		.4byte	.LFE2-.LFB2
 329 00f8 01       		.uleb128 0x1
 330 00f9 9C       		.byte	0x9c
 331 00fa B9010000 		.4byte	0x1b9
 332 00fe 08       		.uleb128 0x8
 333 00ff 15000000 		.4byte	.LASF20
 334 0103 01       		.byte	0x1
 335 0104 54       		.byte	0x54
 336 0105 B9010000 		.4byte	0x1b9
 337 0109 00000000 		.4byte	.LLST0
 338 010d 08       		.uleb128 0x8
 339 010e CD010000 		.4byte	.LASF21
 340 0112 01       		.byte	0x1
 341 0113 54       		.byte	0x54
 342 0114 B9010000 		.4byte	0x1b9
 343 0118 42000000 		.4byte	.LLST1
 344 011c 08       		.uleb128 0x8
 345 011d 8B000000 		.4byte	.LASF22
 346 0121 01       		.byte	0x1
 347 0122 54       		.byte	0x54
 348 0123 77000000 		.4byte	0x77
 349 0127 84000000 		.4byte	.LLST2
 350 012b 09       		.uleb128 0x9
 351 012c 09000000 		.4byte	.LASF23
 352 0130 01       		.byte	0x1
 353 0131 57       		.byte	0x57
 354 0132 C4010000 		.4byte	0x1c4
 355 0136 03       		.uleb128 0x3
 356 0137 91       		.byte	0x91
 357 0138 E07E     		.sleb128 -160
 358 013a 0A       		.uleb128 0xa
 359 013b 83000000 		.4byte	.LASF24
 360 013f 01       		.byte	0x1
 361 0140 58       		.byte	0x58
 362 0141 77000000 		.4byte	0x77
 363 0145 B0000000 		.4byte	.LLST3
 364 0149 0A       		.uleb128 0xa
 365 014a AB010000 		.4byte	.LASF25
 366 014e 01       		.byte	0x1
 367 014f 59       		.byte	0x59
 368 0150 77000000 		.4byte	0x77
 369 0154 D2000000 		.4byte	.LLST4
 370 0158 0A       		.uleb128 0xa
 371 0159 95000000 		.4byte	.LASF26
 372 015d 01       		.byte	0x1
 373 015e 5A       		.byte	0x5a
 374 015f 77000000 		.4byte	0x77
 375 0163 F0000000 		.4byte	.LLST5
 376 0167 0A       		.uleb128 0xa
 377 0168 2F000000 		.4byte	.LASF27
 378 016c 01       		.byte	0x1
 379 016d 5B       		.byte	0x5b
 380 016e 77000000 		.4byte	0x77
 381 0172 0E010000 		.4byte	.LLST6
ARM GAS  C:\Users\kylep\AppData\Local\Temp\ccCOlCJb.s 			page 11


 382 0176 0B       		.uleb128 0xb
 383 0177 726300   		.ascii	"rc\000"
 384 017a 01       		.byte	0x1
 385 017b 5C       		.byte	0x5c
 386 017c 98000000 		.4byte	0x98
 387 0180 2D010000 		.4byte	.LLST7
 388 0184 0A       		.uleb128 0xa
 389 0185 00000000 		.4byte	.LASF28
 390 0189 01       		.byte	0x1
 391 018a 5D       		.byte	0x5d
 392 018b 77000000 		.4byte	0x77
 393 018f 6D010000 		.4byte	.LLST8
 394 0193 0A       		.uleb128 0xa
 395 0194 38000000 		.4byte	.LASF29
 396 0198 01       		.byte	0x1
 397 0199 5E       		.byte	0x5e
 398 019a 77000000 		.4byte	0x77
 399 019e AF010000 		.4byte	.LLST9
 400 01a2 0C       		.uleb128 0xc
 401 01a3 5E000000 		.4byte	.LVL16
 402 01a7 D4010000 		.4byte	0x1d4
 403 01ab 0D       		.uleb128 0xd
 404 01ac 01       		.uleb128 0x1
 405 01ad 50       		.byte	0x50
 406 01ae 02       		.uleb128 0x2
 407 01af 79       		.byte	0x79
 408 01b0 00       		.sleb128 0
 409 01b1 0D       		.uleb128 0xd
 410 01b2 01       		.uleb128 0x1
 411 01b3 51       		.byte	0x51
 412 01b4 02       		.uleb128 0x2
 413 01b5 7D       		.byte	0x7d
 414 01b6 00       		.sleb128 0
 415 01b7 00       		.byte	0
 416 01b8 00       		.byte	0
 417 01b9 0E       		.uleb128 0xe
 418 01ba 04       		.byte	0x4
 419 01bb BF010000 		.4byte	0x1bf
 420 01bf 0F       		.uleb128 0xf
 421 01c0 6B000000 		.4byte	0x6b
 422 01c4 10       		.uleb128 0x10
 423 01c5 6B000000 		.4byte	0x6b
 424 01c9 D4010000 		.4byte	0x1d4
 425 01cd 11       		.uleb128 0x11
 426 01ce BC000000 		.4byte	0xbc
 427 01d2 7F       		.byte	0x7f
 428 01d3 00       		.byte	0
 429 01d4 12       		.uleb128 0x12
 430 01d5 A5000000 		.4byte	.LASF34
 431 01d9 A5000000 		.4byte	.LASF34
 432 01dd 03       		.byte	0x3
 433 01de 4E       		.byte	0x4e
 434 01df 00       		.byte	0
 435              		.section	.debug_abbrev,"",%progbits
 436              	.Ldebug_abbrev0:
 437 0000 01       		.uleb128 0x1
 438 0001 11       		.uleb128 0x11
ARM GAS  C:\Users\kylep\AppData\Local\Temp\ccCOlCJb.s 			page 12


 439 0002 01       		.byte	0x1
 440 0003 25       		.uleb128 0x25
 441 0004 0E       		.uleb128 0xe
 442 0005 13       		.uleb128 0x13
 443 0006 0B       		.uleb128 0xb
 444 0007 03       		.uleb128 0x3
 445 0008 0E       		.uleb128 0xe
 446 0009 1B       		.uleb128 0x1b
 447 000a 0E       		.uleb128 0xe
 448 000b 55       		.uleb128 0x55
 449 000c 17       		.uleb128 0x17
 450 000d 11       		.uleb128 0x11
 451 000e 01       		.uleb128 0x1
 452 000f 10       		.uleb128 0x10
 453 0010 17       		.uleb128 0x17
 454 0011 00       		.byte	0
 455 0012 00       		.byte	0
 456 0013 02       		.uleb128 0x2
 457 0014 24       		.uleb128 0x24
 458 0015 00       		.byte	0
 459 0016 0B       		.uleb128 0xb
 460 0017 0B       		.uleb128 0xb
 461 0018 3E       		.uleb128 0x3e
 462 0019 0B       		.uleb128 0xb
 463 001a 03       		.uleb128 0x3
 464 001b 0E       		.uleb128 0xe
 465 001c 00       		.byte	0
 466 001d 00       		.byte	0
 467 001e 03       		.uleb128 0x3
 468 001f 24       		.uleb128 0x24
 469 0020 00       		.byte	0
 470 0021 0B       		.uleb128 0xb
 471 0022 0B       		.uleb128 0xb
 472 0023 3E       		.uleb128 0x3e
 473 0024 0B       		.uleb128 0xb
 474 0025 03       		.uleb128 0x3
 475 0026 08       		.uleb128 0x8
 476 0027 00       		.byte	0
 477 0028 00       		.byte	0
 478 0029 04       		.uleb128 0x4
 479 002a 16       		.uleb128 0x16
 480 002b 00       		.byte	0
 481 002c 03       		.uleb128 0x3
 482 002d 0E       		.uleb128 0xe
 483 002e 3A       		.uleb128 0x3a
 484 002f 0B       		.uleb128 0xb
 485 0030 3B       		.uleb128 0x3b
 486 0031 05       		.uleb128 0x5
 487 0032 49       		.uleb128 0x49
 488 0033 13       		.uleb128 0x13
 489 0034 00       		.byte	0
 490 0035 00       		.byte	0
 491 0036 05       		.uleb128 0x5
 492 0037 35       		.uleb128 0x35
 493 0038 00       		.byte	0
 494 0039 49       		.uleb128 0x49
 495 003a 13       		.uleb128 0x13
ARM GAS  C:\Users\kylep\AppData\Local\Temp\ccCOlCJb.s 			page 13


 496 003b 00       		.byte	0
 497 003c 00       		.byte	0
 498 003d 06       		.uleb128 0x6
 499 003e 2E       		.uleb128 0x2e
 500 003f 00       		.byte	0
 501 0040 3F       		.uleb128 0x3f
 502 0041 19       		.uleb128 0x19
 503 0042 03       		.uleb128 0x3
 504 0043 0E       		.uleb128 0xe
 505 0044 3A       		.uleb128 0x3a
 506 0045 0B       		.uleb128 0xb
 507 0046 3B       		.uleb128 0x3b
 508 0047 0B       		.uleb128 0xb
 509 0048 27       		.uleb128 0x27
 510 0049 19       		.uleb128 0x19
 511 004a 11       		.uleb128 0x11
 512 004b 01       		.uleb128 0x1
 513 004c 12       		.uleb128 0x12
 514 004d 06       		.uleb128 0x6
 515 004e 40       		.uleb128 0x40
 516 004f 18       		.uleb128 0x18
 517 0050 9742     		.uleb128 0x2117
 518 0052 19       		.uleb128 0x19
 519 0053 00       		.byte	0
 520 0054 00       		.byte	0
 521 0055 07       		.uleb128 0x7
 522 0056 2E       		.uleb128 0x2e
 523 0057 01       		.byte	0x1
 524 0058 3F       		.uleb128 0x3f
 525 0059 19       		.uleb128 0x19
 526 005a 03       		.uleb128 0x3
 527 005b 0E       		.uleb128 0xe
 528 005c 3A       		.uleb128 0x3a
 529 005d 0B       		.uleb128 0xb
 530 005e 3B       		.uleb128 0x3b
 531 005f 0B       		.uleb128 0xb
 532 0060 27       		.uleb128 0x27
 533 0061 19       		.uleb128 0x19
 534 0062 49       		.uleb128 0x49
 535 0063 13       		.uleb128 0x13
 536 0064 11       		.uleb128 0x11
 537 0065 01       		.uleb128 0x1
 538 0066 12       		.uleb128 0x12
 539 0067 06       		.uleb128 0x6
 540 0068 40       		.uleb128 0x40
 541 0069 18       		.uleb128 0x18
 542 006a 9742     		.uleb128 0x2117
 543 006c 19       		.uleb128 0x19
 544 006d 01       		.uleb128 0x1
 545 006e 13       		.uleb128 0x13
 546 006f 00       		.byte	0
 547 0070 00       		.byte	0
 548 0071 08       		.uleb128 0x8
 549 0072 05       		.uleb128 0x5
 550 0073 00       		.byte	0
 551 0074 03       		.uleb128 0x3
 552 0075 0E       		.uleb128 0xe
ARM GAS  C:\Users\kylep\AppData\Local\Temp\ccCOlCJb.s 			page 14


 553 0076 3A       		.uleb128 0x3a
 554 0077 0B       		.uleb128 0xb
 555 0078 3B       		.uleb128 0x3b
 556 0079 0B       		.uleb128 0xb
 557 007a 49       		.uleb128 0x49
 558 007b 13       		.uleb128 0x13
 559 007c 02       		.uleb128 0x2
 560 007d 17       		.uleb128 0x17
 561 007e 00       		.byte	0
 562 007f 00       		.byte	0
 563 0080 09       		.uleb128 0x9
 564 0081 34       		.uleb128 0x34
 565 0082 00       		.byte	0
 566 0083 03       		.uleb128 0x3
 567 0084 0E       		.uleb128 0xe
 568 0085 3A       		.uleb128 0x3a
 569 0086 0B       		.uleb128 0xb
 570 0087 3B       		.uleb128 0x3b
 571 0088 0B       		.uleb128 0xb
 572 0089 49       		.uleb128 0x49
 573 008a 13       		.uleb128 0x13
 574 008b 02       		.uleb128 0x2
 575 008c 18       		.uleb128 0x18
 576 008d 00       		.byte	0
 577 008e 00       		.byte	0
 578 008f 0A       		.uleb128 0xa
 579 0090 34       		.uleb128 0x34
 580 0091 00       		.byte	0
 581 0092 03       		.uleb128 0x3
 582 0093 0E       		.uleb128 0xe
 583 0094 3A       		.uleb128 0x3a
 584 0095 0B       		.uleb128 0xb
 585 0096 3B       		.uleb128 0x3b
 586 0097 0B       		.uleb128 0xb
 587 0098 49       		.uleb128 0x49
 588 0099 13       		.uleb128 0x13
 589 009a 02       		.uleb128 0x2
 590 009b 17       		.uleb128 0x17
 591 009c 00       		.byte	0
 592 009d 00       		.byte	0
 593 009e 0B       		.uleb128 0xb
 594 009f 34       		.uleb128 0x34
 595 00a0 00       		.byte	0
 596 00a1 03       		.uleb128 0x3
 597 00a2 08       		.uleb128 0x8
 598 00a3 3A       		.uleb128 0x3a
 599 00a4 0B       		.uleb128 0xb
 600 00a5 3B       		.uleb128 0x3b
 601 00a6 0B       		.uleb128 0xb
 602 00a7 49       		.uleb128 0x49
 603 00a8 13       		.uleb128 0x13
 604 00a9 02       		.uleb128 0x2
 605 00aa 17       		.uleb128 0x17
 606 00ab 00       		.byte	0
 607 00ac 00       		.byte	0
 608 00ad 0C       		.uleb128 0xc
 609 00ae 898201   		.uleb128 0x4109
ARM GAS  C:\Users\kylep\AppData\Local\Temp\ccCOlCJb.s 			page 15


 610 00b1 01       		.byte	0x1
 611 00b2 11       		.uleb128 0x11
 612 00b3 01       		.uleb128 0x1
 613 00b4 31       		.uleb128 0x31
 614 00b5 13       		.uleb128 0x13
 615 00b6 00       		.byte	0
 616 00b7 00       		.byte	0
 617 00b8 0D       		.uleb128 0xd
 618 00b9 8A8201   		.uleb128 0x410a
 619 00bc 00       		.byte	0
 620 00bd 02       		.uleb128 0x2
 621 00be 18       		.uleb128 0x18
 622 00bf 9142     		.uleb128 0x2111
 623 00c1 18       		.uleb128 0x18
 624 00c2 00       		.byte	0
 625 00c3 00       		.byte	0
 626 00c4 0E       		.uleb128 0xe
 627 00c5 0F       		.uleb128 0xf
 628 00c6 00       		.byte	0
 629 00c7 0B       		.uleb128 0xb
 630 00c8 0B       		.uleb128 0xb
 631 00c9 49       		.uleb128 0x49
 632 00ca 13       		.uleb128 0x13
 633 00cb 00       		.byte	0
 634 00cc 00       		.byte	0
 635 00cd 0F       		.uleb128 0xf
 636 00ce 26       		.uleb128 0x26
 637 00cf 00       		.byte	0
 638 00d0 49       		.uleb128 0x49
 639 00d1 13       		.uleb128 0x13
 640 00d2 00       		.byte	0
 641 00d3 00       		.byte	0
 642 00d4 10       		.uleb128 0x10
 643 00d5 01       		.uleb128 0x1
 644 00d6 01       		.byte	0x1
 645 00d7 49       		.uleb128 0x49
 646 00d8 13       		.uleb128 0x13
 647 00d9 01       		.uleb128 0x1
 648 00da 13       		.uleb128 0x13
 649 00db 00       		.byte	0
 650 00dc 00       		.byte	0
 651 00dd 11       		.uleb128 0x11
 652 00de 21       		.uleb128 0x21
 653 00df 00       		.byte	0
 654 00e0 49       		.uleb128 0x49
 655 00e1 13       		.uleb128 0x13
 656 00e2 2F       		.uleb128 0x2f
 657 00e3 0B       		.uleb128 0xb
 658 00e4 00       		.byte	0
 659 00e5 00       		.byte	0
 660 00e6 12       		.uleb128 0x12
 661 00e7 2E       		.uleb128 0x2e
 662 00e8 00       		.byte	0
 663 00e9 3F       		.uleb128 0x3f
 664 00ea 19       		.uleb128 0x19
 665 00eb 3C       		.uleb128 0x3c
 666 00ec 19       		.uleb128 0x19
ARM GAS  C:\Users\kylep\AppData\Local\Temp\ccCOlCJb.s 			page 16


 667 00ed 6E       		.uleb128 0x6e
 668 00ee 0E       		.uleb128 0xe
 669 00ef 03       		.uleb128 0x3
 670 00f0 0E       		.uleb128 0xe
 671 00f1 3A       		.uleb128 0x3a
 672 00f2 0B       		.uleb128 0xb
 673 00f3 3B       		.uleb128 0x3b
 674 00f4 0B       		.uleb128 0xb
 675 00f5 00       		.byte	0
 676 00f6 00       		.byte	0
 677 00f7 00       		.byte	0
 678              		.section	.debug_loc,"",%progbits
 679              	.Ldebug_loc0:
 680              	.LLST0:
 681 0000 00000000 		.4byte	.LVL0
 682 0004 2C000000 		.4byte	.LVL8
 683 0008 0100     		.2byte	0x1
 684 000a 50       		.byte	0x50
 685 000b 2C000000 		.4byte	.LVL8
 686 000f 6E000000 		.4byte	.LVL18
 687 0013 0100     		.2byte	0x1
 688 0015 58       		.byte	0x58
 689 0016 6E000000 		.4byte	.LVL18
 690 001a 70000000 		.4byte	.LVL19
 691 001e 0100     		.2byte	0x1
 692 0020 50       		.byte	0x50
 693 0021 70000000 		.4byte	.LVL19
 694 0025 7A000000 		.4byte	.LVL24
 695 0029 0100     		.2byte	0x1
 696 002b 58       		.byte	0x58
 697 002c 7A000000 		.4byte	.LVL24
 698 0030 82000000 		.4byte	.LFE2
 699 0034 0400     		.2byte	0x4
 700 0036 F3       		.byte	0xf3
 701 0037 01       		.uleb128 0x1
 702 0038 50       		.byte	0x50
 703 0039 9F       		.byte	0x9f
 704 003a 00000000 		.4byte	0
 705 003e 00000000 		.4byte	0
 706              	.LLST1:
 707 0042 00000000 		.4byte	.LVL0
 708 0046 1E000000 		.4byte	.LVL4
 709 004a 0100     		.2byte	0x1
 710 004c 51       		.byte	0x51
 711 004d 1E000000 		.4byte	.LVL4
 712 0051 6E000000 		.4byte	.LVL18
 713 0055 0100     		.2byte	0x1
 714 0057 56       		.byte	0x56
 715 0058 6E000000 		.4byte	.LVL18
 716 005c 70000000 		.4byte	.LVL19
 717 0060 0100     		.2byte	0x1
 718 0062 51       		.byte	0x51
 719 0063 70000000 		.4byte	.LVL19
 720 0067 7A000000 		.4byte	.LVL22
 721 006b 0100     		.2byte	0x1
 722 006d 56       		.byte	0x56
 723 006e 7A000000 		.4byte	.LVL22
ARM GAS  C:\Users\kylep\AppData\Local\Temp\ccCOlCJb.s 			page 17


 724 0072 82000000 		.4byte	.LFE2
 725 0076 0400     		.2byte	0x4
 726 0078 F3       		.byte	0xf3
 727 0079 01       		.uleb128 0x1
 728 007a 51       		.byte	0x51
 729 007b 9F       		.byte	0x9f
 730 007c 00000000 		.4byte	0
 731 0080 00000000 		.4byte	0
 732              	.LLST2:
 733 0084 00000000 		.4byte	.LVL0
 734 0088 12000000 		.4byte	.LVL2
 735 008c 0100     		.2byte	0x1
 736 008e 52       		.byte	0x52
 737 008f 12000000 		.4byte	.LVL2
 738 0093 7A000000 		.4byte	.LVL23
 739 0097 0100     		.2byte	0x1
 740 0099 57       		.byte	0x57
 741 009a 7A000000 		.4byte	.LVL23
 742 009e 82000000 		.4byte	.LFE2
 743 00a2 0400     		.2byte	0x4
 744 00a4 F3       		.byte	0xf3
 745 00a5 01       		.uleb128 0x1
 746 00a6 52       		.byte	0x52
 747 00a7 9F       		.byte	0x9f
 748 00a8 00000000 		.4byte	0
 749 00ac 00000000 		.4byte	0
 750              	.LLST3:
 751 00b0 1C000000 		.4byte	.LVL3
 752 00b4 26000000 		.4byte	.LVL6
 753 00b8 0100     		.2byte	0x1
 754 00ba 54       		.byte	0x54
 755 00bb 26000000 		.4byte	.LVL6
 756 00bf 6E000000 		.4byte	.LVL18
 757 00c3 0500     		.2byte	0x5
 758 00c5 76       		.byte	0x76
 759 00c6 00       		.sleb128 0
 760 00c7 3F       		.byte	0x3f
 761 00c8 25       		.byte	0x25
 762 00c9 9F       		.byte	0x9f
 763 00ca 00000000 		.4byte	0
 764 00ce 00000000 		.4byte	0
 765              	.LLST4:
 766 00d2 24000000 		.4byte	.LVL5
 767 00d6 30000000 		.4byte	.LVL9
 768 00da 0100     		.2byte	0x1
 769 00dc 53       		.byte	0x53
 770 00dd 30000000 		.4byte	.LVL9
 771 00e1 6E000000 		.4byte	.LVL18
 772 00e5 0100     		.2byte	0x1
 773 00e7 59       		.byte	0x59
 774 00e8 00000000 		.4byte	0
 775 00ec 00000000 		.4byte	0
 776              	.LLST5:
 777 00f0 30000000 		.4byte	.LVL9
 778 00f4 50000000 		.4byte	.LVL13
 779 00f8 0100     		.2byte	0x1
 780 00fa 53       		.byte	0x53
ARM GAS  C:\Users\kylep\AppData\Local\Temp\ccCOlCJb.s 			page 18


 781 00fb 52000000 		.4byte	.LVL14
 782 00ff 5D000000 		.4byte	.LVL16-1
 783 0103 0100     		.2byte	0x1
 784 0105 53       		.byte	0x53
 785 0106 00000000 		.4byte	0
 786 010a 00000000 		.4byte	0
 787              	.LLST6:
 788 010e 2A000000 		.4byte	.LVL7
 789 0112 30000000 		.4byte	.LVL9
 790 0116 0200     		.2byte	0x2
 791 0118 30       		.byte	0x30
 792 0119 9F       		.byte	0x9f
 793 011a 30000000 		.4byte	.LVL9
 794 011e 6E000000 		.4byte	.LVL18
 795 0122 0100     		.2byte	0x1
 796 0124 55       		.byte	0x55
 797 0125 00000000 		.4byte	0
 798 0129 00000000 		.4byte	0
 799              	.LLST7:
 800 012d 2A000000 		.4byte	.LVL7
 801 0131 30000000 		.4byte	.LVL9
 802 0135 0200     		.2byte	0x2
 803 0137 30       		.byte	0x30
 804 0138 9F       		.byte	0x9f
 805 0139 30000000 		.4byte	.LVL9
 806 013d 5A000000 		.4byte	.LVL15
 807 0141 0100     		.2byte	0x1
 808 0143 50       		.byte	0x50
 809 0144 5E000000 		.4byte	.LVL16
 810 0148 6E000000 		.4byte	.LVL18
 811 014c 0100     		.2byte	0x1
 812 014e 50       		.byte	0x50
 813 014f 70000000 		.4byte	.LVL19
 814 0153 76000000 		.4byte	.LVL20
 815 0157 0100     		.2byte	0x1
 816 0159 50       		.byte	0x50
 817 015a 78000000 		.4byte	.LVL21
 818 015e 82000000 		.4byte	.LFE2
 819 0162 0100     		.2byte	0x1
 820 0164 50       		.byte	0x50
 821 0165 00000000 		.4byte	0
 822 0169 00000000 		.4byte	0
 823              	.LLST8:
 824 016d 10000000 		.4byte	.LVL1
 825 0171 1E000000 		.4byte	.LVL4
 826 0175 0100     		.2byte	0x1
 827 0177 51       		.byte	0x51
 828 0178 1E000000 		.4byte	.LVL4
 829 017c 6E000000 		.4byte	.LVL18
 830 0180 0100     		.2byte	0x1
 831 0182 56       		.byte	0x56
 832 0183 6E000000 		.4byte	.LVL18
 833 0187 70000000 		.4byte	.LVL19
 834 018b 0100     		.2byte	0x1
 835 018d 51       		.byte	0x51
 836 018e 70000000 		.4byte	.LVL19
 837 0192 7A000000 		.4byte	.LVL22
ARM GAS  C:\Users\kylep\AppData\Local\Temp\ccCOlCJb.s 			page 19


 838 0196 0100     		.2byte	0x1
 839 0198 56       		.byte	0x56
 840 0199 7A000000 		.4byte	.LVL22
 841 019d 82000000 		.4byte	.LFE2
 842 01a1 0400     		.2byte	0x4
 843 01a3 F3       		.byte	0xf3
 844 01a4 01       		.uleb128 0x1
 845 01a5 51       		.byte	0x51
 846 01a6 9F       		.byte	0x9f
 847 01a7 00000000 		.4byte	0
 848 01ab 00000000 		.4byte	0
 849              	.LLST9:
 850 01af 2A000000 		.4byte	.LVL7
 851 01b3 6E000000 		.4byte	.LVL18
 852 01b7 0100     		.2byte	0x1
 853 01b9 54       		.byte	0x54
 854 01ba 00000000 		.4byte	0
 855 01be 00000000 		.4byte	0
 856              		.section	.debug_aranges,"",%progbits
 857 0000 2C000000 		.4byte	0x2c
 858 0004 0200     		.2byte	0x2
 859 0006 00000000 		.4byte	.Ldebug_info0
 860 000a 04       		.byte	0x4
 861 000b 00       		.byte	0
 862 000c 0000     		.2byte	0
 863 000e 0000     		.2byte	0
 864 0010 00000000 		.4byte	.LFB0
 865 0014 02000000 		.4byte	.LFE0-.LFB0
 866 0018 00000000 		.4byte	.LFB1
 867 001c 02000000 		.4byte	.LFE1-.LFB1
 868 0020 00000000 		.4byte	.LFB2
 869 0024 82000000 		.4byte	.LFE2-.LFB2
 870 0028 00000000 		.4byte	0
 871 002c 00000000 		.4byte	0
 872              		.section	.debug_ranges,"",%progbits
 873              	.Ldebug_ranges0:
 874 0000 00000000 		.4byte	.LFB0
 875 0004 02000000 		.4byte	.LFE0
 876 0008 00000000 		.4byte	.LFB1
 877 000c 02000000 		.4byte	.LFE1
 878 0010 00000000 		.4byte	.LFB2
 879 0014 82000000 		.4byte	.LFE2
 880 0018 00000000 		.4byte	0
 881 001c 00000000 		.4byte	0
 882              		.section	.debug_line,"",%progbits
 883              	.Ldebug_line0:
 884 0000 C8000000 		.section	.debug_str,"MS",%progbits,1
 884      02005200 
 884      00000201 
 884      FB0E0D00 
 884      01010101 
 885              	.LASF28:
 886 0000 65654F66 		.ascii	"eeOffset\000"
 886      66736574 
 886      00
 887              	.LASF23:
 888 0009 77726974 		.ascii	"writeBuffer\000"
ARM GAS  C:\Users\kylep\AppData\Local\Temp\ccCOlCJb.s 			page 20


 888      65427566 
 888      66657200 
 889              	.LASF20:
 890 0015 73726342 		.ascii	"srcBuf\000"
 890      756600
 891              	.LASF3:
 892 001c 73686F72 		.ascii	"short unsigned int\000"
 892      7420756E 
 892      7369676E 
 892      65642069 
 892      6E7400
 893              	.LASF27:
 894 002f 73726349 		.ascii	"srcIndex\000"
 894      6E646578 
 894      00
 895              	.LASF29:
 896 0038 62797465 		.ascii	"byteOffset\000"
 896      4F666673 
 896      657400
 897              	.LASF11:
 898 0043 666C6F61 		.ascii	"float\000"
 898      7400
 899              	.LASF18:
 900 0049 456D4545 		.ascii	"EmEEPROM_Start\000"
 900      50524F4D 
 900      5F537461 
 900      727400
 901              	.LASF1:
 902 0058 756E7369 		.ascii	"unsigned char\000"
 902      676E6564 
 902      20636861 
 902      7200
 903              	.LASF15:
 904 0066 72656738 		.ascii	"reg8\000"
 904      00
 905              	.LASF5:
 906 006b 6C6F6E67 		.ascii	"long unsigned int\000"
 906      20756E73 
 906      69676E65 
 906      6420696E 
 906      7400
 907              	.LASF9:
 908 007d 75696E74 		.ascii	"uint8\000"
 908      3800
 909              	.LASF24:
 910 0083 61727261 		.ascii	"arrayId\000"
 910      79496400 
 911              	.LASF22:
 912 008b 62797465 		.ascii	"byteCount\000"
 912      436F756E 
 912      7400
 913              	.LASF26:
 914 0095 64737449 		.ascii	"dstIndex\000"
 914      6E646578 
 914      00
 915              	.LASF12:
 916 009e 646F7562 		.ascii	"double\000"
ARM GAS  C:\Users\kylep\AppData\Local\Temp\ccCOlCJb.s 			page 21


 916      6C6500
 917              	.LASF34:
 918 00a5 43795379 		.ascii	"CySysFlashWriteRow\000"
 918      73466C61 
 918      73685772 
 918      69746552 
 918      6F7700
 919              	.LASF14:
 920 00b8 63797374 		.ascii	"cystatus\000"
 920      61747573 
 920      00
 921              	.LASF10:
 922 00c1 75696E74 		.ascii	"uint32\000"
 922      333200
 923              	.LASF33:
 924 00c8 456D4545 		.ascii	"EmEEPROM_Write\000"
 924      50524F4D 
 924      5F577269 
 924      746500
 925              	.LASF8:
 926 00d7 756E7369 		.ascii	"unsigned int\000"
 926      676E6564 
 926      20696E74 
 926      00
 927              	.LASF7:
 928 00e4 6C6F6E67 		.ascii	"long long unsigned int\000"
 928      206C6F6E 
 928      6720756E 
 928      7369676E 
 928      65642069 
 929              	.LASF30:
 930 00fb 474E5520 		.ascii	"GNU C11 5.4.1 20160609 (release) [ARM/embedded-5-br"
 930      43313120 
 930      352E342E 
 930      31203230 
 930      31363036 
 931 012e 616E6368 		.ascii	"anch revision 237715] -mcpu=cortex-m0 -mthumb -g -O"
 931      20726576 
 931      6973696F 
 931      6E203233 
 931      37373135 
 932 0161 67202D66 		.ascii	"g -ffunction-sections -ffat-lto-objects\000"
 932      66756E63 
 932      74696F6E 
 932      2D736563 
 932      74696F6E 
 933              	.LASF31:
 934 0189 47656E65 		.ascii	"Generated_Source\\PSoC4\\EmEEPROM.c\000"
 934      72617465 
 934      645F536F 
 934      75726365 
 934      5C50536F 
 935              	.LASF25:
 936 01ab 726F7749 		.ascii	"rowId\000"
 936      6400
 937              	.LASF17:
 938 01b1 73697A65 		.ascii	"sizetype\000"
ARM GAS  C:\Users\kylep\AppData\Local\Temp\ccCOlCJb.s 			page 22


 938      74797065 
 938      00
 939              	.LASF6:
 940 01ba 6C6F6E67 		.ascii	"long long int\000"
 940      206C6F6E 
 940      6720696E 
 940      7400
 941              	.LASF13:
 942 01c8 63686172 		.ascii	"char\000"
 942      00
 943              	.LASF21:
 944 01cd 65657072 		.ascii	"eepromPtr\000"
 944      6F6D5074 
 944      7200
 945              	.LASF2:
 946 01d7 73686F72 		.ascii	"short int\000"
 946      7420696E 
 946      7400
 947              	.LASF4:
 948 01e1 6C6F6E67 		.ascii	"long int\000"
 948      20696E74 
 948      00
 949              	.LASF16:
 950 01ea 6C6F6E67 		.ascii	"long double\000"
 950      20646F75 
 950      626C6500 
 951              	.LASF0:
 952 01f6 7369676E 		.ascii	"signed char\000"
 952      65642063 
 952      68617200 
 953              	.LASF32:
 954 0202 433A5C55 		.ascii	"C:\\Users\\kylep\\Box Sync\\Box Sync\\Feniex Electr"
 954      73657273 
 954      5C6B796C 
 954      65705C42 
 954      6F782053 
 955 0230 6963616C 		.ascii	"ical Files\\WorkingFolder-Kyle\\Firm-AI-Cube\\81-00"
 955      2046696C 
 955      65735C57 
 955      6F726B69 
 955      6E67466F 
 956 0260 3032342D 		.ascii	"024-01.cydsn\000"
 956      30312E63 
 956      7964736E 
 956      00
 957              	.LASF19:
 958 026d 456D4545 		.ascii	"EmEEPROM_Stop\000"
 958      50524F4D 
 958      5F53746F 
 958      7000
 959              		.ident	"GCC: (GNU Tools for ARM Embedded Processors) 5.4.1 20160609 (release) [ARM/embedded-5-bran
