ARM GAS  C:\Users\kylep\AppData\Local\Temp\ccbmExmC.s 			page 1


   1              		.syntax unified
   2              		.cpu cortex-m0
   3              		.fpu softvfp
   4              		.eabi_attribute 20, 1
   5              		.eabi_attribute 21, 1
   6              		.eabi_attribute 23, 3
   7              		.eabi_attribute 24, 1
   8              		.eabi_attribute 25, 1
   9              		.eabi_attribute 26, 1
  10              		.eabi_attribute 30, 1
  11              		.eabi_attribute 34, 0
  12              		.eabi_attribute 18, 4
  13              		.thumb
  14              		.syntax unified
  15              		.file	"main.c"
  16              		.text
  17              	.Ltext0:
  18              		.cfi_sections	.debug_frame
  19              		.section	.text.initializePeripherals,"ax",%progbits
  20              		.align	2
  21              		.code	16
  22              		.thumb_func
  23              		.type	initializePeripherals, %function
  24              	initializePeripherals:
  25              	.LFB37:
  26              		.file 1 "main.c"
   1:main.c        **** /* ========================================
   2:main.c        ****  *
   3:main.c        ****  * Copyright YOUR COMPANY, THE YEAR
   4:main.c        ****  * All Rights Reserved
   5:main.c        ****  * UNPUBLISHED, LICENSED SOFTWARE.
   6:main.c        ****  *
   7:main.c        ****  * CONFIDENTIAL AND PROPRIETARY INFORMATION
   8:main.c        ****  * WHICH IS THE PROPERTY OF your company.
   9:main.c        ****  *
  10:main.c        ****  * ========================================
  11:main.c        **** */
  12:main.c        **** /**********CHANGE LOG**********/
  13:main.c        **** 
  14:main.c        **** 
  15:main.c        **** /**********PREPROCESSOR DIRECTIVES**********/
  16:main.c        **** #include "CommonVariables.h"
  17:main.c        **** #include "BrightnessCommManager.h"
  18:main.c        **** #include "TemperatureCommManager.h"
  19:main.c        **** #include "DriverControl.h"
  20:main.c        **** #include "motorControl.h"
  21:main.c        ****     
  22:main.c        **** /**********DEFINED CONSTANTS**********/
  23:main.c        ****     
  24:main.c        **** 
  25:main.c        **** /**********DATA STRUCTURES**********/
  26:main.c        **** 
  27:main.c        **** 
  28:main.c        **** /**********GLOBAL VARIABLES**********/
  29:main.c        **** static const uint8 CYCODE eepromBrightnessMotorPosition[6] = {0xFF, 0x00, 0x00, 0x00,0x00,0x00};   
  30:main.c        **** static uint8 ramBrightnessMotorPosition[6] ={0x00,0x00,0x00,0x00,00,00};
  31:main.c        **** static const uint8 bSetInitializedAlready = 1;
ARM GAS  C:\Users\kylep\AppData\Local\Temp\ccbmExmC.s 			page 2


  32:main.c        **** static uint8 beepromCountAlreadyReset = 0;
  33:main.c        **** static const uint8 *peepromMemory;
  34:main.c        **** extern MotorIO *pMotor;
  35:main.c        **** 
  36:main.c        **** volatile uint8 timerForInputs=0;
  37:main.c        **** volatile uint16 timerForMotorInputs=0;
  38:main.c        **** /**********LOCAL FUNCTION PROTOTYPES**********/
  39:main.c        **** static void initializePeripherals(void);
  40:main.c        **** 
  41:main.c        **** /**********DEFINED GLOBAL FUNCTIONS**********/
  42:main.c        **** 
  43:main.c        **** /*******************************************************************************
  44:main.c        **** * Function Name: main
  45:main.c        **** ********************************************************************************
  46:main.c        **** *
  47:main.c        **** * Summary:
  48:main.c        **** *  Start of program
  49:main.c        **** *
  50:main.c        **** * Parameters:
  51:main.c        **** *  None.
  52:main.c        **** *
  53:main.c        **** * Return:
  54:main.c        **** *  Never returns.
  55:main.c        **** *
  56:main.c        **** *******************************************************************************/
  57:main.c        **** int main()
  58:main.c        **** {   
  59:main.c        ****     {
  60:main.c        ****     CyGlobalIntEnable;
  61:main.c        ****     initializePeripherals();
  62:main.c        ****     modeChangeISR_Start();
  63:main.c        ****     //ADC_SAR_Seq_1_Start();
  64:main.c        ****     //ADC_SAR_Seq_1_GetResult16();
  65:main.c        ****     //inputIncrease_Start();
  66:main.c        ****     //inputTimerISR_Start();
  67:main.c        ****     
  68:main.c        ****    // if(*(volatile uint8 *) &eepromBrightnessMotorPosition[3] == 0)
  69:main.c        ****     {
  70:main.c        ****         //calibrateMotor();
  71:main.c        ****         ramBrightnessMotorPosition[3] = 1;
  72:main.c        ****         ramBrightnessMotorPosition[2] = 0;
  73:main.c        ****         //ramBrightnessMotorPosition[1] = 0xFF;
  74:main.c        ****        // ramBrightnessMotorPosition[4] = pMotor->forwardLimitCS;
  75:main.c        ****        // ramBrightnessMotorPosition[5] = pMotor->backwardLimitCS;
  76:main.c        ****         //EmEEPROM_Write(&ramBrightnessMotorPosition[1],&eepromBrightnessMotorPosition[1],5);
  77:main.c        ****     }
  78:main.c        ****    // else
  79:main.c        ****     {
  80:main.c        ****         //loadLimitSwitchValue();
  81:main.c        ****     }
  82:main.c        ****     
  83:main.c        ****     
  84:main.c        ****     {
  85:main.c        ****         setIdentityByComm(HEAD_MODULE_ID);
  86:main.c        ****     }
  87:main.c        ****     }    
  88:main.c        **** 
ARM GAS  C:\Users\kylep\AppData\Local\Temp\ccbmExmC.s 			page 3


  89:main.c        ****     for(;;)
  90:main.c        ****     {
  91:main.c        ****         timeOutStateMachine(&eepromBrightnessMotorPosition[0]);
  92:main.c        ****         motorControlLoop(0);
  93:main.c        ****         
  94:main.c        ****     }
  95:main.c        **** }
  96:main.c        **** 
  97:main.c        **** /**********DEFINED GLOBAL FUNCTIONS**********/
  98:main.c        **** 
  99:main.c        **** /*******************************************************************************
 100:main.c        **** * Function Name: initializePeripherals
 101:main.c        **** ********************************************************************************
 102:main.c        **** *
 103:main.c        **** * Summary:
 104:main.c        **** *  Sets up all peripherals needed for the project.
 105:main.c        **** *
 106:main.c        **** * Parameters:
 107:main.c        **** *  None.
 108:main.c        **** *
 109:main.c        **** * Return:
 110:main.c        **** *  None.
 111:main.c        **** *
 112:main.c        **** *******************************************************************************/
 113:main.c        **** 
 114:main.c        **** void takeInputValues(void)
 115:main.c        **** {
 116:main.c        ****     volatile uint8 readInputValues = 0;
 117:main.c        ****     volatile uint8 previousReadInputValues = 0;
 118:main.c        ****     uint8 test = 0;
 119:main.c        ****     static uint16 trackBrightness = 0;
 120:main.c        ****     static uint16 trackMotor = 0;
 121:main.c        ****     
 122:main.c        ****     
 123:main.c        ****     if(timerForInputs == 1)
 124:main.c        ****     {
 125:main.c        ****         timerForInputs = 0;
 126:main.c        ****         readInputValues = inputs_Read();
 127:main.c        ****         timerForMotorInputs++;   
 128:main.c        ****         
 129:main.c        ****         if((readInputValues&DIM_PLUS) == DIM_PLUS)
 130:main.c        ****         {
 131:main.c        ****             if(trackBrightness>=254)
 132:main.c        ****             {
 133:main.c        ****                 trackBrightness = 254;
 134:main.c        ****             }
 135:main.c        ****             trackBrightness+=1;
 136:main.c        ****             setBrightness(trackBrightness);
 137:main.c        ****             test = 2;
 138:main.c        ****         }
 139:main.c        ****         else if((readInputValues&DIM_MINUS) == DIM_MINUS)    //DIMMINUS
 140:main.c        ****         {
 141:main.c        ****             if(trackBrightness<=1)
 142:main.c        ****             {
 143:main.c        ****                 trackBrightness = 1;
 144:main.c        ****             }
 145:main.c        ****             //trackBrightness = 100;
ARM GAS  C:\Users\kylep\AppData\Local\Temp\ccbmExmC.s 			page 4


 146:main.c        ****             trackBrightness-=1;
 147:main.c        ****             setBrightness(trackBrightness);
 148:main.c        ****             test = 3;
 149:main.c        ****         }
 150:main.c        ****         setBrightness(trackBrightness);
 151:main.c        ****     }
 152:main.c        ****     
 153:main.c        ****     if(timerForMotorInputs>1) //|| previousReadInputValues!= readInputValues)
 154:main.c        ****     {
 155:main.c        ****         timerForMotorInputs=0;
 156:main.c        ****         
 157:main.c        ****         if((readInputValues&ZOOM_PLUS) == ZOOM_PLUS)
 158:main.c        ****         {
 159:main.c        ****         if(trackMotor>=254)
 160:main.c        ****         {
 161:main.c        ****             trackMotor = 254;
 162:main.c        ****         }
 163:main.c        ****         //trackMotor=254;
 164:main.c        ****         trackMotor+=1;
 165:main.c        ****         setMotorPosition(trackMotor);
 166:main.c        ****         test = 0;
 167:main.c        ****     }
 168:main.c        ****         else if((readInputValues&ZOOM_MINUS) == ZOOM_MINUS)  //DIMPLUS
 169:main.c        ****         {
 170:main.c        ****         if(trackMotor<=1)
 171:main.c        ****         {
 172:main.c        ****             trackMotor = 1;
 173:main.c        ****         }
 174:main.c        ****         //trackMotor=1;
 175:main.c        ****         trackMotor-=1;
 176:main.c        ****         setMotorPosition(trackMotor);
 177:main.c        ****         test = 1;
 178:main.c        ****     }                  
 179:main.c        ****     }
 180:main.c        ****     previousReadInputValues = readInputValues;
 181:main.c        ****     
 182:main.c        **** }
 183:main.c        **** 
 184:main.c        **** void clearInitializeAlreadyEEPROM(void)
 185:main.c        **** {
 186:main.c        ****     static const uint8 detectedAlready = 0;
 187:main.c        ****     //if(beepromCountAlreadyReset == 0)
 188:main.c        ****     //{
 189:main.c        ****         beepromCountAlreadyReset =1;
 190:main.c        ****         EmEEPROM_Write(&detectedAlready,&eepromBrightnessMotorPosition[3],1);
 191:main.c        ****     //}
 192:main.c        **** }
 193:main.c        **** 
 194:main.c        **** const uint8 * getNonVolatileBarStateMemory(void)
 195:main.c        **** {
 196:main.c        ****     return &eepromBrightnessMotorPosition[0];
 197:main.c        **** }
 198:main.c        **** 
 199:main.c        **** uint8 * getVolatileBarStateMemory(void)
 200:main.c        **** {
 201:main.c        ****     return &ramBrightnessMotorPosition[0];
 202:main.c        **** }
ARM GAS  C:\Users\kylep\AppData\Local\Temp\ccbmExmC.s 			page 5


 203:main.c        **** 
 204:main.c        **** /**********DEFINED LOCAL FUNCTIONS**********/
 205:main.c        **** 
 206:main.c        **** static void initializePeripherals(void)
 207:main.c        **** {
  27              		.loc 1 207 0
  28              		.cfi_startproc
  29              		@ args = 0, pretend = 0, frame = 0
  30              		@ frame_needed = 0, uses_anonymous_args = 0
  31 0000 10B5     		push	{r4, lr}
  32              		.cfi_def_cfa_offset 8
  33              		.cfi_offset 4, -8
  34              		.cfi_offset 14, -4
 208:main.c        ****     //UART_LED_Control_Write(TRUE);
 209:main.c        ****     PWM_Enable_Write(FALSE);
  35              		.loc 1 209 0
  36 0002 0020     		movs	r0, #0
  37 0004 FFF7FEFF 		bl	PWM_Enable_Write
  38              	.LVL0:
 210:main.c        ****     
 211:main.c        ****     PWM_Start();
  39              		.loc 1 211 0
  40 0008 FFF7FEFF 		bl	PWM_Start
  41              	.LVL1:
 212:main.c        ****     PWM_WriteCompare(0);
  42              		.loc 1 212 0
  43 000c 0020     		movs	r0, #0
  44 000e FFF7FEFF 		bl	PWM_WriteCompare
  45              	.LVL2:
 213:main.c        **** 
 214:main.c        ****     CommTimeoutISR_Start();
  46              		.loc 1 214 0
  47 0012 FFF7FEFF 		bl	CommTimeoutISR_Start
  48              	.LVL3:
 215:main.c        ****     AckTimeoutISR_Start();
  49              		.loc 1 215 0
  50 0016 FFF7FEFF 		bl	AckTimeoutISR_Start
  51              	.LVL4:
 216:main.c        ****     
 217:main.c        ****     SamplingTimerISR_Start();
  52              		.loc 1 217 0
  53 001a FFF7FEFF 		bl	SamplingTimerISR_Start
  54              	.LVL5:
 218:main.c        ****     ADC_SAR_Seq_Start();
  55              		.loc 1 218 0
  56 001e FFF7FEFF 		bl	ADC_SAR_Seq_Start
  57              	.LVL6:
 219:main.c        ****     ADC_SAR_Seq_StartConvert();
  58              		.loc 1 219 0
  59 0022 FFF7FEFF 		bl	ADC_SAR_Seq_StartConvert
  60              	.LVL7:
 220:main.c        ****     
 221:main.c        ****     UART_LED_ISR_Start();
  61              		.loc 1 221 0
  62 0026 FFF7FEFF 		bl	UART_LED_ISR_Start
  63              	.LVL8:
 222:main.c        ****     UART_LED_Start();
ARM GAS  C:\Users\kylep\AppData\Local\Temp\ccbmExmC.s 			page 6


  64              		.loc 1 222 0
  65 002a FFF7FEFF 		bl	UART_LED_Start
  66              	.LVL9:
 223:main.c        ****     
 224:main.c        ****     //UART_LED_ISR_Start();
 225:main.c        ****     
 226:main.c        ****     //UART_LED_Start();
 227:main.c        ****     //WakeupISR_Start();
 228:main.c        ****     
 229:main.c        ****     LED_ISR_Start(); 
  67              		.loc 1 229 0
  68 002e FFF7FEFF 		bl	LED_ISR_Start
  69              	.LVL10:
 230:main.c        ****     
 231:main.c        ****     SamplingTimer_Start();
  70              		.loc 1 231 0
  71 0032 FFF7FEFF 		bl	SamplingTimer_Start
  72              	.LVL11:
 232:main.c        ****     TimeoutTimer_Start();
  73              		.loc 1 232 0
  74 0036 FFF7FEFF 		bl	TimeoutTimer_Start
  75              	.LVL12:
 233:main.c        ****     
 234:main.c        ****     EmEEPROM_Start();
  76              		.loc 1 234 0
  77 003a FFF7FEFF 		bl	EmEEPROM_Start
  78              	.LVL13:
 235:main.c        ****     
 236:main.c        ****     initializeMotor();
  79              		.loc 1 236 0
  80 003e FFF7FEFF 		bl	initializeMotor
  81              	.LVL14:
 237:main.c        ****     //CyDelay(250);
 238:main.c        ****     //LED_Output_Write(FALSE);
 239:main.c        ****     //UART_LED_Control_Write(FALSE);
 240:main.c        **** }
  82              		.loc 1 240 0
  83              		@ sp needed
  84 0042 10BD     		pop	{r4, pc}
  85              		.cfi_endproc
  86              	.LFE37:
  87              		.size	initializePeripherals, .-initializePeripherals
  88              		.section	.text.main,"ax",%progbits
  89              		.align	2
  90              		.global	main
  91              		.code	16
  92              		.thumb_func
  93              		.type	main, %function
  94              	main:
  95              	.LFB32:
  58:main.c        ****     {
  96              		.loc 1 58 0
  97              		.cfi_startproc
  98              		@ Volatile: function does not return.
  99              		@ args = 0, pretend = 0, frame = 0
 100              		@ frame_needed = 0, uses_anonymous_args = 0
 101 0000 10B5     		push	{r4, lr}
ARM GAS  C:\Users\kylep\AppData\Local\Temp\ccbmExmC.s 			page 7


 102              		.cfi_def_cfa_offset 8
 103              		.cfi_offset 4, -8
 104              		.cfi_offset 14, -4
  60:main.c        ****     initializePeripherals();
 105              		.loc 1 60 0
 106              		.syntax divided
 107              	@ 60 "main.c" 1
 108 0002 62B6     		CPSIE   i
 109              	@ 0 "" 2
  61:main.c        ****     modeChangeISR_Start();
 110              		.loc 1 61 0
 111              		.thumb
 112              		.syntax unified
 113 0004 FFF7FEFF 		bl	initializePeripherals
 114              	.LVL15:
  62:main.c        ****     //ADC_SAR_Seq_1_Start();
 115              		.loc 1 62 0
 116 0008 FFF7FEFF 		bl	modeChangeISR_Start
 117              	.LVL16:
  71:main.c        ****         ramBrightnessMotorPosition[2] = 0;
 118              		.loc 1 71 0
 119 000c 074B     		ldr	r3, .L4
 120 000e 0122     		movs	r2, #1
 121 0010 DA70     		strb	r2, [r3, #3]
  72:main.c        ****         //ramBrightnessMotorPosition[1] = 0xFF;
 122              		.loc 1 72 0
 123 0012 0022     		movs	r2, #0
 124 0014 9A70     		strb	r2, [r3, #2]
  85:main.c        ****     }
 125              		.loc 1 85 0
 126 0016 0120     		movs	r0, #1
 127 0018 FFF7FEFF 		bl	setIdentityByComm
 128              	.LVL17:
 129              	.L3:
  91:main.c        ****         motorControlLoop(0);
 130              		.loc 1 91 0 discriminator 1
 131 001c 0448     		ldr	r0, .L4+4
 132 001e FFF7FEFF 		bl	timeOutStateMachine
 133              	.LVL18:
  92:main.c        ****         
 134              		.loc 1 92 0 discriminator 1
 135 0022 0020     		movs	r0, #0
 136 0024 FFF7FEFF 		bl	motorControlLoop
 137              	.LVL19:
 138 0028 F8E7     		b	.L3
 139              	.L5:
 140 002a C046     		.align	2
 141              	.L4:
 142 002c 00000000 		.word	.LANCHOR0
 143 0030 00000000 		.word	.LANCHOR1
 144              		.cfi_endproc
 145              	.LFE32:
 146              		.size	main, .-main
 147              		.section	.text.takeInputValues,"ax",%progbits
 148              		.align	2
 149              		.global	takeInputValues
 150              		.code	16
ARM GAS  C:\Users\kylep\AppData\Local\Temp\ccbmExmC.s 			page 8


 151              		.thumb_func
 152              		.type	takeInputValues, %function
 153              	takeInputValues:
 154              	.LFB33:
 115:main.c        ****     volatile uint8 readInputValues = 0;
 155              		.loc 1 115 0
 156              		.cfi_startproc
 157              		@ args = 0, pretend = 0, frame = 8
 158              		@ frame_needed = 0, uses_anonymous_args = 0
 159 0000 10B5     		push	{r4, lr}
 160              		.cfi_def_cfa_offset 8
 161              		.cfi_offset 4, -8
 162              		.cfi_offset 14, -4
 163 0002 82B0     		sub	sp, sp, #8
 164              		.cfi_def_cfa_offset 16
 116:main.c        ****     volatile uint8 previousReadInputValues = 0;
 165              		.loc 1 116 0
 166 0004 0023     		movs	r3, #0
 167 0006 6A46     		mov	r2, sp
 168 0008 D371     		strb	r3, [r2, #7]
 117:main.c        ****     uint8 test = 0;
 169              		.loc 1 117 0
 170 000a 6A46     		mov	r2, sp
 171 000c 9371     		strb	r3, [r2, #6]
 172              	.LVL20:
 123:main.c        ****     {
 173              		.loc 1 123 0
 174 000e 3A4B     		ldr	r3, .L16
 175 0010 9B79     		ldrb	r3, [r3, #6]
 176 0012 012B     		cmp	r3, #1
 177 0014 36D1     		bne	.L7
 125:main.c        ****         readInputValues = inputs_Read();
 178              		.loc 1 125 0
 179 0016 384C     		ldr	r4, .L16
 180 0018 0023     		movs	r3, #0
 181 001a A371     		strb	r3, [r4, #6]
 126:main.c        ****         timerForMotorInputs++;   
 182              		.loc 1 126 0
 183 001c FFF7FEFF 		bl	inputs_Read
 184              	.LVL21:
 185 0020 6B46     		mov	r3, sp
 186 0022 DA1D     		adds	r2, r3, #7
 187 0024 D871     		strb	r0, [r3, #7]
 127:main.c        ****         
 188              		.loc 1 127 0
 189 0026 2389     		ldrh	r3, [r4, #8]
 190 0028 0133     		adds	r3, r3, #1
 191 002a 9BB2     		uxth	r3, r3
 192 002c 2381     		strh	r3, [r4, #8]
 129:main.c        ****         {
 193              		.loc 1 129 0
 194 002e 1378     		ldrb	r3, [r2]
 195 0030 9B07     		lsls	r3, r3, #30
 196 0032 0FD5     		bpl	.L8
 131:main.c        ****             {
 197              		.loc 1 131 0
 198 0034 304B     		ldr	r3, .L16
ARM GAS  C:\Users\kylep\AppData\Local\Temp\ccbmExmC.s 			page 9


 199 0036 5B89     		ldrh	r3, [r3, #10]
 200 0038 FD2B     		cmp	r3, #253
 201 003a 02D9     		bls	.L9
 133:main.c        ****             }
 202              		.loc 1 133 0
 203 003c FE22     		movs	r2, #254
 204 003e 2E4B     		ldr	r3, .L16
 205 0040 5A81     		strh	r2, [r3, #10]
 206              	.L9:
 135:main.c        ****             setBrightness(trackBrightness);
 207              		.loc 1 135 0
 208 0042 2D4B     		ldr	r3, .L16
 209 0044 5889     		ldrh	r0, [r3, #10]
 210 0046 0130     		adds	r0, r0, #1
 211 0048 80B2     		uxth	r0, r0
 212 004a 5881     		strh	r0, [r3, #10]
 136:main.c        ****             test = 2;
 213              		.loc 1 136 0
 214 004c C0B2     		uxtb	r0, r0
 215 004e FFF7FEFF 		bl	setBrightness
 216              	.LVL22:
 217 0052 13E0     		b	.L10
 218              	.LVL23:
 219              	.L8:
 139:main.c        ****         {
 220              		.loc 1 139 0
 221 0054 6B46     		mov	r3, sp
 222 0056 0733     		adds	r3, r3, #7
 223 0058 1B78     		ldrb	r3, [r3]
 224 005a 1B07     		lsls	r3, r3, #28
 225 005c 0ED5     		bpl	.L10
 141:main.c        ****             {
 226              		.loc 1 141 0
 227 005e 264B     		ldr	r3, .L16
 228 0060 5B89     		ldrh	r3, [r3, #10]
 229 0062 012B     		cmp	r3, #1
 230 0064 02D8     		bhi	.L11
 143:main.c        ****             }
 231              		.loc 1 143 0
 232 0066 0122     		movs	r2, #1
 233 0068 234B     		ldr	r3, .L16
 234 006a 5A81     		strh	r2, [r3, #10]
 235              	.L11:
 146:main.c        ****             setBrightness(trackBrightness);
 236              		.loc 1 146 0
 237 006c 224B     		ldr	r3, .L16
 238 006e 5889     		ldrh	r0, [r3, #10]
 239 0070 0138     		subs	r0, r0, #1
 240 0072 80B2     		uxth	r0, r0
 241 0074 5881     		strh	r0, [r3, #10]
 147:main.c        ****             test = 3;
 242              		.loc 1 147 0
 243 0076 C0B2     		uxtb	r0, r0
 244 0078 FFF7FEFF 		bl	setBrightness
 245              	.LVL24:
 246              	.L10:
 150:main.c        ****     }
ARM GAS  C:\Users\kylep\AppData\Local\Temp\ccbmExmC.s 			page 10


 247              		.loc 1 150 0
 248 007c 1E4B     		ldr	r3, .L16
 249 007e 987A     		ldrb	r0, [r3, #10]
 250 0080 FFF7FEFF 		bl	setBrightness
 251              	.LVL25:
 252              	.L7:
 153:main.c        ****     {
 253              		.loc 1 153 0
 254 0084 1C4B     		ldr	r3, .L16
 255 0086 1B89     		ldrh	r3, [r3, #8]
 256 0088 9BB2     		uxth	r3, r3
 257 008a 012B     		cmp	r3, #1
 258 008c 2BD9     		bls	.L12
 155:main.c        ****         
 259              		.loc 1 155 0
 260 008e 0022     		movs	r2, #0
 261 0090 194B     		ldr	r3, .L16
 262 0092 1A81     		strh	r2, [r3, #8]
 157:main.c        ****         {
 263              		.loc 1 157 0
 264 0094 6B46     		mov	r3, sp
 265 0096 0733     		adds	r3, r3, #7
 266 0098 1B78     		ldrb	r3, [r3]
 267 009a 5B07     		lsls	r3, r3, #29
 268 009c 0FD5     		bpl	.L13
 159:main.c        ****         {
 269              		.loc 1 159 0
 270 009e 164B     		ldr	r3, .L16
 271 00a0 9B89     		ldrh	r3, [r3, #12]
 272 00a2 FD2B     		cmp	r3, #253
 273 00a4 02D9     		bls	.L14
 161:main.c        ****         }
 274              		.loc 1 161 0
 275 00a6 FE32     		adds	r2, r2, #254
 276 00a8 134B     		ldr	r3, .L16
 277 00aa 9A81     		strh	r2, [r3, #12]
 278              	.L14:
 164:main.c        ****         setMotorPosition(trackMotor);
 279              		.loc 1 164 0
 280 00ac 124B     		ldr	r3, .L16
 281 00ae 9889     		ldrh	r0, [r3, #12]
 282 00b0 0130     		adds	r0, r0, #1
 283 00b2 80B2     		uxth	r0, r0
 284 00b4 9881     		strh	r0, [r3, #12]
 165:main.c        ****         test = 0;
 285              		.loc 1 165 0
 286 00b6 C0B2     		uxtb	r0, r0
 287 00b8 FFF7FEFF 		bl	setMotorPosition
 288              	.LVL26:
 289 00bc 13E0     		b	.L12
 290              	.LVL27:
 291              	.L13:
 168:main.c        ****         {
 292              		.loc 1 168 0
 293 00be 6B46     		mov	r3, sp
 294 00c0 0733     		adds	r3, r3, #7
 295 00c2 1B78     		ldrb	r3, [r3]
ARM GAS  C:\Users\kylep\AppData\Local\Temp\ccbmExmC.s 			page 11


 296 00c4 DB07     		lsls	r3, r3, #31
 297 00c6 0ED5     		bpl	.L12
 170:main.c        ****         {
 298              		.loc 1 170 0
 299 00c8 0B4B     		ldr	r3, .L16
 300 00ca 9B89     		ldrh	r3, [r3, #12]
 301 00cc 012B     		cmp	r3, #1
 302 00ce 02D8     		bhi	.L15
 172:main.c        ****         }
 303              		.loc 1 172 0
 304 00d0 0122     		movs	r2, #1
 305 00d2 094B     		ldr	r3, .L16
 306 00d4 9A81     		strh	r2, [r3, #12]
 307              	.L15:
 175:main.c        ****         setMotorPosition(trackMotor);
 308              		.loc 1 175 0
 309 00d6 084B     		ldr	r3, .L16
 310 00d8 9889     		ldrh	r0, [r3, #12]
 311 00da 0138     		subs	r0, r0, #1
 312 00dc 80B2     		uxth	r0, r0
 313 00de 9881     		strh	r0, [r3, #12]
 176:main.c        ****         test = 1;
 314              		.loc 1 176 0
 315 00e0 C0B2     		uxtb	r0, r0
 316 00e2 FFF7FEFF 		bl	setMotorPosition
 317              	.LVL28:
 318              	.L12:
 180:main.c        ****     
 319              		.loc 1 180 0
 320 00e6 6B46     		mov	r3, sp
 321 00e8 0733     		adds	r3, r3, #7
 322 00ea 1B78     		ldrb	r3, [r3]
 323 00ec DBB2     		uxtb	r3, r3
 324 00ee 6A46     		mov	r2, sp
 325 00f0 9371     		strb	r3, [r2, #6]
 182:main.c        **** 
 326              		.loc 1 182 0
 327 00f2 02B0     		add	sp, sp, #8
 328              		@ sp needed
 329 00f4 10BD     		pop	{r4, pc}
 330              	.L17:
 331 00f6 C046     		.align	2
 332              	.L16:
 333 00f8 00000000 		.word	.LANCHOR0
 334              		.cfi_endproc
 335              	.LFE33:
 336              		.size	takeInputValues, .-takeInputValues
 337              		.section	.text.clearInitializeAlreadyEEPROM,"ax",%progbits
 338              		.align	2
 339              		.global	clearInitializeAlreadyEEPROM
 340              		.code	16
 341              		.thumb_func
 342              		.type	clearInitializeAlreadyEEPROM, %function
 343              	clearInitializeAlreadyEEPROM:
 344              	.LFB34:
 185:main.c        ****     static const uint8 detectedAlready = 0;
 345              		.loc 1 185 0
ARM GAS  C:\Users\kylep\AppData\Local\Temp\ccbmExmC.s 			page 12


 346              		.cfi_startproc
 347              		@ args = 0, pretend = 0, frame = 0
 348              		@ frame_needed = 0, uses_anonymous_args = 0
 349 0000 10B5     		push	{r4, lr}
 350              		.cfi_def_cfa_offset 8
 351              		.cfi_offset 4, -8
 352              		.cfi_offset 14, -4
 190:main.c        ****     //}
 353              		.loc 1 190 0
 354 0002 0348     		ldr	r0, .L19
 355 0004 C11C     		adds	r1, r0, #3
 356 0006 0630     		adds	r0, r0, #6
 357 0008 0122     		movs	r2, #1
 358 000a FFF7FEFF 		bl	EmEEPROM_Write
 359              	.LVL29:
 192:main.c        **** 
 360              		.loc 1 192 0
 361              		@ sp needed
 362 000e 10BD     		pop	{r4, pc}
 363              	.L20:
 364              		.align	2
 365              	.L19:
 366 0010 00000000 		.word	.LANCHOR1
 367              		.cfi_endproc
 368              	.LFE34:
 369              		.size	clearInitializeAlreadyEEPROM, .-clearInitializeAlreadyEEPROM
 370              		.section	.text.getNonVolatileBarStateMemory,"ax",%progbits
 371              		.align	2
 372              		.global	getNonVolatileBarStateMemory
 373              		.code	16
 374              		.thumb_func
 375              		.type	getNonVolatileBarStateMemory, %function
 376              	getNonVolatileBarStateMemory:
 377              	.LFB35:
 195:main.c        ****     return &eepromBrightnessMotorPosition[0];
 378              		.loc 1 195 0
 379              		.cfi_startproc
 380              		@ args = 0, pretend = 0, frame = 0
 381              		@ frame_needed = 0, uses_anonymous_args = 0
 382              		@ link register save eliminated.
 197:main.c        **** 
 383              		.loc 1 197 0
 384 0000 0048     		ldr	r0, .L22
 385              		@ sp needed
 386 0002 7047     		bx	lr
 387              	.L23:
 388              		.align	2
 389              	.L22:
 390 0004 00000000 		.word	.LANCHOR1
 391              		.cfi_endproc
 392              	.LFE35:
 393              		.size	getNonVolatileBarStateMemory, .-getNonVolatileBarStateMemory
 394              		.section	.text.getVolatileBarStateMemory,"ax",%progbits
 395              		.align	2
 396              		.global	getVolatileBarStateMemory
 397              		.code	16
 398              		.thumb_func
ARM GAS  C:\Users\kylep\AppData\Local\Temp\ccbmExmC.s 			page 13


 399              		.type	getVolatileBarStateMemory, %function
 400              	getVolatileBarStateMemory:
 401              	.LFB36:
 200:main.c        ****     return &ramBrightnessMotorPosition[0];
 402              		.loc 1 200 0
 403              		.cfi_startproc
 404              		@ args = 0, pretend = 0, frame = 0
 405              		@ frame_needed = 0, uses_anonymous_args = 0
 406              		@ link register save eliminated.
 202:main.c        **** 
 407              		.loc 1 202 0
 408 0000 0048     		ldr	r0, .L25
 409              		@ sp needed
 410 0002 7047     		bx	lr
 411              	.L26:
 412              		.align	2
 413              	.L25:
 414 0004 00000000 		.word	.LANCHOR0
 415              		.cfi_endproc
 416              	.LFE36:
 417              		.size	getVolatileBarStateMemory, .-getVolatileBarStateMemory
 418              		.global	timerForMotorInputs
 419              		.global	timerForInputs
 420              		.section	.rodata
 421              		.align	2
 422              		.set	.LANCHOR1,. + 0
 423              		.type	eepromBrightnessMotorPosition, %object
 424              		.size	eepromBrightnessMotorPosition, 6
 425              	eepromBrightnessMotorPosition:
 426 0000 FF       		.byte	-1
 427 0001 00       		.byte	0
 428 0002 00       		.byte	0
 429 0003 00       		.byte	0
 430 0004 00       		.byte	0
 431 0005 00       		.byte	0
 432              		.type	detectedAlready.6613, %object
 433              		.size	detectedAlready.6613, 1
 434              	detectedAlready.6613:
 435 0006 00       		.space	1
 436              		.bss
 437              		.align	2
 438              		.set	.LANCHOR0,. + 0
 439              		.type	ramBrightnessMotorPosition, %object
 440              		.size	ramBrightnessMotorPosition, 6
 441              	ramBrightnessMotorPosition:
 442 0000 00000000 		.space	6
 442      0000
 443              		.type	timerForInputs, %object
 444              		.size	timerForInputs, 1
 445              	timerForInputs:
 446 0006 00       		.space	1
 447 0007 00       		.space	1
 448              		.type	timerForMotorInputs, %object
 449              		.size	timerForMotorInputs, 2
 450              	timerForMotorInputs:
 451 0008 0000     		.space	2
 452              		.type	trackBrightness.6608, %object
ARM GAS  C:\Users\kylep\AppData\Local\Temp\ccbmExmC.s 			page 14


 453              		.size	trackBrightness.6608, 2
 454              	trackBrightness.6608:
 455 000a 0000     		.space	2
 456              		.type	trackMotor.6609, %object
 457              		.size	trackMotor.6609, 2
 458              	trackMotor.6609:
 459 000c 0000     		.space	2
 460              		.text
 461              	.Letext0:
 462              		.file 2 "Generated_Source\\PSoC4/cytypes.h"
 463              		.file 3 "Generated_Source\\PSoC4/PWM_Enable.h"
 464              		.file 4 "Generated_Source\\PSoC4/PWM.h"
 465              		.file 5 "Generated_Source\\PSoC4/CommTimeoutISR.h"
 466              		.file 6 "Generated_Source\\PSoC4/AckTimeoutISR.h"
 467              		.file 7 "Generated_Source\\PSoC4/SamplingTimerISR.h"
 468              		.file 8 "Generated_Source\\PSoC4/ADC_SAR_Seq.h"
 469              		.file 9 "Generated_Source\\PSoC4/UART_LED_ISR.h"
 470              		.file 10 "Generated_Source\\PSoC4/UART_LED.h"
 471              		.file 11 "Generated_Source\\PSoC4/LED_ISR.h"
 472              		.file 12 "Generated_Source\\PSoC4/SamplingTimer.h"
 473              		.file 13 "Generated_Source\\PSoC4/TimeoutTimer.h"
 474              		.file 14 "Generated_Source\\PSoC4/EmEEPROM.h"
 475              		.file 15 "motorControl.h"
 476              		.file 16 "Generated_Source\\PSoC4/modeChangeISR.h"
 477              		.file 17 "DriverControl.h"
 478              		.file 18 "BrightnessCommManager.h"
 479              		.file 19 "Generated_Source\\PSoC4/inputs.h"
 480              		.section	.debug_info,"",%progbits
 481              	.Ldebug_info0:
 482 0000 69040000 		.4byte	0x469
 483 0004 0400     		.2byte	0x4
 484 0006 00000000 		.4byte	.Ldebug_abbrev0
 485 000a 04       		.byte	0x4
 486 000b 01       		.uleb128 0x1
 487 000c A5020000 		.4byte	.LASF56
 488 0010 0C       		.byte	0xc
 489 0011 61030000 		.4byte	.LASF57
 490 0015 3B040000 		.4byte	.LASF58
 491 0019 00000000 		.4byte	.Ldebug_ranges0+0
 492 001d 00000000 		.4byte	0
 493 0021 00000000 		.4byte	.Ldebug_line0
 494 0025 02       		.uleb128 0x2
 495 0026 01       		.byte	0x1
 496 0027 06       		.byte	0x6
 497 0028 0D040000 		.4byte	.LASF0
 498 002c 02       		.uleb128 0x2
 499 002d 01       		.byte	0x1
 500 002e 08       		.byte	0x8
 501 002f 10010000 		.4byte	.LASF1
 502 0033 02       		.uleb128 0x2
 503 0034 02       		.byte	0x2
 504 0035 05       		.byte	0x5
 505 0036 AA030000 		.4byte	.LASF2
 506 003a 02       		.uleb128 0x2
 507 003b 02       		.byte	0x2
 508 003c 07       		.byte	0x7
 509 003d 94000000 		.4byte	.LASF3
ARM GAS  C:\Users\kylep\AppData\Local\Temp\ccbmExmC.s 			page 15


 510 0041 02       		.uleb128 0x2
 511 0042 04       		.byte	0x4
 512 0043 05       		.byte	0x5
 513 0044 EA030000 		.4byte	.LASF4
 514 0048 02       		.uleb128 0x2
 515 0049 04       		.byte	0x4
 516 004a 07       		.byte	0x7
 517 004b 32010000 		.4byte	.LASF5
 518 004f 02       		.uleb128 0x2
 519 0050 08       		.byte	0x8
 520 0051 05       		.byte	0x5
 521 0052 53030000 		.4byte	.LASF6
 522 0056 02       		.uleb128 0x2
 523 0057 08       		.byte	0x8
 524 0058 07       		.byte	0x7
 525 0059 66020000 		.4byte	.LASF7
 526 005d 03       		.uleb128 0x3
 527 005e 04       		.byte	0x4
 528 005f 05       		.byte	0x5
 529 0060 696E7400 		.ascii	"int\000"
 530 0064 02       		.uleb128 0x2
 531 0065 04       		.byte	0x4
 532 0066 07       		.byte	0x7
 533 0067 45020000 		.4byte	.LASF8
 534 006b 04       		.uleb128 0x4
 535 006c 8F020000 		.4byte	.LASF9
 536 0070 02       		.byte	0x2
 537 0071 D201     		.2byte	0x1d2
 538 0073 2C000000 		.4byte	0x2c
 539 0077 04       		.uleb128 0x4
 540 0078 FA010000 		.4byte	.LASF10
 541 007c 02       		.byte	0x2
 542 007d D301     		.2byte	0x1d3
 543 007f 3A000000 		.4byte	0x3a
 544 0083 02       		.uleb128 0x2
 545 0084 04       		.byte	0x4
 546 0085 04       		.byte	0x4
 547 0086 FB000000 		.4byte	.LASF11
 548 008a 02       		.uleb128 0x2
 549 008b 08       		.byte	0x8
 550 008c 04       		.byte	0x4
 551 008d CE010000 		.4byte	.LASF12
 552 0091 02       		.uleb128 0x2
 553 0092 01       		.byte	0x1
 554 0093 08       		.byte	0x8
 555 0094 68030000 		.4byte	.LASF13
 556 0098 05       		.uleb128 0x5
 557 0099 6B000000 		.4byte	0x6b
 558 009d 05       		.uleb128 0x5
 559 009e 77000000 		.4byte	0x77
 560 00a2 02       		.uleb128 0x2
 561 00a3 08       		.byte	0x8
 562 00a4 04       		.byte	0x4
 563 00a5 01040000 		.4byte	.LASF14
 564 00a9 02       		.uleb128 0x2
 565 00aa 04       		.byte	0x4
 566 00ab 07       		.byte	0x7
ARM GAS  C:\Users\kylep\AppData\Local\Temp\ccbmExmC.s 			page 16


 567 00ac 4A030000 		.4byte	.LASF15
 568 00b0 06       		.uleb128 0x6
 569 00b1 04       		.byte	0x4
 570 00b2 6B000000 		.4byte	0x6b
 571 00b6 07       		.uleb128 0x7
 572 00b7 2A020000 		.4byte	.LASF59
 573 00bb 01       		.byte	0x1
 574 00bc CE       		.byte	0xce
 575 00bd 00000000 		.4byte	.LFB37
 576 00c1 44000000 		.4byte	.LFE37-.LFB37
 577 00c5 01       		.uleb128 0x1
 578 00c6 9C       		.byte	0x9c
 579 00c7 67010000 		.4byte	0x167
 580 00cb 08       		.uleb128 0x8
 581 00cc 08000000 		.4byte	.LVL0
 582 00d0 6D030000 		.4byte	0x36d
 583 00d4 DE000000 		.4byte	0xde
 584 00d8 09       		.uleb128 0x9
 585 00d9 01       		.uleb128 0x1
 586 00da 50       		.byte	0x50
 587 00db 01       		.uleb128 0x1
 588 00dc 30       		.byte	0x30
 589 00dd 00       		.byte	0
 590 00de 0A       		.uleb128 0xa
 591 00df 0C000000 		.4byte	.LVL1
 592 00e3 78030000 		.4byte	0x378
 593 00e7 08       		.uleb128 0x8
 594 00e8 12000000 		.4byte	.LVL2
 595 00ec 83030000 		.4byte	0x383
 596 00f0 FA000000 		.4byte	0xfa
 597 00f4 09       		.uleb128 0x9
 598 00f5 01       		.uleb128 0x1
 599 00f6 50       		.byte	0x50
 600 00f7 01       		.uleb128 0x1
 601 00f8 30       		.byte	0x30
 602 00f9 00       		.byte	0
 603 00fa 0A       		.uleb128 0xa
 604 00fb 16000000 		.4byte	.LVL3
 605 00ff 8E030000 		.4byte	0x38e
 606 0103 0A       		.uleb128 0xa
 607 0104 1A000000 		.4byte	.LVL4
 608 0108 99030000 		.4byte	0x399
 609 010c 0A       		.uleb128 0xa
 610 010d 1E000000 		.4byte	.LVL5
 611 0111 A4030000 		.4byte	0x3a4
 612 0115 0A       		.uleb128 0xa
 613 0116 22000000 		.4byte	.LVL6
 614 011a AF030000 		.4byte	0x3af
 615 011e 0A       		.uleb128 0xa
 616 011f 26000000 		.4byte	.LVL7
 617 0123 BA030000 		.4byte	0x3ba
 618 0127 0A       		.uleb128 0xa
 619 0128 2A000000 		.4byte	.LVL8
 620 012c C5030000 		.4byte	0x3c5
 621 0130 0A       		.uleb128 0xa
 622 0131 2E000000 		.4byte	.LVL9
 623 0135 D0030000 		.4byte	0x3d0
ARM GAS  C:\Users\kylep\AppData\Local\Temp\ccbmExmC.s 			page 17


 624 0139 0A       		.uleb128 0xa
 625 013a 32000000 		.4byte	.LVL10
 626 013e DB030000 		.4byte	0x3db
 627 0142 0A       		.uleb128 0xa
 628 0143 36000000 		.4byte	.LVL11
 629 0147 E6030000 		.4byte	0x3e6
 630 014b 0A       		.uleb128 0xa
 631 014c 3A000000 		.4byte	.LVL12
 632 0150 F2030000 		.4byte	0x3f2
 633 0154 0A       		.uleb128 0xa
 634 0155 3E000000 		.4byte	.LVL13
 635 0159 FE030000 		.4byte	0x3fe
 636 015d 0A       		.uleb128 0xa
 637 015e 42000000 		.4byte	.LVL14
 638 0162 09040000 		.4byte	0x409
 639 0166 00       		.byte	0
 640 0167 0B       		.uleb128 0xb
 641 0168 F5010000 		.4byte	.LASF60
 642 016c 01       		.byte	0x1
 643 016d 39       		.byte	0x39
 644 016e 5D000000 		.4byte	0x5d
 645 0172 00000000 		.4byte	.LFB32
 646 0176 34000000 		.4byte	.LFE32-.LFB32
 647 017a 01       		.uleb128 0x1
 648 017b 9C       		.byte	0x9c
 649 017c CC010000 		.4byte	0x1cc
 650 0180 0A       		.uleb128 0xa
 651 0181 08000000 		.4byte	.LVL15
 652 0185 B6000000 		.4byte	0xb6
 653 0189 0A       		.uleb128 0xa
 654 018a 0C000000 		.4byte	.LVL16
 655 018e 14040000 		.4byte	0x414
 656 0192 08       		.uleb128 0x8
 657 0193 1C000000 		.4byte	.LVL17
 658 0197 1F040000 		.4byte	0x41f
 659 019b A5010000 		.4byte	0x1a5
 660 019f 09       		.uleb128 0x9
 661 01a0 01       		.uleb128 0x1
 662 01a1 50       		.byte	0x50
 663 01a2 01       		.uleb128 0x1
 664 01a3 31       		.byte	0x31
 665 01a4 00       		.byte	0
 666 01a5 08       		.uleb128 0x8
 667 01a6 22000000 		.4byte	.LVL18
 668 01aa 2A040000 		.4byte	0x42a
 669 01ae BC010000 		.4byte	0x1bc
 670 01b2 09       		.uleb128 0x9
 671 01b3 01       		.uleb128 0x1
 672 01b4 50       		.byte	0x50
 673 01b5 05       		.uleb128 0x5
 674 01b6 03       		.byte	0x3
 675 01b7 00000000 		.4byte	.LANCHOR1
 676 01bb 00       		.byte	0
 677 01bc 0C       		.uleb128 0xc
 678 01bd 28000000 		.4byte	.LVL19
 679 01c1 35040000 		.4byte	0x435
 680 01c5 09       		.uleb128 0x9
ARM GAS  C:\Users\kylep\AppData\Local\Temp\ccbmExmC.s 			page 18


 681 01c6 01       		.uleb128 0x1
 682 01c7 50       		.byte	0x50
 683 01c8 01       		.uleb128 0x1
 684 01c9 30       		.byte	0x30
 685 01ca 00       		.byte	0
 686 01cb 00       		.byte	0
 687 01cc 0D       		.uleb128 0xd
 688 01cd 01020000 		.4byte	.LASF21
 689 01d1 01       		.byte	0x1
 690 01d2 72       		.byte	0x72
 691 01d3 00000000 		.4byte	.LFB33
 692 01d7 FC000000 		.4byte	.LFE33-.LFB33
 693 01db 01       		.uleb128 0x1
 694 01dc 9C       		.byte	0x9c
 695 01dd 65020000 		.4byte	0x265
 696 01e1 0E       		.uleb128 0xe
 697 01e2 AF010000 		.4byte	.LASF16
 698 01e6 01       		.byte	0x1
 699 01e7 74       		.byte	0x74
 700 01e8 98000000 		.4byte	0x98
 701 01ec 02       		.uleb128 0x2
 702 01ed 91       		.byte	0x91
 703 01ee 77       		.sleb128 -9
 704 01ef 0E       		.uleb128 0xe
 705 01f0 65010000 		.4byte	.LASF17
 706 01f4 01       		.byte	0x1
 707 01f5 75       		.byte	0x75
 708 01f6 98000000 		.4byte	0x98
 709 01fa 02       		.uleb128 0x2
 710 01fb 91       		.byte	0x91
 711 01fc 76       		.sleb128 -10
 712 01fd 0F       		.uleb128 0xf
 713 01fe 40020000 		.4byte	.LASF18
 714 0202 01       		.byte	0x1
 715 0203 76       		.byte	0x76
 716 0204 6B000000 		.4byte	0x6b
 717 0208 00000000 		.4byte	.LLST0
 718 020c 0E       		.uleb128 0xe
 719 020d A7000000 		.4byte	.LASF19
 720 0211 01       		.byte	0x1
 721 0212 77       		.byte	0x77
 722 0213 77000000 		.4byte	0x77
 723 0217 05       		.uleb128 0x5
 724 0218 03       		.byte	0x3
 725 0219 0A000000 		.4byte	trackBrightness.6608
 726 021d 0E       		.uleb128 0xe
 727 021e 9F030000 		.4byte	.LASF20
 728 0222 01       		.byte	0x1
 729 0223 78       		.byte	0x78
 730 0224 77000000 		.4byte	0x77
 731 0228 05       		.uleb128 0x5
 732 0229 03       		.byte	0x3
 733 022a 0C000000 		.4byte	trackMotor.6609
 734 022e 0A       		.uleb128 0xa
 735 022f 20000000 		.4byte	.LVL21
 736 0233 40040000 		.4byte	0x440
 737 0237 0A       		.uleb128 0xa
ARM GAS  C:\Users\kylep\AppData\Local\Temp\ccbmExmC.s 			page 19


 738 0238 52000000 		.4byte	.LVL22
 739 023c 4B040000 		.4byte	0x44b
 740 0240 0A       		.uleb128 0xa
 741 0241 7C000000 		.4byte	.LVL24
 742 0245 4B040000 		.4byte	0x44b
 743 0249 0A       		.uleb128 0xa
 744 024a 84000000 		.4byte	.LVL25
 745 024e 4B040000 		.4byte	0x44b
 746 0252 0A       		.uleb128 0xa
 747 0253 BC000000 		.4byte	.LVL26
 748 0257 56040000 		.4byte	0x456
 749 025b 0A       		.uleb128 0xa
 750 025c E6000000 		.4byte	.LVL28
 751 0260 56040000 		.4byte	0x456
 752 0264 00       		.byte	0
 753 0265 0D       		.uleb128 0xd
 754 0266 CD030000 		.4byte	.LASF22
 755 026a 01       		.byte	0x1
 756 026b B8       		.byte	0xb8
 757 026c 00000000 		.4byte	.LFB34
 758 0270 14000000 		.4byte	.LFE34-.LFB34
 759 0274 01       		.uleb128 0x1
 760 0275 9C       		.byte	0x9c
 761 0276 AD020000 		.4byte	0x2ad
 762 027a 0E       		.uleb128 0xe
 763 027b 95020000 		.4byte	.LASF23
 764 027f 01       		.byte	0x1
 765 0280 BA       		.byte	0xba
 766 0281 AD020000 		.4byte	0x2ad
 767 0285 05       		.uleb128 0x5
 768 0286 03       		.byte	0x3
 769 0287 06000000 		.4byte	detectedAlready.6613
 770 028b 0C       		.uleb128 0xc
 771 028c 0E000000 		.4byte	.LVL29
 772 0290 61040000 		.4byte	0x461
 773 0294 09       		.uleb128 0x9
 774 0295 01       		.uleb128 0x1
 775 0296 50       		.byte	0x50
 776 0297 05       		.uleb128 0x5
 777 0298 03       		.byte	0x3
 778 0299 06000000 		.4byte	.LANCHOR1+6
 779 029d 09       		.uleb128 0x9
 780 029e 01       		.uleb128 0x1
 781 029f 51       		.byte	0x51
 782 02a0 05       		.uleb128 0x5
 783 02a1 03       		.byte	0x3
 784 02a2 03000000 		.4byte	.LANCHOR1+3
 785 02a6 09       		.uleb128 0x9
 786 02a7 01       		.uleb128 0x1
 787 02a8 52       		.byte	0x52
 788 02a9 01       		.uleb128 0x1
 789 02aa 31       		.byte	0x31
 790 02ab 00       		.byte	0
 791 02ac 00       		.byte	0
 792 02ad 10       		.uleb128 0x10
 793 02ae 6B000000 		.4byte	0x6b
 794 02b2 11       		.uleb128 0x11
ARM GAS  C:\Users\kylep\AppData\Local\Temp\ccbmExmC.s 			page 20


 795 02b3 B7000000 		.4byte	.LASF24
 796 02b7 01       		.byte	0x1
 797 02b8 C2       		.byte	0xc2
 798 02b9 C7020000 		.4byte	0x2c7
 799 02bd 00000000 		.4byte	.LFB35
 800 02c1 08000000 		.4byte	.LFE35-.LFB35
 801 02c5 01       		.uleb128 0x1
 802 02c6 9C       		.byte	0x9c
 803 02c7 06       		.uleb128 0x6
 804 02c8 04       		.byte	0x4
 805 02c9 AD020000 		.4byte	0x2ad
 806 02cd 11       		.uleb128 0x11
 807 02ce 00000000 		.4byte	.LASF25
 808 02d2 01       		.byte	0x1
 809 02d3 C7       		.byte	0xc7
 810 02d4 B0000000 		.4byte	0xb0
 811 02d8 00000000 		.4byte	.LFB36
 812 02dc 08000000 		.4byte	.LFE36-.LFB36
 813 02e0 01       		.uleb128 0x1
 814 02e1 9C       		.byte	0x9c
 815 02e2 12       		.uleb128 0x12
 816 02e3 AD020000 		.4byte	0x2ad
 817 02e7 F2020000 		.4byte	0x2f2
 818 02eb 13       		.uleb128 0x13
 819 02ec A9000000 		.4byte	0xa9
 820 02f0 05       		.byte	0x5
 821 02f1 00       		.byte	0
 822 02f2 0E       		.uleb128 0xe
 823 02f3 81030000 		.4byte	.LASF26
 824 02f7 01       		.byte	0x1
 825 02f8 1D       		.byte	0x1d
 826 02f9 03030000 		.4byte	0x303
 827 02fd 05       		.uleb128 0x5
 828 02fe 03       		.byte	0x3
 829 02ff 00000000 		.4byte	eepromBrightnessMotorPosition
 830 0303 10       		.uleb128 0x10
 831 0304 E2020000 		.4byte	0x2e2
 832 0308 12       		.uleb128 0x12
 833 0309 6B000000 		.4byte	0x6b
 834 030d 18030000 		.4byte	0x318
 835 0311 13       		.uleb128 0x13
 836 0312 A9000000 		.4byte	0xa9
 837 0316 05       		.byte	0x5
 838 0317 00       		.byte	0
 839 0318 0E       		.uleb128 0xe
 840 0319 94010000 		.4byte	.LASF27
 841 031d 01       		.byte	0x1
 842 031e 1E       		.byte	0x1e
 843 031f 08030000 		.4byte	0x308
 844 0323 05       		.uleb128 0x5
 845 0324 03       		.byte	0x3
 846 0325 00000000 		.4byte	ramBrightnessMotorPosition
 847 0329 14       		.uleb128 0x14
 848 032a 7D010000 		.4byte	.LASF28
 849 032e 01       		.byte	0x1
 850 032f 1F       		.byte	0x1f
 851 0330 AD020000 		.4byte	0x2ad
ARM GAS  C:\Users\kylep\AppData\Local\Temp\ccbmExmC.s 			page 21


 852 0334 01       		.byte	0x1
 853 0335 15       		.uleb128 0x15
 854 0336 7B000000 		.4byte	.LASF29
 855 033a 01       		.byte	0x1
 856 033b 20       		.byte	0x20
 857 033c 6B000000 		.4byte	0x6b
 858 0340 15       		.uleb128 0x15
 859 0341 6D000000 		.4byte	.LASF30
 860 0345 01       		.byte	0x1
 861 0346 21       		.byte	0x21
 862 0347 C7020000 		.4byte	0x2c7
 863 034b 16       		.uleb128 0x16
 864 034c BF010000 		.4byte	.LASF31
 865 0350 01       		.byte	0x1
 866 0351 24       		.byte	0x24
 867 0352 98000000 		.4byte	0x98
 868 0356 05       		.uleb128 0x5
 869 0357 03       		.byte	0x3
 870 0358 00000000 		.4byte	timerForInputs
 871 035c 16       		.uleb128 0x16
 872 035d 1E010000 		.4byte	.LASF32
 873 0361 01       		.byte	0x1
 874 0362 25       		.byte	0x25
 875 0363 9D000000 		.4byte	0x9d
 876 0367 05       		.uleb128 0x5
 877 0368 03       		.byte	0x3
 878 0369 00000000 		.4byte	timerForMotorInputs
 879 036d 17       		.uleb128 0x17
 880 036e 54010000 		.4byte	.LASF33
 881 0372 54010000 		.4byte	.LASF33
 882 0376 03       		.byte	0x3
 883 0377 2F       		.byte	0x2f
 884 0378 17       		.uleb128 0x17
 885 0379 B4030000 		.4byte	.LASF34
 886 037d B4030000 		.4byte	.LASF34
 887 0381 04       		.byte	0x4
 888 0382 92       		.byte	0x92
 889 0383 17       		.uleb128 0x17
 890 0384 D5010000 		.4byte	.LASF35
 891 0388 D5010000 		.4byte	.LASF35
 892 038c 04       		.byte	0x4
 893 038d C3       		.byte	0xc3
 894 038e 17       		.uleb128 0x17
 895 038f A6040000 		.4byte	.LASF36
 896 0393 A6040000 		.4byte	.LASF36
 897 0397 05       		.byte	0x5
 898 0398 17       		.byte	0x17
 899 0399 17       		.uleb128 0x17
 900 039a E7000000 		.4byte	.LASF37
 901 039e E7000000 		.4byte	.LASF37
 902 03a2 06       		.byte	0x6
 903 03a3 17       		.byte	0x17
 904 03a4 17       		.uleb128 0x17
 905 03a5 33030000 		.4byte	.LASF38
 906 03a9 33030000 		.4byte	.LASF38
 907 03ad 07       		.byte	0x7
 908 03ae 17       		.byte	0x17
ARM GAS  C:\Users\kylep\AppData\Local\Temp\ccbmExmC.s 			page 22


 909 03af 17       		.uleb128 0x17
 910 03b0 7D020000 		.4byte	.LASF39
 911 03b4 7D020000 		.4byte	.LASF39
 912 03b8 08       		.byte	0x8
 913 03b9 99       		.byte	0x99
 914 03ba 17       		.uleb128 0x17
 915 03bb 11020000 		.4byte	.LASF40
 916 03bf 11020000 		.4byte	.LASF40
 917 03c3 08       		.byte	0x8
 918 03c4 9D       		.byte	0x9d
 919 03c5 17       		.uleb128 0x17
 920 03c6 2B000000 		.4byte	.LASF41
 921 03ca 2B000000 		.4byte	.LASF41
 922 03ce 09       		.byte	0x9
 923 03cf 17       		.byte	0x17
 924 03d0 17       		.uleb128 0x17
 925 03d1 BE030000 		.4byte	.LASF42
 926 03d5 BE030000 		.4byte	.LASF42
 927 03d9 0A       		.byte	0xa
 928 03da 72       		.byte	0x72
 929 03db 17       		.uleb128 0x17
 930 03dc F3030000 		.4byte	.LASF43
 931 03e0 F3030000 		.4byte	.LASF43
 932 03e4 0B       		.byte	0xb
 933 03e5 17       		.byte	0x17
 934 03e6 18       		.uleb128 0x18
 935 03e7 6D030000 		.4byte	.LASF44
 936 03eb 6D030000 		.4byte	.LASF44
 937 03ef 0C       		.byte	0xc
 938 03f0 3201     		.2byte	0x132
 939 03f2 18       		.uleb128 0x18
 940 03f3 D4000000 		.4byte	.LASF45
 941 03f7 D4000000 		.4byte	.LASF45
 942 03fb 0D       		.byte	0xd
 943 03fc 3201     		.2byte	0x132
 944 03fe 17       		.uleb128 0x17
 945 03ff 01010000 		.4byte	.LASF46
 946 0403 01010000 		.4byte	.LASF46
 947 0407 0E       		.byte	0xe
 948 0408 29       		.byte	0x29
 949 0409 17       		.uleb128 0x17
 950 040a 44010000 		.4byte	.LASF47
 951 040e 44010000 		.4byte	.LASF47
 952 0412 0F       		.byte	0xf
 953 0413 6E       		.byte	0x6e
 954 0414 17       		.uleb128 0x17
 955 0415 19040000 		.4byte	.LASF48
 956 0419 19040000 		.4byte	.LASF48
 957 041d 10       		.byte	0x10
 958 041e 17       		.byte	0x17
 959 041f 17       		.uleb128 0x17
 960 0420 4A000000 		.4byte	.LASF49
 961 0424 4A000000 		.4byte	.LASF49
 962 0428 11       		.byte	0x11
 963 0429 28       		.byte	0x28
 964 042a 17       		.uleb128 0x17
 965 042b 52020000 		.4byte	.LASF50
ARM GAS  C:\Users\kylep\AppData\Local\Temp\ccbmExmC.s 			page 23


 966 042f 52020000 		.4byte	.LASF50
 967 0433 12       		.byte	0x12
 968 0434 31       		.byte	0x31
 969 0435 17       		.uleb128 0x17
 970 0436 5C000000 		.4byte	.LASF51
 971 043a 5C000000 		.4byte	.LASF51
 972 043e 0F       		.byte	0xf
 973 043f 70       		.byte	0x70
 974 0440 17       		.uleb128 0x17
 975 0441 3E000000 		.4byte	.LASF52
 976 0445 3E000000 		.4byte	.LASF52
 977 0449 13       		.byte	0x13
 978 044a 30       		.byte	0x30
 979 044b 17       		.uleb128 0x17
 980 044c 2D040000 		.4byte	.LASF53
 981 0450 2D040000 		.4byte	.LASF53
 982 0454 11       		.byte	0x11
 983 0455 35       		.byte	0x35
 984 0456 17       		.uleb128 0x17
 985 0457 1A000000 		.4byte	.LASF54
 986 045b 1A000000 		.4byte	.LASF54
 987 045f 0F       		.byte	0xf
 988 0460 73       		.byte	0x73
 989 0461 17       		.uleb128 0x17
 990 0462 E6010000 		.4byte	.LASF55
 991 0466 E6010000 		.4byte	.LASF55
 992 046a 0E       		.byte	0xe
 993 046b 2F       		.byte	0x2f
 994 046c 00       		.byte	0
 995              		.section	.debug_abbrev,"",%progbits
 996              	.Ldebug_abbrev0:
 997 0000 01       		.uleb128 0x1
 998 0001 11       		.uleb128 0x11
 999 0002 01       		.byte	0x1
 1000 0003 25       		.uleb128 0x25
 1001 0004 0E       		.uleb128 0xe
 1002 0005 13       		.uleb128 0x13
 1003 0006 0B       		.uleb128 0xb
 1004 0007 03       		.uleb128 0x3
 1005 0008 0E       		.uleb128 0xe
 1006 0009 1B       		.uleb128 0x1b
 1007 000a 0E       		.uleb128 0xe
 1008 000b 55       		.uleb128 0x55
 1009 000c 17       		.uleb128 0x17
 1010 000d 11       		.uleb128 0x11
 1011 000e 01       		.uleb128 0x1
 1012 000f 10       		.uleb128 0x10
 1013 0010 17       		.uleb128 0x17
 1014 0011 00       		.byte	0
 1015 0012 00       		.byte	0
 1016 0013 02       		.uleb128 0x2
 1017 0014 24       		.uleb128 0x24
 1018 0015 00       		.byte	0
 1019 0016 0B       		.uleb128 0xb
 1020 0017 0B       		.uleb128 0xb
 1021 0018 3E       		.uleb128 0x3e
 1022 0019 0B       		.uleb128 0xb
ARM GAS  C:\Users\kylep\AppData\Local\Temp\ccbmExmC.s 			page 24


 1023 001a 03       		.uleb128 0x3
 1024 001b 0E       		.uleb128 0xe
 1025 001c 00       		.byte	0
 1026 001d 00       		.byte	0
 1027 001e 03       		.uleb128 0x3
 1028 001f 24       		.uleb128 0x24
 1029 0020 00       		.byte	0
 1030 0021 0B       		.uleb128 0xb
 1031 0022 0B       		.uleb128 0xb
 1032 0023 3E       		.uleb128 0x3e
 1033 0024 0B       		.uleb128 0xb
 1034 0025 03       		.uleb128 0x3
 1035 0026 08       		.uleb128 0x8
 1036 0027 00       		.byte	0
 1037 0028 00       		.byte	0
 1038 0029 04       		.uleb128 0x4
 1039 002a 16       		.uleb128 0x16
 1040 002b 00       		.byte	0
 1041 002c 03       		.uleb128 0x3
 1042 002d 0E       		.uleb128 0xe
 1043 002e 3A       		.uleb128 0x3a
 1044 002f 0B       		.uleb128 0xb
 1045 0030 3B       		.uleb128 0x3b
 1046 0031 05       		.uleb128 0x5
 1047 0032 49       		.uleb128 0x49
 1048 0033 13       		.uleb128 0x13
 1049 0034 00       		.byte	0
 1050 0035 00       		.byte	0
 1051 0036 05       		.uleb128 0x5
 1052 0037 35       		.uleb128 0x35
 1053 0038 00       		.byte	0
 1054 0039 49       		.uleb128 0x49
 1055 003a 13       		.uleb128 0x13
 1056 003b 00       		.byte	0
 1057 003c 00       		.byte	0
 1058 003d 06       		.uleb128 0x6
 1059 003e 0F       		.uleb128 0xf
 1060 003f 00       		.byte	0
 1061 0040 0B       		.uleb128 0xb
 1062 0041 0B       		.uleb128 0xb
 1063 0042 49       		.uleb128 0x49
 1064 0043 13       		.uleb128 0x13
 1065 0044 00       		.byte	0
 1066 0045 00       		.byte	0
 1067 0046 07       		.uleb128 0x7
 1068 0047 2E       		.uleb128 0x2e
 1069 0048 01       		.byte	0x1
 1070 0049 03       		.uleb128 0x3
 1071 004a 0E       		.uleb128 0xe
 1072 004b 3A       		.uleb128 0x3a
 1073 004c 0B       		.uleb128 0xb
 1074 004d 3B       		.uleb128 0x3b
 1075 004e 0B       		.uleb128 0xb
 1076 004f 27       		.uleb128 0x27
 1077 0050 19       		.uleb128 0x19
 1078 0051 11       		.uleb128 0x11
 1079 0052 01       		.uleb128 0x1
ARM GAS  C:\Users\kylep\AppData\Local\Temp\ccbmExmC.s 			page 25


 1080 0053 12       		.uleb128 0x12
 1081 0054 06       		.uleb128 0x6
 1082 0055 40       		.uleb128 0x40
 1083 0056 18       		.uleb128 0x18
 1084 0057 9742     		.uleb128 0x2117
 1085 0059 19       		.uleb128 0x19
 1086 005a 01       		.uleb128 0x1
 1087 005b 13       		.uleb128 0x13
 1088 005c 00       		.byte	0
 1089 005d 00       		.byte	0
 1090 005e 08       		.uleb128 0x8
 1091 005f 898201   		.uleb128 0x4109
 1092 0062 01       		.byte	0x1
 1093 0063 11       		.uleb128 0x11
 1094 0064 01       		.uleb128 0x1
 1095 0065 31       		.uleb128 0x31
 1096 0066 13       		.uleb128 0x13
 1097 0067 01       		.uleb128 0x1
 1098 0068 13       		.uleb128 0x13
 1099 0069 00       		.byte	0
 1100 006a 00       		.byte	0
 1101 006b 09       		.uleb128 0x9
 1102 006c 8A8201   		.uleb128 0x410a
 1103 006f 00       		.byte	0
 1104 0070 02       		.uleb128 0x2
 1105 0071 18       		.uleb128 0x18
 1106 0072 9142     		.uleb128 0x2111
 1107 0074 18       		.uleb128 0x18
 1108 0075 00       		.byte	0
 1109 0076 00       		.byte	0
 1110 0077 0A       		.uleb128 0xa
 1111 0078 898201   		.uleb128 0x4109
 1112 007b 00       		.byte	0
 1113 007c 11       		.uleb128 0x11
 1114 007d 01       		.uleb128 0x1
 1115 007e 31       		.uleb128 0x31
 1116 007f 13       		.uleb128 0x13
 1117 0080 00       		.byte	0
 1118 0081 00       		.byte	0
 1119 0082 0B       		.uleb128 0xb
 1120 0083 2E       		.uleb128 0x2e
 1121 0084 01       		.byte	0x1
 1122 0085 3F       		.uleb128 0x3f
 1123 0086 19       		.uleb128 0x19
 1124 0087 03       		.uleb128 0x3
 1125 0088 0E       		.uleb128 0xe
 1126 0089 3A       		.uleb128 0x3a
 1127 008a 0B       		.uleb128 0xb
 1128 008b 3B       		.uleb128 0x3b
 1129 008c 0B       		.uleb128 0xb
 1130 008d 49       		.uleb128 0x49
 1131 008e 13       		.uleb128 0x13
 1132 008f 8701     		.uleb128 0x87
 1133 0091 19       		.uleb128 0x19
 1134 0092 11       		.uleb128 0x11
 1135 0093 01       		.uleb128 0x1
 1136 0094 12       		.uleb128 0x12
ARM GAS  C:\Users\kylep\AppData\Local\Temp\ccbmExmC.s 			page 26


 1137 0095 06       		.uleb128 0x6
 1138 0096 40       		.uleb128 0x40
 1139 0097 18       		.uleb128 0x18
 1140 0098 9742     		.uleb128 0x2117
 1141 009a 19       		.uleb128 0x19
 1142 009b 01       		.uleb128 0x1
 1143 009c 13       		.uleb128 0x13
 1144 009d 00       		.byte	0
 1145 009e 00       		.byte	0
 1146 009f 0C       		.uleb128 0xc
 1147 00a0 898201   		.uleb128 0x4109
 1148 00a3 01       		.byte	0x1
 1149 00a4 11       		.uleb128 0x11
 1150 00a5 01       		.uleb128 0x1
 1151 00a6 31       		.uleb128 0x31
 1152 00a7 13       		.uleb128 0x13
 1153 00a8 00       		.byte	0
 1154 00a9 00       		.byte	0
 1155 00aa 0D       		.uleb128 0xd
 1156 00ab 2E       		.uleb128 0x2e
 1157 00ac 01       		.byte	0x1
 1158 00ad 3F       		.uleb128 0x3f
 1159 00ae 19       		.uleb128 0x19
 1160 00af 03       		.uleb128 0x3
 1161 00b0 0E       		.uleb128 0xe
 1162 00b1 3A       		.uleb128 0x3a
 1163 00b2 0B       		.uleb128 0xb
 1164 00b3 3B       		.uleb128 0x3b
 1165 00b4 0B       		.uleb128 0xb
 1166 00b5 27       		.uleb128 0x27
 1167 00b6 19       		.uleb128 0x19
 1168 00b7 11       		.uleb128 0x11
 1169 00b8 01       		.uleb128 0x1
 1170 00b9 12       		.uleb128 0x12
 1171 00ba 06       		.uleb128 0x6
 1172 00bb 40       		.uleb128 0x40
 1173 00bc 18       		.uleb128 0x18
 1174 00bd 9742     		.uleb128 0x2117
 1175 00bf 19       		.uleb128 0x19
 1176 00c0 01       		.uleb128 0x1
 1177 00c1 13       		.uleb128 0x13
 1178 00c2 00       		.byte	0
 1179 00c3 00       		.byte	0
 1180 00c4 0E       		.uleb128 0xe
 1181 00c5 34       		.uleb128 0x34
 1182 00c6 00       		.byte	0
 1183 00c7 03       		.uleb128 0x3
 1184 00c8 0E       		.uleb128 0xe
 1185 00c9 3A       		.uleb128 0x3a
 1186 00ca 0B       		.uleb128 0xb
 1187 00cb 3B       		.uleb128 0x3b
 1188 00cc 0B       		.uleb128 0xb
 1189 00cd 49       		.uleb128 0x49
 1190 00ce 13       		.uleb128 0x13
 1191 00cf 02       		.uleb128 0x2
 1192 00d0 18       		.uleb128 0x18
 1193 00d1 00       		.byte	0
ARM GAS  C:\Users\kylep\AppData\Local\Temp\ccbmExmC.s 			page 27


 1194 00d2 00       		.byte	0
 1195 00d3 0F       		.uleb128 0xf
 1196 00d4 34       		.uleb128 0x34
 1197 00d5 00       		.byte	0
 1198 00d6 03       		.uleb128 0x3
 1199 00d7 0E       		.uleb128 0xe
 1200 00d8 3A       		.uleb128 0x3a
 1201 00d9 0B       		.uleb128 0xb
 1202 00da 3B       		.uleb128 0x3b
 1203 00db 0B       		.uleb128 0xb
 1204 00dc 49       		.uleb128 0x49
 1205 00dd 13       		.uleb128 0x13
 1206 00de 02       		.uleb128 0x2
 1207 00df 17       		.uleb128 0x17
 1208 00e0 00       		.byte	0
 1209 00e1 00       		.byte	0
 1210 00e2 10       		.uleb128 0x10
 1211 00e3 26       		.uleb128 0x26
 1212 00e4 00       		.byte	0
 1213 00e5 49       		.uleb128 0x49
 1214 00e6 13       		.uleb128 0x13
 1215 00e7 00       		.byte	0
 1216 00e8 00       		.byte	0
 1217 00e9 11       		.uleb128 0x11
 1218 00ea 2E       		.uleb128 0x2e
 1219 00eb 00       		.byte	0
 1220 00ec 3F       		.uleb128 0x3f
 1221 00ed 19       		.uleb128 0x19
 1222 00ee 03       		.uleb128 0x3
 1223 00ef 0E       		.uleb128 0xe
 1224 00f0 3A       		.uleb128 0x3a
 1225 00f1 0B       		.uleb128 0xb
 1226 00f2 3B       		.uleb128 0x3b
 1227 00f3 0B       		.uleb128 0xb
 1228 00f4 27       		.uleb128 0x27
 1229 00f5 19       		.uleb128 0x19
 1230 00f6 49       		.uleb128 0x49
 1231 00f7 13       		.uleb128 0x13
 1232 00f8 11       		.uleb128 0x11
 1233 00f9 01       		.uleb128 0x1
 1234 00fa 12       		.uleb128 0x12
 1235 00fb 06       		.uleb128 0x6
 1236 00fc 40       		.uleb128 0x40
 1237 00fd 18       		.uleb128 0x18
 1238 00fe 9742     		.uleb128 0x2117
 1239 0100 19       		.uleb128 0x19
 1240 0101 00       		.byte	0
 1241 0102 00       		.byte	0
 1242 0103 12       		.uleb128 0x12
 1243 0104 01       		.uleb128 0x1
 1244 0105 01       		.byte	0x1
 1245 0106 49       		.uleb128 0x49
 1246 0107 13       		.uleb128 0x13
 1247 0108 01       		.uleb128 0x1
 1248 0109 13       		.uleb128 0x13
 1249 010a 00       		.byte	0
 1250 010b 00       		.byte	0
ARM GAS  C:\Users\kylep\AppData\Local\Temp\ccbmExmC.s 			page 28


 1251 010c 13       		.uleb128 0x13
 1252 010d 21       		.uleb128 0x21
 1253 010e 00       		.byte	0
 1254 010f 49       		.uleb128 0x49
 1255 0110 13       		.uleb128 0x13
 1256 0111 2F       		.uleb128 0x2f
 1257 0112 0B       		.uleb128 0xb
 1258 0113 00       		.byte	0
 1259 0114 00       		.byte	0
 1260 0115 14       		.uleb128 0x14
 1261 0116 34       		.uleb128 0x34
 1262 0117 00       		.byte	0
 1263 0118 03       		.uleb128 0x3
 1264 0119 0E       		.uleb128 0xe
 1265 011a 3A       		.uleb128 0x3a
 1266 011b 0B       		.uleb128 0xb
 1267 011c 3B       		.uleb128 0x3b
 1268 011d 0B       		.uleb128 0xb
 1269 011e 49       		.uleb128 0x49
 1270 011f 13       		.uleb128 0x13
 1271 0120 1C       		.uleb128 0x1c
 1272 0121 0B       		.uleb128 0xb
 1273 0122 00       		.byte	0
 1274 0123 00       		.byte	0
 1275 0124 15       		.uleb128 0x15
 1276 0125 34       		.uleb128 0x34
 1277 0126 00       		.byte	0
 1278 0127 03       		.uleb128 0x3
 1279 0128 0E       		.uleb128 0xe
 1280 0129 3A       		.uleb128 0x3a
 1281 012a 0B       		.uleb128 0xb
 1282 012b 3B       		.uleb128 0x3b
 1283 012c 0B       		.uleb128 0xb
 1284 012d 49       		.uleb128 0x49
 1285 012e 13       		.uleb128 0x13
 1286 012f 00       		.byte	0
 1287 0130 00       		.byte	0
 1288 0131 16       		.uleb128 0x16
 1289 0132 34       		.uleb128 0x34
 1290 0133 00       		.byte	0
 1291 0134 03       		.uleb128 0x3
 1292 0135 0E       		.uleb128 0xe
 1293 0136 3A       		.uleb128 0x3a
 1294 0137 0B       		.uleb128 0xb
 1295 0138 3B       		.uleb128 0x3b
 1296 0139 0B       		.uleb128 0xb
 1297 013a 49       		.uleb128 0x49
 1298 013b 13       		.uleb128 0x13
 1299 013c 3F       		.uleb128 0x3f
 1300 013d 19       		.uleb128 0x19
 1301 013e 02       		.uleb128 0x2
 1302 013f 18       		.uleb128 0x18
 1303 0140 00       		.byte	0
 1304 0141 00       		.byte	0
 1305 0142 17       		.uleb128 0x17
 1306 0143 2E       		.uleb128 0x2e
 1307 0144 00       		.byte	0
ARM GAS  C:\Users\kylep\AppData\Local\Temp\ccbmExmC.s 			page 29


 1308 0145 3F       		.uleb128 0x3f
 1309 0146 19       		.uleb128 0x19
 1310 0147 3C       		.uleb128 0x3c
 1311 0148 19       		.uleb128 0x19
 1312 0149 6E       		.uleb128 0x6e
 1313 014a 0E       		.uleb128 0xe
 1314 014b 03       		.uleb128 0x3
 1315 014c 0E       		.uleb128 0xe
 1316 014d 3A       		.uleb128 0x3a
 1317 014e 0B       		.uleb128 0xb
 1318 014f 3B       		.uleb128 0x3b
 1319 0150 0B       		.uleb128 0xb
 1320 0151 00       		.byte	0
 1321 0152 00       		.byte	0
 1322 0153 18       		.uleb128 0x18
 1323 0154 2E       		.uleb128 0x2e
 1324 0155 00       		.byte	0
 1325 0156 3F       		.uleb128 0x3f
 1326 0157 19       		.uleb128 0x19
 1327 0158 3C       		.uleb128 0x3c
 1328 0159 19       		.uleb128 0x19
 1329 015a 6E       		.uleb128 0x6e
 1330 015b 0E       		.uleb128 0xe
 1331 015c 03       		.uleb128 0x3
 1332 015d 0E       		.uleb128 0xe
 1333 015e 3A       		.uleb128 0x3a
 1334 015f 0B       		.uleb128 0xb
 1335 0160 3B       		.uleb128 0x3b
 1336 0161 05       		.uleb128 0x5
 1337 0162 00       		.byte	0
 1338 0163 00       		.byte	0
 1339 0164 00       		.byte	0
 1340              		.section	.debug_loc,"",%progbits
 1341              	.Ldebug_loc0:
 1342              	.LLST0:
 1343 0000 0E000000 		.4byte	.LVL20
 1344 0004 52000000 		.4byte	.LVL22
 1345 0008 0200     		.2byte	0x2
 1346 000a 30       		.byte	0x30
 1347 000b 9F       		.byte	0x9f
 1348 000c 52000000 		.4byte	.LVL22
 1349 0010 54000000 		.4byte	.LVL23
 1350 0014 0200     		.2byte	0x2
 1351 0016 32       		.byte	0x32
 1352 0017 9F       		.byte	0x9f
 1353 0018 54000000 		.4byte	.LVL23
 1354 001c 7C000000 		.4byte	.LVL24
 1355 0020 0200     		.2byte	0x2
 1356 0022 30       		.byte	0x30
 1357 0023 9F       		.byte	0x9f
 1358 0024 BC000000 		.4byte	.LVL26
 1359 0028 BE000000 		.4byte	.LVL27
 1360 002c 0200     		.2byte	0x2
 1361 002e 30       		.byte	0x30
 1362 002f 9F       		.byte	0x9f
 1363 0030 00000000 		.4byte	0
 1364 0034 00000000 		.4byte	0
ARM GAS  C:\Users\kylep\AppData\Local\Temp\ccbmExmC.s 			page 30


 1365              		.section	.debug_aranges,"",%progbits
 1366 0000 44000000 		.4byte	0x44
 1367 0004 0200     		.2byte	0x2
 1368 0006 00000000 		.4byte	.Ldebug_info0
 1369 000a 04       		.byte	0x4
 1370 000b 00       		.byte	0
 1371 000c 0000     		.2byte	0
 1372 000e 0000     		.2byte	0
 1373 0010 00000000 		.4byte	.LFB37
 1374 0014 44000000 		.4byte	.LFE37-.LFB37
 1375 0018 00000000 		.4byte	.LFB32
 1376 001c 34000000 		.4byte	.LFE32-.LFB32
 1377 0020 00000000 		.4byte	.LFB33
 1378 0024 FC000000 		.4byte	.LFE33-.LFB33
 1379 0028 00000000 		.4byte	.LFB34
 1380 002c 14000000 		.4byte	.LFE34-.LFB34
 1381 0030 00000000 		.4byte	.LFB35
 1382 0034 08000000 		.4byte	.LFE35-.LFB35
 1383 0038 00000000 		.4byte	.LFB36
 1384 003c 08000000 		.4byte	.LFE36-.LFB36
 1385 0040 00000000 		.4byte	0
 1386 0044 00000000 		.4byte	0
 1387              		.section	.debug_ranges,"",%progbits
 1388              	.Ldebug_ranges0:
 1389 0000 00000000 		.4byte	.LFB37
 1390 0004 44000000 		.4byte	.LFE37
 1391 0008 00000000 		.4byte	.LFB32
 1392 000c 34000000 		.4byte	.LFE32
 1393 0010 00000000 		.4byte	.LFB33
 1394 0014 FC000000 		.4byte	.LFE33
 1395 0018 00000000 		.4byte	.LFB34
 1396 001c 14000000 		.4byte	.LFE34
 1397 0020 00000000 		.4byte	.LFB35
 1398 0024 08000000 		.4byte	.LFE35
 1399 0028 00000000 		.4byte	.LFB36
 1400 002c 08000000 		.4byte	.LFE36
 1401 0030 00000000 		.4byte	0
 1402 0034 00000000 		.4byte	0
 1403              		.section	.debug_line,"",%progbits
 1404              	.Ldebug_line0:
 1405 0000 13020000 		.section	.debug_str,"MS",%progbits,1
 1405      02006701 
 1405      00000201 
 1405      FB0E0D00 
 1405      01010101 
 1406              	.LASF25:
 1407 0000 67657456 		.ascii	"getVolatileBarStateMemory\000"
 1407      6F6C6174 
 1407      696C6542 
 1407      61725374 
 1407      6174654D 
 1408              	.LASF54:
 1409 001a 7365744D 		.ascii	"setMotorPosition\000"
 1409      6F746F72 
 1409      506F7369 
 1409      74696F6E 
 1409      00
ARM GAS  C:\Users\kylep\AppData\Local\Temp\ccbmExmC.s 			page 31


 1410              	.LASF41:
 1411 002b 55415254 		.ascii	"UART_LED_ISR_Start\000"
 1411      5F4C4544 
 1411      5F495352 
 1411      5F537461 
 1411      727400
 1412              	.LASF52:
 1413 003e 696E7075 		.ascii	"inputs_Read\000"
 1413      74735F52 
 1413      65616400 
 1414              	.LASF49:
 1415 004a 73657449 		.ascii	"setIdentityByComm\000"
 1415      64656E74 
 1415      69747942 
 1415      79436F6D 
 1415      6D00
 1416              	.LASF51:
 1417 005c 6D6F746F 		.ascii	"motorControlLoop\000"
 1417      72436F6E 
 1417      74726F6C 
 1417      4C6F6F70 
 1417      00
 1418              	.LASF30:
 1419 006d 70656570 		.ascii	"peepromMemory\000"
 1419      726F6D4D 
 1419      656D6F72 
 1419      7900
 1420              	.LASF29:
 1421 007b 62656570 		.ascii	"beepromCountAlreadyReset\000"
 1421      726F6D43 
 1421      6F756E74 
 1421      416C7265 
 1421      61647952 
 1422              	.LASF3:
 1423 0094 73686F72 		.ascii	"short unsigned int\000"
 1423      7420756E 
 1423      7369676E 
 1423      65642069 
 1423      6E7400
 1424              	.LASF19:
 1425 00a7 74726163 		.ascii	"trackBrightness\000"
 1425      6B427269 
 1425      6768746E 
 1425      65737300 
 1426              	.LASF24:
 1427 00b7 6765744E 		.ascii	"getNonVolatileBarStateMemory\000"
 1427      6F6E566F 
 1427      6C617469 
 1427      6C654261 
 1427      72537461 
 1428              	.LASF45:
 1429 00d4 54696D65 		.ascii	"TimeoutTimer_Start\000"
 1429      6F757454 
 1429      696D6572 
 1429      5F537461 
 1429      727400
 1430              	.LASF37:
ARM GAS  C:\Users\kylep\AppData\Local\Temp\ccbmExmC.s 			page 32


 1431 00e7 41636B54 		.ascii	"AckTimeoutISR_Start\000"
 1431      696D656F 
 1431      75744953 
 1431      525F5374 
 1431      61727400 
 1432              	.LASF11:
 1433 00fb 666C6F61 		.ascii	"float\000"
 1433      7400
 1434              	.LASF46:
 1435 0101 456D4545 		.ascii	"EmEEPROM_Start\000"
 1435      50524F4D 
 1435      5F537461 
 1435      727400
 1436              	.LASF1:
 1437 0110 756E7369 		.ascii	"unsigned char\000"
 1437      676E6564 
 1437      20636861 
 1437      7200
 1438              	.LASF32:
 1439 011e 74696D65 		.ascii	"timerForMotorInputs\000"
 1439      72466F72 
 1439      4D6F746F 
 1439      72496E70 
 1439      75747300 
 1440              	.LASF5:
 1441 0132 6C6F6E67 		.ascii	"long unsigned int\000"
 1441      20756E73 
 1441      69676E65 
 1441      6420696E 
 1441      7400
 1442              	.LASF47:
 1443 0144 696E6974 		.ascii	"initializeMotor\000"
 1443      69616C69 
 1443      7A654D6F 
 1443      746F7200 
 1444              	.LASF33:
 1445 0154 50574D5F 		.ascii	"PWM_Enable_Write\000"
 1445      456E6162 
 1445      6C655F57 
 1445      72697465 
 1445      00
 1446              	.LASF17:
 1447 0165 70726576 		.ascii	"previousReadInputValues\000"
 1447      696F7573 
 1447      52656164 
 1447      496E7075 
 1447      7456616C 
 1448              	.LASF28:
 1449 017d 62536574 		.ascii	"bSetInitializedAlready\000"
 1449      496E6974 
 1449      69616C69 
 1449      7A656441 
 1449      6C726561 
 1450              	.LASF27:
 1451 0194 72616D42 		.ascii	"ramBrightnessMotorPosition\000"
 1451      72696768 
 1451      746E6573 
ARM GAS  C:\Users\kylep\AppData\Local\Temp\ccbmExmC.s 			page 33


 1451      734D6F74 
 1451      6F72506F 
 1452              	.LASF16:
 1453 01af 72656164 		.ascii	"readInputValues\000"
 1453      496E7075 
 1453      7456616C 
 1453      75657300 
 1454              	.LASF31:
 1455 01bf 74696D65 		.ascii	"timerForInputs\000"
 1455      72466F72 
 1455      496E7075 
 1455      747300
 1456              	.LASF12:
 1457 01ce 646F7562 		.ascii	"double\000"
 1457      6C6500
 1458              	.LASF35:
 1459 01d5 50574D5F 		.ascii	"PWM_WriteCompare\000"
 1459      57726974 
 1459      65436F6D 
 1459      70617265 
 1459      00
 1460              	.LASF55:
 1461 01e6 456D4545 		.ascii	"EmEEPROM_Write\000"
 1461      50524F4D 
 1461      5F577269 
 1461      746500
 1462              	.LASF60:
 1463 01f5 6D61696E 		.ascii	"main\000"
 1463      00
 1464              	.LASF10:
 1465 01fa 75696E74 		.ascii	"uint16\000"
 1465      313600
 1466              	.LASF21:
 1467 0201 74616B65 		.ascii	"takeInputValues\000"
 1467      496E7075 
 1467      7456616C 
 1467      75657300 
 1468              	.LASF40:
 1469 0211 4144435F 		.ascii	"ADC_SAR_Seq_StartConvert\000"
 1469      5341525F 
 1469      5365715F 
 1469      53746172 
 1469      74436F6E 
 1470              	.LASF59:
 1471 022a 696E6974 		.ascii	"initializePeripherals\000"
 1471      69616C69 
 1471      7A655065 
 1471      72697068 
 1471      6572616C 
 1472              	.LASF18:
 1473 0240 74657374 		.ascii	"test\000"
 1473      00
 1474              	.LASF8:
 1475 0245 756E7369 		.ascii	"unsigned int\000"
 1475      676E6564 
 1475      20696E74 
 1475      00
ARM GAS  C:\Users\kylep\AppData\Local\Temp\ccbmExmC.s 			page 34


 1476              	.LASF50:
 1477 0252 74696D65 		.ascii	"timeOutStateMachine\000"
 1477      4F757453 
 1477      74617465 
 1477      4D616368 
 1477      696E6500 
 1478              	.LASF7:
 1479 0266 6C6F6E67 		.ascii	"long long unsigned int\000"
 1479      206C6F6E 
 1479      6720756E 
 1479      7369676E 
 1479      65642069 
 1480              	.LASF39:
 1481 027d 4144435F 		.ascii	"ADC_SAR_Seq_Start\000"
 1481      5341525F 
 1481      5365715F 
 1481      53746172 
 1481      7400
 1482              	.LASF9:
 1483 028f 75696E74 		.ascii	"uint8\000"
 1483      3800
 1484              	.LASF23:
 1485 0295 64657465 		.ascii	"detectedAlready\000"
 1485      63746564 
 1485      416C7265 
 1485      61647900 
 1486              	.LASF56:
 1487 02a5 474E5520 		.ascii	"GNU C11 5.4.1 20160609 (release) [ARM/embedded-5-br"
 1487      43313120 
 1487      352E342E 
 1487      31203230 
 1487      31363036 
 1488 02d8 616E6368 		.ascii	"anch revision 237715] -mcpu=cortex-m0 -mthumb -g -O"
 1488      20726576 
 1488      6973696F 
 1488      6E203233 
 1488      37373135 
 1489 030b 67202D66 		.ascii	"g -ffunction-sections -ffat-lto-objects\000"
 1489      66756E63 
 1489      74696F6E 
 1489      2D736563 
 1489      74696F6E 
 1490              	.LASF38:
 1491 0333 53616D70 		.ascii	"SamplingTimerISR_Start\000"
 1491      6C696E67 
 1491      54696D65 
 1491      72495352 
 1491      5F537461 
 1492              	.LASF15:
 1493 034a 73697A65 		.ascii	"sizetype\000"
 1493      74797065 
 1493      00
 1494              	.LASF6:
 1495 0353 6C6F6E67 		.ascii	"long long int\000"
 1495      206C6F6E 
 1495      6720696E 
 1495      7400
ARM GAS  C:\Users\kylep\AppData\Local\Temp\ccbmExmC.s 			page 35


 1496              	.LASF57:
 1497 0361 6D61696E 		.ascii	"main.c\000"
 1497      2E6300
 1498              	.LASF13:
 1499 0368 63686172 		.ascii	"char\000"
 1499      00
 1500              	.LASF44:
 1501 036d 53616D70 		.ascii	"SamplingTimer_Start\000"
 1501      6C696E67 
 1501      54696D65 
 1501      725F5374 
 1501      61727400 
 1502              	.LASF26:
 1503 0381 65657072 		.ascii	"eepromBrightnessMotorPosition\000"
 1503      6F6D4272 
 1503      69676874 
 1503      6E657373 
 1503      4D6F746F 
 1504              	.LASF20:
 1505 039f 74726163 		.ascii	"trackMotor\000"
 1505      6B4D6F74 
 1505      6F7200
 1506              	.LASF2:
 1507 03aa 73686F72 		.ascii	"short int\000"
 1507      7420696E 
 1507      7400
 1508              	.LASF34:
 1509 03b4 50574D5F 		.ascii	"PWM_Start\000"
 1509      53746172 
 1509      7400
 1510              	.LASF42:
 1511 03be 55415254 		.ascii	"UART_LED_Start\000"
 1511      5F4C4544 
 1511      5F537461 
 1511      727400
 1512              	.LASF22:
 1513 03cd 636C6561 		.ascii	"clearInitializeAlreadyEEPROM\000"
 1513      72496E69 
 1513      7469616C 
 1513      697A6541 
 1513      6C726561 
 1514              	.LASF4:
 1515 03ea 6C6F6E67 		.ascii	"long int\000"
 1515      20696E74 
 1515      00
 1516              	.LASF43:
 1517 03f3 4C45445F 		.ascii	"LED_ISR_Start\000"
 1517      4953525F 
 1517      53746172 
 1517      7400
 1518              	.LASF14:
 1519 0401 6C6F6E67 		.ascii	"long double\000"
 1519      20646F75 
 1519      626C6500 
 1520              	.LASF0:
 1521 040d 7369676E 		.ascii	"signed char\000"
 1521      65642063 
ARM GAS  C:\Users\kylep\AppData\Local\Temp\ccbmExmC.s 			page 36


 1521      68617200 
 1522              	.LASF48:
 1523 0419 6D6F6465 		.ascii	"modeChangeISR_Start\000"
 1523      4368616E 
 1523      67654953 
 1523      525F5374 
 1523      61727400 
 1524              	.LASF53:
 1525 042d 73657442 		.ascii	"setBrightness\000"
 1525      72696768 
 1525      746E6573 
 1525      7300
 1526              	.LASF58:
 1527 043b 433A5C55 		.ascii	"C:\\Users\\kylep\\Box Sync\\Box Sync\\Feniex Electr"
 1527      73657273 
 1527      5C6B796C 
 1527      65705C42 
 1527      6F782053 
 1528 0469 6963616C 		.ascii	"ical Files\\WorkingFolder-Kyle\\Firm-AI-Cube\\81-00"
 1528      2046696C 
 1528      65735C57 
 1528      6F726B69 
 1528      6E67466F 
 1529 0499 3032342D 		.ascii	"024-01.cydsn\000"
 1529      30312E63 
 1529      7964736E 
 1529      00
 1530              	.LASF36:
 1531 04a6 436F6D6D 		.ascii	"CommTimeoutISR_Start\000"
 1531      54696D65 
 1531      6F757449 
 1531      53525F53 
 1531      74617274 
 1532              		.ident	"GCC: (GNU Tools for ARM Embedded Processors) 5.4.1 20160609 (release) [ARM/embedded-5-bran
