ARM GAS  C:\Users\kylep\AppData\Local\Temp\ccQ5EsZM.s 			page 1


   1              		.syntax unified
   2              		.cpu cortex-m0
   3              		.fpu softvfp
   4              		.eabi_attribute 20, 1
   5              		.eabi_attribute 21, 1
   6              		.eabi_attribute 23, 3
   7              		.eabi_attribute 24, 1
   8              		.eabi_attribute 25, 1
   9              		.eabi_attribute 26, 1
  10              		.eabi_attribute 30, 1
  11              		.eabi_attribute 34, 0
  12              		.eabi_attribute 18, 4
  13              		.thumb
  14              		.syntax unified
  15              		.file	"overCurrentTimer_PM.c"
  16              		.text
  17              	.Ltext0:
  18              		.cfi_sections	.debug_frame
  19              		.section	.text.overCurrentTimer_SaveConfig,"ax",%progbits
  20              		.align	2
  21              		.global	overCurrentTimer_SaveConfig
  22              		.code	16
  23              		.thumb_func
  24              		.type	overCurrentTimer_SaveConfig, %function
  25              	overCurrentTimer_SaveConfig:
  26              	.LFB0:
  27              		.file 1 "Generated_Source\\PSoC4\\overCurrentTimer_PM.c"
   1:Generated_Source\PSoC4/overCurrentTimer_PM.c **** /*******************************************************************************
   2:Generated_Source\PSoC4/overCurrentTimer_PM.c **** * File Name: overCurrentTimer_PM.c
   3:Generated_Source\PSoC4/overCurrentTimer_PM.c **** * Version 2.80
   4:Generated_Source\PSoC4/overCurrentTimer_PM.c **** *
   5:Generated_Source\PSoC4/overCurrentTimer_PM.c **** *  Description:
   6:Generated_Source\PSoC4/overCurrentTimer_PM.c **** *     This file provides the power management source code to API for the
   7:Generated_Source\PSoC4/overCurrentTimer_PM.c **** *     Timer.
   8:Generated_Source\PSoC4/overCurrentTimer_PM.c **** *
   9:Generated_Source\PSoC4/overCurrentTimer_PM.c **** *   Note:
  10:Generated_Source\PSoC4/overCurrentTimer_PM.c **** *     None
  11:Generated_Source\PSoC4/overCurrentTimer_PM.c **** *
  12:Generated_Source\PSoC4/overCurrentTimer_PM.c **** *******************************************************************************
  13:Generated_Source\PSoC4/overCurrentTimer_PM.c **** * Copyright 2008-2017, Cypress Semiconductor Corporation.  All rights reserved.
  14:Generated_Source\PSoC4/overCurrentTimer_PM.c **** * You may use this file only in accordance with the license, terms, conditions,
  15:Generated_Source\PSoC4/overCurrentTimer_PM.c **** * disclaimers, and limitations in the end user license agreement accompanying
  16:Generated_Source\PSoC4/overCurrentTimer_PM.c **** * the software package with which this file was provided.
  17:Generated_Source\PSoC4/overCurrentTimer_PM.c **** ********************************************************************************/
  18:Generated_Source\PSoC4/overCurrentTimer_PM.c **** 
  19:Generated_Source\PSoC4/overCurrentTimer_PM.c **** #include "overCurrentTimer.h"
  20:Generated_Source\PSoC4/overCurrentTimer_PM.c **** 
  21:Generated_Source\PSoC4/overCurrentTimer_PM.c **** static overCurrentTimer_backupStruct overCurrentTimer_backup;
  22:Generated_Source\PSoC4/overCurrentTimer_PM.c **** 
  23:Generated_Source\PSoC4/overCurrentTimer_PM.c **** 
  24:Generated_Source\PSoC4/overCurrentTimer_PM.c **** /*******************************************************************************
  25:Generated_Source\PSoC4/overCurrentTimer_PM.c **** * Function Name: overCurrentTimer_SaveConfig
  26:Generated_Source\PSoC4/overCurrentTimer_PM.c **** ********************************************************************************
  27:Generated_Source\PSoC4/overCurrentTimer_PM.c **** *
  28:Generated_Source\PSoC4/overCurrentTimer_PM.c **** * Summary:
  29:Generated_Source\PSoC4/overCurrentTimer_PM.c **** *     Save the current user configuration
  30:Generated_Source\PSoC4/overCurrentTimer_PM.c **** *
ARM GAS  C:\Users\kylep\AppData\Local\Temp\ccQ5EsZM.s 			page 2


  31:Generated_Source\PSoC4/overCurrentTimer_PM.c **** * Parameters:
  32:Generated_Source\PSoC4/overCurrentTimer_PM.c **** *  void
  33:Generated_Source\PSoC4/overCurrentTimer_PM.c **** *
  34:Generated_Source\PSoC4/overCurrentTimer_PM.c **** * Return:
  35:Generated_Source\PSoC4/overCurrentTimer_PM.c **** *  void
  36:Generated_Source\PSoC4/overCurrentTimer_PM.c **** *
  37:Generated_Source\PSoC4/overCurrentTimer_PM.c **** * Global variables:
  38:Generated_Source\PSoC4/overCurrentTimer_PM.c **** *  overCurrentTimer_backup:  Variables of this global structure are modified to
  39:Generated_Source\PSoC4/overCurrentTimer_PM.c **** *  store the values of non retention configuration registers when Sleep() API is
  40:Generated_Source\PSoC4/overCurrentTimer_PM.c **** *  called.
  41:Generated_Source\PSoC4/overCurrentTimer_PM.c **** *
  42:Generated_Source\PSoC4/overCurrentTimer_PM.c **** *******************************************************************************/
  43:Generated_Source\PSoC4/overCurrentTimer_PM.c **** void overCurrentTimer_SaveConfig(void) 
  44:Generated_Source\PSoC4/overCurrentTimer_PM.c **** {
  28              		.loc 1 44 0
  29              		.cfi_startproc
  30              		@ args = 0, pretend = 0, frame = 0
  31              		@ frame_needed = 0, uses_anonymous_args = 0
  32 0000 10B5     		push	{r4, lr}
  33              		.cfi_def_cfa_offset 8
  34              		.cfi_offset 4, -8
  35              		.cfi_offset 14, -4
  45:Generated_Source\PSoC4/overCurrentTimer_PM.c ****     #if (!overCurrentTimer_UsingFixedFunction)
  46:Generated_Source\PSoC4/overCurrentTimer_PM.c ****         overCurrentTimer_backup.TimerUdb = overCurrentTimer_ReadCounter();
  36              		.loc 1 46 0
  37 0002 FFF7FEFF 		bl	overCurrentTimer_ReadCounter
  38              	.LVL0:
  39 0006 044C     		ldr	r4, .L2
  40 0008 6070     		strb	r0, [r4, #1]
  47:Generated_Source\PSoC4/overCurrentTimer_PM.c ****         overCurrentTimer_backup.InterruptMaskValue = overCurrentTimer_STATUS_MASK;
  41              		.loc 1 47 0
  42 000a 044B     		ldr	r3, .L2+4
  43 000c 1B78     		ldrb	r3, [r3]
  44 000e A370     		strb	r3, [r4, #2]
  48:Generated_Source\PSoC4/overCurrentTimer_PM.c ****         #if (overCurrentTimer_UsingHWCaptureCounter)
  49:Generated_Source\PSoC4/overCurrentTimer_PM.c ****             overCurrentTimer_backup.TimerCaptureCounter = overCurrentTimer_ReadCaptureCount();
  50:Generated_Source\PSoC4/overCurrentTimer_PM.c ****         #endif /* Back Up capture counter register  */
  51:Generated_Source\PSoC4/overCurrentTimer_PM.c **** 
  52:Generated_Source\PSoC4/overCurrentTimer_PM.c ****         #if(!overCurrentTimer_UDB_CONTROL_REG_REMOVED)
  53:Generated_Source\PSoC4/overCurrentTimer_PM.c ****             overCurrentTimer_backup.TimerControlRegister = overCurrentTimer_ReadControlRegister();
  45              		.loc 1 53 0
  46 0010 FFF7FEFF 		bl	overCurrentTimer_ReadControlRegister
  47              	.LVL1:
  48 0014 E070     		strb	r0, [r4, #3]
  54:Generated_Source\PSoC4/overCurrentTimer_PM.c ****         #endif /* Backup the enable state of the Timer component */
  55:Generated_Source\PSoC4/overCurrentTimer_PM.c ****     #endif /* Backup non retention registers in UDB implementation. All fixed function registers ar
  56:Generated_Source\PSoC4/overCurrentTimer_PM.c **** }
  49              		.loc 1 56 0
  50              		@ sp needed
  51 0016 10BD     		pop	{r4, pc}
  52              	.L3:
  53              		.align	2
  54              	.L2:
  55 0018 00000000 		.word	.LANCHOR0
  56 001c 83000F40 		.word	1074724995
  57              		.cfi_endproc
  58              	.LFE0:
ARM GAS  C:\Users\kylep\AppData\Local\Temp\ccQ5EsZM.s 			page 3


  59              		.size	overCurrentTimer_SaveConfig, .-overCurrentTimer_SaveConfig
  60              		.section	.text.overCurrentTimer_RestoreConfig,"ax",%progbits
  61              		.align	2
  62              		.global	overCurrentTimer_RestoreConfig
  63              		.code	16
  64              		.thumb_func
  65              		.type	overCurrentTimer_RestoreConfig, %function
  66              	overCurrentTimer_RestoreConfig:
  67              	.LFB1:
  57:Generated_Source\PSoC4/overCurrentTimer_PM.c **** 
  58:Generated_Source\PSoC4/overCurrentTimer_PM.c **** 
  59:Generated_Source\PSoC4/overCurrentTimer_PM.c **** /*******************************************************************************
  60:Generated_Source\PSoC4/overCurrentTimer_PM.c **** * Function Name: overCurrentTimer_RestoreConfig
  61:Generated_Source\PSoC4/overCurrentTimer_PM.c **** ********************************************************************************
  62:Generated_Source\PSoC4/overCurrentTimer_PM.c **** *
  63:Generated_Source\PSoC4/overCurrentTimer_PM.c **** * Summary:
  64:Generated_Source\PSoC4/overCurrentTimer_PM.c **** *  Restores the current user configuration.
  65:Generated_Source\PSoC4/overCurrentTimer_PM.c **** *
  66:Generated_Source\PSoC4/overCurrentTimer_PM.c **** * Parameters:
  67:Generated_Source\PSoC4/overCurrentTimer_PM.c **** *  void
  68:Generated_Source\PSoC4/overCurrentTimer_PM.c **** *
  69:Generated_Source\PSoC4/overCurrentTimer_PM.c **** * Return:
  70:Generated_Source\PSoC4/overCurrentTimer_PM.c **** *  void
  71:Generated_Source\PSoC4/overCurrentTimer_PM.c **** *
  72:Generated_Source\PSoC4/overCurrentTimer_PM.c **** * Global variables:
  73:Generated_Source\PSoC4/overCurrentTimer_PM.c **** *  overCurrentTimer_backup:  Variables of this global structure are used to
  74:Generated_Source\PSoC4/overCurrentTimer_PM.c **** *  restore the values of non retention registers on wakeup from sleep mode.
  75:Generated_Source\PSoC4/overCurrentTimer_PM.c **** *
  76:Generated_Source\PSoC4/overCurrentTimer_PM.c **** *******************************************************************************/
  77:Generated_Source\PSoC4/overCurrentTimer_PM.c **** void overCurrentTimer_RestoreConfig(void) 
  78:Generated_Source\PSoC4/overCurrentTimer_PM.c **** {   
  68              		.loc 1 78 0
  69              		.cfi_startproc
  70              		@ args = 0, pretend = 0, frame = 0
  71              		@ frame_needed = 0, uses_anonymous_args = 0
  72 0000 10B5     		push	{r4, lr}
  73              		.cfi_def_cfa_offset 8
  74              		.cfi_offset 4, -8
  75              		.cfi_offset 14, -4
  79:Generated_Source\PSoC4/overCurrentTimer_PM.c ****     #if (!overCurrentTimer_UsingFixedFunction)
  80:Generated_Source\PSoC4/overCurrentTimer_PM.c **** 
  81:Generated_Source\PSoC4/overCurrentTimer_PM.c ****         overCurrentTimer_WriteCounter(overCurrentTimer_backup.TimerUdb);
  76              		.loc 1 81 0
  77 0002 054C     		ldr	r4, .L5
  78 0004 6078     		ldrb	r0, [r4, #1]
  79 0006 FFF7FEFF 		bl	overCurrentTimer_WriteCounter
  80              	.LVL2:
  82:Generated_Source\PSoC4/overCurrentTimer_PM.c ****         overCurrentTimer_STATUS_MASK =overCurrentTimer_backup.InterruptMaskValue;
  81              		.loc 1 82 0
  82 000a A278     		ldrb	r2, [r4, #2]
  83 000c 034B     		ldr	r3, .L5+4
  84 000e 1A70     		strb	r2, [r3]
  83:Generated_Source\PSoC4/overCurrentTimer_PM.c ****         #if (overCurrentTimer_UsingHWCaptureCounter)
  84:Generated_Source\PSoC4/overCurrentTimer_PM.c ****             overCurrentTimer_SetCaptureCount(overCurrentTimer_backup.TimerCaptureCounter);
  85:Generated_Source\PSoC4/overCurrentTimer_PM.c ****         #endif /* Restore Capture counter register*/
  86:Generated_Source\PSoC4/overCurrentTimer_PM.c **** 
  87:Generated_Source\PSoC4/overCurrentTimer_PM.c ****         #if(!overCurrentTimer_UDB_CONTROL_REG_REMOVED)
ARM GAS  C:\Users\kylep\AppData\Local\Temp\ccQ5EsZM.s 			page 4


  88:Generated_Source\PSoC4/overCurrentTimer_PM.c ****             overCurrentTimer_WriteControlRegister(overCurrentTimer_backup.TimerControlRegister);
  85              		.loc 1 88 0
  86 0010 E078     		ldrb	r0, [r4, #3]
  87 0012 FFF7FEFF 		bl	overCurrentTimer_WriteControlRegister
  88              	.LVL3:
  89:Generated_Source\PSoC4/overCurrentTimer_PM.c ****         #endif /* Restore the enable state of the Timer component */
  90:Generated_Source\PSoC4/overCurrentTimer_PM.c ****     #endif /* Restore non retention registers in the UDB implementation only */
  91:Generated_Source\PSoC4/overCurrentTimer_PM.c **** }
  89              		.loc 1 91 0
  90              		@ sp needed
  91 0016 10BD     		pop	{r4, pc}
  92              	.L6:
  93              		.align	2
  94              	.L5:
  95 0018 00000000 		.word	.LANCHOR0
  96 001c 83000F40 		.word	1074724995
  97              		.cfi_endproc
  98              	.LFE1:
  99              		.size	overCurrentTimer_RestoreConfig, .-overCurrentTimer_RestoreConfig
 100              		.section	.text.overCurrentTimer_Sleep,"ax",%progbits
 101              		.align	2
 102              		.global	overCurrentTimer_Sleep
 103              		.code	16
 104              		.thumb_func
 105              		.type	overCurrentTimer_Sleep, %function
 106              	overCurrentTimer_Sleep:
 107              	.LFB2:
  92:Generated_Source\PSoC4/overCurrentTimer_PM.c **** 
  93:Generated_Source\PSoC4/overCurrentTimer_PM.c **** 
  94:Generated_Source\PSoC4/overCurrentTimer_PM.c **** /*******************************************************************************
  95:Generated_Source\PSoC4/overCurrentTimer_PM.c **** * Function Name: overCurrentTimer_Sleep
  96:Generated_Source\PSoC4/overCurrentTimer_PM.c **** ********************************************************************************
  97:Generated_Source\PSoC4/overCurrentTimer_PM.c **** *
  98:Generated_Source\PSoC4/overCurrentTimer_PM.c **** * Summary:
  99:Generated_Source\PSoC4/overCurrentTimer_PM.c **** *     Stop and Save the user configuration
 100:Generated_Source\PSoC4/overCurrentTimer_PM.c **** *
 101:Generated_Source\PSoC4/overCurrentTimer_PM.c **** * Parameters:
 102:Generated_Source\PSoC4/overCurrentTimer_PM.c **** *  void
 103:Generated_Source\PSoC4/overCurrentTimer_PM.c **** *
 104:Generated_Source\PSoC4/overCurrentTimer_PM.c **** * Return:
 105:Generated_Source\PSoC4/overCurrentTimer_PM.c **** *  void
 106:Generated_Source\PSoC4/overCurrentTimer_PM.c **** *
 107:Generated_Source\PSoC4/overCurrentTimer_PM.c **** * Global variables:
 108:Generated_Source\PSoC4/overCurrentTimer_PM.c **** *  overCurrentTimer_backup.TimerEnableState:  Is modified depending on the
 109:Generated_Source\PSoC4/overCurrentTimer_PM.c **** *  enable state of the block before entering sleep mode.
 110:Generated_Source\PSoC4/overCurrentTimer_PM.c **** *
 111:Generated_Source\PSoC4/overCurrentTimer_PM.c **** *******************************************************************************/
 112:Generated_Source\PSoC4/overCurrentTimer_PM.c **** void overCurrentTimer_Sleep(void) 
 113:Generated_Source\PSoC4/overCurrentTimer_PM.c **** {
 108              		.loc 1 113 0
 109              		.cfi_startproc
 110              		@ args = 0, pretend = 0, frame = 0
 111              		@ frame_needed = 0, uses_anonymous_args = 0
 112 0000 10B5     		push	{r4, lr}
 113              		.cfi_def_cfa_offset 8
 114              		.cfi_offset 4, -8
 115              		.cfi_offset 14, -4
ARM GAS  C:\Users\kylep\AppData\Local\Temp\ccQ5EsZM.s 			page 5


 114:Generated_Source\PSoC4/overCurrentTimer_PM.c ****     #if(!overCurrentTimer_UDB_CONTROL_REG_REMOVED)
 115:Generated_Source\PSoC4/overCurrentTimer_PM.c ****         /* Save Counter's enable state */
 116:Generated_Source\PSoC4/overCurrentTimer_PM.c ****         if(overCurrentTimer_CTRL_ENABLE == (overCurrentTimer_CONTROL & overCurrentTimer_CTRL_ENABLE
 116              		.loc 1 116 0
 117 0002 084B     		ldr	r3, .L10
 118 0004 1B78     		ldrb	r3, [r3]
 119 0006 5BB2     		sxtb	r3, r3
 120 0008 002B     		cmp	r3, #0
 121 000a 03DA     		bge	.L8
 117:Generated_Source\PSoC4/overCurrentTimer_PM.c ****         {
 118:Generated_Source\PSoC4/overCurrentTimer_PM.c ****             /* Timer is enabled */
 119:Generated_Source\PSoC4/overCurrentTimer_PM.c ****             overCurrentTimer_backup.TimerEnableState = 1u;
 122              		.loc 1 119 0
 123 000c 0122     		movs	r2, #1
 124 000e 064B     		ldr	r3, .L10+4
 125 0010 1A70     		strb	r2, [r3]
 126 0012 02E0     		b	.L9
 127              	.L8:
 120:Generated_Source\PSoC4/overCurrentTimer_PM.c ****         }
 121:Generated_Source\PSoC4/overCurrentTimer_PM.c ****         else
 122:Generated_Source\PSoC4/overCurrentTimer_PM.c ****         {
 123:Generated_Source\PSoC4/overCurrentTimer_PM.c ****             /* Timer is disabled */
 124:Generated_Source\PSoC4/overCurrentTimer_PM.c ****             overCurrentTimer_backup.TimerEnableState = 0u;
 128              		.loc 1 124 0
 129 0014 0022     		movs	r2, #0
 130 0016 044B     		ldr	r3, .L10+4
 131 0018 1A70     		strb	r2, [r3]
 132              	.L9:
 125:Generated_Source\PSoC4/overCurrentTimer_PM.c ****         }
 126:Generated_Source\PSoC4/overCurrentTimer_PM.c ****     #endif /* Back up enable state from the Timer control register */
 127:Generated_Source\PSoC4/overCurrentTimer_PM.c ****     overCurrentTimer_Stop();
 133              		.loc 1 127 0
 134 001a FFF7FEFF 		bl	overCurrentTimer_Stop
 135              	.LVL4:
 128:Generated_Source\PSoC4/overCurrentTimer_PM.c ****     overCurrentTimer_SaveConfig();
 136              		.loc 1 128 0
 137 001e FFF7FEFF 		bl	overCurrentTimer_SaveConfig
 138              	.LVL5:
 129:Generated_Source\PSoC4/overCurrentTimer_PM.c **** }
 139              		.loc 1 129 0
 140              		@ sp needed
 141 0022 10BD     		pop	{r4, pc}
 142              	.L11:
 143              		.align	2
 144              	.L10:
 145 0024 73000F40 		.word	1074724979
 146 0028 00000000 		.word	.LANCHOR0
 147              		.cfi_endproc
 148              	.LFE2:
 149              		.size	overCurrentTimer_Sleep, .-overCurrentTimer_Sleep
 150              		.section	.text.overCurrentTimer_Wakeup,"ax",%progbits
 151              		.align	2
 152              		.global	overCurrentTimer_Wakeup
 153              		.code	16
 154              		.thumb_func
 155              		.type	overCurrentTimer_Wakeup, %function
 156              	overCurrentTimer_Wakeup:
ARM GAS  C:\Users\kylep\AppData\Local\Temp\ccQ5EsZM.s 			page 6


 157              	.LFB3:
 130:Generated_Source\PSoC4/overCurrentTimer_PM.c **** 
 131:Generated_Source\PSoC4/overCurrentTimer_PM.c **** 
 132:Generated_Source\PSoC4/overCurrentTimer_PM.c **** /*******************************************************************************
 133:Generated_Source\PSoC4/overCurrentTimer_PM.c **** * Function Name: overCurrentTimer_Wakeup
 134:Generated_Source\PSoC4/overCurrentTimer_PM.c **** ********************************************************************************
 135:Generated_Source\PSoC4/overCurrentTimer_PM.c **** *
 136:Generated_Source\PSoC4/overCurrentTimer_PM.c **** * Summary:
 137:Generated_Source\PSoC4/overCurrentTimer_PM.c **** *  Restores and enables the user configuration
 138:Generated_Source\PSoC4/overCurrentTimer_PM.c **** *
 139:Generated_Source\PSoC4/overCurrentTimer_PM.c **** * Parameters:
 140:Generated_Source\PSoC4/overCurrentTimer_PM.c **** *  void
 141:Generated_Source\PSoC4/overCurrentTimer_PM.c **** *
 142:Generated_Source\PSoC4/overCurrentTimer_PM.c **** * Return:
 143:Generated_Source\PSoC4/overCurrentTimer_PM.c **** *  void
 144:Generated_Source\PSoC4/overCurrentTimer_PM.c **** *
 145:Generated_Source\PSoC4/overCurrentTimer_PM.c **** * Global variables:
 146:Generated_Source\PSoC4/overCurrentTimer_PM.c **** *  overCurrentTimer_backup.enableState:  Is used to restore the enable state of
 147:Generated_Source\PSoC4/overCurrentTimer_PM.c **** *  block on wakeup from sleep mode.
 148:Generated_Source\PSoC4/overCurrentTimer_PM.c **** *
 149:Generated_Source\PSoC4/overCurrentTimer_PM.c **** *******************************************************************************/
 150:Generated_Source\PSoC4/overCurrentTimer_PM.c **** void overCurrentTimer_Wakeup(void) 
 151:Generated_Source\PSoC4/overCurrentTimer_PM.c **** {
 158              		.loc 1 151 0
 159              		.cfi_startproc
 160              		@ args = 0, pretend = 0, frame = 0
 161              		@ frame_needed = 0, uses_anonymous_args = 0
 162 0000 10B5     		push	{r4, lr}
 163              		.cfi_def_cfa_offset 8
 164              		.cfi_offset 4, -8
 165              		.cfi_offset 14, -4
 152:Generated_Source\PSoC4/overCurrentTimer_PM.c ****     overCurrentTimer_RestoreConfig();
 166              		.loc 1 152 0
 167 0002 FFF7FEFF 		bl	overCurrentTimer_RestoreConfig
 168              	.LVL6:
 153:Generated_Source\PSoC4/overCurrentTimer_PM.c ****     #if(!overCurrentTimer_UDB_CONTROL_REG_REMOVED)
 154:Generated_Source\PSoC4/overCurrentTimer_PM.c ****         if(overCurrentTimer_backup.TimerEnableState == 1u)
 169              		.loc 1 154 0
 170 0006 034B     		ldr	r3, .L14
 171 0008 1B78     		ldrb	r3, [r3]
 172 000a 012B     		cmp	r3, #1
 173 000c 01D1     		bne	.L12
 155:Generated_Source\PSoC4/overCurrentTimer_PM.c ****         {     /* Enable Timer's operation */
 156:Generated_Source\PSoC4/overCurrentTimer_PM.c ****                 overCurrentTimer_Enable();
 174              		.loc 1 156 0
 175 000e FFF7FEFF 		bl	overCurrentTimer_Enable
 176              	.LVL7:
 177              	.L12:
 157:Generated_Source\PSoC4/overCurrentTimer_PM.c ****         } /* Do nothing if Timer was disabled before */
 158:Generated_Source\PSoC4/overCurrentTimer_PM.c ****     #endif /* Remove this code section if Control register is removed */
 159:Generated_Source\PSoC4/overCurrentTimer_PM.c **** }
 178              		.loc 1 159 0
 179              		@ sp needed
 180 0012 10BD     		pop	{r4, pc}
 181              	.L15:
 182              		.align	2
 183              	.L14:
ARM GAS  C:\Users\kylep\AppData\Local\Temp\ccQ5EsZM.s 			page 7


 184 0014 00000000 		.word	.LANCHOR0
 185              		.cfi_endproc
 186              	.LFE3:
 187              		.size	overCurrentTimer_Wakeup, .-overCurrentTimer_Wakeup
 188              		.bss
 189              		.align	2
 190              		.set	.LANCHOR0,. + 0
 191              		.type	overCurrentTimer_backup, %object
 192              		.size	overCurrentTimer_backup, 4
 193              	overCurrentTimer_backup:
 194 0000 00000000 		.space	4
 195              		.text
 196              	.Letext0:
 197              		.file 2 "Generated_Source\\PSoC4\\cytypes.h"
 198              		.file 3 "Generated_Source\\PSoC4\\overCurrentTimer.h"
 199              		.section	.debug_info,"",%progbits
 200              	.Ldebug_info0:
 201 0000 DF010000 		.4byte	0x1df
 202 0004 0400     		.2byte	0x4
 203 0006 00000000 		.4byte	.Ldebug_abbrev0
 204 000a 04       		.byte	0x4
 205 000b 01       		.uleb128 0x1
 206 000c 2C020000 		.4byte	.LASF31
 207 0010 0C       		.byte	0xc
 208 0011 C3010000 		.4byte	.LASF32
 209 0015 C8000000 		.4byte	.LASF33
 210 0019 00000000 		.4byte	.Ldebug_ranges0+0
 211 001d 00000000 		.4byte	0
 212 0021 00000000 		.4byte	.Ldebug_line0
 213 0025 02       		.uleb128 0x2
 214 0026 01       		.byte	0x1
 215 0027 06       		.byte	0x6
 216 0028 18030000 		.4byte	.LASF0
 217 002c 02       		.uleb128 0x2
 218 002d 01       		.byte	0x1
 219 002e 08       		.byte	0x8
 220 002f 3C010000 		.4byte	.LASF1
 221 0033 02       		.uleb128 0x2
 222 0034 02       		.byte	0x2
 223 0035 05       		.byte	0x5
 224 0036 F9020000 		.4byte	.LASF2
 225 003a 02       		.uleb128 0x2
 226 003b 02       		.byte	0x2
 227 003c 07       		.byte	0x7
 228 003d 24030000 		.4byte	.LASF3
 229 0041 02       		.uleb128 0x2
 230 0042 04       		.byte	0x4
 231 0043 05       		.byte	0x5
 232 0044 03030000 		.4byte	.LASF4
 233 0048 02       		.uleb128 0x2
 234 0049 04       		.byte	0x4
 235 004a 07       		.byte	0x7
 236 004b 67010000 		.4byte	.LASF5
 237 004f 02       		.uleb128 0x2
 238 0050 08       		.byte	0x8
 239 0051 05       		.byte	0x5
 240 0052 E6020000 		.4byte	.LASF6
ARM GAS  C:\Users\kylep\AppData\Local\Temp\ccQ5EsZM.s 			page 8


 241 0056 02       		.uleb128 0x2
 242 0057 08       		.byte	0x8
 243 0058 07       		.byte	0x7
 244 0059 FD010000 		.4byte	.LASF7
 245 005d 03       		.uleb128 0x3
 246 005e 04       		.byte	0x4
 247 005f 05       		.byte	0x5
 248 0060 696E7400 		.ascii	"int\000"
 249 0064 02       		.uleb128 0x2
 250 0065 04       		.byte	0x4
 251 0066 07       		.byte	0x7
 252 0067 F0010000 		.4byte	.LASF8
 253 006b 04       		.uleb128 0x4
 254 006c 79010000 		.4byte	.LASF12
 255 0070 02       		.byte	0x2
 256 0071 D201     		.2byte	0x1d2
 257 0073 2C000000 		.4byte	0x2c
 258 0077 02       		.uleb128 0x2
 259 0078 04       		.byte	0x4
 260 0079 04       		.byte	0x4
 261 007a 56000000 		.4byte	.LASF9
 262 007e 02       		.uleb128 0x2
 263 007f 08       		.byte	0x8
 264 0080 04       		.byte	0x4
 265 0081 BC010000 		.4byte	.LASF10
 266 0085 02       		.uleb128 0x2
 267 0086 01       		.byte	0x1
 268 0087 08       		.byte	0x8
 269 0088 F4020000 		.4byte	.LASF11
 270 008c 04       		.uleb128 0x4
 271 008d BA020000 		.4byte	.LASF13
 272 0091 02       		.byte	0x2
 273 0092 7C02     		.2byte	0x27c
 274 0094 98000000 		.4byte	0x98
 275 0098 05       		.uleb128 0x5
 276 0099 6B000000 		.4byte	0x6b
 277 009d 02       		.uleb128 0x2
 278 009e 08       		.byte	0x8
 279 009f 04       		.byte	0x4
 280 00a0 0C030000 		.4byte	.LASF14
 281 00a4 02       		.uleb128 0x2
 282 00a5 04       		.byte	0x4
 283 00a6 07       		.byte	0x7
 284 00a7 BF020000 		.4byte	.LASF15
 285 00ab 06       		.uleb128 0x6
 286 00ac 04       		.byte	0x4
 287 00ad 03       		.byte	0x3
 288 00ae 43       		.byte	0x43
 289 00af E4000000 		.4byte	0xe4
 290 00b3 07       		.uleb128 0x7
 291 00b4 16000000 		.4byte	.LASF16
 292 00b8 03       		.byte	0x3
 293 00b9 45       		.byte	0x45
 294 00ba 6B000000 		.4byte	0x6b
 295 00be 00       		.byte	0
 296 00bf 07       		.uleb128 0x7
 297 00c0 A0000000 		.4byte	.LASF17
ARM GAS  C:\Users\kylep\AppData\Local\Temp\ccQ5EsZM.s 			page 9


 298 00c4 03       		.byte	0x3
 299 00c5 48       		.byte	0x48
 300 00c6 6B000000 		.4byte	0x6b
 301 00ca 01       		.byte	0x1
 302 00cb 07       		.uleb128 0x7
 303 00cc 53030000 		.4byte	.LASF18
 304 00d0 03       		.byte	0x3
 305 00d1 49       		.byte	0x49
 306 00d2 6B000000 		.4byte	0x6b
 307 00d6 02       		.byte	0x2
 308 00d7 07       		.uleb128 0x7
 309 00d8 66030000 		.4byte	.LASF19
 310 00dc 03       		.byte	0x3
 311 00dd 4F       		.byte	0x4f
 312 00de 6B000000 		.4byte	0x6b
 313 00e2 03       		.byte	0x3
 314 00e3 00       		.byte	0
 315 00e4 08       		.uleb128 0x8
 316 00e5 5C000000 		.4byte	.LASF20
 317 00e9 03       		.byte	0x3
 318 00ea 53       		.byte	0x53
 319 00eb AB000000 		.4byte	0xab
 320 00ef 09       		.uleb128 0x9
 321 00f0 37030000 		.4byte	.LASF21
 322 00f4 01       		.byte	0x1
 323 00f5 2B       		.byte	0x2b
 324 00f6 00000000 		.4byte	.LFB0
 325 00fa 20000000 		.4byte	.LFE0-.LFB0
 326 00fe 01       		.uleb128 0x1
 327 00ff 9C       		.byte	0x9c
 328 0100 17010000 		.4byte	0x117
 329 0104 0A       		.uleb128 0xa
 330 0105 06000000 		.4byte	.LVL0
 331 0109 A0010000 		.4byte	0x1a0
 332 010d 0A       		.uleb128 0xa
 333 010e 14000000 		.4byte	.LVL1
 334 0112 AB010000 		.4byte	0x1ab
 335 0116 00       		.byte	0
 336 0117 09       		.uleb128 0x9
 337 0118 A9000000 		.4byte	.LASF22
 338 011c 01       		.byte	0x1
 339 011d 4D       		.byte	0x4d
 340 011e 00000000 		.4byte	.LFB1
 341 0122 20000000 		.4byte	.LFE1-.LFB1
 342 0126 01       		.uleb128 0x1
 343 0127 9C       		.byte	0x9c
 344 0128 3F010000 		.4byte	0x13f
 345 012c 0A       		.uleb128 0xa
 346 012d 0A000000 		.4byte	.LVL2
 347 0131 B6010000 		.4byte	0x1b6
 348 0135 0A       		.uleb128 0xa
 349 0136 16000000 		.4byte	.LVL3
 350 013a C1010000 		.4byte	0x1c1
 351 013e 00       		.byte	0
 352 013f 09       		.uleb128 0x9
 353 0140 3F000000 		.4byte	.LASF23
 354 0144 01       		.byte	0x1
ARM GAS  C:\Users\kylep\AppData\Local\Temp\ccQ5EsZM.s 			page 10


 355 0145 70       		.byte	0x70
 356 0146 00000000 		.4byte	.LFB2
 357 014a 2C000000 		.4byte	.LFE2-.LFB2
 358 014e 01       		.uleb128 0x1
 359 014f 9C       		.byte	0x9c
 360 0150 67010000 		.4byte	0x167
 361 0154 0A       		.uleb128 0xa
 362 0155 1E000000 		.4byte	.LVL4
 363 0159 CC010000 		.4byte	0x1cc
 364 015d 0A       		.uleb128 0xa
 365 015e 22000000 		.4byte	.LVL5
 366 0162 EF000000 		.4byte	0xef
 367 0166 00       		.byte	0
 368 0167 09       		.uleb128 0x9
 369 0168 14020000 		.4byte	.LASF24
 370 016c 01       		.byte	0x1
 371 016d 96       		.byte	0x96
 372 016e 00000000 		.4byte	.LFB3
 373 0172 18000000 		.4byte	.LFE3-.LFB3
 374 0176 01       		.uleb128 0x1
 375 0177 9C       		.byte	0x9c
 376 0178 8F010000 		.4byte	0x18f
 377 017c 0A       		.uleb128 0xa
 378 017d 06000000 		.4byte	.LVL6
 379 0181 17010000 		.4byte	0x117
 380 0185 0A       		.uleb128 0xa
 381 0186 12000000 		.4byte	.LVL7
 382 018a D7010000 		.4byte	0x1d7
 383 018e 00       		.byte	0
 384 018f 0B       		.uleb128 0xb
 385 0190 7F010000 		.4byte	.LASF34
 386 0194 01       		.byte	0x1
 387 0195 15       		.byte	0x15
 388 0196 E4000000 		.4byte	0xe4
 389 019a 05       		.uleb128 0x5
 390 019b 03       		.byte	0x3
 391 019c 00000000 		.4byte	overCurrentTimer_backup
 392 01a0 0C       		.uleb128 0xc
 393 01a1 4A010000 		.4byte	.LASF25
 394 01a5 4A010000 		.4byte	.LASF25
 395 01a9 03       		.byte	0x3
 396 01aa 69       		.byte	0x69
 397 01ab 0C       		.uleb128 0xc
 398 01ac 97010000 		.4byte	.LASF26
 399 01b0 97010000 		.4byte	.LASF26
 400 01b4 03       		.byte	0x3
 401 01b5 63       		.byte	0x63
 402 01b6 0C       		.uleb128 0xc
 403 01b7 C8020000 		.4byte	.LASF27
 404 01bb C8020000 		.4byte	.LASF27
 405 01bf 03       		.byte	0x3
 406 01c0 6A       		.byte	0x6a
 407 01c1 0C       		.uleb128 0xc
 408 01c2 7A000000 		.4byte	.LASF28
 409 01c6 7A000000 		.4byte	.LASF28
 410 01ca 03       		.byte	0x3
 411 01cb 64       		.byte	0x64
ARM GAS  C:\Users\kylep\AppData\Local\Temp\ccQ5EsZM.s 			page 11


 412 01cc 0C       		.uleb128 0xc
 413 01cd 00000000 		.4byte	.LASF29
 414 01d1 00000000 		.4byte	.LASF29
 415 01d5 03       		.byte	0x3
 416 01d6 5B       		.byte	0x5b
 417 01d7 0C       		.uleb128 0xc
 418 01d8 27000000 		.4byte	.LASF30
 419 01dc 27000000 		.4byte	.LASF30
 420 01e0 03       		.byte	0x3
 421 01e1 8B       		.byte	0x8b
 422 01e2 00       		.byte	0
 423              		.section	.debug_abbrev,"",%progbits
 424              	.Ldebug_abbrev0:
 425 0000 01       		.uleb128 0x1
 426 0001 11       		.uleb128 0x11
 427 0002 01       		.byte	0x1
 428 0003 25       		.uleb128 0x25
 429 0004 0E       		.uleb128 0xe
 430 0005 13       		.uleb128 0x13
 431 0006 0B       		.uleb128 0xb
 432 0007 03       		.uleb128 0x3
 433 0008 0E       		.uleb128 0xe
 434 0009 1B       		.uleb128 0x1b
 435 000a 0E       		.uleb128 0xe
 436 000b 55       		.uleb128 0x55
 437 000c 17       		.uleb128 0x17
 438 000d 11       		.uleb128 0x11
 439 000e 01       		.uleb128 0x1
 440 000f 10       		.uleb128 0x10
 441 0010 17       		.uleb128 0x17
 442 0011 00       		.byte	0
 443 0012 00       		.byte	0
 444 0013 02       		.uleb128 0x2
 445 0014 24       		.uleb128 0x24
 446 0015 00       		.byte	0
 447 0016 0B       		.uleb128 0xb
 448 0017 0B       		.uleb128 0xb
 449 0018 3E       		.uleb128 0x3e
 450 0019 0B       		.uleb128 0xb
 451 001a 03       		.uleb128 0x3
 452 001b 0E       		.uleb128 0xe
 453 001c 00       		.byte	0
 454 001d 00       		.byte	0
 455 001e 03       		.uleb128 0x3
 456 001f 24       		.uleb128 0x24
 457 0020 00       		.byte	0
 458 0021 0B       		.uleb128 0xb
 459 0022 0B       		.uleb128 0xb
 460 0023 3E       		.uleb128 0x3e
 461 0024 0B       		.uleb128 0xb
 462 0025 03       		.uleb128 0x3
 463 0026 08       		.uleb128 0x8
 464 0027 00       		.byte	0
 465 0028 00       		.byte	0
 466 0029 04       		.uleb128 0x4
 467 002a 16       		.uleb128 0x16
 468 002b 00       		.byte	0
ARM GAS  C:\Users\kylep\AppData\Local\Temp\ccQ5EsZM.s 			page 12


 469 002c 03       		.uleb128 0x3
 470 002d 0E       		.uleb128 0xe
 471 002e 3A       		.uleb128 0x3a
 472 002f 0B       		.uleb128 0xb
 473 0030 3B       		.uleb128 0x3b
 474 0031 05       		.uleb128 0x5
 475 0032 49       		.uleb128 0x49
 476 0033 13       		.uleb128 0x13
 477 0034 00       		.byte	0
 478 0035 00       		.byte	0
 479 0036 05       		.uleb128 0x5
 480 0037 35       		.uleb128 0x35
 481 0038 00       		.byte	0
 482 0039 49       		.uleb128 0x49
 483 003a 13       		.uleb128 0x13
 484 003b 00       		.byte	0
 485 003c 00       		.byte	0
 486 003d 06       		.uleb128 0x6
 487 003e 13       		.uleb128 0x13
 488 003f 01       		.byte	0x1
 489 0040 0B       		.uleb128 0xb
 490 0041 0B       		.uleb128 0xb
 491 0042 3A       		.uleb128 0x3a
 492 0043 0B       		.uleb128 0xb
 493 0044 3B       		.uleb128 0x3b
 494 0045 0B       		.uleb128 0xb
 495 0046 01       		.uleb128 0x1
 496 0047 13       		.uleb128 0x13
 497 0048 00       		.byte	0
 498 0049 00       		.byte	0
 499 004a 07       		.uleb128 0x7
 500 004b 0D       		.uleb128 0xd
 501 004c 00       		.byte	0
 502 004d 03       		.uleb128 0x3
 503 004e 0E       		.uleb128 0xe
 504 004f 3A       		.uleb128 0x3a
 505 0050 0B       		.uleb128 0xb
 506 0051 3B       		.uleb128 0x3b
 507 0052 0B       		.uleb128 0xb
 508 0053 49       		.uleb128 0x49
 509 0054 13       		.uleb128 0x13
 510 0055 38       		.uleb128 0x38
 511 0056 0B       		.uleb128 0xb
 512 0057 00       		.byte	0
 513 0058 00       		.byte	0
 514 0059 08       		.uleb128 0x8
 515 005a 16       		.uleb128 0x16
 516 005b 00       		.byte	0
 517 005c 03       		.uleb128 0x3
 518 005d 0E       		.uleb128 0xe
 519 005e 3A       		.uleb128 0x3a
 520 005f 0B       		.uleb128 0xb
 521 0060 3B       		.uleb128 0x3b
 522 0061 0B       		.uleb128 0xb
 523 0062 49       		.uleb128 0x49
 524 0063 13       		.uleb128 0x13
 525 0064 00       		.byte	0
ARM GAS  C:\Users\kylep\AppData\Local\Temp\ccQ5EsZM.s 			page 13


 526 0065 00       		.byte	0
 527 0066 09       		.uleb128 0x9
 528 0067 2E       		.uleb128 0x2e
 529 0068 01       		.byte	0x1
 530 0069 3F       		.uleb128 0x3f
 531 006a 19       		.uleb128 0x19
 532 006b 03       		.uleb128 0x3
 533 006c 0E       		.uleb128 0xe
 534 006d 3A       		.uleb128 0x3a
 535 006e 0B       		.uleb128 0xb
 536 006f 3B       		.uleb128 0x3b
 537 0070 0B       		.uleb128 0xb
 538 0071 27       		.uleb128 0x27
 539 0072 19       		.uleb128 0x19
 540 0073 11       		.uleb128 0x11
 541 0074 01       		.uleb128 0x1
 542 0075 12       		.uleb128 0x12
 543 0076 06       		.uleb128 0x6
 544 0077 40       		.uleb128 0x40
 545 0078 18       		.uleb128 0x18
 546 0079 9742     		.uleb128 0x2117
 547 007b 19       		.uleb128 0x19
 548 007c 01       		.uleb128 0x1
 549 007d 13       		.uleb128 0x13
 550 007e 00       		.byte	0
 551 007f 00       		.byte	0
 552 0080 0A       		.uleb128 0xa
 553 0081 898201   		.uleb128 0x4109
 554 0084 00       		.byte	0
 555 0085 11       		.uleb128 0x11
 556 0086 01       		.uleb128 0x1
 557 0087 31       		.uleb128 0x31
 558 0088 13       		.uleb128 0x13
 559 0089 00       		.byte	0
 560 008a 00       		.byte	0
 561 008b 0B       		.uleb128 0xb
 562 008c 34       		.uleb128 0x34
 563 008d 00       		.byte	0
 564 008e 03       		.uleb128 0x3
 565 008f 0E       		.uleb128 0xe
 566 0090 3A       		.uleb128 0x3a
 567 0091 0B       		.uleb128 0xb
 568 0092 3B       		.uleb128 0x3b
 569 0093 0B       		.uleb128 0xb
 570 0094 49       		.uleb128 0x49
 571 0095 13       		.uleb128 0x13
 572 0096 02       		.uleb128 0x2
 573 0097 18       		.uleb128 0x18
 574 0098 00       		.byte	0
 575 0099 00       		.byte	0
 576 009a 0C       		.uleb128 0xc
 577 009b 2E       		.uleb128 0x2e
 578 009c 00       		.byte	0
 579 009d 3F       		.uleb128 0x3f
 580 009e 19       		.uleb128 0x19
 581 009f 3C       		.uleb128 0x3c
 582 00a0 19       		.uleb128 0x19
ARM GAS  C:\Users\kylep\AppData\Local\Temp\ccQ5EsZM.s 			page 14


 583 00a1 6E       		.uleb128 0x6e
 584 00a2 0E       		.uleb128 0xe
 585 00a3 03       		.uleb128 0x3
 586 00a4 0E       		.uleb128 0xe
 587 00a5 3A       		.uleb128 0x3a
 588 00a6 0B       		.uleb128 0xb
 589 00a7 3B       		.uleb128 0x3b
 590 00a8 0B       		.uleb128 0xb
 591 00a9 00       		.byte	0
 592 00aa 00       		.byte	0
 593 00ab 00       		.byte	0
 594              		.section	.debug_aranges,"",%progbits
 595 0000 34000000 		.4byte	0x34
 596 0004 0200     		.2byte	0x2
 597 0006 00000000 		.4byte	.Ldebug_info0
 598 000a 04       		.byte	0x4
 599 000b 00       		.byte	0
 600 000c 0000     		.2byte	0
 601 000e 0000     		.2byte	0
 602 0010 00000000 		.4byte	.LFB0
 603 0014 20000000 		.4byte	.LFE0-.LFB0
 604 0018 00000000 		.4byte	.LFB1
 605 001c 20000000 		.4byte	.LFE1-.LFB1
 606 0020 00000000 		.4byte	.LFB2
 607 0024 2C000000 		.4byte	.LFE2-.LFB2
 608 0028 00000000 		.4byte	.LFB3
 609 002c 18000000 		.4byte	.LFE3-.LFB3
 610 0030 00000000 		.4byte	0
 611 0034 00000000 		.4byte	0
 612              		.section	.debug_ranges,"",%progbits
 613              	.Ldebug_ranges0:
 614 0000 00000000 		.4byte	.LFB0
 615 0004 20000000 		.4byte	.LFE0
 616 0008 00000000 		.4byte	.LFB1
 617 000c 20000000 		.4byte	.LFE1
 618 0010 00000000 		.4byte	.LFB2
 619 0014 2C000000 		.4byte	.LFE2
 620 0018 00000000 		.4byte	.LFB3
 621 001c 18000000 		.4byte	.LFE3
 622 0020 00000000 		.4byte	0
 623 0024 00000000 		.4byte	0
 624              		.section	.debug_line,"",%progbits
 625              	.Ldebug_line0:
 626 0000 BD000000 		.section	.debug_str,"MS",%progbits,1
 626      02006600 
 626      00000201 
 626      FB0E0D00 
 626      01010101 
 627              	.LASF29:
 628 0000 6F766572 		.ascii	"overCurrentTimer_Stop\000"
 628      43757272 
 628      656E7454 
 628      696D6572 
 628      5F53746F 
 629              	.LASF16:
 630 0016 54696D65 		.ascii	"TimerEnableState\000"
 630      72456E61 
ARM GAS  C:\Users\kylep\AppData\Local\Temp\ccQ5EsZM.s 			page 15


 630      626C6553 
 630      74617465 
 630      00
 631              	.LASF30:
 632 0027 6F766572 		.ascii	"overCurrentTimer_Enable\000"
 632      43757272 
 632      656E7454 
 632      696D6572 
 632      5F456E61 
 633              	.LASF23:
 634 003f 6F766572 		.ascii	"overCurrentTimer_Sleep\000"
 634      43757272 
 634      656E7454 
 634      696D6572 
 634      5F536C65 
 635              	.LASF9:
 636 0056 666C6F61 		.ascii	"float\000"
 636      7400
 637              	.LASF20:
 638 005c 6F766572 		.ascii	"overCurrentTimer_backupStruct\000"
 638      43757272 
 638      656E7454 
 638      696D6572 
 638      5F626163 
 639              	.LASF28:
 640 007a 6F766572 		.ascii	"overCurrentTimer_WriteControlRegister\000"
 640      43757272 
 640      656E7454 
 640      696D6572 
 640      5F577269 
 641              	.LASF17:
 642 00a0 54696D65 		.ascii	"TimerUdb\000"
 642      72556462 
 642      00
 643              	.LASF22:
 644 00a9 6F766572 		.ascii	"overCurrentTimer_RestoreConfig\000"
 644      43757272 
 644      656E7454 
 644      696D6572 
 644      5F526573 
 645              	.LASF33:
 646 00c8 433A5C55 		.ascii	"C:\\Users\\kylep\\Box Sync\\Box Sync\\Box Sync\\Fen"
 646      73657273 
 646      5C6B796C 
 646      65705C42 
 646      6F782053 
 647 00f5 69657820 		.ascii	"iex Electrical Files\\WorkingFolder-Kyle\\Firm-AI-C"
 647      456C6563 
 647      74726963 
 647      616C2046 
 647      696C6573 
 648 0126 7562655C 		.ascii	"ube\\81-00024-01.cydsn\000"
 648      38312D30 
 648      30303234 
 648      2D30312E 
 648      63796473 
 649              	.LASF1:
ARM GAS  C:\Users\kylep\AppData\Local\Temp\ccQ5EsZM.s 			page 16


 650 013c 756E7369 		.ascii	"unsigned char\000"
 650      676E6564 
 650      20636861 
 650      7200
 651              	.LASF25:
 652 014a 6F766572 		.ascii	"overCurrentTimer_ReadCounter\000"
 652      43757272 
 652      656E7454 
 652      696D6572 
 652      5F526561 
 653              	.LASF5:
 654 0167 6C6F6E67 		.ascii	"long unsigned int\000"
 654      20756E73 
 654      69676E65 
 654      6420696E 
 654      7400
 655              	.LASF12:
 656 0179 75696E74 		.ascii	"uint8\000"
 656      3800
 657              	.LASF34:
 658 017f 6F766572 		.ascii	"overCurrentTimer_backup\000"
 658      43757272 
 658      656E7454 
 658      696D6572 
 658      5F626163 
 659              	.LASF26:
 660 0197 6F766572 		.ascii	"overCurrentTimer_ReadControlRegister\000"
 660      43757272 
 660      656E7454 
 660      696D6572 
 660      5F526561 
 661              	.LASF10:
 662 01bc 646F7562 		.ascii	"double\000"
 662      6C6500
 663              	.LASF32:
 664 01c3 47656E65 		.ascii	"Generated_Source\\PSoC4\\overCurrentTimer_PM.c\000"
 664      72617465 
 664      645F536F 
 664      75726365 
 664      5C50536F 
 665              	.LASF8:
 666 01f0 756E7369 		.ascii	"unsigned int\000"
 666      676E6564 
 666      20696E74 
 666      00
 667              	.LASF7:
 668 01fd 6C6F6E67 		.ascii	"long long unsigned int\000"
 668      206C6F6E 
 668      6720756E 
 668      7369676E 
 668      65642069 
 669              	.LASF24:
 670 0214 6F766572 		.ascii	"overCurrentTimer_Wakeup\000"
 670      43757272 
 670      656E7454 
 670      696D6572 
 670      5F57616B 
ARM GAS  C:\Users\kylep\AppData\Local\Temp\ccQ5EsZM.s 			page 17


 671              	.LASF31:
 672 022c 474E5520 		.ascii	"GNU C11 5.4.1 20160609 (release) [ARM/embedded-5-br"
 672      43313120 
 672      352E342E 
 672      31203230 
 672      31363036 
 673 025f 616E6368 		.ascii	"anch revision 237715] -mcpu=cortex-m0 -mthumb -g -O"
 673      20726576 
 673      6973696F 
 673      6E203233 
 673      37373135 
 674 0292 67202D66 		.ascii	"g -ffunction-sections -ffat-lto-objects\000"
 674      66756E63 
 674      74696F6E 
 674      2D736563 
 674      74696F6E 
 675              	.LASF13:
 676 02ba 72656738 		.ascii	"reg8\000"
 676      00
 677              	.LASF15:
 678 02bf 73697A65 		.ascii	"sizetype\000"
 678      74797065 
 678      00
 679              	.LASF27:
 680 02c8 6F766572 		.ascii	"overCurrentTimer_WriteCounter\000"
 680      43757272 
 680      656E7454 
 680      696D6572 
 680      5F577269 
 681              	.LASF6:
 682 02e6 6C6F6E67 		.ascii	"long long int\000"
 682      206C6F6E 
 682      6720696E 
 682      7400
 683              	.LASF11:
 684 02f4 63686172 		.ascii	"char\000"
 684      00
 685              	.LASF2:
 686 02f9 73686F72 		.ascii	"short int\000"
 686      7420696E 
 686      7400
 687              	.LASF4:
 688 0303 6C6F6E67 		.ascii	"long int\000"
 688      20696E74 
 688      00
 689              	.LASF14:
 690 030c 6C6F6E67 		.ascii	"long double\000"
 690      20646F75 
 690      626C6500 
 691              	.LASF0:
 692 0318 7369676E 		.ascii	"signed char\000"
 692      65642063 
 692      68617200 
 693              	.LASF3:
 694 0324 73686F72 		.ascii	"short unsigned int\000"
 694      7420756E 
 694      7369676E 
ARM GAS  C:\Users\kylep\AppData\Local\Temp\ccQ5EsZM.s 			page 18


 694      65642069 
 694      6E7400
 695              	.LASF21:
 696 0337 6F766572 		.ascii	"overCurrentTimer_SaveConfig\000"
 696      43757272 
 696      656E7454 
 696      696D6572 
 696      5F536176 
 697              	.LASF18:
 698 0353 496E7465 		.ascii	"InterruptMaskValue\000"
 698      72727570 
 698      744D6173 
 698      6B56616C 
 698      756500
 699              	.LASF19:
 700 0366 54696D65 		.ascii	"TimerControlRegister\000"
 700      72436F6E 
 700      74726F6C 
 700      52656769 
 700      73746572 
 701              		.ident	"GCC: (GNU Tools for ARM Embedded Processors) 5.4.1 20160609 (release) [ARM/embedded-5-bran
