--------------- Build Started: 06/18/2018 17:02:38 Project: 81-00024-01, Configuration: ARM GCC 5.4-2016-q2-update Debug ---------------
cydsfit.exe -.appdatapath "C:\Users\kylep\AppData\Local\Cypress Semiconductor\PSoC Creator\4.1" -.fdsnotice -.fdswarpdepfile=warp_dependencies.txt -.fdselabdepfile=elab_dependencies.txt -.fdsbldfile=generated_files.txt -.fdsreffile=referenced_files.txt -p "C:\Users\kylep\Box Sync\Box Sync\Feniex Electrical Files\WorkingFolder-Kyle\Firm-AI-Cube\81-00024-01.cydsn\81-00024-01.cyprj" -d CY8C4245PVS-482 -s "C:\Users\kylep\Box Sync\Box Sync\Feniex Electrical Files\WorkingFolder-Kyle\Firm-AI-Cube\81-00024-01.cydsn\Generated_Source\PSoC4" -- -yv2 -q10 -ygs -o2 -v3 -.fftcfgtype=LE
Elaborating Design...
ADD: sdb.M0061: information: Info from component: ADC_SAR_Seq. The actual sample rate (8522 SPS) differs from the desired sample rate (8928 SPS) due to the clock configuration in the DWR.
 * C:\Users\kylep\Box Sync\Box Sync\Feniex Electrical Files\WorkingFolder-Kyle\Firm-AI-Cube\81-00024-01.cydsn\TopDesign\TopDesign.cysch (Instance:ADC_SAR_Seq)
HDL Generation...
Synthesis...
Tech Mapping...
Analog Placement...
Analog Routing...
Analog Code Generation...
Digital Placement...
Digital Routing...
Bitstream Generation...
Bitstream Verification...
Static timing analysis...
API Generation...
Dependency Generation...
Cleanup...
arm-none-eabi-gcc.exe -mcpu=cortex-m0 -mthumb -I. -IGenerated_Source\PSoC4 -Wa,-alh=.\CortexM0\ARM_GCC_541\Debug/main.lst -g -D DEBUG -Wall -ffunction-sections -ffat-lto-objects -Og -c main.c -o .\CortexM0\ARM_GCC_541\Debug\main.o
main.c: In function 'main':
main.c:63:5: warning: implicit declaration of function 'ADC_SAR_Seq_1_Start' [-Wimplicit-function-declaration]
     ADC_SAR_Seq_1_Start();
     ^
main.c:64:5: warning: implicit declaration of function 'ADC_SAR_Seq_1_GetResult16' [-Wimplicit-function-declaration]
     ADC_SAR_Seq_1_GetResult16();
     ^
main.c: In function 'takeInputValues':
main.c:118:11: warning: variable 'test' set but not used [-Wunused-but-set-variable]
     uint8 test = 0;
           ^
main.c:117:20: warning: variable 'previousReadInputValues' set but not used [-Wunused-but-set-variable]
     volatile uint8 previousReadInputValues = 0;
                    ^
main.c: At top level:
main.c:33:21: warning: 'peepromMemory' defined but not used [-Wunused-variable]
 static const uint8 *peepromMemory;
                     ^
arm-none-eabi-ar.exe -rs .\CortexM0\ARM_GCC_541\Debug\81-00024-01.a .\CortexM0\ARM_GCC_541\Debug\ADC_SAR_Seq.o .\CortexM0\ARM_GCC_541\Debug\ADC_SAR_Seq_PM.o .\CortexM0\ARM_GCC_541\Debug\ADC_SAR_Seq_INT.o .\CortexM0\ARM_GCC_541\Debug\LED_Output.o .\CortexM0\ARM_GCC_541\Debug\LED_Output_PM.o .\CortexM0\ARM_GCC_541\Debug\ADC_SAR_Seq_IRQ.o .\CortexM0\ARM_GCC_541\Debug\ADC_SAR_Seq_intClock.o .\CortexM0\ARM_GCC_541\Debug\CyFlash.o .\CortexM0\ARM_GCC_541\Debug\CyLib.o .\CortexM0\ARM_GCC_541\Debug\cyPm.o .\CortexM0\ARM_GCC_541\Debug\cyutils.o .\CortexM0\ARM_GCC_541\Debug\CyLFClk.o .\CortexM0\ARM_GCC_541\Debug\Clock_1.o .\CortexM0\ARM_GCC_541\Debug\Clock_2.o .\CortexM0\ARM_GCC_541\Debug\TimeoutTimer.o .\CortexM0\ARM_GCC_541\Debug\TimeoutTimer_PM.o .\CortexM0\ARM_GCC_541\Debug\CommTimeoutISR.o .\CortexM0\ARM_GCC_541\Debug\timer_clock.o .\CortexM0\ARM_GCC_541\Debug\SamplingTimerISR.o .\CortexM0\ARM_GCC_541\Debug\SamplingTimer.o .\CortexM0\ARM_GCC_541\Debug\SamplingTimer_PM.o .\CortexM0\ARM_GCC_541\Debug\UART_LED_ISR.o .\CortexM0\ARM_GCC_541\Debug\UART_LED.o .\CortexM0\ARM_GCC_541\Debug\UART_LED_PM.o .\CortexM0\ARM_GCC_541\Debug\UART_LED_BOOT.o .\CortexM0\ARM_GCC_541\Debug\UART_LED_SPI_UART.o .\CortexM0\ARM_GCC_541\Debug\UART_LED_SPI_UART_INT.o .\CortexM0\ARM_GCC_541\Debug\UART_LED_UART.o .\CortexM0\ARM_GCC_541\Debug\UART_LED_UART_BOOT.o .\CortexM0\ARM_GCC_541\Debug\PWM.o .\CortexM0\ARM_GCC_541\Debug\PWM_PM.o .\CortexM0\ARM_GCC_541\Debug\PWM_Enable.o .\CortexM0\ARM_GCC_541\Debug\PWM_Enable_PM.o .\CortexM0\ARM_GCC_541\Debug\PWM_Output.o .\CortexM0\ARM_GCC_541\Debug\PWM_Output_PM.o .\CortexM0\ARM_GCC_541\Debug\Clock_3.o .\CortexM0\ARM_GCC_541\Debug\CyDividerClock.o .\CortexM0\ARM_GCC_541\Debug\DieTemp.o .\CortexM0\ARM_GCC_541\Debug\LED_TempInput.o .\CortexM0\ARM_GCC_541\Debug\LED_TempInput_PM.o .\CortexM0\ARM_GCC_541\Debug\SwitchNodeTempInput.o .\CortexM0\ARM_GCC_541\Debug\SwitchNodeTempInput_PM.o .\CortexM0\ARM_GCC_541\Debug\LED_ISR.o .\CortexM0\ARM_GCC_541\Debug\AckTimeoutISR.o .\CortexM0\ARM_GCC_541\Debug\ack_clock.o .\CortexM0\ARM_GCC_541\Debug\AckTimer.o .\CortexM0\ARM_GCC_541\Debug\AckTimer_PM.o .\CortexM0\ARM_GCC_541\Debug\LED_Timer.o .\CortexM0\ARM_GCC_541\Debug\LED_Timer_PM.o .\CortexM0\ARM_GCC_541\Debug\EmEEPROM.o .\CortexM0\ARM_GCC_541\Debug\HBridge_INB.o .\CortexM0\ARM_GCC_541\Debug\HBridge_INB_PM.o .\CortexM0\ARM_GCC_541\Debug\HBridge_PWM.o .\CortexM0\ARM_GCC_541\Debug\HBridge_PWM_PM.o .\CortexM0\ARM_GCC_541\Debug\HBridge_INA.o .\CortexM0\ARM_GCC_541\Debug\HBridge_INA_PM.o .\CortexM0\ARM_GCC_541\Debug\motorControlPWM.o .\CortexM0\ARM_GCC_541\Debug\motorControlPWM_PM.o .\CortexM0\ARM_GCC_541\Debug\pwmClock.o .\CortexM0\ARM_GCC_541\Debug\UART_LED_SCBCLK.o .\CortexM0\ARM_GCC_541\Debug\UART_LED_rx.o .\CortexM0\ARM_GCC_541\Debug\UART_LED_rx_PM.o .\CortexM0\ARM_GCC_541\Debug\PotFeedBack.o .\CortexM0\ARM_GCC_541\Debug\PotFeedBack_PM.o .\CortexM0\ARM_GCC_541\Debug\limitSwitch.o .\CortexM0\ARM_GCC_541\Debug\limitSwitch_PM.o .\CortexM0\ARM_GCC_541\Debug\hallEffectISR.o .\CortexM0\ARM_GCC_541\Debug\overCurrentTimer.o .\CortexM0\ARM_GCC_541\Debug\overCurrentTimer_PM.o .\CortexM0\ARM_GCC_541\Debug\overCurrentTimerISR.o .\CortexM0\ARM_GCC_541\Debug\pwmClock_1.o .\CortexM0\ARM_GCC_541\Debug\HBridge_CS.o .\CortexM0\ARM_GCC_541\Debug\HBridge_CS_PM.o .\CortexM0\ARM_GCC_541\Debug\Clock_5.o .\CortexM0\ARM_GCC_541\Debug\inputs.o .\CortexM0\ARM_GCC_541\Debug\modeChangeISR.o .\CortexM0\ARM_GCC_541\Debug\DIM_PLUS.o .\CortexM0\ARM_GCC_541\Debug\DIM_PLUS_PM.o .\CortexM0\ARM_GCC_541\Debug\ZOOM_MINUS.o .\CortexM0\ARM_GCC_541\Debug\ZOOM_MINUS_PM.o .\CortexM0\ARM_GCC_541\Debug\ZOOM_PLUS.o .\CortexM0\ARM_GCC_541\Debug\ZOOM_PLUS_PM.o .\CortexM0\ARM_GCC_541\Debug\DIM_MINUS.o .\CortexM0\ARM_GCC_541\Debug\DIM_MINUS_PM.o .\CortexM0\ARM_GCC_541\Debug\CyBootAsmGnu.o
arm-none-eabi-ar.exe: creating .\CortexM0\ARM_GCC_541\Debug\81-00024-01.a
arm-none-eabi-gcc.exe -Wl,--start-group -o "C:\Users\kylep\Box Sync\Box Sync\Feniex Electrical Files\WorkingFolder-Kyle\Firm-AI-Cube\81-00024-01.cydsn\CortexM0\ARM_GCC_541\Debug\81-00024-01.elf" .\CortexM0\ARM_GCC_541\Debug\main.o .\CortexM0\ARM_GCC_541\Debug\TemperatureCommManager.o .\CortexM0\ARM_GCC_541\Debug\BrightnessCommManager.o .\CortexM0\ARM_GCC_541\Debug\DriverControl.o .\CortexM0\ARM_GCC_541\Debug\motorControl.o .\CortexM0\ARM_GCC_541\Debug\cyfitter_cfg.o .\CortexM0\ARM_GCC_541\Debug\cymetadata.o .\CortexM0\ARM_GCC_541\Debug\Cm0Start.o .\CortexM0\ARM_GCC_541\Debug\81-00024-01.a "C:\Program Files (x86)\Cypress\PSoC Creator\4.1\PSoC Creator\psoc\content\cycomponentlibrary\CyComponentLibrary.cylib\CortexM0\ARM_GCC_541\Debug\CyComponentLibrary.a" -mcpu=cortex-m0 -mthumb -L Generated_Source\PSoC4 -Wl,-Map,.\CortexM0\ARM_GCC_541\Debug/81-00024-01.map -T Generated_Source\PSoC4\cm0gcc.ld -specs=nano.specs -Wl,--gc-sections -g -ffunction-sections -Og -ffat-lto-objects -Wl,--end-group
.\CortexM0\ARM_GCC_541\Debug\main.o: In function `main':
C:\Users\kylep\Box Sync\Box Sync\Feniex Electrical Files\WorkingFolder-Kyle\Firm-AI-Cube\81-00024-01.cydsn/main.c:63: undefined reference to `ADC_SAR_Seq_1_Start'
C:\Users\kylep\Box Sync\Box Sync\Feniex Electrical Files\WorkingFolder-Kyle\Firm-AI-Cube\81-00024-01.cydsn/main.c:64: undefined reference to `ADC_SAR_Seq_1_GetResult16'
collect2.exe: error: ld returned 1 exit status
The command 'arm-none-eabi-gcc.exe' failed with exit code '1'.
--------------- Build Failed: 06/18/2018 17:02:59 ---------------
